<?xml version="1.0" encoding="utf-8"?><testsuites name="pytest tests"><testsuite name="pytest" errors="0" failures="0" skipped="0" tests="0" time="0.155" timestamp="2025-09-02T15:46:00.211037-07:00" hostname="Anthony" /></testsuites>