<?xml version="1.0" encoding="utf-8"?><testsuites name="pytest tests"><testsuite name="pytest" errors="0" failures="2" skipped="1" tests="3" time="3.565" timestamp="2025-09-04T20:35:23.107821-07:00" hostname="Anthony"><testcase classname="" name="tests.test_auth_real_services_comprehensive" time="0.000"><skipped message="collection skipped">('C:\\Users\\antho\\OneDrive\\Desktop\\Netra\\netra-core-generation-1\\auth_service\\tests\\test_auth_real_services_comprehensive.py', 49, 'Skipped: Test framework functions have been removed')</skipped></testcase><testcase classname="tests.test_auth_comprehensive_audit.TestLevel1BasicAuthFlows" name="test_config_endpoint_returns_valid_structure" time="0.171"><failure message="assert 404 == 200&#10; +  where 404 = &lt;Response [404 Not Found]&gt;.status_code">auth_service\tests\test_auth_comprehensive_audit.py:52: in test_config_endpoint_returns_valid_structure
    assert response.status_code == 200
E   assert 404 == 200
E    +  where 404 = &lt;Response [404 Not Found]&gt;.status_code</failure></testcase><testcase classname="tests.test_auth_port_configuration.TestAuthServiceConfigurationValidation" name="test_configuration_validation_detects_port_mismatch" time="0.005"><failure message="Failed: Configuration validation should catch port mismatches gracefully, but got exception: name 'env' is not defined">auth_service\tests\test_auth_port_configuration.py:280: in test_configuration_validation_detects_port_mismatch
    binding_port = env.get("PORT")  # Use os.environ directly since we patched it
                   ^^^
E   NameError: name 'env' is not defined

During handling of the above exception, another exception occurred:
auth_service\tests\test_auth_port_configuration.py:297: in test_configuration_validation_detects_port_mismatch
    pytest.fail(
E   Failed: Configuration validation should catch port mismatches gracefully, but got exception: name 'env' is not defined</failure></testcase></testsuite></testsuites>