<?xml version="1.0" encoding="utf-8"?><testsuites name="pytest tests"><testsuite name="pytest" errors="0" failures="1" skipped="1" tests="47" time="10.526" timestamp="2025-09-08T19:03:45.114175-07:00" hostname="Anthony"><testcase classname="" name="tests.test_auth_real_services_comprehensive" time="0.000"><skipped message="collection skipped">('C:\\Users\\antho\\OneDrive\\Desktop\\Netra\\netra-core-generation-1\\auth_service\\tests\\test_auth_real_services_comprehensive.py', 51, 'Skipped: Test framework functions have been removed')</skipped></testcase><testcase classname="tests.unit.test_auth_business_logic_validation_comprehensive.TestAuthBusinessLogicValidation" name="test_user_registration_business_rules" time="1.242" /><testcase classname="tests.unit.test_auth_business_logic_validation_comprehensive.TestAuthBusinessLogicValidation" name="test_subscription_tier_access_control" time="0.003" /><testcase classname="tests.unit.test_auth_business_logic_validation_comprehensive.TestAuthBusinessLogicValidation" name="test_login_attempt_business_logic" time="0.002" /><testcase classname="tests.unit.test_auth_business_logic_validation_comprehensive.TestAuthBusinessLogicValidation" name="test_account_lifecycle_management" time="0.002" /><testcase classname="tests.unit.test_auth_business_logic_validation_comprehensive.TestAuthBusinessLogicValidation" name="test_business_rule_compliance_validation" time="0.002" /><testcase classname="tests.unit.test_auth_business_logic_validation_comprehensive.TestAuthCrossServiceValidation" name="test_cross_service_token_validation_business_logic" time="0.004" /><testcase classname="tests.unit.test_auth_business_logic_validation_comprehensive.TestAuthSecurityPolicyValidation" name="test_password_policy_business_rules" time="0.010" /><testcase classname="tests.unit.test_auth_business_logic_validation_comprehensive.TestAuthSecurityPolicyValidation" name="test_session_security_policy" time="0.006" /><testcase classname="tests.unit.test_auth_business_logic_validation_comprehensive.TestAuthIntegrationBusinessLogic" name="test_oauth_integration_business_rules" time="0.003" /><testcase classname="tests.unit.test_auth_business_logic_validation_comprehensive.TestAuthAuditBusinessLogic" name="test_audit_logging_business_rules" time="0.010" /><testcase classname="tests.unit.test_auth_business_logic_validation_comprehensive.TestAuthAuditBusinessLogic" name="test_compliance_reporting_business_logic" time="0.019" /><testcase classname="tests.unit.test_auth_service_business_logic.TestAuthServiceBusinessLogic" name="test_service_authentication_business_rules" time="0.020" /><testcase classname="tests.unit.test_auth_service_business_logic.TestAuthServiceBusinessLogic" name="test_user_permission_business_logic" time="0.014" /><testcase classname="tests.unit.test_auth_service_business_logic.TestAuthServiceBusinessLogic" name="test_user_lifecycle_business_events" time="0.705" /><testcase classname="tests.unit.test_auth_service_core_business_value.TestAuthServiceCoreBusinessValue" name="test_auth_config_provides_critical_business_configuration" time="0.011" /><testcase classname="tests.unit.test_auth_service_core_business_value.TestAuthServiceCoreBusinessValue" name="test_auth_config_adapts_to_environment_specific_business_needs" time="0.010" /><testcase classname="tests.unit.test_auth_service_core_business_value.TestAuthServiceCoreBusinessValue" name="test_oauth_configuration_enables_user_onboarding_business_value" time="0.011" /><testcase classname="tests.unit.test_auth_service_core_business_value.TestAuthServiceCoreBusinessValue" name="test_security_configuration_protects_business_assets" time="0.008" /><testcase classname="tests.unit.test_auth_service_core_business_value.TestAuthServiceCoreBusinessValue" name="test_session_configuration_balances_security_and_usability" time="0.006" /><testcase classname="tests.unit.test_auth_service_core_business_value.TestAuthServiceCoreBusinessValue" name="test_database_configuration_supports_business_scalability" time="0.013" /><testcase classname="tests.unit.test_auth_service_core_business_value.TestAuthServiceCoreBusinessValue" name="test_redis_configuration_enables_session_management_business_value" time="0.010" /><testcase classname="tests.unit.test_auth_service_core_business_value.TestAuthServiceCoreBusinessValue" name="test_cors_configuration_enables_frontend_integration_business_value" time="0.007" /><testcase classname="tests.unit.test_auth_service_core_business_value.TestAuthServiceCoreBusinessValue" name="test_configuration_logging_masks_secrets_for_security" time="0.024" /><testcase classname="tests.unit.test_auth_service_core_business_value.TestAuthServiceCoreBusinessValue" name="test_unified_auth_interface_provides_business_authentication_capabilities" time="0.015" /><testcase classname="tests.unit.test_auth_service_core_business_value.TestAuthServiceCoreBusinessValue" name="test_auth_interface_token_creation_supports_business_workflows" time="0.019" /><testcase classname="tests.unit.test_auth_service_core_business_value.TestAuthServiceCoreBusinessValue" name="test_token_validation_protects_business_operations" time="0.024" /><testcase classname="tests.unit.test_auth_service_health_check.TestAuthServiceHealthCheckScript" name="test_health_check_script_basic_functionality" time="0.008" /><testcase classname="tests.unit.test_auth_service_health_check.TestAuthServiceHealthCheckScript" name="test_health_check_script_environment_port_handling" time="0.019" /><testcase classname="tests.unit.test_auth_service_health_check.TestAuthServiceHealthCheckScript" name="test_health_check_script_failure_scenarios" time="0.014" /><testcase classname="tests.unit.test_auth_service_health_check.TestAuthServiceHealthCheckScript" name="test_readiness_check_script_functionality" time="0.006" /><testcase classname="tests.unit.test_auth_service_health_check.TestAuthServiceHealthEndpoints" name="test_health_endpoints_response_formats" time="0.002" /><testcase classname="tests.unit.test_auth_service_health_check.TestAuthServiceHealthEndpoints" name="test_health_check_performance_timing" time="0.002" /><testcase classname="tests.unit.test_auth_service_health_check.TestAuthServiceHealthEndpoints" name="test_health_check_environment_differences" time="0.004" /><testcase classname="tests.unit.test_auth_service_health_check.TestHealthConfigModule" name="test_auth_postgres_health_check_success" time="0.014" /><testcase classname="tests.unit.test_auth_service_health_check.TestHealthConfigModule" name="test_auth_postgres_health_check_failure" time="0.006" /><testcase classname="tests.unit.test_auth_service_health_check.TestHealthConfigModule" name="test_oauth_providers_health_check" time="0.011" /><testcase classname="tests.unit.test_auth_service_health_check.TestHealthConfigModule" name="test_jwt_configuration_health_check" time="0.009" /><testcase classname="tests.unit.test_auth_service_health_check.TestHealthConfigModule" name="test_overall_auth_health_status_aggregation" time="0.016" /><testcase classname="tests.unit.test_auth_service_health_check.TestHealthCheckBusinessValue" name="test_health_monitoring_prevents_service_outages" time="0.007" /><testcase classname="tests.unit.test_auth_service_health_check.TestHealthCheckBusinessValue" name="test_health_check_supports_deployment_automation" time="0.002" /><testcase classname="tests.unit.test_auth_service_health_check.TestHealthCheckBusinessValue" name="test_health_check_enables_monitoring_and_alerting" time="0.007" /><testcase classname="tests.unit.test_auth_service_security_validation.TestAuthServiceSecurityValidation" name="test_password_validation_requirements" time="0.004" /><testcase classname="tests.unit.test_auth_service_security_validation.TestAuthServiceSecurityValidation" name="test_email_validation_security" time="0.005" /><testcase classname="tests.unit.test_auth_service_security_validation.TestAuthServiceSecurityValidation" name="test_authentication_rate_limiting_simulation" time="0.197" /><testcase classname="tests.unit.test_auth_startup_configuration_comprehensive.TestAuthStartupConfiguration" name="test_service_startup_sequence_validation" time="0.015" /><testcase classname="tests.unit.test_auth_startup_configuration_comprehensive.TestAuthStartupConfiguration" name="test_configuration_validation_comprehensive" time="0.018"><failure message="AttributeError: 'AuthConfig' object has no attribute 'jwt_secret_key'">auth_service\tests\unit\test_auth_startup_configuration_comprehensive.py:344: in test_configuration_validation_comprehensive
    original_value = getattr(auth_config, config_key.lower())
                     ^^^^^^^^^^^^^^^^^^^^^^^^^^^^^^^^^^^^^^^^
E   AttributeError: 'AuthConfig' object has no attribute 'jwt_secret_key'</failure></testcase></testsuite></testsuites>