<?xml version="1.0" encoding="utf-8"?><testsuites name="pytest tests"><testsuite name="pytest" errors="1" failures="0" skipped="1" tests="2" time="2.051" timestamp="2025-09-09T12:32:12.780007-07:00" hostname="Anthony"><testcase classname="" name="tests.test_auth_real_services_comprehensive" time="0.000"><skipped message="collection skipped">('C:\\Users\\antho\\OneDrive\\Desktop\\Netra\\netra-core-generation-1\\auth_service\\tests\\test_auth_real_services_comprehensive.py', 51, 'Skipped: Test framework functions have been removed')</skipped></testcase><testcase classname="" name="tests.unit.golden_path.test_auth_service_business_logic" time="0.000"><error message="collection failure">ImportError while importing test module 'C:\Users\antho\OneDrive\Desktop\Netra\netra-core-generation-1\auth_service\tests\unit\golden_path\test_auth_service_business_logic.py'.
Hint: make sure your test modules/packages have valid Python names.
Traceback:
..\..\..\..\miniconda3\Lib\importlib\__init__.py:90: in import_module
    return _bootstrap._gcd_import(name[level:], package, level)
           ^^^^^^^^^^^^^^^^^^^^^^^^^^^^^^^^^^^^^^^^^^^^^^^^^^^^
auth_service\tests\unit\golden_path\test_auth_service_business_logic.py:26: in &lt;module&gt;
    from auth_service.auth_core.database.repository import UserRepository
E   ImportError: cannot import name 'UserRepository' from 'auth_service.auth_core.database.repository' (C:\Users\antho\OneDrive\Desktop\Netra\netra-core-generation-1\auth_service\auth_core\database\repository.py)</error></testcase></testsuite></testsuites>