<?xml version="1.0" encoding="utf-8"?><testsuites name="pytest tests"><testsuite name="pytest" errors="0" failures="0" skipped="0" tests="1" time="0.150" timestamp="2025-08-30T14:35:49.116889-07:00" hostname="Shivanginis-MacBook-Pro.local"><testcase classname="tests.test_auth_real_services_comprehensive.TestRealDatabaseConnections" name="test_create_auth_user_real_db" time="0.079" /></testsuite></testsuites>