<?xml version="1.0" encoding="utf-8"?><testsuites name="pytest tests"><testsuite name="pytest" errors="28" failures="0" skipped="1" tests="29" time="6.156" timestamp="2025-09-05T23:00:09.765490-07:00" hostname="Anthony"><testcase classname="tests.critical.test_oauth_configuration_missing_staging_regression" name="TestDatabaseManager" time="0.000"><error message="collection failure">..\..\..\..\AppData\Roaming\Python\Python312\site-packages\_pytest\runner.py:344: in from_call
    result: TResult | None = func()
                             ^^^^^^
..\..\..\..\AppData\Roaming\Python\Python312\site-packages\_pytest\runner.py:389: in collect
    return list(collector.collect())
                ^^^^^^^^^^^^^^^^^^^
..\..\..\..\AppData\Roaming\Python\Python312\site-packages\_pytest\python.py:752: in collect
    self.warn(
..\..\..\..\AppData\Roaming\Python\Python312\site-packages\_pytest\nodes.py:271: in warn
    warnings.warn_explicit(
E   pytest.PytestCollectionWarning: cannot collect test class 'TestDatabaseManager' because it has a __init__ constructor (from: tests/critical/test_oauth_configuration_missing_staging_regression.py)</error></testcase><testcase classname="tests.helpers.test_repository_factory" name="TestDatabaseManager" time="0.000"><error message="collection failure">..\..\..\..\AppData\Roaming\Python\Python312\site-packages\_pytest\runner.py:344: in from_call
    result: TResult | None = func()
                             ^^^^^^
..\..\..\..\AppData\Roaming\Python\Python312\site-packages\_pytest\runner.py:389: in collect
    return list(collector.collect())
                ^^^^^^^^^^^^^^^^^^^
..\..\..\..\AppData\Roaming\Python\Python312\site-packages\_pytest\python.py:752: in collect
    self.warn(
..\..\..\..\AppData\Roaming\Python\Python312\site-packages\_pytest\nodes.py:271: in warn
    warnings.warn_explicit(
E   pytest.PytestCollectionWarning: cannot collect test class 'TestDatabaseManager' because it has a __init__ constructor (from: tests/helpers/test_repository_factory.py)</error></testcase><testcase classname="" name="tests.integration.test_auth_endpoint_regression_prevention_integration" time="0.000"><error message="collection failure">..\..\..\..\AppData\Roaming\Python\Python312\site-packages\_pytest\python.py:498: in importtestmodule
    mod = import_path(
..\..\..\..\AppData\Roaming\Python\Python312\site-packages\_pytest\pathlib.py:587: in import_path
    importlib.import_module(module_name)
..\..\..\..\miniconda3\Lib\importlib\__init__.py:90: in import_module
    return _bootstrap._gcd_import(name[level:], package, level)
           ^^^^^^^^^^^^^^^^^^^^^^^^^^^^^^^^^^^^^^^^^^^^^^^^^^^^
&lt;frozen importlib._bootstrap&gt;:1387: in _gcd_import
    ???
&lt;frozen importlib._bootstrap&gt;:1360: in _find_and_load
    ???
&lt;frozen importlib._bootstrap&gt;:1331: in _find_and_load_unlocked
    ???
&lt;frozen importlib._bootstrap&gt;:935: in _load_unlocked
    ???
..\..\..\..\AppData\Roaming\Python\Python312\site-packages\_pytest\assertion\rewrite.py:177: in exec_module
    source_stat, co = _rewrite_test(fn, self.config)
                      ^^^^^^^^^^^^^^^^^^^^^^^^^^^^^^
..\..\..\..\AppData\Roaming\Python\Python312\site-packages\_pytest\assertion\rewrite.py:357: in _rewrite_test
    tree = ast.parse(source, filename=strfn)
           ^^^^^^^^^^^^^^^^^^^^^^^^^^^^^^^^^
..\..\..\..\miniconda3\Lib\ast.py:52: in parse
    return compile(source, filename, mode, flags,
E     File "C:\Users\antho\OneDrive\Desktop\Netra\netra-core-generation-1\auth_service\tests\integration\test_auth_endpoint_regression_prevention_integration.py", line 25
E       """Use real service instance."""
E       ^^^^^^^^^^^^^^^^^^^^^^^^^^^^^^^^
E   IndentationError: expected an indented block after function definition on line 24</error></testcase><testcase classname="" name="tests.integration.test_backend_auth_service_communication" time="0.000"><error message="collection failure">..\..\..\..\AppData\Roaming\Python\Python312\site-packages\_pytest\python.py:498: in importtestmodule
    mod = import_path(
..\..\..\..\AppData\Roaming\Python\Python312\site-packages\_pytest\pathlib.py:587: in import_path
    importlib.import_module(module_name)
..\..\..\..\miniconda3\Lib\importlib\__init__.py:90: in import_module
    return _bootstrap._gcd_import(name[level:], package, level)
           ^^^^^^^^^^^^^^^^^^^^^^^^^^^^^^^^^^^^^^^^^^^^^^^^^^^^
&lt;frozen importlib._bootstrap&gt;:1387: in _gcd_import
    ???
&lt;frozen importlib._bootstrap&gt;:1360: in _find_and_load
    ???
&lt;frozen importlib._bootstrap&gt;:1331: in _find_and_load_unlocked
    ???
&lt;frozen importlib._bootstrap&gt;:935: in _load_unlocked
    ???
..\..\..\..\AppData\Roaming\Python\Python312\site-packages\_pytest\assertion\rewrite.py:177: in exec_module
    source_stat, co = _rewrite_test(fn, self.config)
                      ^^^^^^^^^^^^^^^^^^^^^^^^^^^^^^
..\..\..\..\AppData\Roaming\Python\Python312\site-packages\_pytest\assertion\rewrite.py:357: in _rewrite_test
    tree = ast.parse(source, filename=strfn)
           ^^^^^^^^^^^^^^^^^^^^^^^^^^^^^^^^^
..\..\..\..\miniconda3\Lib\ast.py:52: in parse
    return compile(source, filename, mode, flags,
E     File "C:\Users\antho\OneDrive\Desktop\Netra\netra-core-generation-1\auth_service\tests\integration\test_backend_auth_service_communication.py", line 29
E       """Use real service instance."""
E       ^^^^^^^^^^^^^^^^^^^^^^^^^^^^^^^^
E   IndentationError: expected an indented block after function definition on line 28</error></testcase><testcase classname="" name="tests.test_auth_comprehensive_audit" time="0.000"><error message="collection failure">..\..\..\..\AppData\Roaming\Python\Python312\site-packages\_pytest\python.py:498: in importtestmodule
    mod = import_path(
..\..\..\..\AppData\Roaming\Python\Python312\site-packages\_pytest\pathlib.py:587: in import_path
    importlib.import_module(module_name)
..\..\..\..\miniconda3\Lib\importlib\__init__.py:90: in import_module
    return _bootstrap._gcd_import(name[level:], package, level)
           ^^^^^^^^^^^^^^^^^^^^^^^^^^^^^^^^^^^^^^^^^^^^^^^^^^^^
&lt;frozen importlib._bootstrap&gt;:1387: in _gcd_import
    ???
&lt;frozen importlib._bootstrap&gt;:1360: in _find_and_load
    ???
&lt;frozen importlib._bootstrap&gt;:1331: in _find_and_load_unlocked
    ???
&lt;frozen importlib._bootstrap&gt;:935: in _load_unlocked
    ???
..\..\..\..\AppData\Roaming\Python\Python312\site-packages\_pytest\assertion\rewrite.py:177: in exec_module
    source_stat, co = _rewrite_test(fn, self.config)
                      ^^^^^^^^^^^^^^^^^^^^^^^^^^^^^^
..\..\..\..\AppData\Roaming\Python\Python312\site-packages\_pytest\assertion\rewrite.py:357: in _rewrite_test
    tree = ast.parse(source, filename=strfn)
           ^^^^^^^^^^^^^^^^^^^^^^^^^^^^^^^^^
..\..\..\..\miniconda3\Lib\ast.py:52: in parse
    return compile(source, filename, mode, flags,
E     File "C:\Users\antho\OneDrive\Desktop\Netra\netra-core-generation-1\auth_service\tests\test_auth_comprehensive_audit.py", line 32
E       """Use real service instance."""
E       ^^^^^^^^^^^^^^^^^^^^^^^^^^^^^^^^
E   IndentationError: expected an indented block after function definition on line 31</error></testcase><testcase classname="" name="tests.test_auth_real_services_comprehensive" time="0.000"><skipped message="collection skipped">('C:\\Users\\antho\\OneDrive\\Desktop\\Netra\\netra-core-generation-1\\auth_service\\tests\\test_auth_real_services_comprehensive.py', 50, 'Skipped: Test framework functions have been removed')</skipped></testcase><testcase classname="" name="tests.test_auth_session_persistence_edge_cases" time="0.000"><error message="collection failure">ImportError while importing test module 'C:\Users\antho\OneDrive\Desktop\Netra\netra-core-generation-1\auth_service\tests\test_auth_session_persistence_edge_cases.py'.
Hint: make sure your test modules/packages have valid Python names.
Traceback:
..\..\..\..\miniconda3\Lib\importlib\__init__.py:90: in import_module
    return _bootstrap._gcd_import(name[level:], package, level)
           ^^^^^^^^^^^^^^^^^^^^^^^^^^^^^^^^^^^^^^^^^^^^^^^^^^^^
auth_service\tests\test_auth_session_persistence_edge_cases.py:11: in &lt;module&gt;
    from test_framework.redis_test_utils_test_utils.test_redis_manager import TestRedisManager
E   ModuleNotFoundError: No module named 'test_framework.redis_test_utils_test_utils'</error></testcase><testcase classname="tests.test_critical_bugs_simple" name="TestDatabaseManager" time="0.000"><error message="collection failure">..\..\..\..\AppData\Roaming\Python\Python312\site-packages\_pytest\runner.py:344: in from_call
    result: TResult | None = func()
                             ^^^^^^
..\..\..\..\AppData\Roaming\Python\Python312\site-packages\_pytest\runner.py:389: in collect
    return list(collector.collect())
                ^^^^^^^^^^^^^^^^^^^
..\..\..\..\AppData\Roaming\Python\Python312\site-packages\_pytest\python.py:752: in collect
    self.warn(
..\..\..\..\AppData\Roaming\Python\Python312\site-packages\_pytest\nodes.py:271: in warn
    warnings.warn_explicit(
E   pytest.PytestCollectionWarning: cannot collect test class 'TestDatabaseManager' because it has a __init__ constructor (from: tests/test_critical_bugs_simple.py)</error></testcase><testcase classname="" name="tests.test_oauth_redirect_regression" time="0.000"><error message="collection failure">..\..\..\..\AppData\Roaming\Python\Python312\site-packages\_pytest\python.py:498: in importtestmodule
    mod = import_path(
..\..\..\..\AppData\Roaming\Python\Python312\site-packages\_pytest\pathlib.py:587: in import_path
    importlib.import_module(module_name)
..\..\..\..\miniconda3\Lib\importlib\__init__.py:90: in import_module
    return _bootstrap._gcd_import(name[level:], package, level)
           ^^^^^^^^^^^^^^^^^^^^^^^^^^^^^^^^^^^^^^^^^^^^^^^^^^^^
&lt;frozen importlib._bootstrap&gt;:1387: in _gcd_import
    ???
&lt;frozen importlib._bootstrap&gt;:1360: in _find_and_load
    ???
&lt;frozen importlib._bootstrap&gt;:1331: in _find_and_load_unlocked
    ???
&lt;frozen importlib._bootstrap&gt;:935: in _load_unlocked
    ???
..\..\..\..\AppData\Roaming\Python\Python312\site-packages\_pytest\assertion\rewrite.py:177: in exec_module
    source_stat, co = _rewrite_test(fn, self.config)
                      ^^^^^^^^^^^^^^^^^^^^^^^^^^^^^^
..\..\..\..\AppData\Roaming\Python\Python312\site-packages\_pytest\assertion\rewrite.py:357: in _rewrite_test
    tree = ast.parse(source, filename=strfn)
           ^^^^^^^^^^^^^^^^^^^^^^^^^^^^^^^^^
..\..\..\..\miniconda3\Lib\ast.py:52: in parse
    return compile(source, filename, mode, flags,
E     File "C:\Users\antho\OneDrive\Desktop\Netra\netra-core-generation-1\auth_service\tests\test_oauth_redirect_regression.py", line 25
E       def real_auth_env():
E                           ^
E   IndentationError: unindent does not match any outer indentation level</error></testcase><testcase classname="tests.test_oauth_security_vulnerabilities" name="TestDatabaseManager" time="0.000"><error message="collection failure">..\..\..\..\AppData\Roaming\Python\Python312\site-packages\_pytest\runner.py:344: in from_call
    result: TResult | None = func()
                             ^^^^^^
..\..\..\..\AppData\Roaming\Python\Python312\site-packages\_pytest\runner.py:389: in collect
    return list(collector.collect())
                ^^^^^^^^^^^^^^^^^^^
..\..\..\..\AppData\Roaming\Python\Python312\site-packages\_pytest\python.py:752: in collect
    self.warn(
..\..\..\..\AppData\Roaming\Python\Python312\site-packages\_pytest\nodes.py:271: in warn
    warnings.warn_explicit(
E   pytest.PytestCollectionWarning: cannot collect test class 'TestDatabaseManager' because it has a __init__ constructor (from: tests/test_oauth_security_vulnerabilities.py)</error></testcase><testcase classname="" name="tests.test_oauth_state_validation" time="0.000"><error message="collection failure">..\..\..\..\AppData\Roaming\Python\Python312\site-packages\_pytest\python.py:498: in importtestmodule
    mod = import_path(
..\..\..\..\AppData\Roaming\Python\Python312\site-packages\_pytest\pathlib.py:587: in import_path
    importlib.import_module(module_name)
..\..\..\..\miniconda3\Lib\importlib\__init__.py:90: in import_module
    return _bootstrap._gcd_import(name[level:], package, level)
           ^^^^^^^^^^^^^^^^^^^^^^^^^^^^^^^^^^^^^^^^^^^^^^^^^^^^
&lt;frozen importlib._bootstrap&gt;:1387: in _gcd_import
    ???
&lt;frozen importlib._bootstrap&gt;:1360: in _find_and_load
    ???
&lt;frozen importlib._bootstrap&gt;:1331: in _find_and_load_unlocked
    ???
&lt;frozen importlib._bootstrap&gt;:935: in _load_unlocked
    ???
..\..\..\..\AppData\Roaming\Python\Python312\site-packages\_pytest\assertion\rewrite.py:177: in exec_module
    source_stat, co = _rewrite_test(fn, self.config)
                      ^^^^^^^^^^^^^^^^^^^^^^^^^^^^^^
..\..\..\..\AppData\Roaming\Python\Python312\site-packages\_pytest\assertion\rewrite.py:357: in _rewrite_test
    tree = ast.parse(source, filename=strfn)
           ^^^^^^^^^^^^^^^^^^^^^^^^^^^^^^^^^
..\..\..\..\miniconda3\Lib\ast.py:52: in parse
    return compile(source, filename, mode, flags,
E     File "C:\Users\antho\OneDrive\Desktop\Netra\netra-core-generation-1\auth_service\tests\test_oauth_state_validation.py", line 35
E       """Use real service instance."""
E       ^^^^^^^^^^^^^^^^^^^^^^^^^^^^^^^^
E   IndentationError: expected an indented block after function definition on line 34</error></testcase><testcase classname="" name="tests.test_redis_staging_connectivity_fixes" time="0.000"><error message="collection failure">..\..\..\..\AppData\Roaming\Python\Python312\site-packages\_pytest\python.py:498: in importtestmodule
    mod = import_path(
..\..\..\..\AppData\Roaming\Python\Python312\site-packages\_pytest\pathlib.py:587: in import_path
    importlib.import_module(module_name)
..\..\..\..\miniconda3\Lib\importlib\__init__.py:90: in import_module
    return _bootstrap._gcd_import(name[level:], package, level)
           ^^^^^^^^^^^^^^^^^^^^^^^^^^^^^^^^^^^^^^^^^^^^^^^^^^^^
&lt;frozen importlib._bootstrap&gt;:1387: in _gcd_import
    ???
&lt;frozen importlib._bootstrap&gt;:1360: in _find_and_load
    ???
&lt;frozen importlib._bootstrap&gt;:1331: in _find_and_load_unlocked
    ???
&lt;frozen importlib._bootstrap&gt;:935: in _load_unlocked
    ???
..\..\..\..\AppData\Roaming\Python\Python312\site-packages\_pytest\assertion\rewrite.py:177: in exec_module
    source_stat, co = _rewrite_test(fn, self.config)
                      ^^^^^^^^^^^^^^^^^^^^^^^^^^^^^^
..\..\..\..\AppData\Roaming\Python\Python312\site-packages\_pytest\assertion\rewrite.py:357: in _rewrite_test
    tree = ast.parse(source, filename=strfn)
           ^^^^^^^^^^^^^^^^^^^^^^^^^^^^^^^^^
..\..\..\..\miniconda3\Lib\ast.py:52: in parse
    return compile(source, filename, mode, flags,
E     File "C:\Users\antho\OneDrive\Desktop\Netra\netra-core-generation-1\auth_service\tests\test_redis_staging_connectivity_fixes.py", line 32
E       """Use real service instance."""
E       ^^^^^^^^^^^^^^^^^^^^^^^^^^^^^^^^
E   IndentationError: expected an indented block after function definition on line 31</error></testcase><testcase classname="" name="tests.test_refresh_endpoint_compatibility" time="0.000"><error message="collection failure">..\..\..\..\AppData\Roaming\Python\Python312\site-packages\_pytest\python.py:498: in importtestmodule
    mod = import_path(
..\..\..\..\AppData\Roaming\Python\Python312\site-packages\_pytest\pathlib.py:587: in import_path
    importlib.import_module(module_name)
..\..\..\..\miniconda3\Lib\importlib\__init__.py:90: in import_module
    return _bootstrap._gcd_import(name[level:], package, level)
           ^^^^^^^^^^^^^^^^^^^^^^^^^^^^^^^^^^^^^^^^^^^^^^^^^^^^
&lt;frozen importlib._bootstrap&gt;:1387: in _gcd_import
    ???
&lt;frozen importlib._bootstrap&gt;:1360: in _find_and_load
    ???
&lt;frozen importlib._bootstrap&gt;:1331: in _find_and_load_unlocked
    ???
&lt;frozen importlib._bootstrap&gt;:935: in _load_unlocked
    ???
..\..\..\..\AppData\Roaming\Python\Python312\site-packages\_pytest\assertion\rewrite.py:177: in exec_module
    source_stat, co = _rewrite_test(fn, self.config)
                      ^^^^^^^^^^^^^^^^^^^^^^^^^^^^^^
..\..\..\..\AppData\Roaming\Python\Python312\site-packages\_pytest\assertion\rewrite.py:357: in _rewrite_test
    tree = ast.parse(source, filename=strfn)
           ^^^^^^^^^^^^^^^^^^^^^^^^^^^^^^^^^
..\..\..\..\miniconda3\Lib\ast.py:52: in parse
    return compile(source, filename, mode, flags,
E     File "C:\Users\antho\OneDrive\Desktop\Netra\netra-core-generation-1\auth_service\tests\test_refresh_endpoint_compatibility.py", line 23
E       """Use real service instance."""
E       ^^^^^^^^^^^^^^^^^^^^^^^^^^^^^^^^
E   IndentationError: expected an indented block after function definition on line 22</error></testcase><testcase classname="" name="tests.test_refresh_endpoint_integration" time="0.000"><error message="collection failure">..\..\..\..\AppData\Roaming\Python\Python312\site-packages\_pytest\python.py:498: in importtestmodule
    mod = import_path(
..\..\..\..\AppData\Roaming\Python\Python312\site-packages\_pytest\pathlib.py:587: in import_path
    importlib.import_module(module_name)
..\..\..\..\miniconda3\Lib\importlib\__init__.py:90: in import_module
    return _bootstrap._gcd_import(name[level:], package, level)
           ^^^^^^^^^^^^^^^^^^^^^^^^^^^^^^^^^^^^^^^^^^^^^^^^^^^^
&lt;frozen importlib._bootstrap&gt;:1387: in _gcd_import
    ???
&lt;frozen importlib._bootstrap&gt;:1360: in _find_and_load
    ???
&lt;frozen importlib._bootstrap&gt;:1331: in _find_and_load_unlocked
    ???
&lt;frozen importlib._bootstrap&gt;:935: in _load_unlocked
    ???
..\..\..\..\AppData\Roaming\Python\Python312\site-packages\_pytest\assertion\rewrite.py:177: in exec_module
    source_stat, co = _rewrite_test(fn, self.config)
                      ^^^^^^^^^^^^^^^^^^^^^^^^^^^^^^
..\..\..\..\AppData\Roaming\Python\Python312\site-packages\_pytest\assertion\rewrite.py:357: in _rewrite_test
    tree = ast.parse(source, filename=strfn)
           ^^^^^^^^^^^^^^^^^^^^^^^^^^^^^^^^^
..\..\..\..\miniconda3\Lib\ast.py:52: in parse
    return compile(source, filename, mode, flags,
E     File "C:\Users\antho\OneDrive\Desktop\Netra\netra-core-generation-1\auth_service\tests\test_refresh_endpoint_integration.py", line 20
E       """Use real service instance."""
E       ^^^^^^^^^^^^^^^^^^^^^^^^^^^^^^^^
E   IndentationError: expected an indented block after function definition on line 19</error></testcase><testcase classname="" name="tests.test_refresh_loop_prevention_comprehensive" time="0.000"><error message="collection failure">..\..\..\..\AppData\Roaming\Python\Python312\site-packages\_pytest\python.py:498: in importtestmodule
    mod = import_path(
..\..\..\..\AppData\Roaming\Python\Python312\site-packages\_pytest\pathlib.py:587: in import_path
    importlib.import_module(module_name)
..\..\..\..\miniconda3\Lib\importlib\__init__.py:90: in import_module
    return _bootstrap._gcd_import(name[level:], package, level)
           ^^^^^^^^^^^^^^^^^^^^^^^^^^^^^^^^^^^^^^^^^^^^^^^^^^^^
&lt;frozen importlib._bootstrap&gt;:1387: in _gcd_import
    ???
&lt;frozen importlib._bootstrap&gt;:1360: in _find_and_load
    ???
&lt;frozen importlib._bootstrap&gt;:1331: in _find_and_load_unlocked
    ???
&lt;frozen importlib._bootstrap&gt;:935: in _load_unlocked
    ???
..\..\..\..\AppData\Roaming\Python\Python312\site-packages\_pytest\assertion\rewrite.py:177: in exec_module
    source_stat, co = _rewrite_test(fn, self.config)
                      ^^^^^^^^^^^^^^^^^^^^^^^^^^^^^^
..\..\..\..\AppData\Roaming\Python\Python312\site-packages\_pytest\assertion\rewrite.py:357: in _rewrite_test
    tree = ast.parse(source, filename=strfn)
           ^^^^^^^^^^^^^^^^^^^^^^^^^^^^^^^^^
..\..\..\..\miniconda3\Lib\ast.py:52: in parse
    return compile(source, filename, mode, flags,
E     File "C:\Users\antho\OneDrive\Desktop\Netra\netra-core-generation-1\auth_service\tests\test_refresh_loop_prevention_comprehensive.py", line 26
E       """Use real service instance."""
E       ^^^^^^^^^^^^^^^^^^^^^^^^^^^^^^^^
E   IndentationError: expected an indented block after function definition on line 25</error></testcase><testcase classname="" name="tests.test_refresh_token_fix" time="0.000"><error message="collection failure">..\..\..\..\AppData\Roaming\Python\Python312\site-packages\_pytest\python.py:498: in importtestmodule
    mod = import_path(
..\..\..\..\AppData\Roaming\Python\Python312\site-packages\_pytest\pathlib.py:587: in import_path
    importlib.import_module(module_name)
..\..\..\..\miniconda3\Lib\importlib\__init__.py:90: in import_module
    return _bootstrap._gcd_import(name[level:], package, level)
           ^^^^^^^^^^^^^^^^^^^^^^^^^^^^^^^^^^^^^^^^^^^^^^^^^^^^
&lt;frozen importlib._bootstrap&gt;:1387: in _gcd_import
    ???
&lt;frozen importlib._bootstrap&gt;:1360: in _find_and_load
    ???
&lt;frozen importlib._bootstrap&gt;:1331: in _find_and_load_unlocked
    ???
&lt;frozen importlib._bootstrap&gt;:935: in _load_unlocked
    ???
..\..\..\..\AppData\Roaming\Python\Python312\site-packages\_pytest\assertion\rewrite.py:177: in exec_module
    source_stat, co = _rewrite_test(fn, self.config)
                      ^^^^^^^^^^^^^^^^^^^^^^^^^^^^^^
..\..\..\..\AppData\Roaming\Python\Python312\site-packages\_pytest\assertion\rewrite.py:357: in _rewrite_test
    tree = ast.parse(source, filename=strfn)
           ^^^^^^^^^^^^^^^^^^^^^^^^^^^^^^^^^
..\..\..\..\miniconda3\Lib\ast.py:52: in parse
    return compile(source, filename, mode, flags,
E     File "C:\Users\antho\OneDrive\Desktop\Netra\netra-core-generation-1\auth_service\tests\test_refresh_token_fix.py", line 21
E       """Use real service instance."""
E       ^^^^^^^^^^^^^^^^^^^^^^^^^^^^^^^^
E   IndentationError: expected an indented block after function definition on line 20</error></testcase><testcase classname="" name="tests.test_session_security_cycles_36_40" time="0.000"><error message="collection failure">..\..\..\..\AppData\Roaming\Python\Python312\site-packages\_pytest\python.py:498: in importtestmodule
    mod = import_path(
..\..\..\..\AppData\Roaming\Python\Python312\site-packages\_pytest\pathlib.py:587: in import_path
    importlib.import_module(module_name)
..\..\..\..\miniconda3\Lib\importlib\__init__.py:90: in import_module
    return _bootstrap._gcd_import(name[level:], package, level)
           ^^^^^^^^^^^^^^^^^^^^^^^^^^^^^^^^^^^^^^^^^^^^^^^^^^^^
&lt;frozen importlib._bootstrap&gt;:1387: in _gcd_import
    ???
&lt;frozen importlib._bootstrap&gt;:1360: in _find_and_load
    ???
&lt;frozen importlib._bootstrap&gt;:1331: in _find_and_load_unlocked
    ???
&lt;frozen importlib._bootstrap&gt;:935: in _load_unlocked
    ???
..\..\..\..\AppData\Roaming\Python\Python312\site-packages\_pytest\assertion\rewrite.py:177: in exec_module
    source_stat, co = _rewrite_test(fn, self.config)
                      ^^^^^^^^^^^^^^^^^^^^^^^^^^^^^^
..\..\..\..\AppData\Roaming\Python\Python312\site-packages\_pytest\assertion\rewrite.py:357: in _rewrite_test
    tree = ast.parse(source, filename=strfn)
           ^^^^^^^^^^^^^^^^^^^^^^^^^^^^^^^^^
..\..\..\..\miniconda3\Lib\ast.py:52: in parse
    return compile(source, filename, mode, flags,
E     File "C:\Users\antho\OneDrive\Desktop\Netra\netra-core-generation-1\auth_service\tests\test_session_security_cycles_36_40.py", line 58
E       """Use real service instance."""
E       ^^^^^^^^^^^^^^^^^^^^^^^^^^^^^^^^
E   IndentationError: expected an indented block after function definition on line 57</error></testcase><testcase classname="tests.test_signup_flow_comprehensive" name="TestDatabaseManager" time="0.000"><error message="collection failure">..\..\..\..\AppData\Roaming\Python\Python312\site-packages\_pytest\runner.py:344: in from_call
    result: TResult | None = func()
                             ^^^^^^
..\..\..\..\AppData\Roaming\Python\Python312\site-packages\_pytest\runner.py:389: in collect
    return list(collector.collect())
                ^^^^^^^^^^^^^^^^^^^
..\..\..\..\AppData\Roaming\Python\Python312\site-packages\_pytest\python.py:752: in collect
    self.warn(
..\..\..\..\AppData\Roaming\Python\Python312\site-packages\_pytest\nodes.py:271: in warn
    warnings.warn_explicit(
E   pytest.PytestCollectionWarning: cannot collect test class 'TestDatabaseManager' because it has a __init__ constructor (from: tests/test_signup_flow_comprehensive.py)</error></testcase><testcase classname="" name="tests.test_token_validation_security_cycles_31_35" time="0.000"><error message="collection failure">..\..\..\..\AppData\Roaming\Python\Python312\site-packages\_pytest\python.py:498: in importtestmodule
    mod = import_path(
..\..\..\..\AppData\Roaming\Python\Python312\site-packages\_pytest\pathlib.py:587: in import_path
    importlib.import_module(module_name)
..\..\..\..\miniconda3\Lib\importlib\__init__.py:90: in import_module
    return _bootstrap._gcd_import(name[level:], package, level)
           ^^^^^^^^^^^^^^^^^^^^^^^^^^^^^^^^^^^^^^^^^^^^^^^^^^^^
&lt;frozen importlib._bootstrap&gt;:1387: in _gcd_import
    ???
&lt;frozen importlib._bootstrap&gt;:1360: in _find_and_load
    ???
&lt;frozen importlib._bootstrap&gt;:1331: in _find_and_load_unlocked
    ???
&lt;frozen importlib._bootstrap&gt;:935: in _load_unlocked
    ???
..\..\..\..\AppData\Roaming\Python\Python312\site-packages\_pytest\assertion\rewrite.py:177: in exec_module
    source_stat, co = _rewrite_test(fn, self.config)
                      ^^^^^^^^^^^^^^^^^^^^^^^^^^^^^^
..\..\..\..\AppData\Roaming\Python\Python312\site-packages\_pytest\assertion\rewrite.py:357: in _rewrite_test
    tree = ast.parse(source, filename=strfn)
           ^^^^^^^^^^^^^^^^^^^^^^^^^^^^^^^^^
..\..\..\..\miniconda3\Lib\ast.py:52: in parse
    return compile(source, filename, mode, flags,
E     File "C:\Users\antho\OneDrive\Desktop\Netra\netra-core-generation-1\auth_service\tests\test_token_validation_security_cycles_31_35.py", line 44
E       """Use real service instance."""
E       ^^^^^^^^^^^^^^^^^^^^^^^^^^^^^^^^
E   IndentationError: expected an indented block after function definition on line 43</error></testcase><testcase classname="" name="tests.unit.test_auth_config_comprehensive" time="0.000"><error message="collection failure">ImportError while importing test module 'C:\Users\antho\OneDrive\Desktop\Netra\netra-core-generation-1\auth_service\tests\unit\test_auth_config_comprehensive.py'.
Hint: make sure your test modules/packages have valid Python names.
Traceback:
..\..\..\..\miniconda3\Lib\importlib\__init__.py:90: in import_module
    return _bootstrap._gcd_import(name[level:], package, level)
           ^^^^^^^^^^^^^^^^^^^^^^^^^^^^^^^^^^^^^^^^^^^^^^^^^^^^
auth_service\tests\unit\test_auth_config_comprehensive.py:11: in &lt;module&gt;
    from test_framework.redis_test_utils_test_utils.test_redis_manager import TestRedisManager
E   ModuleNotFoundError: No module named 'test_framework.redis_test_utils_test_utils'</error></testcase><testcase classname="" name="tests.unit.test_auth_endpoint_response_consistency" time="0.000"><error message="collection failure">..\..\..\..\AppData\Roaming\Python\Python312\site-packages\_pytest\python.py:498: in importtestmodule
    mod = import_path(
..\..\..\..\AppData\Roaming\Python\Python312\site-packages\_pytest\pathlib.py:587: in import_path
    importlib.import_module(module_name)
..\..\..\..\miniconda3\Lib\importlib\__init__.py:90: in import_module
    return _bootstrap._gcd_import(name[level:], package, level)
           ^^^^^^^^^^^^^^^^^^^^^^^^^^^^^^^^^^^^^^^^^^^^^^^^^^^^
&lt;frozen importlib._bootstrap&gt;:1387: in _gcd_import
    ???
&lt;frozen importlib._bootstrap&gt;:1360: in _find_and_load
    ???
&lt;frozen importlib._bootstrap&gt;:1331: in _find_and_load_unlocked
    ???
&lt;frozen importlib._bootstrap&gt;:935: in _load_unlocked
    ???
..\..\..\..\AppData\Roaming\Python\Python312\site-packages\_pytest\assertion\rewrite.py:177: in exec_module
    source_stat, co = _rewrite_test(fn, self.config)
                      ^^^^^^^^^^^^^^^^^^^^^^^^^^^^^^
..\..\..\..\AppData\Roaming\Python\Python312\site-packages\_pytest\assertion\rewrite.py:357: in _rewrite_test
    tree = ast.parse(source, filename=strfn)
           ^^^^^^^^^^^^^^^^^^^^^^^^^^^^^^^^^
..\..\..\..\miniconda3\Lib\ast.py:52: in parse
    return compile(source, filename, mode, flags,
E     File "C:\Users\antho\OneDrive\Desktop\Netra\netra-core-generation-1\auth_service\tests\unit\test_auth_endpoint_response_consistency.py", line 23
E       """Use real service instance."""
E       ^^^^^^^^^^^^^^^^^^^^^^^^^^^^^^^^
E   IndentationError: expected an indented block after function definition on line 22</error></testcase><testcase classname="" name="tests.unit.test_auth_endpoint_routing_regression_prevention" time="0.000"><error message="collection failure">..\..\..\..\AppData\Roaming\Python\Python312\site-packages\_pytest\python.py:498: in importtestmodule
    mod = import_path(
..\..\..\..\AppData\Roaming\Python\Python312\site-packages\_pytest\pathlib.py:587: in import_path
    importlib.import_module(module_name)
..\..\..\..\miniconda3\Lib\importlib\__init__.py:90: in import_module
    return _bootstrap._gcd_import(name[level:], package, level)
           ^^^^^^^^^^^^^^^^^^^^^^^^^^^^^^^^^^^^^^^^^^^^^^^^^^^^
&lt;frozen importlib._bootstrap&gt;:1387: in _gcd_import
    ???
&lt;frozen importlib._bootstrap&gt;:1360: in _find_and_load
    ???
&lt;frozen importlib._bootstrap&gt;:1331: in _find_and_load_unlocked
    ???
&lt;frozen importlib._bootstrap&gt;:935: in _load_unlocked
    ???
..\..\..\..\AppData\Roaming\Python\Python312\site-packages\_pytest\assertion\rewrite.py:177: in exec_module
    source_stat, co = _rewrite_test(fn, self.config)
                      ^^^^^^^^^^^^^^^^^^^^^^^^^^^^^^
..\..\..\..\AppData\Roaming\Python\Python312\site-packages\_pytest\assertion\rewrite.py:357: in _rewrite_test
    tree = ast.parse(source, filename=strfn)
           ^^^^^^^^^^^^^^^^^^^^^^^^^^^^^^^^^
..\..\..\..\miniconda3\Lib\ast.py:52: in parse
    return compile(source, filename, mode, flags,
E     File "C:\Users\antho\OneDrive\Desktop\Netra\netra-core-generation-1\auth_service\tests\unit\test_auth_endpoint_routing_regression_prevention.py", line 27
E       """Use real service instance."""
E       ^^^^^^^^^^^^^^^^^^^^^^^^^^^^^^^^
E   IndentationError: expected an indented block after function definition on line 26</error></testcase><testcase classname="" name="tests.unit.test_auth_endpoint_validation_security" time="0.000"><error message="collection failure">..\..\..\..\AppData\Roaming\Python\Python312\site-packages\_pytest\python.py:498: in importtestmodule
    mod = import_path(
..\..\..\..\AppData\Roaming\Python\Python312\site-packages\_pytest\pathlib.py:587: in import_path
    importlib.import_module(module_name)
..\..\..\..\miniconda3\Lib\importlib\__init__.py:90: in import_module
    return _bootstrap._gcd_import(name[level:], package, level)
           ^^^^^^^^^^^^^^^^^^^^^^^^^^^^^^^^^^^^^^^^^^^^^^^^^^^^
&lt;frozen importlib._bootstrap&gt;:1387: in _gcd_import
    ???
&lt;frozen importlib._bootstrap&gt;:1360: in _find_and_load
    ???
&lt;frozen importlib._bootstrap&gt;:1331: in _find_and_load_unlocked
    ???
&lt;frozen importlib._bootstrap&gt;:935: in _load_unlocked
    ???
..\..\..\..\AppData\Roaming\Python\Python312\site-packages\_pytest\assertion\rewrite.py:177: in exec_module
    source_stat, co = _rewrite_test(fn, self.config)
                      ^^^^^^^^^^^^^^^^^^^^^^^^^^^^^^
..\..\..\..\AppData\Roaming\Python\Python312\site-packages\_pytest\assertion\rewrite.py:357: in _rewrite_test
    tree = ast.parse(source, filename=strfn)
           ^^^^^^^^^^^^^^^^^^^^^^^^^^^^^^^^^
..\..\..\..\miniconda3\Lib\ast.py:52: in parse
    return compile(source, filename, mode, flags,
E     File "C:\Users\antho\OneDrive\Desktop\Netra\netra-core-generation-1\auth_service\tests\unit\test_auth_endpoint_validation_security.py", line 23
E       """Use real service instance."""
E       ^^^^^^^^^^^^^^^^^^^^^^^^^^^^^^^^
E   IndentationError: expected an indented block after function definition on line 22</error></testcase><testcase classname="" name="tests.unit.test_auth_environment_urls" time="0.000"><error message="collection failure">..\..\..\..\AppData\Roaming\Python\Python312\site-packages\_pytest\python.py:498: in importtestmodule
    mod = import_path(
..\..\..\..\AppData\Roaming\Python\Python312\site-packages\_pytest\pathlib.py:587: in import_path
    importlib.import_module(module_name)
..\..\..\..\miniconda3\Lib\importlib\__init__.py:90: in import_module
    return _bootstrap._gcd_import(name[level:], package, level)
           ^^^^^^^^^^^^^^^^^^^^^^^^^^^^^^^^^^^^^^^^^^^^^^^^^^^^
&lt;frozen importlib._bootstrap&gt;:1387: in _gcd_import
    ???
&lt;frozen importlib._bootstrap&gt;:1360: in _find_and_load
    ???
&lt;frozen importlib._bootstrap&gt;:1331: in _find_and_load_unlocked
    ???
&lt;frozen importlib._bootstrap&gt;:935: in _load_unlocked
    ???
..\..\..\..\AppData\Roaming\Python\Python312\site-packages\_pytest\assertion\rewrite.py:177: in exec_module
    source_stat, co = _rewrite_test(fn, self.config)
                      ^^^^^^^^^^^^^^^^^^^^^^^^^^^^^^
..\..\..\..\AppData\Roaming\Python\Python312\site-packages\_pytest\assertion\rewrite.py:357: in _rewrite_test
    tree = ast.parse(source, filename=strfn)
           ^^^^^^^^^^^^^^^^^^^^^^^^^^^^^^^^^
..\..\..\..\miniconda3\Lib\ast.py:52: in parse
    return compile(source, filename, mode, flags,
E     File "C:\Users\antho\OneDrive\Desktop\Netra\netra-core-generation-1\auth_service\tests\unit\test_auth_environment_urls.py", line 29
E       """Use real service instance."""
E       ^^^^^^^^^^^^^^^^^^^^^^^^^^^^^^^^
E   IndentationError: expected an indented block after function definition on line 28</error></testcase><testcase classname="" name="tests.unit.test_docker_hostname_resolution" time="0.000"><error message="collection failure">..\..\..\..\AppData\Roaming\Python\Python312\site-packages\_pytest\python.py:498: in importtestmodule
    mod = import_path(
..\..\..\..\AppData\Roaming\Python\Python312\site-packages\_pytest\pathlib.py:587: in import_path
    importlib.import_module(module_name)
..\..\..\..\miniconda3\Lib\importlib\__init__.py:90: in import_module
    return _bootstrap._gcd_import(name[level:], package, level)
           ^^^^^^^^^^^^^^^^^^^^^^^^^^^^^^^^^^^^^^^^^^^^^^^^^^^^
&lt;frozen importlib._bootstrap&gt;:1387: in _gcd_import
    ???
&lt;frozen importlib._bootstrap&gt;:1360: in _find_and_load
    ???
&lt;frozen importlib._bootstrap&gt;:1331: in _find_and_load_unlocked
    ???
&lt;frozen importlib._bootstrap&gt;:935: in _load_unlocked
    ???
..\..\..\..\AppData\Roaming\Python\Python312\site-packages\_pytest\assertion\rewrite.py:177: in exec_module
    source_stat, co = _rewrite_test(fn, self.config)
                      ^^^^^^^^^^^^^^^^^^^^^^^^^^^^^^
..\..\..\..\AppData\Roaming\Python\Python312\site-packages\_pytest\assertion\rewrite.py:357: in _rewrite_test
    tree = ast.parse(source, filename=strfn)
           ^^^^^^^^^^^^^^^^^^^^^^^^^^^^^^^^^
..\..\..\..\miniconda3\Lib\ast.py:52: in parse
    return compile(source, filename, mode, flags,
E     File "C:\Users\antho\OneDrive\Desktop\Netra\netra-core-generation-1\auth_service\tests\unit\test_docker_hostname_resolution.py", line 39
E       env.clear()
E   IndentationError: unexpected indent</error></testcase><testcase classname="" name="tests.unit.test_oauth_comprehensive" time="0.000"><error message="collection failure">..\..\..\..\AppData\Roaming\Python\Python312\site-packages\_pytest\python.py:498: in importtestmodule
    mod = import_path(
..\..\..\..\AppData\Roaming\Python\Python312\site-packages\_pytest\pathlib.py:587: in import_path
    importlib.import_module(module_name)
..\..\..\..\miniconda3\Lib\importlib\__init__.py:90: in import_module
    return _bootstrap._gcd_import(name[level:], package, level)
           ^^^^^^^^^^^^^^^^^^^^^^^^^^^^^^^^^^^^^^^^^^^^^^^^^^^^
&lt;frozen importlib._bootstrap&gt;:1387: in _gcd_import
    ???
&lt;frozen importlib._bootstrap&gt;:1360: in _find_and_load
    ???
&lt;frozen importlib._bootstrap&gt;:1331: in _find_and_load_unlocked
    ???
&lt;frozen importlib._bootstrap&gt;:935: in _load_unlocked
    ???
..\..\..\..\AppData\Roaming\Python\Python312\site-packages\_pytest\assertion\rewrite.py:177: in exec_module
    source_stat, co = _rewrite_test(fn, self.config)
                      ^^^^^^^^^^^^^^^^^^^^^^^^^^^^^^
..\..\..\..\AppData\Roaming\Python\Python312\site-packages\_pytest\assertion\rewrite.py:357: in _rewrite_test
    tree = ast.parse(source, filename=strfn)
           ^^^^^^^^^^^^^^^^^^^^^^^^^^^^^^^^^
..\..\..\..\miniconda3\Lib\ast.py:52: in parse
    return compile(source, filename, mode, flags,
E     File "C:\Users\antho\OneDrive\Desktop\Netra\netra-core-generation-1\auth_service\tests\unit\test_oauth_comprehensive.py", line 23
E       """Use real service instance."""
E       ^^^^^^^^^^^^^^^^^^^^^^^^^^^^^^^^
E   IndentationError: expected an indented block after function definition on line 22</error></testcase><testcase classname="" name="tests.unit.test_oauth_redirect_uri_regression" time="0.000"><error message="collection failure">ImportError while importing test module 'C:\Users\antho\OneDrive\Desktop\Netra\netra-core-generation-1\auth_service\tests\unit\test_oauth_redirect_uri_regression.py'.
Hint: make sure your test modules/packages have valid Python names.
Traceback:
..\..\..\..\miniconda3\Lib\importlib\__init__.py:90: in import_module
    return _bootstrap._gcd_import(name[level:], package, level)
           ^^^^^^^^^^^^^^^^^^^^^^^^^^^^^^^^^^^^^^^^^^^^^^^^^^^^
auth_service\tests\unit\test_oauth_redirect_uri_regression.py:12: in &lt;module&gt;
    from test_framework.redis_test_utils_test_utils.test_redis_manager import TestRedisManager
E   ModuleNotFoundError: No module named 'test_framework.redis_test_utils_test_utils'</error></testcase><testcase classname="" name="tests.unit.test_refresh_endpoint" time="0.000"><error message="collection failure">..\..\..\..\AppData\Roaming\Python\Python312\site-packages\_pytest\python.py:498: in importtestmodule
    mod = import_path(
..\..\..\..\AppData\Roaming\Python\Python312\site-packages\_pytest\pathlib.py:587: in import_path
    importlib.import_module(module_name)
..\..\..\..\miniconda3\Lib\importlib\__init__.py:90: in import_module
    return _bootstrap._gcd_import(name[level:], package, level)
           ^^^^^^^^^^^^^^^^^^^^^^^^^^^^^^^^^^^^^^^^^^^^^^^^^^^^
&lt;frozen importlib._bootstrap&gt;:1387: in _gcd_import
    ???
&lt;frozen importlib._bootstrap&gt;:1360: in _find_and_load
    ???
&lt;frozen importlib._bootstrap&gt;:1331: in _find_and_load_unlocked
    ???
&lt;frozen importlib._bootstrap&gt;:935: in _load_unlocked
    ???
..\..\..\..\AppData\Roaming\Python\Python312\site-packages\_pytest\assertion\rewrite.py:177: in exec_module
    source_stat, co = _rewrite_test(fn, self.config)
                      ^^^^^^^^^^^^^^^^^^^^^^^^^^^^^^
..\..\..\..\AppData\Roaming\Python\Python312\site-packages\_pytest\assertion\rewrite.py:357: in _rewrite_test
    tree = ast.parse(source, filename=strfn)
           ^^^^^^^^^^^^^^^^^^^^^^^^^^^^^^^^^
..\..\..\..\miniconda3\Lib\ast.py:52: in parse
    return compile(source, filename, mode, flags,
E     File "C:\Users\antho\OneDrive\Desktop\Netra\netra-core-generation-1\auth_service\tests\unit\test_refresh_endpoint.py", line 23
E       def real_auth_service():
E                               ^
E   IndentationError: unindent does not match any outer indentation level</error></testcase><testcase classname="tests.unit.test_registration_regression" name="TestDatabaseManager" time="0.000"><error message="collection failure">..\..\..\..\AppData\Roaming\Python\Python312\site-packages\_pytest\runner.py:344: in from_call
    result: TResult | None = func()
                             ^^^^^^
..\..\..\..\AppData\Roaming\Python\Python312\site-packages\_pytest\runner.py:389: in collect
    return list(collector.collect())
                ^^^^^^^^^^^^^^^^^^^
..\..\..\..\AppData\Roaming\Python\Python312\site-packages\_pytest\python.py:752: in collect
    self.warn(
..\..\..\..\AppData\Roaming\Python\Python312\site-packages\_pytest\nodes.py:271: in warn
    warnings.warn_explicit(
E   pytest.PytestCollectionWarning: cannot collect test class 'TestDatabaseManager' because it has a __init__ constructor (from: tests/unit/test_registration_regression.py)</error></testcase></testsuite></testsuites>