<?xml version="1.0" encoding="utf-8"?><testsuites name="pytest tests"><testsuite name="pytest" errors="0" failures="0" skipped="1" tests="9" time="0.528" timestamp="2025-08-27T12:45:24.337729-07:00" hostname="Anthony"><testcase classname="tests.test_oauth_security_vulnerabilities.TestOAuthSecurityVulnerabilities" name="test_csrf_state_parameter_replay_attack_prevention" time="0.292" /><testcase classname="tests.test_oauth_security_vulnerabilities.TestOAuthSecurityVulnerabilities" name="test_authorization_code_reuse_attack_prevention" time="0.002" /><testcase classname="tests.test_oauth_security_vulnerabilities.TestOAuthSecurityVulnerabilities" name="test_nonce_replay_attack_prevention" time="0.002" /><testcase classname="tests.test_oauth_security_vulnerabilities.TestOAuthSecurityVulnerabilities" name="test_redirect_uri_validation_security" time="0.003" /><testcase classname="tests.test_oauth_security_vulnerabilities.TestOAuthSecurityVulnerabilities" name="test_pkce_challenge_validation_security" time="0.002" /><testcase classname="tests.test_oauth_security_vulnerabilities.TestOAuthSecurityVulnerabilities" name="test_session_fixation_attack_prevention" time="0.002" /><testcase classname="tests.test_oauth_security_vulnerabilities.TestOAuthSecurityVulnerabilities" name="test_oauth_state_expiration_security" time="0.004" /><testcase classname="tests.test_oauth_security_vulnerabilities.TestOAuthSecurityVulnerabilities" name="test_concurrent_oauth_flow_isolation" time="0.002"><skipped type="pytest.xfail" message="Complex OAuth security test - cross-session isolation needs implementation" /></testcase><testcase classname="tests.test_oauth_security_vulnerabilities.TestOAuthSecurityVulnerabilities" name="test_timing_attack_resistance" time="0.006" /></testsuite></testsuites>