<?xml version="1.0" encoding="utf-8"?><testsuites name="pytest tests"><testsuite name="pytest" errors="0" failures="0" skipped="0" tests="0" time="0.090" timestamp="2025-08-31T12:56:42.799289-07:00" hostname="Anthony" /></testsuites>