<?xml version="1.0" encoding="utf-8"?><testsuites name="pytest tests"><testsuite name="pytest" errors="0" failures="0" skipped="0" tests="1" time="1.023" timestamp="2025-08-27T21:17:08.266231-07:00" hostname="Anthony"><testcase classname="tests.critical.test_oauth_configuration_missing_staging_regression.TestOAuthConfigurationMissingRegression" name="test_google_oauth_client_id_missing_staging_regression" time="0.739" /></testsuite></testsuites>