<?xml version="1.0" encoding="utf-8"?><testsuites name="pytest tests"><testsuite name="pytest" errors="0" failures="0" skipped="1" tests="1" time="0.127" timestamp="2025-08-30T20:31:44.609397-07:00" hostname="Shivanginis-MacBook-Pro.local"><testcase classname="tests.integration.test_database_connection.TestAuthDatabaseConnection" name="test_connection_with_docker_compose_url" time="0.080"><skipped type="pytest.skip" message="Real services unavailable: 'DatabaseManager' object has no attribute 'engine'">/Users/anthony/Documents/GitHub/netra-apex/auth_service/tests/integration/test_database_connection.py:38: Real services unavailable: 'DatabaseManager' object has no attribute 'engine'</skipped></testcase></testsuite></testsuites>