<?xml version="1.0" encoding="utf-8"?><testsuites name="pytest tests"><testsuite name="pytest" errors="0" failures="1" skipped="1" tests="15" time="1.312" timestamp="2025-09-08T19:16:10.261200-07:00" hostname="Shivanginis-MacBook-Pro.local"><testcase classname="" name="tests.test_auth_real_services_comprehensive" time="0.000"><skipped message="collection skipped">('/Users/anthony/Documents/GitHub/netra-apex/auth_service/tests/test_auth_real_services_comprehensive.py', 51, 'Skipped: Test framework functions have been removed')</skipped></testcase><testcase classname="tests.unit.test_auth_business_logic_validation_comprehensive.TestAuthBusinessLogicValidation" name="test_user_registration_business_rules" time="0.114" /><testcase classname="tests.unit.test_auth_business_logic_validation_comprehensive.TestAuthBusinessLogicValidation" name="test_subscription_tier_access_control" time="0.000" /><testcase classname="tests.unit.test_auth_business_logic_validation_comprehensive.TestAuthBusinessLogicValidation" name="test_login_attempt_business_logic" time="0.000" /><testcase classname="tests.unit.test_auth_business_logic_validation_comprehensive.TestAuthBusinessLogicValidation" name="test_account_lifecycle_management" time="0.000" /><testcase classname="tests.unit.test_auth_business_logic_validation_comprehensive.TestAuthBusinessLogicValidation" name="test_business_rule_compliance_validation" time="0.000" /><testcase classname="tests.unit.test_auth_business_logic_validation_comprehensive.TestAuthCrossServiceValidation" name="test_cross_service_token_validation_business_logic" time="0.001" /><testcase classname="tests.unit.test_auth_business_logic_validation_comprehensive.TestAuthSecurityPolicyValidation" name="test_password_policy_business_rules" time="0.002" /><testcase classname="tests.unit.test_auth_business_logic_validation_comprehensive.TestAuthSecurityPolicyValidation" name="test_session_security_policy" time="0.002" /><testcase classname="tests.unit.test_auth_business_logic_validation_comprehensive.TestAuthIntegrationBusinessLogic" name="test_oauth_integration_business_rules" time="0.000" /><testcase classname="tests.unit.test_auth_business_logic_validation_comprehensive.TestAuthAuditBusinessLogic" name="test_audit_logging_business_rules" time="0.002" /><testcase classname="tests.unit.test_auth_business_logic_validation_comprehensive.TestAuthAuditBusinessLogic" name="test_compliance_reporting_business_logic" time="0.002" /><testcase classname="tests.unit.test_auth_service_business_logic.TestAuthServiceBusinessLogic" name="test_service_authentication_business_rules" time="0.004" /><testcase classname="tests.unit.test_auth_service_business_logic.TestAuthServiceBusinessLogic" name="test_user_permission_business_logic" time="0.002" /><testcase classname="tests.unit.test_auth_service_business_logic.TestAuthServiceBusinessLogic" name="test_user_lifecycle_business_events" time="0.110"><failure message="Failed: DID NOT RAISE &lt;class 'ValueError'&gt;">auth_service/tests/unit/test_auth_service_business_logic.py:119: in test_user_lifecycle_business_events
    with pytest.raises(ValueError, match="User with this email already registered"):
E   Failed: DID NOT RAISE &lt;class 'ValueError'&gt;</failure></testcase></testsuite></testsuites>