<?xml version="1.0" encoding="utf-8"?><testsuites name="pytest tests"><testsuite name="pytest" errors="1" failures="0" skipped="0" tests="1" time="1.744" timestamp="2025-09-07T16:29:04.299266-07:00" hostname="Anthony"><testcase classname="" name="tests.integration.interservice.test_backend_auth_communication" time="0.000"><error message="collection failure">'interservice' not found in `markers` configuration option</error></testcase></testsuite></testsuites>