<?xml version="1.0" encoding="utf-8"?><testsuites name="pytest tests"><testsuite name="pytest" errors="0" failures="2" skipped="0" tests="37" time="3.319" timestamp="2025-08-28T23:07:10.418891-07:00" hostname="Anthony"><testcase classname="tests.test_signup_flow_comprehensive.TestEmailValidation" name="test_email_validation[valid@example.com-True]" time="0.676" /><testcase classname="tests.test_signup_flow_comprehensive.TestEmailValidation" name="test_email_validation[user.name@domain.co.uk-True]" time="0.014" /><testcase classname="tests.test_signup_flow_comprehensive.TestEmailValidation" name="test_email_validation[user+tag@example.org-True]" time="0.014" /><testcase classname="tests.test_signup_flow_comprehensive.TestEmailValidation" name="test_email_validation[user_123@test-domain.com-True]" time="0.016" /><testcase classname="tests.test_signup_flow_comprehensive.TestEmailValidation" name="test_email_validation[invalid-False]" time="0.014" /><testcase classname="tests.test_signup_flow_comprehensive.TestEmailValidation" name="test_email_validation[@example.com-False]" time="0.012" /><testcase classname="tests.test_signup_flow_comprehensive.TestEmailValidation" name="test_email_validation[user@-False]" time="0.011" /><testcase classname="tests.test_signup_flow_comprehensive.TestEmailValidation" name="test_email_validation[user @example.com-False]" time="0.010" /><testcase classname="tests.test_signup_flow_comprehensive.TestEmailValidation" name="test_email_validation[user@.com-False]" time="0.014" /><testcase classname="tests.test_signup_flow_comprehensive.TestEmailValidation" name="test_email_validation[user@domain-False]" time="0.013" /><testcase classname="tests.test_signup_flow_comprehensive.TestEmailValidation" name="test_email_validation[-False]" time="0.014" /><testcase classname="tests.test_signup_flow_comprehensive.TestEmailValidation" name="test_email_validation[None-False]" time="0.011" /><testcase classname="tests.test_signup_flow_comprehensive.TestPasswordValidation" name="test_password_validation[ValidPass123!-True-Password is valid]" time="0.012" /><testcase classname="tests.test_signup_flow_comprehensive.TestPasswordValidation" name="test_password_validation[short-False-Password must be at least 8 characters long]" time="0.014" /><testcase classname="tests.test_signup_flow_comprehensive.TestPasswordValidation" name="test_password_validation[nouppercase123!-False-Password must contain at least one uppercase letter]" time="0.016" /><testcase classname="tests.test_signup_flow_comprehensive.TestPasswordValidation" name="test_password_validation[NOLOWERCASE123!-False-Password must contain at least one lowercase letter]" time="0.015" /><testcase classname="tests.test_signup_flow_comprehensive.TestPasswordValidation" name="test_password_validation[NoNumbers!-False-Password must contain at least one number]" time="0.015" /><testcase classname="tests.test_signup_flow_comprehensive.TestPasswordValidation" name="test_password_validation[NoSpecial123-False-Password must contain at least one special character]" time="0.017" /><testcase classname="tests.test_signup_flow_comprehensive.TestPasswordValidation" name="test_password_validation[-False-Password must be at least 8 characters long]" time="0.015" /><testcase classname="tests.test_signup_flow_comprehensive.TestPasswordValidation" name="test_password_validation[        -False-Password must contain at least one uppercase letter]" time="0.014" /><testcase classname="tests.test_signup_flow_comprehensive.TestPasswordValidation" name="test_password_validation[Password123-False-Password must contain at least one special character]" time="0.012" /><testcase classname="tests.test_signup_flow_comprehensive.TestPasswordValidation" name="test_password_validation[P@ssw0rd-True-Password is valid]" time="0.013" /><testcase classname="tests.test_signup_flow_comprehensive.TestPasswordValidation" name="test_password_validation[Super$ecure123Password!-True-Password is valid]" time="0.014" /><testcase classname="tests.test_signup_flow_comprehensive.TestUserRegistration" name="test_successful_registration" time="0.084" /><testcase classname="tests.test_signup_flow_comprehensive.TestUserRegistration" name="test_duplicate_email_registration" time="0.091" /><testcase classname="tests.test_signup_flow_comprehensive.TestUserRegistration" name="test_invalid_email_registration" time="0.024" /><testcase classname="tests.test_signup_flow_comprehensive.TestUserRegistration" name="test_weak_password_registration" time="0.022" /><testcase classname="tests.test_signup_flow_comprehensive.TestUserRegistration" name="test_database_error_handling" time="0.082" /><testcase classname="tests.test_signup_flow_comprehensive.TestUserRegistration" name="test_fallback_to_test_registration" time="0.080" /><testcase classname="tests.test_signup_flow_comprehensive.TestPasswordHashing" name="test_password_hashing" time="0.125" /><testcase classname="tests.test_signup_flow_comprehensive.TestPasswordHashing" name="test_password_verification_mismatch" time="0.118" /><testcase classname="tests.test_signup_flow_comprehensive.TestPasswordHashing" name="test_same_password_different_hashes" time="0.256" /><testcase classname="tests.test_signup_flow_comprehensive.TestEdgeCases" name="test_empty_fields" time="0.019" /><testcase classname="tests.test_signup_flow_comprehensive.TestEdgeCases" name="test_sql_injection_attempts" time="0.019" /><testcase classname="tests.test_signup_flow_comprehensive.TestEdgeCases" name="test_extremely_long_inputs" time="0.083"><failure message="pytest.PytestUnraisableExceptionWarning: Exception ignored in: &lt;coroutine object AsyncMockMixin._execute_mock_call at 0x00000194E3C2F940&gt;&#10;Enable tracemalloc to get traceback where the object was allocated.&#10;See https://docs.pytest.org/en/stable/how-to/capture-warnings.html#resource-warnings for more info.">..\..\..\..\miniconda3\Lib\warnings.py:555: in _warn_unawaited_coroutine
    warn(msg, category=RuntimeWarning, stacklevel=2, source=coro)
E   RuntimeWarning: coroutine 'AsyncMockMixin._execute_mock_call' was never awaited

The above exception was the direct cause of the following exception:
..\..\..\..\AppData\Roaming\Python\Python312\site-packages\_pytest\runner.py:344: in from_call
    result: TResult | None = func()
                             ^^^^^^
..\..\..\..\AppData\Roaming\Python\Python312\site-packages\_pytest\runner.py:246: in &lt;lambda&gt;
    lambda: runtest_hook(item=item, **kwds), when=when, reraise=reraise
            ^^^^^^^^^^^^^^^^^^^^^^^^^^^^^^^
..\..\..\..\AppData\Roaming\Python\Python312\site-packages\pluggy\_hooks.py:512: in __call__
    return self._hookexec(self.name, self._hookimpls.copy(), kwargs, firstresult)
           ^^^^^^^^^^^^^^^^^^^^^^^^^^^^^^^^^^^^^^^^^^^^^^^^^^^^^^^^^^^^^^^^^^^^^^
..\..\..\..\AppData\Roaming\Python\Python312\site-packages\pluggy\_manager.py:120: in _hookexec
    return self._inner_hookexec(hook_name, methods, kwargs, firstresult)
           ^^^^^^^^^^^^^^^^^^^^^^^^^^^^^^^^^^^^^^^^^^^^^^^^^^^^^^^^^^^^^
..\..\..\..\AppData\Roaming\Python\Python312\site-packages\_pytest\logging.py:850: in pytest_runtest_call
    yield
..\..\..\..\AppData\Roaming\Python\Python312\site-packages\pluggy\_callers.py:53: in run_old_style_hookwrapper
    return result.get_result()
           ^^^^^^^^^^^^^^^^^^^
..\..\..\..\AppData\Roaming\Python\Python312\site-packages\pluggy\_callers.py:38: in run_old_style_hookwrapper
    res = yield
          ^^^^^
..\..\..\..\AppData\Roaming\Python\Python312\site-packages\_pytest\capture.py:900: in pytest_runtest_call
    return (yield)
            ^^^^^
..\..\..\..\AppData\Roaming\Python\Python312\site-packages\pluggy\_callers.py:53: in run_old_style_hookwrapper
    return result.get_result()
           ^^^^^^^^^^^^^^^^^^^
..\..\..\..\AppData\Roaming\Python\Python312\site-packages\pluggy\_callers.py:38: in run_old_style_hookwrapper
    res = yield
          ^^^^^
..\..\..\..\AppData\Roaming\Python\Python312\site-packages\pluggy\_callers.py:53: in run_old_style_hookwrapper
    return result.get_result()
           ^^^^^^^^^^^^^^^^^^^
..\..\..\..\AppData\Roaming\Python\Python312\site-packages\pluggy\_callers.py:38: in run_old_style_hookwrapper
    res = yield
          ^^^^^
..\..\..\..\AppData\Roaming\Python\Python312\site-packages\_pytest\skipping.py:263: in pytest_runtest_call
    return (yield)
            ^^^^^
..\..\..\..\AppData\Roaming\Python\Python312\site-packages\_pytest\unraisableexception.py:158: in pytest_runtest_call
    collect_unraisable(item.config)
..\..\..\..\AppData\Roaming\Python\Python312\site-packages\_pytest\unraisableexception.py:79: in collect_unraisable
    raise errors[0]
..\..\..\..\AppData\Roaming\Python\Python312\site-packages\_pytest\unraisableexception.py:67: in collect_unraisable
    warnings.warn(pytest.PytestUnraisableExceptionWarning(msg))
E   pytest.PytestUnraisableExceptionWarning: Exception ignored in: &lt;coroutine object AsyncMockMixin._execute_mock_call at 0x00000194E3C2F940&gt;
E   Enable tracemalloc to get traceback where the object was allocated.
E   See https://docs.pytest.org/en/stable/how-to/capture-warnings.html#resource-warnings for more info.</failure></testcase><testcase classname="tests.test_signup_flow_comprehensive.TestEdgeCases" name="test_unicode_and_special_characters" time="0.082" /><testcase classname="tests.test_signup_flow_comprehensive.TestEdgeCases" name="test_concurrent_registration_same_email" time="0.090"><failure message="ValueError: User with email test@example.com already exists">auth_service\tests\test_signup_flow_comprehensive.py:327: in test_concurrent_registration_same_email
    await auth_service.register_user(
auth_service\auth_core\services\auth_service.py:257: in register_user
    raise e
auth_service\auth_core\services\auth_service.py:240: in register_user
    new_user = await user_repo.create_local_user(
..\..\..\..\miniconda3\Lib\unittest\mock.py:2262: in _execute_mock_call
    raise effect
E   ValueError: User with email test@example.com already exists</failure></testcase></testsuite></testsuites>