<?xml version="1.0" encoding="utf-8"?><testsuites name="pytest tests"><testsuite name="pytest" errors="0" failures="3" skipped="0" tests="30" time="12.025" timestamp="2025-09-07T16:15:07.973134-07:00" hostname="Anthony"><testcase classname="tests.unit.test_oauth_manager_comprehensive.TestOAuthManagerInitialization" name="test_oauth_manager_initializes_successfully" time="2.270" /><testcase classname="tests.unit.test_oauth_manager_comprehensive.TestOAuthManagerInitialization" name="test_oauth_manager_initializes_providers" time="0.003" /><testcase classname="tests.unit.test_oauth_manager_comprehensive.TestOAuthManagerInitialization" name="test_oauth_manager_handles_provider_initialization_failures" time="0.007" /><testcase classname="tests.unit.test_oauth_manager_comprehensive.TestOAuthManagerProviderManagement" name="test_get_available_providers_returns_list" time="0.002" /><testcase classname="tests.unit.test_oauth_manager_comprehensive.TestOAuthManagerProviderManagement" name="test_get_provider_google_returns_correct_type" time="0.003" /><testcase classname="tests.unit.test_oauth_manager_comprehensive.TestOAuthManagerProviderManagement" name="test_get_provider_invalid_returns_none" time="0.003" /><testcase classname="tests.unit.test_oauth_manager_comprehensive.TestOAuthManagerProviderManagement" name="test_get_provider_empty_string_returns_none" time="0.004" /><testcase classname="tests.unit.test_oauth_manager_comprehensive.TestOAuthManagerProviderManagement" name="test_get_provider_none_returns_none" time="0.003" /><testcase classname="tests.unit.test_oauth_manager_comprehensive.TestOAuthManagerProviderStatus" name="test_is_provider_configured_google" time="0.002" /><testcase classname="tests.unit.test_oauth_manager_comprehensive.TestOAuthManagerProviderStatus" name="test_is_provider_configured_invalid_provider" time="0.002" /><testcase classname="tests.unit.test_oauth_manager_comprehensive.TestOAuthManagerProviderStatus" name="test_get_provider_status_google" time="0.002" /><testcase classname="tests.unit.test_oauth_manager_comprehensive.TestOAuthManagerProviderStatus" name="test_get_provider_status_invalid_provider" time="0.002" /><testcase classname="tests.unit.test_oauth_manager_comprehensive.TestOAuthManagerProviderStatus" name="test_get_provider_status_all_fields_present" time="0.003" /><testcase classname="tests.unit.test_oauth_manager_comprehensive.TestOAuthManagerErrorHandling" name="test_manager_handles_provider_initialization_exceptions" time="0.003" /><testcase classname="tests.unit.test_oauth_manager_comprehensive.TestOAuthManagerErrorHandling" name="test_manager_handles_provider_method_exceptions" time="0.005"><failure message="Exception: Provider method error">auth_service\tests\unit\test_oauth_manager_comprehensive.py:238: in test_manager_handles_provider_method_exceptions
    is_configured = manager.is_provider_configured("google")
                    ^^^^^^^^^^^^^^^^^^^^^^^^^^^^^^^^^^^^^^^^
auth_service\auth_core\oauth_manager.py:46: in is_provider_configured
    return provider.is_configured()
           ^^^^^^^^^^^^^^^^^^^^^^^^
..\..\..\..\miniconda3\Lib\unittest\mock.py:1134: in __call__
    return self._mock_call(*args, **kwargs)
           ^^^^^^^^^^^^^^^^^^^^^^^^^^^^^^^^
..\..\..\..\miniconda3\Lib\unittest\mock.py:1138: in _mock_call
    return self._execute_mock_call(*args, **kwargs)
           ^^^^^^^^^^^^^^^^^^^^^^^^^^^^^^^^^^^^^^^^
..\..\..\..\miniconda3\Lib\unittest\mock.py:1193: in _execute_mock_call
    raise effect
E   Exception: Provider method error</failure></testcase><testcase classname="tests.unit.test_oauth_manager_comprehensive.TestOAuthManagerErrorHandling" name="test_manager_thread_safety_basic" time="0.002" /><testcase classname="tests.unit.test_oauth_manager_comprehensive.TestOAuthManagerErrorHandling" name="test_manager_memory_usage" time="0.094" /><testcase classname="tests.unit.test_oauth_manager_comprehensive.TestOAuthManagerIntegration" name="test_manager_provider_consistency" time="0.003" /><testcase classname="tests.unit.test_oauth_manager_comprehensive.TestOAuthManagerIntegration" name="test_manager_status_vs_provider_health" time="0.003" /><testcase classname="tests.unit.test_oauth_manager_comprehensive.TestOAuthManagerIntegration" name="test_manager_with_multiple_operations" time="0.005"><failure message="assert 7 &gt;= 8">auth_service\tests\unit\test_oauth_manager_comprehensive.py:353: in test_manager_with_multiple_operations
    assert operations_count &gt;= 8  # At least 8 operations performed
    ^^^^^^^^^^^^^^^^^^^^^^^^^^^^
E   assert 7 &gt;= 8</failure></testcase><testcase classname="tests.unit.test_oauth_manager_comprehensive.TestOAuthManagerConfiguration" name="test_manager_with_development_environment" time="0.002" /><testcase classname="tests.unit.test_oauth_manager_comprehensive.TestOAuthManagerConfiguration" name="test_manager_with_staging_environment" time="0.002" /><testcase classname="tests.unit.test_oauth_manager_comprehensive.TestOAuthManagerConfiguration" name="test_manager_with_production_environment" time="0.002" /><testcase classname="tests.unit.test_oauth_manager_comprehensive.TestOAuthManagerConfiguration" name="test_manager_configuration_changes" time="0.004" /><testcase classname="tests.unit.test_oauth_manager_comprehensive.TestOAuthManagerSecurity" name="test_manager_no_credential_leakage" time="0.006"><failure message="AssertionError: Potential credential leak: client_secret&#10;assert 'client_secret' not in &quot;{'provider': 'google', 'available': true, 'configured': true, 'config_status': {'provider': 'google', 'environment': 'test', 'client_id_configured': true, 'client_secret_configured': true, 'redirect_uri': 'http://127.0.0.1:8082/auth/callback', 'is_configured': true}}&quot;&#10;  &#10;  'client_secret' is contained here:&#10;  ?                                                                                                                                                             ^^^^^^^^^^^^^^^^^^^^^^^^^^^^^^^^^^^&#10;    {'provider': 'google', 'available': true, 'configured': true, 'config_status': {'provider': 'google', 'environment': 'test', 'client_id_configured': true, 'client_secret_configured': true, 'redirect_uri': 'http://127.0.0.1:8082/auth/callback', 'is_configured': true}}&#10;  ?                                                                                                                                                             ^^^^^^^^^^^^^^^^^^^^^^^^^^^^^^^^^^^^^^^^^^^^^^^^">auth_service\tests\unit\test_oauth_manager_comprehensive.py:448: in test_manager_no_credential_leakage
    assert pattern not in status_str, f"Potential credential leak: {pattern}"
E   AssertionError: Potential credential leak: client_secret
E   assert 'client_secret' not in "{'provider': 'google', 'available': true, 'configured': true, 'config_status': {'provider': 'google', 'environment': 'test', 'client_id_configured': true, 'client_secret_configured': true, 'redirect_uri': 'http://127.0.0.1:8082/auth/callback', 'is_configured': true}}"
E     
E     'client_secret' is contained here:
E     ?                                                                                                                                                             ^^^^^^^^^^^^^^^^^^^^^^^^^^^^^^^^^^^
E       {'provider': 'google', 'available': true, 'configured': true, 'config_status': {'provider': 'google', 'environment': 'test', 'client_id_configured': true, 'client_secret_configured': true, 'redirect_uri': 'http://127.0.0.1:8082/auth/callback', 'is_configured': true}}
E     ?                                                                                                                                                             ^^^^^^^^^^^^^^^^^^^^^^^^^^^^^^^^^^^^^^^^^^^^^^^^</failure></testcase><testcase classname="tests.unit.test_oauth_manager_comprehensive.TestOAuthManagerSecurity" name="test_manager_input_validation" time="0.002" /><testcase classname="tests.unit.test_oauth_manager_comprehensive.TestOAuthManagerSecurity" name="test_manager_state_isolation" time="0.004" /><testcase classname="tests.unit.test_oauth_manager_comprehensive.TestOAuthManagerPerformance" name="test_manager_initialization_performance" time="0.002" /><testcase classname="tests.unit.test_oauth_manager_comprehensive.TestOAuthManagerPerformance" name="test_manager_operation_performance" time="0.002" /><testcase classname="tests.unit.test_oauth_manager_comprehensive.TestOAuthManagerPerformance" name="test_manager_memory_efficiency" time="0.005" /></testsuite></testsuites>