<?xml version="1.0" encoding="utf-8"?><testsuites name="pytest tests"><testsuite name="pytest" errors="0" failures="0" skipped="0" tests="5" time="2.036" timestamp="2025-08-27T17:05:35.193215-07:00" hostname="Anthony"><testcase classname="tests.test_token_validation_security_cycles_31_35.TestTokenValidationSecurity" name="test_jwt_signature_tampering_detection_prevents_privilege_escalation" time="0.310" /><testcase classname="tests.test_token_validation_security_cycles_31_35.TestTokenValidationSecurity" name="test_token_expiration_enforcement_prevents_stale_access" time="1.504" /><testcase classname="tests.test_token_validation_security_cycles_31_35.TestTokenValidationSecurity" name="test_token_replay_attack_detection_prevents_reuse" time="0.003" /><testcase classname="tests.test_token_validation_security_cycles_31_35.TestTokenValidationSecurity" name="test_token_revocation_enforcement_blocks_compromised_tokens" time="0.003" /><testcase classname="tests.test_token_validation_security_cycles_31_35.TestTokenValidationSecurity" name="test_concurrent_token_validation_prevents_race_conditions" time="0.008" /></testsuite></testsuites>