<?xml version="1.0" encoding="utf-8"?><testsuites name="pytest tests"><testsuite name="pytest" errors="0" failures="1" skipped="0" tests="1" time="2.761" timestamp="2025-08-26T03:13:34.821233-07:00" hostname="Anthony"><testcase classname="tests.test_auth_comprehensive.TestOAuthFlows" name="test_oauth_callback_handling" time="2.338"><failure message="assert 401 in [200, 302, 400]&#10; +  where 401 = &lt;Response [401 Unauthorized]&gt;.status_code">auth_service\tests\test_auth_comprehensive.py:256: in test_oauth_callback_handling
    assert response.status_code in [200, 302, 400]  # Added 400 for invalid state
    ^^^^^^^^^^^^^^^^^^^^^^^^^^^^^^^^^^^^^^^^^^^^^^
E   assert 401 in [200, 302, 400]
E    +  where 401 = &lt;Response [401 Unauthorized]&gt;.status_code</failure></testcase></testsuite></testsuites>