<?xml version="1.0" encoding="utf-8"?><testsuites name="pytest tests"><testsuite name="pytest" errors="0" failures="1" skipped="0" tests="35" time="0.860" timestamp="2025-09-07T10:19:35.122414-07:00" hostname="Anthony"><testcase classname="tests.unit.test_jwt_handler_comprehensive.TestJWTHandlerBasics" name="test_create_access_token" time="0.207" /><testcase classname="tests.unit.test_jwt_handler_comprehensive.TestJWTHandlerBasics" name="test_create_refresh_token" time="0.001" /><testcase classname="tests.unit.test_jwt_handler_comprehensive.TestJWTHandlerBasics" name="test_create_service_token" time="0.001" /><testcase classname="tests.unit.test_jwt_handler_comprehensive.TestJWTHandlerBasics" name="test_validate_valid_access_token" time="0.002" /><testcase classname="tests.unit.test_jwt_handler_comprehensive.TestJWTHandlerBasics" name="test_validate_invalid_token_type" time="0.002" /><testcase classname="tests.unit.test_jwt_handler_comprehensive.TestJWTHandlerBasics" name="test_validate_malformed_token" time="0.002" /><testcase classname="tests.unit.test_jwt_handler_comprehensive.TestJWTHandlerBasics" name="test_validate_expired_token" time="0.002" /><testcase classname="tests.unit.test_jwt_handler_comprehensive.TestJWTHandlerBasics" name="test_extract_user_id_from_token" time="0.001" /><testcase classname="tests.unit.test_jwt_handler_comprehensive.TestJWTHandlerBasics" name="test_extract_user_id_from_invalid_token" time="0.003" /><testcase classname="tests.unit.test_jwt_handler_comprehensive.TestJWTHandlerBasics" name="test_refresh_access_token_success" time="0.003" /><testcase classname="tests.unit.test_jwt_handler_comprehensive.TestJWTHandlerBasics" name="test_refresh_access_token_with_invalid_token" time="0.001" /><testcase classname="tests.unit.test_jwt_handler_comprehensive.TestJWTHandlerBasics" name="test_token_payload_contains_required_claims" time="0.001" /><testcase classname="tests.unit.test_jwt_handler_comprehensive.TestJWTHandlerBasics" name="test_token_issuer_is_correct" time="0.002" /><testcase classname="tests.unit.test_jwt_handler_comprehensive.TestJWTHandlerBasics" name="test_token_audience_is_correct" time="0.002" /><testcase classname="tests.unit.test_jwt_handler_comprehensive.TestJWTHandlerBasics" name="test_token_jti_is_unique" time="0.002" /><testcase classname="tests.unit.test_jwt_handler_comprehensive.TestJWTHandlerBlacklist" name="test_blacklist_token" time="0.002" /><testcase classname="tests.unit.test_jwt_handler_comprehensive.TestJWTHandlerBlacklist" name="test_validate_blacklisted_token_fails" time="0.002" /><testcase classname="tests.unit.test_jwt_handler_comprehensive.TestJWTHandlerBlacklist" name="test_remove_token_from_blacklist" time="0.002" /><testcase classname="tests.unit.test_jwt_handler_comprehensive.TestJWTHandlerBlacklist" name="test_blacklist_user" time="0.002" /><testcase classname="tests.unit.test_jwt_handler_comprehensive.TestJWTHandlerBlacklist" name="test_validate_token_for_blacklisted_user_fails" time="0.003" /><testcase classname="tests.unit.test_jwt_handler_comprehensive.TestJWTHandlerBlacklist" name="test_remove_user_from_blacklist" time="0.003" /><testcase classname="tests.unit.test_jwt_handler_comprehensive.TestJWTHandlerBlacklist" name="test_get_blacklist_info" time="0.001" /><testcase classname="tests.unit.test_jwt_handler_comprehensive.TestJWTHandlerSecurity" name="test_validate_token_with_none_algorithm_fails" time="0.002" /><testcase classname="tests.unit.test_jwt_handler_comprehensive.TestJWTHandlerSecurity" name="test_validate_token_with_wrong_algorithm_fails" time="0.002" /><testcase classname="tests.unit.test_jwt_handler_comprehensive.TestJWTHandlerSecurity" name="test_validate_token_with_invalid_issuer_fails" time="0.003" /><testcase classname="tests.unit.test_jwt_handler_comprehensive.TestJWTHandlerSecurity" name="test_validate_token_with_invalid_audience_fails" time="0.003" /><testcase classname="tests.unit.test_jwt_handler_comprehensive.TestJWTHandlerSecurity" name="test_validate_token_too_old_fails" time="0.003" /><testcase classname="tests.unit.test_jwt_handler_comprehensive.TestJWTHandlerSecurity" name="test_validate_token_issued_in_future_fails" time="0.002" /><testcase classname="tests.unit.test_jwt_handler_comprehensive.TestJWTHandlerSecurity" name="test_validate_id_token_basic" time="0.001" /><testcase classname="tests.unit.test_jwt_handler_comprehensive.TestJWTHandlerSecurity" name="test_validate_id_token_wrong_issuer_fails" time="0.001" /><testcase classname="tests.unit.test_jwt_handler_comprehensive.TestJWTHandlerSecurity" name="test_validate_id_token_expired_fails" time="0.002" /><testcase classname="tests.unit.test_jwt_handler_comprehensive.TestJWTHandlerSecurity" name="test_mock_token_rejected_in_production" time="0.001" /><testcase classname="tests.unit.test_jwt_handler_comprehensive.TestJWTHandlerPerformance" name="test_get_performance_stats" time="0.001" /><testcase classname="tests.unit.test_jwt_handler_comprehensive.TestJWTHandlerPerformance" name="test_validate_token_caching" time="0.002" /><testcase classname="tests.unit.test_jwt_handler_comprehensive.TestJWTHandlerPerformance" name="test_token_structure_validation" time="0.006"><failure message="AssertionError: assert True is False&#10; +  where True = _validate_jwt_structure('eyJhIjoxfQ==.eyJhIjoxfQ==.c2ln')&#10; +    where _validate_jwt_structure = &lt;auth_service.auth_core.core.jwt_handler.JWTHandler object at 0x0000020AE3713A70&gt;._validate_jwt_structure&#10; +      where &lt;auth_service.auth_core.core.jwt_handler.JWTHandler object at 0x0000020AE3713A70&gt; = &lt;test_jwt_handler_comprehensive.TestJWTHandlerPerformance object at 0x0000020AE230F4D0&gt;.handler">auth_service\tests\unit\test_jwt_handler_comprehensive.py:424: in test_token_structure_validation
    assert self.handler._validate_jwt_structure(token) is False
E   AssertionError: assert True is False
E    +  where True = _validate_jwt_structure('eyJhIjoxfQ==.eyJhIjoxfQ==.c2ln')
E    +    where _validate_jwt_structure = &lt;auth_service.auth_core.core.jwt_handler.JWTHandler object at 0x0000020AE3713A70&gt;._validate_jwt_structure
E    +      where &lt;auth_service.auth_core.core.jwt_handler.JWTHandler object at 0x0000020AE3713A70&gt; = &lt;test_jwt_handler_comprehensive.TestJWTHandlerPerformance object at 0x0000020AE230F4D0&gt;.handler</failure></testcase></testsuite></testsuites>