<?xml version="1.0" encoding="utf-8"?><testsuites name="pytest tests"><testsuite name="pytest" errors="0" failures="0" skipped="1" tests="1" time="4.294" timestamp="2025-09-08T19:40:44.494029-07:00" hostname="Shivanginis-MacBook-Pro.local"><testcase classname="" name="tests.test_auth_real_services_comprehensive" time="0.000"><skipped message="collection skipped">('/Users/anthony/Documents/GitHub/netra-apex/auth_service/tests/test_auth_real_services_comprehensive.py', 51, 'Skipped: Test framework functions have been removed')</skipped></testcase></testsuite></testsuites>