<?xml version="1.0" encoding="utf-8"?><testsuites name="pytest tests"><testsuite name="pytest" errors="0" failures="1" skipped="0" tests="1" time="7.537" timestamp="2025-09-08T14:28:19.660874-07:00" hostname="Anthony"><testcase classname="tests.unit.test_auth_business_logic_validation_comprehensive.TestAuthBusinessLogicValidation" name="test_user_registration_business_rules" time="0.383"><failure message="NameError: name 'user_business_logic' is not defined">auth_service\tests\unit\test_auth_business_logic_validation_comprehensive.py:53: in test_user_registration_business_rules
    result = user_business_logic.validate_registration(valid_registration)
             ^^^^^^^^^^^^^^^^^^^
E   NameError: name 'user_business_logic' is not defined</failure></testcase></testsuite></testsuites>