<?xml version="1.0" encoding="utf-8"?><testsuites name="pytest tests"><testsuite name="pytest" errors="2" failures="0" skipped="0" tests="2" time="0.462" timestamp="2025-09-07T05:53:06.628697-07:00" hostname="Anthony"><testcase classname="tests.unit.test_auth_config_comprehensive" name="TestDatabaseManager" time="0.000"><error message="collection failure">..\..\..\..\AppData\Roaming\Python\Python312\site-packages\_pytest\runner.py:344: in from_call
    result: TResult | None = func()
                             ^^^^^^
..\..\..\..\AppData\Roaming\Python\Python312\site-packages\_pytest\runner.py:389: in collect
    return list(collector.collect())
                ^^^^^^^^^^^^^^^^^^^
..\..\..\..\AppData\Roaming\Python\Python312\site-packages\_pytest\python.py:752: in collect
    self.warn(
..\..\..\..\AppData\Roaming\Python\Python312\site-packages\_pytest\nodes.py:271: in warn
    warnings.warn_explicit(
E   pytest.PytestCollectionWarning: cannot collect test class 'TestDatabaseManager' because it has a __init__ constructor (from: tests/unit/test_auth_config_comprehensive.py)</error></testcase><testcase classname="tests.unit.test_auth_config_comprehensive" name="TestRedisManager" time="0.000"><error message="collection failure">..\..\..\..\AppData\Roaming\Python\Python312\site-packages\_pytest\runner.py:344: in from_call
    result: TResult | None = func()
                             ^^^^^^
..\..\..\..\AppData\Roaming\Python\Python312\site-packages\_pytest\runner.py:389: in collect
    return list(collector.collect())
                ^^^^^^^^^^^^^^^^^^^
..\..\..\..\AppData\Roaming\Python\Python312\site-packages\_pytest\python.py:752: in collect
    self.warn(
..\..\..\..\AppData\Roaming\Python\Python312\site-packages\_pytest\nodes.py:271: in warn
    warnings.warn_explicit(
E   pytest.PytestCollectionWarning: cannot collect test class 'TestRedisManager' because it has a __init__ constructor (from: tests/unit/test_auth_config_comprehensive.py)</error></testcase></testsuite></testsuites>