<?xml version="1.0" encoding="utf-8"?><testsuites name="pytest tests"><testsuite name="pytest" errors="0" failures="0" skipped="0" tests="1" time="3.948" timestamp="2025-09-07T21:55:36.721397-07:00" hostname="Anthony"><testcase classname="tests.integration.test_auth_service_core_integration.TestAuthServiceCore" name="test_user_session_management" time="1.324" /></testsuite></testsuites>