<?xml version="1.0" encoding="utf-8"?><testsuites name="pytest tests"><testsuite name="pytest" errors="9" failures="0" skipped="1" tests="10" time="6.584" timestamp="2025-09-07T12:04:35.667636-07:00" hostname="Anthony"><testcase classname="" name="tests.integration.test_auth_error_handling_integration" time="0.000"><error message="collection failure">ImportError while importing test module 'C:\Users\antho\OneDrive\Desktop\Netra\netra-core-generation-1\auth_service\tests\integration\test_auth_error_handling_integration.py'.
Hint: make sure your test modules/packages have valid Python names.
Traceback:
..\..\..\..\miniconda3\Lib\importlib\__init__.py:90: in import_module
    return _bootstrap._gcd_import(name[level:], package, level)
           ^^^^^^^^^^^^^^^^^^^^^^^^^^^^^^^^^^^^^^^^^^^^^^^^^^^^
auth_service\tests\integration\test_auth_error_handling_integration.py:28: in &lt;module&gt;
    from auth_service.services.user_service import UserService
E   ModuleNotFoundError: No module named 'auth_service.services'</error></testcase><testcase classname="" name="tests.integration.test_auth_health_check_integration" time="0.000"><error message="collection failure">ImportError while importing test module 'C:\Users\antho\OneDrive\Desktop\Netra\netra-core-generation-1\auth_service\tests\integration\test_auth_health_check_integration.py'.
Hint: make sure your test modules/packages have valid Python names.
Traceback:
..\..\..\..\miniconda3\Lib\importlib\__init__.py:90: in import_module
    return _bootstrap._gcd_import(name[level:], package, level)
           ^^^^^^^^^^^^^^^^^^^^^^^^^^^^^^^^^^^^^^^^^^^^^^^^^^^^
auth_service\tests\integration\test_auth_health_check_integration.py:27: in &lt;module&gt;
    from auth_service.services.health_check_service import HealthCheckService
E   ModuleNotFoundError: No module named 'auth_service.services'</error></testcase><testcase classname="" name="tests.integration.test_auth_jwt_integration" time="0.000"><error message="collection failure">ImportError while importing test module 'C:\Users\antho\OneDrive\Desktop\Netra\netra-core-generation-1\auth_service\tests\integration\test_auth_jwt_integration.py'.
Hint: make sure your test modules/packages have valid Python names.
Traceback:
..\..\..\..\miniconda3\Lib\importlib\__init__.py:90: in import_module
    return _bootstrap._gcd_import(name[level:], package, level)
           ^^^^^^^^^^^^^^^^^^^^^^^^^^^^^^^^^^^^^^^^^^^^^^^^^^^^
auth_service\tests\integration\test_auth_jwt_integration.py:27: in &lt;module&gt;
    from auth_service.services.jwt_service import JWTService
E   ModuleNotFoundError: No module named 'auth_service.services'</error></testcase><testcase classname="" name="tests.integration.test_auth_multi_user_isolation_integration" time="0.000"><error message="collection failure">ImportError while importing test module 'C:\Users\antho\OneDrive\Desktop\Netra\netra-core-generation-1\auth_service\tests\integration\test_auth_multi_user_isolation_integration.py'.
Hint: make sure your test modules/packages have valid Python names.
Traceback:
..\..\..\..\miniconda3\Lib\importlib\__init__.py:90: in import_module
    return _bootstrap._gcd_import(name[level:], package, level)
           ^^^^^^^^^^^^^^^^^^^^^^^^^^^^^^^^^^^^^^^^^^^^^^^^^^^^
auth_service\tests\integration\test_auth_multi_user_isolation_integration.py:27: in &lt;module&gt;
    from auth_service.services.user_service import UserService
E   ModuleNotFoundError: No module named 'auth_service.services'</error></testcase><testcase classname="" name="tests.integration.test_auth_oauth_integration" time="0.000"><error message="collection failure">ImportError while importing test module 'C:\Users\antho\OneDrive\Desktop\Netra\netra-core-generation-1\auth_service\tests\integration\test_auth_oauth_integration.py'.
Hint: make sure your test modules/packages have valid Python names.
Traceback:
..\..\..\..\miniconda3\Lib\importlib\__init__.py:90: in import_module
    return _bootstrap._gcd_import(name[level:], package, level)
           ^^^^^^^^^^^^^^^^^^^^^^^^^^^^^^^^^^^^^^^^^^^^^^^^^^^^
auth_service\tests\integration\test_auth_oauth_integration.py:28: in &lt;module&gt;
    from auth_service.services.oauth_service import OAuthService
E   ModuleNotFoundError: No module named 'auth_service.services'</error></testcase><testcase classname="" name="tests.integration.test_auth_registration_login_integration" time="0.000"><error message="collection failure">ImportError while importing test module 'C:\Users\antho\OneDrive\Desktop\Netra\netra-core-generation-1\auth_service\tests\integration\test_auth_registration_login_integration.py'.
Hint: make sure your test modules/packages have valid Python names.
Traceback:
..\..\..\..\miniconda3\Lib\importlib\__init__.py:90: in import_module
    return _bootstrap._gcd_import(name[level:], package, level)
           ^^^^^^^^^^^^^^^^^^^^^^^^^^^^^^^^^^^^^^^^^^^^^^^^^^^^
auth_service\tests\integration\test_auth_registration_login_integration.py:28: in &lt;module&gt;
    from auth_service.services.user_service import UserService
E   ModuleNotFoundError: No module named 'auth_service.services'</error></testcase><testcase classname="" name="tests.integration.test_auth_session_persistence" time="0.000"><error message="collection failure">ImportError while importing test module 'C:\Users\antho\OneDrive\Desktop\Netra\netra-core-generation-1\auth_service\tests\integration\test_auth_session_persistence.py'.
Hint: make sure your test modules/packages have valid Python names.
Traceback:
..\..\..\..\miniconda3\Lib\importlib\__init__.py:90: in import_module
    return _bootstrap._gcd_import(name[level:], package, level)
           ^^^^^^^^^^^^^^^^^^^^^^^^^^^^^^^^^^^^^^^^^^^^^^^^^^^^
auth_service\tests\integration\test_auth_session_persistence.py:26: in &lt;module&gt;
    from auth_service.services.redis_service import RedisService
E   ModuleNotFoundError: No module named 'auth_service.services'</error></testcase><testcase classname="" name="tests.integration.test_auth_token_refresh_integration" time="0.000"><error message="collection failure">ImportError while importing test module 'C:\Users\antho\OneDrive\Desktop\Netra\netra-core-generation-1\auth_service\tests\integration\test_auth_token_refresh_integration.py'.
Hint: make sure your test modules/packages have valid Python names.
Traceback:
..\..\..\..\miniconda3\Lib\importlib\__init__.py:90: in import_module
    return _bootstrap._gcd_import(name[level:], package, level)
           ^^^^^^^^^^^^^^^^^^^^^^^^^^^^^^^^^^^^^^^^^^^^^^^^^^^^
auth_service\tests\integration\test_auth_token_refresh_integration.py:27: in &lt;module&gt;
    from auth_service.services.jwt_service import JWTService
E   ModuleNotFoundError: No module named 'auth_service.services'</error></testcase><testcase classname="" name="tests.test_auth_real_services_comprehensive" time="0.000"><skipped message="collection skipped">('C:\\Users\\antho\\OneDrive\\Desktop\\Netra\\netra-core-generation-1\\auth_service\\tests\\test_auth_real_services_comprehensive.py', 50, 'Skipped: Test framework functions have been removed')</skipped></testcase><testcase classname="pytest" name="internal" time="0.000"><error message="internal error">Traceback (most recent call last):
  File "C:\Users\antho\AppData\Roaming\Python\Python312\site-packages\_pytest\main.py", line 289, in wrap_session
    session.exitstatus = doit(config, session) or 0
                         ^^^^^^^^^^^^^^^^^^^^^
  File "C:\Users\antho\AppData\Roaming\Python\Python312\site-packages\_pytest\main.py", line 342, in _main
    config.hook.pytest_collection(session=session)
  File "C:\Users\antho\AppData\Roaming\Python\Python312\site-packages\pluggy\_hooks.py", line 512, in __call__
    return self._hookexec(self.name, self._hookimpls.copy(), kwargs, firstresult)
           ^^^^^^^^^^^^^^^^^^^^^^^^^^^^^^^^^^^^^^^^^^^^^^^^^^^^^^^^^^^^^^^^^^^^^^
  File "C:\Users\antho\AppData\Roaming\Python\Python312\site-packages\pluggy\_manager.py", line 120, in _hookexec
    return self._inner_hookexec(hook_name, methods, kwargs, firstresult)
           ^^^^^^^^^^^^^^^^^^^^^^^^^^^^^^^^^^^^^^^^^^^^^^^^^^^^^^^^^^^^^
  File "C:\Users\antho\AppData\Roaming\Python\Python312\site-packages\pluggy\_callers.py", line 167, in _multicall
    raise exception
  File "C:\Users\antho\AppData\Roaming\Python\Python312\site-packages\pluggy\_callers.py", line 139, in _multicall
    teardown.throw(exception)
  File "C:\Users\antho\AppData\Roaming\Python\Python312\site-packages\_pytest\logging.py", line 788, in pytest_collection
    return (yield)
            ^^^^^
  File "C:\Users\antho\AppData\Roaming\Python\Python312\site-packages\pluggy\_callers.py", line 139, in _multicall
    teardown.throw(exception)
  File "C:\Users\antho\AppData\Roaming\Python\Python312\site-packages\_pytest\warnings.py", line 99, in pytest_collection
    return (yield)
            ^^^^^
  File "C:\Users\antho\AppData\Roaming\Python\Python312\site-packages\pluggy\_callers.py", line 139, in _multicall
    teardown.throw(exception)
  File "C:\Users\antho\AppData\Roaming\Python\Python312\site-packages\_pytest\config\__init__.py", line 1450, in pytest_collection
    return (yield)
            ^^^^^
  File "C:\Users\antho\AppData\Roaming\Python\Python312\site-packages\pluggy\_callers.py", line 121, in _multicall
    res = hook_impl.function(*args)
          ^^^^^^^^^^^^^^^^^^^^^^^^^
  File "C:\Users\antho\AppData\Roaming\Python\Python312\site-packages\_pytest\main.py", line 353, in pytest_collection
    session.perform_collect()
  File "C:\Users\antho\AppData\Roaming\Python\Python312\site-packages\_pytest\main.py", line 823, in perform_collect
    hook.pytest_collection_finish(session=self)
  File "C:\Users\antho\AppData\Roaming\Python\Python312\site-packages\pluggy\_hooks.py", line 512, in __call__
    return self._hookexec(self.name, self._hookimpls.copy(), kwargs, firstresult)
           ^^^^^^^^^^^^^^^^^^^^^^^^^^^^^^^^^^^^^^^^^^^^^^^^^^^^^^^^^^^^^^^^^^^^^^
  File "C:\Users\antho\AppData\Roaming\Python\Python312\site-packages\pluggy\_manager.py", line 120, in _hookexec
    return self._inner_hookexec(hook_name, methods, kwargs, firstresult)
           ^^^^^^^^^^^^^^^^^^^^^^^^^^^^^^^^^^^^^^^^^^^^^^^^^^^^^^^^^^^^^
  File "C:\Users\antho\AppData\Roaming\Python\Python312\site-packages\pluggy\_callers.py", line 167, in _multicall
    raise exception
  File "C:\Users\antho\AppData\Roaming\Python\Python312\site-packages\pluggy\_callers.py", line 121, in _multicall
    res = hook_impl.function(*args)
          ^^^^^^^^^^^^^^^^^^^^^^^^^
  File "C:\Users\antho\AppData\Roaming\Python\Python312\site-packages\_pytest\terminal.py", line 892, in pytest_collection_finish
    self._printcollecteditems(session.items)
  File "C:\Users\antho\AppData\Roaming\Python\Python312\site-packages\_pytest\terminal.py", line 922, in _printcollecteditems
    self._tw.line(f"{indent}{col}")
  File "C:\Users\antho\AppData\Roaming\Python\Python312\site-packages\_pytest\_io\terminalwriter.py", line 180, in line
    self.write(s, **markup)
  File "C:\Users\antho\AppData\Roaming\Python\Python312\site-packages\_pytest\_io\terminalwriter.py", line 165, in write
    self._file.write(msg)
OSError: [Errno 22] Invalid argument</error></testcase></testsuite></testsuites>