<?xml version="1.0" encoding="utf-8"?><testsuites name="pytest tests"><testsuite name="pytest" errors="0" failures="0" skipped="21" tests="74" time="5.501" timestamp="2025-08-27T10:00:21.019920-07:00" hostname="Anthony"><testcase classname="tests.test_auth_comprehensive.TestAuthConfiguration" name="test_environment_setup" time="0.216" /><testcase classname="tests.test_auth_comprehensive.TestAuthConfiguration" name="test_auth_config_initialization" time="0.001" /><testcase classname="tests.test_auth_comprehensive.TestAuthConfiguration" name="test_auth_provider_enum" time="0.000" /><testcase classname="tests.test_auth_comprehensive.TestDatabaseOperations" name="test_database_connection_initialization" time="0.000" /><testcase classname="tests.test_auth_comprehensive.TestDatabaseOperations" name="test_database_connection_parameters" time="0.001" /><testcase classname="tests.test_auth_comprehensive.TestJWTTokenHandling" name="test_jwt_token_structure_validation" time="0.004" /><testcase classname="tests.test_auth_comprehensive.TestJWTTokenHandling" name="test_jwt_secret_configuration" time="0.001" /><testcase classname="tests.test_auth_comprehensive.TestJWTTokenHandling" name="test_jwt_token_generation" time="0.003" /><testcase classname="tests.test_auth_comprehensive.TestJWTTokenHandling" name="test_jwt_token_expiration" time="0.004" /><testcase classname="tests.test_auth_comprehensive.TestOAuthFlows" name="test_google_oauth_initiation" time="0.012" /><testcase classname="tests.test_auth_comprehensive.TestOAuthFlows" name="test_oauth_redirect_uri_configuration" time="0.001" /><testcase classname="tests.test_auth_comprehensive.TestOAuthFlows" name="test_oauth_state_csrf_protection" time="0.008" /><testcase classname="tests.test_auth_comprehensive.TestOAuthFlows" name="test_oauth_callback_handling" time="0.013" /><testcase classname="tests.test_auth_comprehensive.TestOAuthFlows" name="test_oauth_error_scenarios" time="0.008" /><testcase classname="tests.test_auth_comprehensive.TestOAuthFlows" name="test_oauth_staging_configuration" time="0.000" /><testcase classname="tests.test_auth_comprehensive.TestAPIEndpoints" name="test_health_endpoint" time="0.004" /><testcase classname="tests.test_auth_comprehensive.TestAPIEndpoints" name="test_auth_endpoints_head_method_support" time="0.014" /><testcase classname="tests.test_auth_comprehensive.TestAPIEndpoints" name="test_cors_headers" time="0.003" /><testcase classname="tests.test_auth_comprehensive.TestAPIEndpoints" name="test_login_endpoint_validation" time="0.018" /><testcase classname="tests.test_auth_comprehensive.TestSecurityScenarios" name="test_sql_injection_protection" time="0.013" /><testcase classname="tests.test_auth_comprehensive.TestSecurityScenarios" name="test_rate_limiting_protection" time="0.040" /><testcase classname="tests.test_auth_comprehensive.TestSecurityScenarios" name="test_password_security_validation" time="0.013" /><testcase classname="tests.test_auth_comprehensive.TestRedisOperations" name="test_redis_connection_availability" time="0.000"><skipped type="pytest.skip" message="Redis not available in test environment">C:\Users\antho\OneDrive\Desktop\Netra\netra-core-generation-1\auth_service\tests\test_auth_comprehensive.py:439: Redis not available in test environment</skipped></testcase><testcase classname="tests.test_auth_comprehensive.TestRedisOperations" name="test_redis_failover_graceful_degradation" time="0.004" /><testcase classname="tests.test_auth_comprehensive.TestErrorHandling" name="test_database_connection_error_handling" time="0.003" /><testcase classname="tests.test_auth_comprehensive.TestErrorHandling" name="test_invalid_jwt_token_handling" time="0.011" /><testcase classname="tests.test_auth_comprehensive.TestErrorHandling" name="test_malformed_request_handling" time="0.009" /><testcase classname="tests.test_auth_comprehensive.TestEnvironmentCompatibility" name="test_development_environment_features" time="0.001" /><testcase classname="tests.test_auth_comprehensive.TestEnvironmentCompatibility" name="test_staging_environment_features" time="0.001"><skipped type="pytest.skip" message="Test requires staging environment, current: test">C:\Users\antho\OneDrive\Desktop\Netra\netra-core-generation-1\auth_service\tests\test_auth_comprehensive.py:538: Test requires staging environment, current: test</skipped></testcase><testcase classname="tests.test_auth_port_configuration.TestAuthPortConfigurationConsistency" name="test_port_configuration_sources_consistency" time="0.001" /><testcase classname="tests.test_auth_port_configuration.TestAuthPortConfigurationConsistency" name="test_auth_service_startup_completion_with_correct_port" time="0.003" /><testcase classname="tests.test_auth_port_configuration.TestAuthPortConfigurationConsistency" name="test_auth_port_environment_variable_precedence" time="0.005" /><testcase classname="tests.test_auth_port_configuration.TestAuthPortConfigurationConsistency" name="test_auth_service_url_generation_with_port_validation" time="0.003" /><testcase classname="tests.test_auth_port_configuration.TestAuthPortConfigurationConsistency" name="test_hardcoded_port_detection" time="0.002" /><testcase classname="tests.test_auth_port_configuration.TestAuthPortConfigurationConsistency" name="test_auth_service_port_binding_matches_url_configuration" time="0.002" /><testcase classname="tests.test_auth_port_configuration.TestAuthServiceConfigurationValidation" name="test_configuration_validation_detects_port_mismatch" time="0.003" /><testcase classname="tests.test_auth_port_configuration.TestAuthServiceConfigurationValidation" name="test_auth_service_startup_validation" time="0.002"><skipped type="pytest.xfail" message="Test exposes known port configuration issue - MUST fail until validation is implemented" /></testcase><testcase classname="tests.test_auth_port_configuration.TestAuthServiceConfigurationValidation" name="test_development_vs_production_port_configuration" time="0.007"><skipped type="pytest.xfail" message="Test exposes known port configuration issue - MUST fail until validation is implemented" /></testcase><testcase classname="tests.test_auth_port_configuration.TestPortConfigurationRecovery" name="test_port_configuration_error_reporting" time="0.002"><skipped type="pytest.xfail" message="Test exposes known port configuration issue - MUST fail until validation is implemented" /></testcase><testcase classname="tests.test_auth_port_configuration.TestPortConfigurationRecovery" name="test_port_configuration_auto_correction" time="0.002"><skipped type="pytest.xfail" message="Test exposes known port configuration issue - MUST fail until validation is implemented" /></testcase><testcase classname="tests.test_auth_session_persistence_edge_cases" name="test_session_persistence_during_service_restart" time="0.009"><skipped type="pytest.xfail" message="Complex asyncio event loop issue during simulated service restart - needs investigation" /></testcase><testcase classname="tests.test_auth_session_persistence_edge_cases" name="test_session_consistency_during_database_failover" time="0.002"><skipped type="pytest.xfail" message="Complex database failover simulation - asyncio event loop issues" /></testcase><testcase classname="tests.test_auth_session_persistence_edge_cases" name="test_cross_service_session_sync_consistency" time="0.002"><skipped type="pytest.xfail" message="Complex cross-service session sync simulation - asyncio issues" /></testcase><testcase classname="tests.test_auth_session_persistence_edge_cases" name="test_session_cleanup_on_user_logout" time="0.003"><skipped type="pytest.xfail" message="Session cleanup test - potential asyncio event loop issues" /></testcase><testcase classname="tests.test_oauth_security_vulnerabilities.TestOAuthSecurityVulnerabilities" name="test_csrf_state_parameter_replay_attack_prevention" time="0.002" /><testcase classname="tests.test_oauth_security_vulnerabilities.TestOAuthSecurityVulnerabilities" name="test_authorization_code_reuse_attack_prevention" time="0.001" /><testcase classname="tests.test_oauth_security_vulnerabilities.TestOAuthSecurityVulnerabilities" name="test_nonce_replay_attack_prevention" time="0.001" /><testcase classname="tests.test_oauth_security_vulnerabilities.TestOAuthSecurityVulnerabilities" name="test_redirect_uri_validation_security" time="0.002" /><testcase classname="tests.test_oauth_security_vulnerabilities.TestOAuthSecurityVulnerabilities" name="test_pkce_challenge_validation_security" time="0.002" /><testcase classname="tests.test_oauth_security_vulnerabilities.TestOAuthSecurityVulnerabilities" name="test_session_fixation_attack_prevention" time="0.002" /><testcase classname="tests.test_oauth_security_vulnerabilities.TestOAuthSecurityVulnerabilities" name="test_oauth_state_expiration_security" time="0.001" /><testcase classname="tests.test_oauth_security_vulnerabilities.TestOAuthSecurityVulnerabilities" name="test_concurrent_oauth_flow_isolation" time="0.001"><skipped type="pytest.xfail" message="Complex OAuth security test - cross-session isolation needs implementation" /></testcase><testcase classname="tests.test_oauth_security_vulnerabilities.TestOAuthSecurityVulnerabilities" name="test_timing_attack_resistance" time="0.001" /><testcase classname="tests.test_oauth_state_validation.TestOAuthStateValidation" name="test_state_generation" time="0.001" /><testcase classname="tests.test_oauth_state_validation.TestOAuthStateValidation" name="test_state_storage_and_retrieval" time="0.001" /><testcase classname="tests.test_oauth_state_validation.TestOAuthStateValidation" name="test_state_validation_wrong_session" time="0.001" /><testcase classname="tests.test_oauth_state_validation.TestOAuthStateValidation" name="test_state_validation_no_session" time="0.001" /><testcase classname="tests.test_oauth_state_validation.TestOAuthStateValidation" name="test_oauth_initiation_creates_session_cookie" time="0.005"><skipped type="pytest.xfail" message="OAuth integration test - needs proper FastAPI test setup" /></testcase><testcase classname="tests.test_oauth_state_validation.TestOAuthStateValidation" name="test_oauth_callback_validates_state" time="0.002"><skipped type="pytest.xfail" message="OAuth integration test - needs proper FastAPI test setup" /></testcase><testcase classname="tests.test_oauth_state_validation.TestOAuthStateValidation" name="test_oauth_callback_rejects_invalid_state" time="0.413"><skipped type="pytest.xfail" message="OAuth integration test - needs proper FastAPI test setup" /></testcase><testcase classname="tests.test_oauth_state_validation.TestOAuthStateValidation" name="test_oauth_callback_rejects_missing_session" time="0.285"><skipped type="pytest.xfail" message="OAuth integration test - needs proper FastAPI test setup" /></testcase><testcase classname="tests.test_oauth_state_validation.TestOAuthStateValidation" name="test_state_expiration" time="0.001"><skipped type="pytest.xfail" message="OAuth state expiration test - timing/mocking issues" /></testcase><testcase classname="tests.test_oauth_state_validation.TestOAuthStateValidation" name="test_concurrent_oauth_flows" time="0.001" /><testcase classname="tests.test_oauth_state_validation.TestOAuthFlowIntegration" name="test_complete_oauth_flow" time="0.006"><skipped type="pytest.xfail" message="Complete OAuth flow test - complex integration test" /></testcase><testcase classname="tests.test_session_security_cycles_36_40.TestSessionSecurity" name="test_session_hijacking_prevention_validates_client_fingerprint" time="0.003" /><testcase classname="tests.test_session_security_cycles_36_40.TestSessionSecurity" name="test_concurrent_session_limit_prevents_account_sharing" time="0.004"><skipped type="pytest.xfail" message="Complex session security test - needs extensive session manager mocking" /></testcase><testcase classname="tests.test_session_security_cycles_36_40.TestSessionSecurity" name="test_session_timeout_enforcement_prevents_stale_access" time="2.503"><skipped type="pytest.xfail" message="Complex session security test - timeout enforcement mocking" /></testcase><testcase classname="tests.test_session_security_cycles_36_40.TestSessionSecurity" name="test_session_activity_tracking_detects_anomalous_behavior" time="0.007"><skipped type="pytest.xfail" message="Complex session security test - activity tracking implementation" /></testcase><testcase classname="tests.test_session_security_cycles_36_40.TestSessionSecurity" name="test_session_invalidation_cascade_prevents_orphaned_sessions" time="0.004"><skipped type="pytest.xfail" message="Complex session security test - cascade invalidation logic" /></testcase><testcase classname="tests.test_token_validation_security_cycles_31_35.TestTokenValidationSecurity" name="test_jwt_signature_tampering_detection_prevents_privilege_escalation" time="0.001" /><testcase classname="tests.test_token_validation_security_cycles_31_35.TestTokenValidationSecurity" name="test_token_expiration_enforcement_prevents_stale_access" time="1.503" /><testcase classname="tests.test_token_validation_security_cycles_31_35.TestTokenValidationSecurity" name="test_token_replay_attack_detection_prevents_reuse" time="0.002" /><testcase classname="tests.test_token_validation_security_cycles_31_35.TestTokenValidationSecurity" name="test_token_revocation_enforcement_blocks_compromised_tokens" time="0.002" /><testcase classname="tests.test_token_validation_security_cycles_31_35.TestTokenValidationSecurity" name="test_concurrent_token_validation_prevents_race_conditions" time="0.003" /></testsuite></testsuites>