<?xml version="1.0" encoding="utf-8"?><testsuites name="pytest tests"><testsuite name="pytest" errors="0" failures="0" skipped="0" tests="0" time="7.361" timestamp="2025-08-31T14:55:53.829912-07:00" hostname="Anthony" /></testsuites>