<?xml version="1.0" encoding="utf-8"?><testsuites name="pytest tests"><testsuite name="pytest" errors="0" failures="0" skipped="0" tests="0" time="0.394" timestamp="2025-08-28T09:30:36.618982-07:00" hostname="Anthony" /></testsuites>