<?xml version="1.0" encoding="utf-8"?><testsuites name="pytest tests"><testsuite name="pytest" errors="6" failures="0" skipped="1" tests="7" time="10.861" timestamp="2025-09-07T16:26:12.642416-07:00" hostname="Anthony"><testcase classname="" name="tests.integration.test_auth_health_check_integration" time="0.000"><error message="collection failure">ImportError while importing test module 'C:\Users\antho\OneDrive\Desktop\Netra\netra-core-generation-1\auth_service\tests\integration\test_auth_health_check_integration.py'.
Hint: make sure your test modules/packages have valid Python names.
Traceback:
..\..\..\..\miniconda3\Lib\importlib\__init__.py:90: in import_module
    return _bootstrap._gcd_import(name[level:], package, level)
           ^^^^^^^^^^^^^^^^^^^^^^^^^^^^^^^^^^^^^^^^^^^^^^^^^^^^
auth_service\tests\integration\test_auth_health_check_integration.py:27: in &lt;module&gt;
    from auth_service.services.health_check_service import HealthCheckService
E   ModuleNotFoundError: No module named 'auth_service.services.health_check_service'</error></testcase><testcase classname="" name="tests.integration.test_auth_multi_user_isolation_integration" time="0.000"><error message="collection failure">ImportError while importing test module 'C:\Users\antho\OneDrive\Desktop\Netra\netra-core-generation-1\auth_service\tests\integration\test_auth_multi_user_isolation_integration.py'.
Hint: make sure your test modules/packages have valid Python names.
Traceback:
..\..\..\..\miniconda3\Lib\importlib\__init__.py:90: in import_module
    return _bootstrap._gcd_import(name[level:], package, level)
           ^^^^^^^^^^^^^^^^^^^^^^^^^^^^^^^^^^^^^^^^^^^^^^^^^^^^
auth_service\tests\integration\test_auth_multi_user_isolation_integration.py:30: in &lt;module&gt;
    from auth_service.services.session_service import SessionService
E   ModuleNotFoundError: No module named 'auth_service.services.session_service'</error></testcase><testcase classname="" name="tests.integration.test_auth_oauth_integration" time="0.000"><error message="collection failure">ImportError while importing test module 'C:\Users\antho\OneDrive\Desktop\Netra\netra-core-generation-1\auth_service\tests\integration\test_auth_oauth_integration.py'.
Hint: make sure your test modules/packages have valid Python names.
Traceback:
..\..\..\..\miniconda3\Lib\importlib\__init__.py:90: in import_module
    return _bootstrap._gcd_import(name[level:], package, level)
           ^^^^^^^^^^^^^^^^^^^^^^^^^^^^^^^^^^^^^^^^^^^^^^^^^^^^
auth_service\tests\integration\test_auth_oauth_integration.py:28: in &lt;module&gt;
    from auth_service.services.oauth_service import OAuthService
E   ModuleNotFoundError: No module named 'auth_service.services.oauth_service'</error></testcase><testcase classname="" name="tests.integration.test_auth_registration_login_integration" time="0.000"><error message="collection failure">ImportError while importing test module 'C:\Users\antho\OneDrive\Desktop\Netra\netra-core-generation-1\auth_service\tests\integration\test_auth_registration_login_integration.py'.
Hint: make sure your test modules/packages have valid Python names.
Traceback:
..\..\..\..\miniconda3\Lib\importlib\__init__.py:90: in import_module
    return _bootstrap._gcd_import(name[level:], package, level)
           ^^^^^^^^^^^^^^^^^^^^^^^^^^^^^^^^^^^^^^^^^^^^^^^^^^^^
auth_service\tests\integration\test_auth_registration_login_integration.py:31: in &lt;module&gt;
    from auth_service.services.password_service import PasswordService
E   ModuleNotFoundError: No module named 'auth_service.services.password_service'</error></testcase><testcase classname="" name="tests.integration.test_auth_session_persistence" time="0.000"><error message="collection failure">ImportError while importing test module 'C:\Users\antho\OneDrive\Desktop\Netra\netra-core-generation-1\auth_service\tests\integration\test_auth_session_persistence.py'.
Hint: make sure your test modules/packages have valid Python names.
Traceback:
..\..\..\..\miniconda3\Lib\importlib\__init__.py:90: in import_module
    return _bootstrap._gcd_import(name[level:], package, level)
           ^^^^^^^^^^^^^^^^^^^^^^^^^^^^^^^^^^^^^^^^^^^^^^^^^^^^
auth_service\tests\integration\test_auth_session_persistence.py:27: in &lt;module&gt;
    from auth_service.services.session_service import SessionService
E   ModuleNotFoundError: No module named 'auth_service.services.session_service'</error></testcase><testcase classname="" name="tests.integration.test_auth_token_refresh_integration" time="0.000"><error message="collection failure">ImportError while importing test module 'C:\Users\antho\OneDrive\Desktop\Netra\netra-core-generation-1\auth_service\tests\integration\test_auth_token_refresh_integration.py'.
Hint: make sure your test modules/packages have valid Python names.
Traceback:
..\..\..\..\miniconda3\Lib\importlib\__init__.py:90: in import_module
    return _bootstrap._gcd_import(name[level:], package, level)
           ^^^^^^^^^^^^^^^^^^^^^^^^^^^^^^^^^^^^^^^^^^^^^^^^^^^^
auth_service\tests\integration\test_auth_token_refresh_integration.py:29: in &lt;module&gt;
    from auth_service.services.token_refresh_service import TokenRefreshService
E   ModuleNotFoundError: No module named 'auth_service.services.token_refresh_service'</error></testcase><testcase classname="" name="tests.test_auth_real_services_comprehensive" time="0.000"><skipped message="collection skipped">('C:\\Users\\antho\\OneDrive\\Desktop\\Netra\\netra-core-generation-1\\auth_service\\tests\\test_auth_real_services_comprehensive.py', 50, 'Skipped: Test framework functions have been removed')</skipped></testcase></testsuite></testsuites>