<?xml version="1.0" encoding="utf-8"?><testsuites name="pytest tests"><testsuite name="pytest" errors="0" failures="0" skipped="0" tests="0" time="0.369" timestamp="2025-08-29T23:11:43.714732-07:00" hostname="Anthony" /></testsuites>