<?xml version="1.0" encoding="utf-8"?><testsuites name="pytest tests"><testsuite name="pytest" errors="0" failures="0" skipped="0" tests="1" time="0.301" timestamp="2025-09-07T21:07:31.893062-07:00" hostname="Anthony"><testcase classname="tests.unit.test_auth_service_health_check.TestHealthConfigModule" name="test_auth_postgres_health_check_success" time="0.196" /></testsuite></testsuites>