<?xml version="1.0" encoding="utf-8"?><testsuites name="pytest tests"><testsuite name="pytest" errors="0" failures="0" skipped="0" tests="1" time="14.935" timestamp="2025-09-07T10:46:57.434761-07:00" hostname="Anthony"><testcase classname="tests.unit.test_database_models_comprehensive.TestAuthUserModel" name="test_auth_user_model_creation" time="0.492" /></testsuite></testsuites>