<?xml version="1.0" encoding="utf-8"?><testsuites name="pytest tests"><testsuite name="pytest" errors="1" failures="0" skipped="1" tests="2" time="3.252" timestamp="2025-09-07T10:40:26.275345-07:00" hostname="Anthony"><testcase classname="" name="tests.test_auth_real_services_comprehensive" time="0.000"><skipped message="collection skipped">('C:\\Users\\antho\\OneDrive\\Desktop\\Netra\\netra-core-generation-1\\auth_service\\tests\\test_auth_real_services_comprehensive.py', 50, 'Skipped: Test framework functions have been removed')</skipped></testcase><testcase classname="tests.test_oauth_redirect_regression" name="TestOAuthRedirectURIRegression" time="0.000"><error message="collection failure">invalid method signature

During handling of the above exception, another exception occurred:
Could not determine arguments of &lt;bound method TestOAuthRedirectURIRegression.real_auth_env of &lt;auth_service.tests.test_oauth_redirect_regression.TestOAuthRedirectURIRegression object at 0x000001D0C1216300&gt;&gt;: invalid method signature</error></testcase></testsuite></testsuites>