<?xml version="1.0" encoding="utf-8"?><testsuites name="pytest tests"><testsuite name="pytest" errors="0" failures="1" skipped="1" tests="14" time="7.886" timestamp="2025-09-07T22:24:47.764590-07:00" hostname="Anthony"><testcase classname="" name="tests.test_auth_real_services_comprehensive" time="0.000"><skipped message="collection skipped">('C:\\Users\\antho\\OneDrive\\Desktop\\Netra\\netra-core-generation-1\\auth_service\\tests\\test_auth_real_services_comprehensive.py', 51, 'Skipped: Test framework functions have been removed')</skipped></testcase><testcase classname="tests.unit.test_auth_service_business_logic.TestAuthServiceBusinessLogic" name="test_service_authentication_business_rules" time="0.349" /><testcase classname="tests.unit.test_auth_service_business_logic.TestAuthServiceBusinessLogic" name="test_user_permission_business_logic" time="0.006" /><testcase classname="tests.unit.test_auth_service_business_logic.TestAuthServiceBusinessLogic" name="test_user_lifecycle_business_events" time="0.023" /><testcase classname="tests.unit.test_auth_service_core_business_value.TestAuthServiceCoreBusinessValue" name="test_auth_config_provides_critical_business_configuration" time="0.003" /><testcase classname="tests.unit.test_auth_service_core_business_value.TestAuthServiceCoreBusinessValue" name="test_auth_config_adapts_to_environment_specific_business_needs" time="0.003" /><testcase classname="tests.unit.test_auth_service_core_business_value.TestAuthServiceCoreBusinessValue" name="test_oauth_configuration_enables_user_onboarding_business_value" time="0.002" /><testcase classname="tests.unit.test_auth_service_core_business_value.TestAuthServiceCoreBusinessValue" name="test_security_configuration_protects_business_assets" time="0.002" /><testcase classname="tests.unit.test_auth_service_core_business_value.TestAuthServiceCoreBusinessValue" name="test_session_configuration_balances_security_and_usability" time="0.001" /><testcase classname="tests.unit.test_auth_service_core_business_value.TestAuthServiceCoreBusinessValue" name="test_database_configuration_supports_business_scalability" time="0.002" /><testcase classname="tests.unit.test_auth_service_core_business_value.TestAuthServiceCoreBusinessValue" name="test_redis_configuration_enables_session_management_business_value" time="0.002" /><testcase classname="tests.unit.test_auth_service_core_business_value.TestAuthServiceCoreBusinessValue" name="test_cors_configuration_enables_frontend_integration_business_value" time="0.001" /><testcase classname="tests.unit.test_auth_service_core_business_value.TestAuthServiceCoreBusinessValue" name="test_configuration_logging_masks_secrets_for_security" time="0.008" /><testcase classname="tests.unit.test_auth_service_core_business_value.TestAuthServiceCoreBusinessValue" name="test_unified_auth_interface_provides_business_authentication_capabilities" time="0.006"><failure message="AssertionError: assert False&#10; +  where False = hasattr(&lt;auth_service.auth_core.unified_auth_interface.UnifiedAuthInterface object at 0x000001E0BA9E7770&gt;, 'authenticate_user')">auth_service\tests\unit\test_auth_service_core_business_value.py:282: in test_unified_auth_interface_provides_business_authentication_capabilities
    assert hasattr(auth_interface, 'authenticate_user')
E   AssertionError: assert False
E    +  where False = hasattr(&lt;auth_service.auth_core.unified_auth_interface.UnifiedAuthInterface object at 0x000001E0BA9E7770&gt;, 'authenticate_user')</failure></testcase></testsuite></testsuites>