<?xml version="1.0" encoding="utf-8"?><testsuites name="pytest tests"><testsuite name="pytest" errors="0" failures="0" skipped="0" tests="1" time="14.498" timestamp="2025-09-08T19:16:46.746434-07:00" hostname="Anthony"><testcase classname="tests.unit.test_auth_startup_configuration_comprehensive.TestAuthStartupConfiguration" name="test_configuration_validation_comprehensive" time="0.827" /></testsuite></testsuites>