<?xml version="1.0" encoding="utf-8"?><testsuites name="pytest tests"><testsuite name="pytest" errors="2" failures="0" skipped="1" tests="3" time="1.186" timestamp="2025-09-09T14:20:56.846961-07:00" hostname="Shivanginis-MacBook-Pro.local"><testcase classname="" name="tests.test_auth_real_services_comprehensive" time="0.000"><skipped message="collection skipped">('/Users/anthony/Documents/GitHub/netra-apex/auth_service/tests/test_auth_real_services_comprehensive.py', 51, 'Skipped: Test framework functions have been removed')</skipped></testcase><testcase classname="" name="tests.unit.test_jwt_handler_business_logic" time="0.000"><error message="collection failure">ImportError while importing test module '/Users/anthony/Documents/GitHub/netra-apex/auth_service/tests/unit/test_jwt_handler_business_logic.py'.
Hint: make sure your test modules/packages have valid Python names.
Traceback:
.venv/lib/python3.12/site-packages/_pytest/python.py:498: in importtestmodule
    mod = import_path(
.venv/lib/python3.12/site-packages/_pytest/pathlib.py:587: in import_path
    importlib.import_module(module_name)
/opt/homebrew/Cellar/python@3.12/3.12.3/Frameworks/Python.framework/Versions/3.12/lib/python3.12/importlib/__init__.py:90: in import_module
    return _bootstrap._gcd_import(name[level:], package, level)
           ^^^^^^^^^^^^^^^^^^^^^^^^^^^^^^^^^^^^^^^^^^^^^^^^^^^^
&lt;frozen importlib._bootstrap&gt;:1387: in _gcd_import
    ???
&lt;frozen importlib._bootstrap&gt;:1360: in _find_and_load
    ???
&lt;frozen importlib._bootstrap&gt;:1331: in _find_and_load_unlocked
    ???
&lt;frozen importlib._bootstrap&gt;:935: in _load_unlocked
    ???
.venv/lib/python3.12/site-packages/_pytest/assertion/rewrite.py:186: in exec_module
    exec(co, module.__dict__)
auth_service/tests/unit/test_jwt_handler_business_logic.py:24: in &lt;module&gt;
    from test_framework.mock_factory import MockFactory
E   ModuleNotFoundError: No module named 'test_framework.mock_factory'</error></testcase><testcase classname="" name="tests.unit.test_oauth_integration_business_logic" time="0.000"><error message="collection failure">ImportError while importing test module '/Users/anthony/Documents/GitHub/netra-apex/auth_service/tests/unit/test_oauth_integration_business_logic.py'.
Hint: make sure your test modules/packages have valid Python names.
Traceback:
.venv/lib/python3.12/site-packages/_pytest/python.py:498: in importtestmodule
    mod = import_path(
.venv/lib/python3.12/site-packages/_pytest/pathlib.py:587: in import_path
    importlib.import_module(module_name)
/opt/homebrew/Cellar/python@3.12/3.12.3/Frameworks/Python.framework/Versions/3.12/lib/python3.12/importlib/__init__.py:90: in import_module
    return _bootstrap._gcd_import(name[level:], package, level)
           ^^^^^^^^^^^^^^^^^^^^^^^^^^^^^^^^^^^^^^^^^^^^^^^^^^^^
&lt;frozen importlib._bootstrap&gt;:1387: in _gcd_import
    ???
&lt;frozen importlib._bootstrap&gt;:1360: in _find_and_load
    ???
&lt;frozen importlib._bootstrap&gt;:1331: in _find_and_load_unlocked
    ???
&lt;frozen importlib._bootstrap&gt;:935: in _load_unlocked
    ???
.venv/lib/python3.12/site-packages/_pytest/assertion/rewrite.py:186: in exec_module
    exec(co, module.__dict__)
auth_service/tests/unit/test_oauth_integration_business_logic.py:23: in &lt;module&gt;
    from auth_service.auth_core.oauth.oauth_handler import OAuthHandler
E   ModuleNotFoundError: No module named 'auth_service.auth_core.oauth.oauth_handler'</error></testcase></testsuite></testsuites>