<?xml version="1.0" encoding="utf-8"?><testsuites name="pytest tests"><testsuite name="pytest" errors="0" failures="0" skipped="0" tests="1" time="8.278" timestamp="2025-09-08T23:31:49.581184-07:00" hostname="Anthony"><testcase classname="tests.unit.test_auth_startup_configuration_comprehensive.TestAuthStartupConfiguration" name="test_dependency_health_checks" time="0.567" /></testsuite></testsuites>