<?xml version="1.0" encoding="utf-8"?><testsuites name="pytest tests"><testsuite name="pytest" errors="0" failures="2" skipped="0" tests="44" time="0.712" timestamp="2025-09-04T19:19:44.451002-07:00" hostname="Anthony"><testcase classname="tests.test_all_imports" name="test_module_imports[auth_service.demo_refresh_fix-file_path0]" time="0.105" /><testcase classname="tests.test_all_imports" name="test_module_imports[auth_service.gunicorn_config-file_path1]" time="0.002" /><testcase classname="tests.test_all_imports" name="test_module_imports[auth_service.health_check-file_path2]" time="0.002" /><testcase classname="tests.test_all_imports" name="test_module_imports[auth_service.health_config-file_path3]" time="0.002" /><testcase classname="tests.test_all_imports" name="test_module_imports[auth_service.init_database-file_path4]" time="0.008" /><testcase classname="tests.test_all_imports" name="test_module_imports[auth_service.main-file_path5]" time="0.147" /><testcase classname="tests.test_all_imports" name="test_module_imports[auth_service.services_init-file_path6]" time="0.002" /><testcase classname="tests.test_all_imports" name="test_module_imports[auth_service.__init__-file_path7]" time="0.001" /><testcase classname="tests.test_all_imports" name="test_module_imports[auth_service.auth_core.auth_environment-file_path8]" time="0.001" /><testcase classname="tests.test_all_imports" name="test_module_imports[auth_service.auth_core.config-file_path9]" time="0.001" /><testcase classname="tests.test_all_imports" name="test_module_imports[auth_service.auth_core.oauth_manager-file_path10]" time="0.003" /><testcase classname="tests.test_all_imports" name="test_module_imports[auth_service.auth_core.redis_manager-file_path11]" time="0.001" /><testcase classname="tests.test_all_imports" name="test_module_imports[auth_service.auth_core.secret_loader-file_path12]" time="0.001" /><testcase classname="tests.test_all_imports" name="test_module_imports[auth_service.auth_core.unified_auth_interface-file_path13]" time="0.001" /><testcase classname="tests.test_all_imports" name="test_module_imports[auth_service.auth_core.__init__-file_path14]" time="0.001" /><testcase classname="tests.test_all_imports" name="test_module_imports[auth_service.auth_core.core.jwt_cache-file_path15]" time="0.001" /><testcase classname="tests.test_all_imports" name="test_module_imports[auth_service.auth_core.core.jwt_handler-file_path16]" time="0.003" /><testcase classname="tests.test_all_imports" name="test_module_imports[auth_service.auth_core.core.token_validator-file_path17]" time="0.001" /><testcase classname="tests.test_all_imports" name="test_module_imports[auth_service.auth_core.core.__init__-file_path18]" time="0.002" /><testcase classname="tests.test_all_imports" name="test_module_imports[auth_service.auth_core.database.connection-file_path19]" time="0.001" /><testcase classname="tests.test_all_imports" name="test_module_imports[auth_service.auth_core.database.connection_events-file_path20]" time="0.001" /><testcase classname="tests.test_all_imports" name="test_module_imports[auth_service.auth_core.database.database_manager-file_path21]" time="0.001" /><testcase classname="tests.test_all_imports" name="test_module_imports[auth_service.auth_core.database.models-file_path22]" time="0.007" /><testcase classname="tests.test_all_imports" name="test_module_imports[auth_service.auth_core.database.repository-file_path23]" time="0.007" /><testcase classname="tests.test_all_imports" name="test_module_imports[auth_service.auth_core.database.staging_validation-file_path24]" time="0.004" /><testcase classname="tests.test_all_imports" name="test_module_imports[auth_service.auth_core.database.__init__-file_path25]" time="0.003" /><testcase classname="tests.test_all_imports" name="test_module_imports[auth_service.auth_core.models.auth_models-file_path26]" time="0.014" /><testcase classname="tests.test_all_imports" name="test_module_imports[auth_service.auth_core.models.__init__-file_path27]" time="0.001" /><testcase classname="tests.test_all_imports" name="test_module_imports[auth_service.auth_core.oauth.google_oauth-file_path28]" time="0.001" /><testcase classname="tests.test_all_imports" name="test_module_imports[auth_service.auth_core.oauth.__init__-file_path29]" time="0.001" /><testcase classname="tests.test_all_imports" name="test_module_imports[auth_service.auth_core.performance.metrics-file_path30]" time="0.011" /><testcase classname="tests.test_all_imports" name="test_module_imports[auth_service.auth_core.performance.startup_optimizer-file_path31]" time="0.005" /><testcase classname="tests.test_all_imports" name="test_module_imports[auth_service.auth_core.performance.__init__-file_path32]" time="0.007" /><testcase classname="tests.test_all_imports" name="test_module_imports[auth_service.auth_core.routes.auth_routes-file_path33]" time="0.002" /><testcase classname="tests.test_all_imports" name="test_module_imports[auth_service.auth_core.routes.__init__-file_path34]" time="0.001" /><testcase classname="tests.test_all_imports" name="test_module_imports[auth_service.auth_core.security.middleware-file_path35]" time="0.001" /><testcase classname="tests.test_all_imports" name="test_module_imports[auth_service.auth_core.security.__init__-file_path36]" time="0.001" /><testcase classname="tests.test_all_imports" name="test_module_imports[auth_service.auth_core.services.auth_service-file_path37]" time="0.051" /><testcase classname="tests.test_all_imports" name="test_module_imports[auth_service.auth_core.services.__init__-file_path38]" time="0.001" /><testcase classname="tests.test_all_imports" name="test_module_imports[auth_service.auth_core.validation.pre_deployment_validator-file_path39]" time="0.009" /><testcase classname="tests.test_all_imports" name="test_module_imports[auth_service.auth_core.validation.__init__-file_path40]" time="0.003" /><testcase classname="tests.test_all_imports" name="test_auth_service_independence" time="0.016"><failure message="AssertionError: Auth service must not import from netra_backend (service independence violation):&#10;  C:\Users\antho\OneDrive\Desktop\Netra\netra-core-generation-1\auth_service\auth_core\services\auth_service.py:854 - from netra_backend.app.core.resilience.unified_retry_handler import (&#10;assert 1 == 0&#10; +  where 1 = len(['C:\\Users\\antho\\OneDrive\\Desktop\\Netra\\netra-core-generation-1\\auth_service\\auth_core\\services\\auth_service.py:854 - from netra_backend.app.core.resilience.unified_retry_handler import ('])">auth_service\tests\test_all_imports.py:124: in test_auth_service_independence
    assert len(violations) == 0, \
E   AssertionError: Auth service must not import from netra_backend (service independence violation):
E     C:\Users\antho\OneDrive\Desktop\Netra\netra-core-generation-1\auth_service\auth_core\services\auth_service.py:854 - from netra_backend.app.core.resilience.unified_retry_handler import (
E   assert 1 == 0
E    +  where 1 = len(['C:\\Users\\antho\\OneDrive\\Desktop\\Netra\\netra-core-generation-1\\auth_service\\auth_core\\services\\auth_service.py:854 - from netra_backend.app.core.resilience.unified_retry_handler import ('])</failure></testcase><testcase classname="tests.test_all_imports" name="test_critical_auth_imports" time="0.001"><failure message="AssertionError: auth_routes is missing critical import: jwt&#10;assert ('jwt' in ['APIRouter', 'Any', 'Depends', 'Dict', 'MockAuthService', 'UTC', '__builtins__', '__cached__', '__doc__', '__file__', '__loader__', '__name__', '__package__', '__spec__', 'auth_service', 'auth_status', 'datetime', 'oauth_providers', 'oauth_router', 'router'] or False)&#10; +  where ['APIRouter', 'Any', 'Depends', 'Dict', 'MockAuthService', 'UTC', '__builtins__', '__cached__', '__doc__', '__file__', '__loader__', '__name__', '__package__', '__spec__', 'auth_service', 'auth_status', 'datetime', 'oauth_providers', 'oauth_router', 'router'] = dir(&lt;module 'auth_service.auth_core.routes.auth_routes' from 'C:\\Users\\antho\\OneDrive\\Desktop\\Netra\\netra-core-generation-1\\auth_service\\auth_core\\routes\\auth_routes.py'&gt;)&#10; +  and   False = hasattr(&lt;module 'auth_service.auth_core.routes.auth_routes' from 'C:\\Users\\antho\\OneDrive\\Desktop\\Netra\\netra-core-generation-1\\auth_service\\auth_core\\routes\\auth_routes.py'&gt;, 'jwt')">auth_service\tests\test_all_imports.py:143: in test_critical_auth_imports
    assert imp in dir(auth_routes) or hasattr(auth_routes, imp), \
E   AssertionError: auth_routes is missing critical import: jwt
E   assert ('jwt' in ['APIRouter', 'Any', 'Depends', 'Dict', 'MockAuthService', 'UTC', '__builtins__', '__cached__', '__doc__', '__file__', '__loader__', '__name__', '__package__', '__spec__', 'auth_service', 'auth_status', 'datetime', 'oauth_providers', 'oauth_router', 'router'] or False)
E    +  where ['APIRouter', 'Any', 'Depends', 'Dict', 'MockAuthService', 'UTC', '__builtins__', '__cached__', '__doc__', '__file__', '__loader__', '__name__', '__package__', '__spec__', 'auth_service', 'auth_status', 'datetime', 'oauth_providers', 'oauth_router', 'router'] = dir(&lt;module 'auth_service.auth_core.routes.auth_routes' from 'C:\\Users\\antho\\OneDrive\\Desktop\\Netra\\netra-core-generation-1\\auth_service\\auth_core\\routes\\auth_routes.py'&gt;)
E    +  and   False = hasattr(&lt;module 'auth_service.auth_core.routes.auth_routes' from 'C:\\Users\\antho\\OneDrive\\Desktop\\Netra\\netra-core-generation-1\\auth_service\\auth_core\\routes\\auth_routes.py'&gt;, 'jwt')</failure></testcase><testcase classname="tests.test_all_imports" name="test_jwt_secret_key_usage" time="0.016" /></testsuite></testsuites>