<?xml version="1.0" encoding="utf-8"?><testsuites name="pytest tests"><testsuite name="pytest" errors="1" failures="0" skipped="0" tests="1" time="29.304" timestamp="2025-08-30T15:35:50.043951-07:00" hostname="Shivanginis-MacBook-Pro.local"><testcase classname="pytest" name="internal" time="0.000"><error message="internal error">Traceback (most recent call last):
  File "/Users/anthony/Library/Python/3.11/lib/python/site-packages/_pytest/main.py", line 289, in wrap_session
    session.exitstatus = doit(config, session) or 0
                         ^^^^^^^^^^^^^^^^^^^^^
  File "/Users/anthony/Library/Python/3.11/lib/python/site-packages/_pytest/main.py", line 343, in _main
    config.hook.pytest_runtestloop(session=session)
  File "/Users/anthony/Library/Python/3.11/lib/python/site-packages/pluggy/_hooks.py", line 512, in __call__
    return self._hookexec(self.name, self._hookimpls.copy(), kwargs, firstresult)
           ^^^^^^^^^^^^^^^^^^^^^^^^^^^^^^^^^^^^^^^^^^^^^^^^^^^^^^^^^^^^^^^^^^^^^^
  File "/Users/anthony/Library/Python/3.11/lib/python/site-packages/pluggy/_manager.py", line 120, in _hookexec
    return self._inner_hookexec(hook_name, methods, kwargs, firstresult)
           ^^^^^^^^^^^^^^^^^^^^^^^^^^^^^^^^^^^^^^^^^^^^^^^^^^^^^^^^^^^^^
  File "/Users/anthony/Library/Python/3.11/lib/python/site-packages/pluggy/_callers.py", line 167, in _multicall
    raise exception
  File "/Users/anthony/Library/Python/3.11/lib/python/site-packages/pluggy/_callers.py", line 139, in _multicall
    teardown.throw(exception)
  File "/Users/anthony/Library/Python/3.11/lib/python/site-packages/_pytest/logging.py", line 801, in pytest_runtestloop
    return (yield)  # Run all the tests.
            ^^^^^
  File "/Users/anthony/Library/Python/3.11/lib/python/site-packages/pluggy/_callers.py", line 139, in _multicall
    teardown.throw(exception)
  File "/Users/anthony/Library/Python/3.11/lib/python/site-packages/_pytest/terminal.py", line 688, in pytest_runtestloop
    result = yield
             ^^^^^
  File "/Users/anthony/Library/Python/3.11/lib/python/site-packages/pluggy/_callers.py", line 139, in _multicall
    teardown.throw(exception)
  File "/Library/Frameworks/Python.framework/Versions/3.11/lib/python3.11/site-packages/pytest_cov/plugin.py", line 340, in pytest_runtestloop
    result = yield
             ^^^^^
  File "/Users/anthony/Library/Python/3.11/lib/python/site-packages/pluggy/_callers.py", line 121, in _multicall
    res = hook_impl.function(*args)
          ^^^^^^^^^^^^^^^^^^^^^^^^^
  File "/Users/anthony/Library/Python/3.11/lib/python/site-packages/_pytest/main.py", line 367, in pytest_runtestloop
    item.config.hook.pytest_runtest_protocol(item=item, nextitem=nextitem)
  File "/Users/anthony/Library/Python/3.11/lib/python/site-packages/pluggy/_hooks.py", line 512, in __call__
    return self._hookexec(self.name, self._hookimpls.copy(), kwargs, firstresult)
           ^^^^^^^^^^^^^^^^^^^^^^^^^^^^^^^^^^^^^^^^^^^^^^^^^^^^^^^^^^^^^^^^^^^^^^
  File "/Users/anthony/Library/Python/3.11/lib/python/site-packages/pluggy/_manager.py", line 120, in _hookexec
    return self._inner_hookexec(hook_name, methods, kwargs, firstresult)
           ^^^^^^^^^^^^^^^^^^^^^^^^^^^^^^^^^^^^^^^^^^^^^^^^^^^^^^^^^^^^^
  File "/Users/anthony/Library/Python/3.11/lib/python/site-packages/pluggy/_callers.py", line 167, in _multicall
    raise exception
  File "/Users/anthony/Library/Python/3.11/lib/python/site-packages/pluggy/_callers.py", line 139, in _multicall
    teardown.throw(exception)
  File "/Users/anthony/Library/Python/3.11/lib/python/site-packages/_pytest/warnings.py", line 90, in pytest_runtest_protocol
    return (yield)
            ^^^^^
  File "/Users/anthony/Library/Python/3.11/lib/python/site-packages/pluggy/_callers.py", line 139, in _multicall
    teardown.throw(exception)
  File "/Users/anthony/Library/Python/3.11/lib/python/site-packages/_pytest/assertion/__init__.py", line 192, in pytest_runtest_protocol
    return (yield)
            ^^^^^
  File "/Users/anthony/Library/Python/3.11/lib/python/site-packages/pluggy/_callers.py", line 139, in _multicall
    teardown.throw(exception)
  File "/Users/anthony/Library/Python/3.11/lib/python/site-packages/pluggy/_callers.py", line 53, in run_old_style_hookwrapper
    return result.get_result()
           ^^^^^^^^^^^^^^^^^^^
  File "/Users/anthony/Library/Python/3.11/lib/python/site-packages/pluggy/_result.py", line 103, in get_result
    raise exc.with_traceback(tb)
  File "/Users/anthony/Library/Python/3.11/lib/python/site-packages/pluggy/_callers.py", line 38, in run_old_style_hookwrapper
    res = yield
          ^^^^^
  File "/Users/anthony/Library/Python/3.11/lib/python/site-packages/pluggy/_callers.py", line 139, in _multicall
    teardown.throw(exception)
  File "/Users/anthony/Library/Python/3.11/lib/python/site-packages/_pytest/unittest.py", line 475, in pytest_runtest_protocol
    return (yield)
            ^^^^^
  File "/Users/anthony/Library/Python/3.11/lib/python/site-packages/pluggy/_callers.py", line 139, in _multicall
    teardown.throw(exception)
  File "/Users/anthony/Library/Python/3.11/lib/python/site-packages/_pytest/faulthandler.py", line 88, in pytest_runtest_protocol
    return (yield)
            ^^^^^
  File "/Users/anthony/Library/Python/3.11/lib/python/site-packages/pluggy/_callers.py", line 121, in _multicall
    res = hook_impl.function(*args)
          ^^^^^^^^^^^^^^^^^^^^^^^^^
  File "/Users/anthony/Library/Python/3.11/lib/python/site-packages/_pytest/runner.py", line 117, in pytest_runtest_protocol
    runtestprotocol(item, nextitem=nextitem)
  File "/Users/anthony/Library/Python/3.11/lib/python/site-packages/_pytest/runner.py", line 130, in runtestprotocol
    rep = call_and_report(item, "setup", log)
          ^^^^^^^^^^^^^^^^^^^^^^^^^^^^^^^^^^^
  File "/Users/anthony/Library/Python/3.11/lib/python/site-packages/_pytest/runner.py", line 250, in call_and_report
    ihook.pytest_runtest_logreport(report=report)
  File "/Users/anthony/Library/Python/3.11/lib/python/site-packages/pluggy/_hooks.py", line 512, in __call__
    return self._hookexec(self.name, self._hookimpls.copy(), kwargs, firstresult)
           ^^^^^^^^^^^^^^^^^^^^^^^^^^^^^^^^^^^^^^^^^^^^^^^^^^^^^^^^^^^^^^^^^^^^^^
  File "/Users/anthony/Library/Python/3.11/lib/python/site-packages/pluggy/_manager.py", line 120, in _hookexec
    return self._inner_hookexec(hook_name, methods, kwargs, firstresult)
           ^^^^^^^^^^^^^^^^^^^^^^^^^^^^^^^^^^^^^^^^^^^^^^^^^^^^^^^^^^^^^
  File "/Users/anthony/Library/Python/3.11/lib/python/site-packages/pluggy/_callers.py", line 167, in _multicall
    raise exception
  File "/Users/anthony/Library/Python/3.11/lib/python/site-packages/pluggy/_callers.py", line 121, in _multicall
    res = hook_impl.function(*args)
          ^^^^^^^^^^^^^^^^^^^^^^^^^
  File "/Users/anthony/Library/Python/3.11/lib/python/site-packages/_pytest/terminal.py", line 666, in pytest_runtest_logreport
    self._write_progress_information_filling_space()
  File "/Users/anthony/Library/Python/3.11/lib/python/site-packages/_pytest/terminal.py", line 764, in _write_progress_information_filling_space
    self.write(msg.rjust(fill), flush=True, **{color: True})
  File "/Users/anthony/Library/Python/3.11/lib/python/site-packages/_pytest/terminal.py", line 509, in write
    self._tw.write(content, flush=flush, **markup)
  File "/Users/anthony/Library/Python/3.11/lib/python/site-packages/_pytest/_io/terminalwriter.py", line 177, in write
    self.flush()
  File "/Users/anthony/Library/Python/3.11/lib/python/site-packages/_pytest/_io/terminalwriter.py", line 184, in flush
    self._file.flush()
BrokenPipeError: [Errno 32] Broken pipe</error></testcase></testsuite></testsuites>