<?xml version="1.0" encoding="utf-8"?><testsuites name="pytest tests"><testsuite name="pytest" errors="0" failures="0" skipped="7" tests="7" time="0.399" timestamp="2025-08-30T21:14:55.199959-07:00" hostname="Shivanginis-MacBook-Pro.local"><testcase classname="tests.unit.test_refresh_endpoint.TestRefreshEndpointUnit" name="test_refresh_with_valid_token_in_body" time="0.067"><skipped type="pytest.skip" message="Real services unavailable: 'DatabaseManager' object has no attribute 'engine'">/Users/anthony/Documents/GitHub/netra-apex/auth_service/tests/unit/test_refresh_endpoint.py:36: Real services unavailable: 'DatabaseManager' object has no attribute 'engine'</skipped></testcase><testcase classname="tests.unit.test_refresh_endpoint.TestRefreshEndpointUnit" name="test_refresh_with_camelcase_field" time="0.000"><skipped type="pytest.skip" message="Real services unavailable: 'DatabaseManager' object has no attribute 'engine'">/Users/anthony/Documents/GitHub/netra-apex/auth_service/tests/unit/test_refresh_endpoint.py:60: Real services unavailable: 'DatabaseManager' object has no attribute 'engine'</skipped></testcase><testcase classname="tests.unit.test_refresh_endpoint.TestRefreshEndpointUnit" name="test_refresh_with_token_field" time="0.000"><skipped type="pytest.skip" message="Real services unavailable: 'DatabaseManager' object has no attribute 'engine'">/Users/anthony/Documents/GitHub/netra-apex/auth_service/tests/unit/test_refresh_endpoint.py:77: Real services unavailable: 'DatabaseManager' object has no attribute 'engine'</skipped></testcase><testcase classname="tests.unit.test_refresh_endpoint.TestRefreshEndpointUnit" name="test_refresh_missing_token_field" time="0.000"><skipped type="pytest.skip" message="Real services unavailable: 'DatabaseManager' object has no attribute 'engine'">/Users/anthony/Documents/GitHub/netra-apex/auth_service/tests/unit/test_refresh_endpoint.py:94: Real services unavailable: 'DatabaseManager' object has no attribute 'engine'</skipped></testcase><testcase classname="tests.unit.test_refresh_endpoint.TestRefreshEndpointUnit" name="test_refresh_with_invalid_json" time="0.000"><skipped type="pytest.skip" message="Real services unavailable: 'DatabaseManager' object has no attribute 'engine'">/Users/anthony/Documents/GitHub/netra-apex/auth_service/tests/unit/test_refresh_endpoint.py:107: Real services unavailable: 'DatabaseManager' object has no attribute 'engine'</skipped></testcase><testcase classname="tests.unit.test_refresh_endpoint.TestRefreshEndpointUnit" name="test_refresh_with_invalid_token" time="0.000"><skipped type="pytest.skip" message="Real services unavailable: 'DatabaseManager' object has no attribute 'engine'">/Users/anthony/Documents/GitHub/netra-apex/auth_service/tests/unit/test_refresh_endpoint.py:119: Real services unavailable: 'DatabaseManager' object has no attribute 'engine'</skipped></testcase><testcase classname="tests.unit.test_refresh_endpoint.TestRefreshEndpointUnit" name="test_refresh_with_service_error" time="0.002"><skipped type="pytest.skip" message="Real services unavailable: 'DatabaseManager' object has no attribute 'engine'">/Users/anthony/Documents/GitHub/netra-apex/auth_service/tests/unit/test_refresh_endpoint.py:132: Real services unavailable: 'DatabaseManager' object has no attribute 'engine'</skipped></testcase></testsuite></testsuites>