<?xml version="1.0" encoding="utf-8"?><testsuites name="pytest tests"><testsuite name="pytest" errors="0" failures="1" skipped="0" tests="11" time="0.437" timestamp="2025-08-30T12:29:20.584168-07:00" hostname="Shivanginis-MacBook-Pro.local"><testcase classname="tests.critical.test_oauth_configuration_missing_staging_regression.TestOAuthConfigurationMissingRegression" name="test_google_oauth_client_id_missing_staging_regression" time="0.115" /><testcase classname="tests.critical.test_oauth_configuration_missing_staging_regression.TestOAuthConfigurationMissingRegression" name="test_google_oauth_client_secret_missing_staging_regression" time="0.002" /><testcase classname="tests.critical.test_oauth_configuration_missing_staging_regression.TestOAuthConfigurationMissingRegression" name="test_oauth_provider_initialization_failure_regression" time="0.003" /><testcase classname="tests.critical.test_oauth_configuration_missing_staging_regression.TestOAuthConfigurationMissingRegression" name="test_oauth_provider_with_proper_staging_credentials" time="0.004" /><testcase classname="tests.critical.test_oauth_configuration_missing_staging_regression.TestOAuthConfigurationMissingRegression" name="test_oauth_manager_integration_with_staging_credentials" time="0.004" /><testcase classname="tests.critical.test_oauth_configuration_missing_staging_regression.TestOAuthServiceIntegrationRegression" name="test_auth_service_oauth_providers_availability" time="0.003" /><testcase classname="tests.critical.test_oauth_configuration_missing_staging_regression.TestOAuthServiceIntegrationRegression" name="test_oauth_login_flow_functional_with_credentials" time="0.002" /><testcase classname="tests.critical.test_oauth_configuration_missing_staging_regression.TestOAuthServiceIntegrationRegression" name="test_oauth_callback_handling_with_credentials" time="0.002" /><testcase classname="tests.integration.test_database_connection.TestAuthDatabaseConnection" name="test_connection_with_docker_compose_url" time="0.003" /><testcase classname="tests.integration.test_database_connection.TestAuthDatabaseConnection" name="test_connection_initialization_with_database_url" time="0.028" /><testcase classname="tests.integration.test_database_connection.TestAuthDatabaseConnection" name="test_connection_with_postgres_vars" time="0.005"><failure message="AssertionError: assert 'testuser' in 'postgresql+asyncpg://netra:netra123@postgres:5432/netra_dev'">auth_service/tests/integration/test_database_connection.py:81: in test_connection_with_postgres_vars
    assert "testuser" in url
E   AssertionError: assert 'testuser' in 'postgresql+asyncpg://netra:netra123@postgres:5432/netra_dev'</failure></testcase></testsuite></testsuites>