<?xml version="1.0" encoding="utf-8"?><testsuites name="pytest tests"><testsuite name="pytest" errors="0" failures="0" skipped="7" tests="7" time="67.554" timestamp="2025-08-31T18:12:41.298377-07:00" hostname="Shivanginis-MacBook-Pro.local"><testcase classname="tests.unit.test_refresh_endpoint.TestRefreshEndpointUnit" name="test_refresh_with_valid_token_in_body" time="1.501"><skipped type="pytest.skip" message="E2E Service orchestration failed - services not healthy">/Users/anthony/Documents/GitHub/netra-apex/auth_service/tests/unit/test_refresh_endpoint.py:36: E2E Service orchestration failed - services not healthy</skipped></testcase><testcase classname="tests.unit.test_refresh_endpoint.TestRefreshEndpointUnit" name="test_refresh_with_camelcase_field" time="0.001"><skipped type="pytest.skip" message="E2E Service orchestration failed - services not healthy">/Users/anthony/Documents/GitHub/netra-apex/auth_service/tests/unit/test_refresh_endpoint.py:60: E2E Service orchestration failed - services not healthy</skipped></testcase><testcase classname="tests.unit.test_refresh_endpoint.TestRefreshEndpointUnit" name="test_refresh_with_token_field" time="0.001"><skipped type="pytest.skip" message="E2E Service orchestration failed - services not healthy">/Users/anthony/Documents/GitHub/netra-apex/auth_service/tests/unit/test_refresh_endpoint.py:77: E2E Service orchestration failed - services not healthy</skipped></testcase><testcase classname="tests.unit.test_refresh_endpoint.TestRefreshEndpointUnit" name="test_refresh_missing_token_field" time="0.000"><skipped type="pytest.skip" message="E2E Service orchestration failed - services not healthy">/Users/anthony/Documents/GitHub/netra-apex/auth_service/tests/unit/test_refresh_endpoint.py:94: E2E Service orchestration failed - services not healthy</skipped></testcase><testcase classname="tests.unit.test_refresh_endpoint.TestRefreshEndpointUnit" name="test_refresh_with_invalid_json" time="0.000"><skipped type="pytest.skip" message="E2E Service orchestration failed - services not healthy">/Users/anthony/Documents/GitHub/netra-apex/auth_service/tests/unit/test_refresh_endpoint.py:107: E2E Service orchestration failed - services not healthy</skipped></testcase><testcase classname="tests.unit.test_refresh_endpoint.TestRefreshEndpointUnit" name="test_refresh_with_invalid_token" time="0.000"><skipped type="pytest.skip" message="E2E Service orchestration failed - services not healthy">/Users/anthony/Documents/GitHub/netra-apex/auth_service/tests/unit/test_refresh_endpoint.py:119: E2E Service orchestration failed - services not healthy</skipped></testcase><testcase classname="tests.unit.test_refresh_endpoint.TestRefreshEndpointUnit" name="test_refresh_with_service_error" time="0.002"><skipped type="pytest.skip" message="E2E Service orchestration failed - services not healthy">/Users/anthony/Documents/GitHub/netra-apex/auth_service/tests/unit/test_refresh_endpoint.py:132: E2E Service orchestration failed - services not healthy</skipped></testcase></testsuite></testsuites>