<?xml version="1.0" encoding="utf-8"?><testsuites name="pytest tests"><testsuite name="pytest" errors="4" failures="0" skipped="1" tests="5" time="0.704" timestamp="2025-09-05T09:56:43.417515-07:00" hostname="Shivanginis-MacBook-Pro.local"><testcase classname="" name="tests.integration.test_auth_api_integration" time="0.000"><error message="collection failure">ImportError while importing test module '/Users/anthony/Documents/GitHub/netra-apex/auth_service/tests/integration/test_auth_api_integration.py'.
Hint: make sure your test modules/packages have valid Python names.
Traceback:
/opt/homebrew/Cellar/python@3.12/3.12.3/Frameworks/Python.framework/Versions/3.12/lib/python3.12/importlib/__init__.py:90: in import_module
    return _bootstrap._gcd_import(name[level:], package, level)
           ^^^^^^^^^^^^^^^^^^^^^^^^^^^^^^^^^^^^^^^^^^^^^^^^^^^^
auth_service/tests/integration/test_auth_api_integration.py:15: in &lt;module&gt;
    from auth_service.auth_core.database.repository import AuthRepository
E   ImportError: cannot import name 'AuthRepository' from 'auth_service.auth_core.database.repository' (/Users/anthony/Documents/GitHub/netra-apex/auth_service/auth_core/database/repository.py)</error></testcase><testcase classname="" name="tests.integration.test_auth_e2e_flows" time="0.000"><error message="collection failure">ImportError while importing test module '/Users/anthony/Documents/GitHub/netra-apex/auth_service/tests/integration/test_auth_e2e_flows.py'.
Hint: make sure your test modules/packages have valid Python names.
Traceback:
/opt/homebrew/Cellar/python@3.12/3.12.3/Frameworks/Python.framework/Versions/3.12/lib/python3.12/importlib/__init__.py:90: in import_module
    return _bootstrap._gcd_import(name[level:], package, level)
           ^^^^^^^^^^^^^^^^^^^^^^^^^^^^^^^^^^^^^^^^^^^^^^^^^^^^
auth_service/tests/integration/test_auth_e2e_flows.py:13: in &lt;module&gt;
    from auth_service.auth_core.database.repository import AuthRepository
E   ImportError: cannot import name 'AuthRepository' from 'auth_service.auth_core.database.repository' (/Users/anthony/Documents/GitHub/netra-apex/auth_service/auth_core/database/repository.py)</error></testcase><testcase classname="" name="tests.test_auth_real_services_comprehensive" time="0.000"><skipped message="collection skipped">('/Users/anthony/Documents/GitHub/netra-apex/auth_service/tests/test_auth_real_services_comprehensive.py', 49, 'Skipped: Test framework functions have been removed')</skipped></testcase><testcase classname="" name="tests.unit.test_database_repository_comprehensive" time="0.000"><error message="collection failure">ImportError while importing test module '/Users/anthony/Documents/GitHub/netra-apex/auth_service/tests/unit/test_database_repository_comprehensive.py'.
Hint: make sure your test modules/packages have valid Python names.
Traceback:
/opt/homebrew/Cellar/python@3.12/3.12.3/Frameworks/Python.framework/Versions/3.12/lib/python3.12/importlib/__init__.py:90: in import_module
    return _bootstrap._gcd_import(name[level:], package, level)
           ^^^^^^^^^^^^^^^^^^^^^^^^^^^^^^^^^^^^^^^^^^^^^^^^^^^^
auth_service/tests/unit/test_database_repository_comprehensive.py:10: in &lt;module&gt;
    from auth_service.auth_core.database.models import DBUser, DBSession, DBAuditLog
E   ImportError: cannot import name 'DBUser' from 'auth_service.auth_core.database.models' (/Users/anthony/Documents/GitHub/netra-apex/auth_service/auth_core/database/models.py)</error></testcase><testcase classname="" name="tests.unit.test_oauth_comprehensive" time="0.000"><error message="collection failure">ImportError while importing test module '/Users/anthony/Documents/GitHub/netra-apex/auth_service/tests/unit/test_oauth_comprehensive.py'.
Hint: make sure your test modules/packages have valid Python names.
Traceback:
/opt/homebrew/Cellar/python@3.12/3.12.3/Frameworks/Python.framework/Versions/3.12/lib/python3.12/importlib/__init__.py:90: in import_module
    return _bootstrap._gcd_import(name[level:], package, level)
           ^^^^^^^^^^^^^^^^^^^^^^^^^^^^^^^^^^^^^^^^^^^^^^^^^^^^
auth_service/tests/unit/test_oauth_comprehensive.py:12: in &lt;module&gt;
    from auth_service.auth_core.oauth.google_oauth import GoogleOAuthHandler
E   ImportError: cannot import name 'GoogleOAuthHandler' from 'auth_service.auth_core.oauth.google_oauth' (/Users/anthony/Documents/GitHub/netra-apex/auth_service/auth_core/oauth/google_oauth.py)</error></testcase></testsuite></testsuites>