<?xml version="1.0" encoding="utf-8"?><testsuites name="pytest tests"><testsuite name="pytest" errors="0" failures="0" skipped="0" tests="4" time="1.834" timestamp="2025-09-05T09:38:14.711538-07:00" hostname="Shivanginis-MacBook-Pro.local"><testcase classname="tests.test_oauth_redirect_regression.TestOAuthRedirectURIRegression" name="test_redirect_uri_always_set_in_token_exchange" time="0.048" /><testcase classname="tests.test_oauth_redirect_regression.TestOAuthRedirectURIRegression" name="test_redirect_uri_consistent_across_calls" time="0.002" /><testcase classname="tests.test_oauth_redirect_regression.TestOAuthRedirectURIRegression" name="test_redirect_uri_uses_ssot_path" time="0.001" /><testcase classname="tests.test_oauth_redirect_regression.TestOAuthRedirectURIRegression" name="test_redirect_uri_environment_specific" time="0.003" /></testsuite></testsuites>