<?xml version="1.0" encoding="utf-8"?><testsuites name="pytest tests"><testsuite name="pytest" errors="0" failures="1" skipped="0" tests="2" time="0.508" timestamp="2025-08-29T12:21:54.720575-07:00" hostname="Anthony"><testcase classname="tests.test_redis_staging_fixes" name="test_redis_no_localhost_fallback_in_staging" time="0.286" /><testcase classname="tests.test_redis_staging_fixes" name="test_redis_localhost_rejected_in_staging" time="0.010"><failure message="Failed: DID NOT RAISE &lt;class 'ValueError'&gt;">auth_service\tests\test_redis_staging_fixes.py:46: in test_redis_localhost_rejected_in_staging
    with pytest.raises(ValueError) as exc_info:
E   Failed: DID NOT RAISE &lt;class 'ValueError'&gt;</failure></testcase></testsuite></testsuites>