<?xml version="1.0" encoding="utf-8"?><testsuites name="pytest tests"><testsuite name="pytest" errors="0" failures="0" skipped="0" tests="0" time="0.071" timestamp="2025-09-03T11:30:24.203769-07:00" hostname="Anthony" /></testsuites>