<?xml version="1.0" encoding="utf-8"?><testsuites name="pytest tests"><testsuite name="pytest" errors="0" failures="0" skipped="1" tests="1" time="7.252" timestamp="2025-09-07T19:54:26.284345-07:00" hostname="Anthony"><testcase classname="" name="tests.test_auth_real_services_comprehensive" time="0.000"><skipped message="collection skipped">('C:\\Users\\antho\\OneDrive\\Desktop\\Netra\\netra-core-generation-1\\auth_service\\tests\\test_auth_real_services_comprehensive.py', 51, 'Skipped: Test framework functions have been removed')</skipped></testcase></testsuite></testsuites>