<?xml version="1.0" encoding="utf-8"?><testsuites name="pytest tests"><testsuite name="pytest" errors="0" failures="0" skipped="0" tests="8" time="0.187" timestamp="2025-09-04T23:18:55.204837-07:00" hostname="Anthony"><testcase classname="tests.unit.test_docker_hostname_resolution.TestDockerHostnameResolution" name="test_database_url_override" time="0.111" /><testcase classname="tests.unit.test_docker_hostname_resolution.TestDockerHostnameResolution" name="test_docker_detection_via_cgroup" time="0.004" /><testcase classname="tests.unit.test_docker_hostname_resolution.TestDockerHostnameResolution" name="test_docker_detection_via_dockerenv_file" time="0.002" /><testcase classname="tests.unit.test_docker_hostname_resolution.TestDockerHostnameResolution" name="test_docker_detection_via_env_variable" time="0.002" /><testcase classname="tests.unit.test_docker_hostname_resolution.TestDockerHostnameResolution" name="test_docker_not_applied_in_production" time="0.002" /><testcase classname="tests.unit.test_docker_hostname_resolution.TestDockerHostnameResolution" name="test_docker_not_applied_in_staging" time="0.002" /><testcase classname="tests.unit.test_docker_hostname_resolution.TestDockerHostnameResolution" name="test_non_docker_environment" time="0.002" /><testcase classname="tests.unit.test_docker_hostname_resolution.TestDockerHostnameResolution" name="test_non_localhost_host_not_overridden" time="0.003" /></testsuite></testsuites>