<?xml version="1.0" encoding="utf-8"?><testsuites name="pytest tests"><testsuite name="pytest" errors="0" failures="0" skipped="1" tests="3" time="0.666" timestamp="2025-08-27T07:35:26.795560-07:00" hostname="Anthony"><testcase classname="tests.test_auth_comprehensive.TestOAuthFlows" name="test_oauth_error_scenarios" time="0.329" /><testcase classname="tests.test_auth_comprehensive.TestAPIEndpoints" name="test_cors_headers" time="0.005" /><testcase classname="tests.test_auth_comprehensive.TestEnvironmentCompatibility" name="test_staging_environment_features" time="0.005"><skipped type="pytest.skip" message="Test requires staging environment, current: test">C:\Users\antho\OneDrive\Desktop\Netra\netra-core-generation-1\auth_service\tests\test_auth_comprehensive.py:538: Test requires staging environment, current: test</skipped></testcase></testsuite></testsuites>