<?xml version="1.0" encoding="utf-8"?><testsuites name="pytest tests"><testsuite name="pytest" errors="1" failures="0" skipped="0" tests="1" time="0.442" timestamp="2025-08-30T17:01:49.585155-07:00" hostname="Shivanginis-MacBook-Pro.local"><testcase classname="" name="tests.test_critical_bugs" time="0.000"><error message="collection failure">ImportError while importing test module '/Users/anthony/Documents/GitHub/netra-apex/auth_service/tests/test_critical_bugs.py'.
Hint: make sure your test modules/packages have valid Python names.
Traceback:
/opt/homebrew/Cellar/python@3.12/3.12.3/Frameworks/Python.framework/Versions/3.12/lib/python3.12/importlib/__init__.py:90: in import_module
    return _bootstrap._gcd_import(name[level:], package, level)
           ^^^^^^^^^^^^^^^^^^^^^^^^^^^^^^^^^^^^^^^^^^^^^^^^^^^^
auth_service/tests/test_critical_bugs.py:31: in &lt;module&gt;
    from auth_service.auth_core.core.jwt_handler import JWTManager
E   ImportError: cannot import name 'JWTManager' from 'auth_service.auth_core.core.jwt_handler' (/Users/anthony/Documents/GitHub/netra-apex/auth_service/auth_core/core/jwt_handler.py)</error></testcase></testsuite></testsuites>