<?xml version="1.0" encoding="utf-8"?><testsuites name="pytest tests"><testsuite name="pytest" errors="1" failures="0" skipped="1" tests="2" time="1.114" timestamp="2025-09-09T12:32:51.068883-07:00" hostname="Shivanginis-MacBook-Pro.local"><testcase classname="" name="tests.test_auth_real_services_comprehensive" time="0.000"><skipped message="collection skipped">('/Users/anthony/Documents/GitHub/netra-apex/auth_service/tests/test_auth_real_services_comprehensive.py', 51, 'Skipped: Test framework functions have been removed')</skipped></testcase><testcase classname="" name="tests.unit.golden_path.test_auth_service_business_logic" time="0.000"><error message="collection failure">ImportError while importing test module '/Users/anthony/Documents/GitHub/netra-apex/auth_service/tests/unit/golden_path/test_auth_service_business_logic.py'.
Hint: make sure your test modules/packages have valid Python names.
Traceback:
/opt/homebrew/Cellar/python@3.12/3.12.3/Frameworks/Python.framework/Versions/3.12/lib/python3.12/importlib/__init__.py:90: in import_module
    return _bootstrap._gcd_import(name[level:], package, level)
           ^^^^^^^^^^^^^^^^^^^^^^^^^^^^^^^^^^^^^^^^^^^^^^^^^^^^
auth_service/tests/unit/golden_path/test_auth_service_business_logic.py:23: in &lt;module&gt;
    from auth_service.app.services.auth_service import AuthService
E   ModuleNotFoundError: No module named 'auth_service.app'</error></testcase></testsuite></testsuites>