<?xml version="1.0" encoding="utf-8"?><testsuites name="pytest tests"><testsuite name="pytest" errors="1" failures="0" skipped="0" tests="1" time="12.326" timestamp="2025-09-07T16:55:19.095239-07:00" hostname="Anthony"><testcase classname="" name="tests.integration.test_auth_database_business_integration" time="0.000"><error message="collection failure">ImportError while importing test module 'C:\Users\antho\OneDrive\Desktop\Netra\netra-core-generation-1\auth_service\tests\integration\test_auth_database_business_integration.py'.
Hint: make sure your test modules/packages have valid Python names.
Traceback:
..\..\..\..\miniconda3\Lib\importlib\__init__.py:90: in import_module
    return _bootstrap._gcd_import(name[level:], package, level)
           ^^^^^^^^^^^^^^^^^^^^^^^^^^^^^^^^^^^^^^^^^^^^^^^^^^^^
auth_service\tests\integration\test_auth_database_business_integration.py:41: in &lt;module&gt;
    from auth_service.auth_core.database.models import User, Session, OAuthAccount, AuditLog, Base
E   ImportError: cannot import name 'User' from 'auth_service.auth_core.database.models' (C:\Users\antho\OneDrive\Desktop\Netra\netra-core-generation-1\auth_service\auth_core\database\models.py)</error></testcase></testsuite></testsuites>