<?xml version="1.0" encoding="utf-8"?><testsuites name="pytest tests"><testsuite name="pytest" errors="1" failures="0" skipped="0" tests="1" time="3.120" timestamp="2025-09-07T12:24:22.768586-07:00" hostname="Anthony"><testcase classname="" name="tests.unit.test_docker_hostname_resolution" time="0.000"><error message="collection failure">..\..\..\..\AppData\Roaming\Python\Python312\site-packages\_pytest\python.py:498: in importtestmodule
    mod = import_path(
..\..\..\..\AppData\Roaming\Python\Python312\site-packages\_pytest\pathlib.py:587: in import_path
    importlib.import_module(module_name)
..\..\..\..\miniconda3\Lib\importlib\__init__.py:90: in import_module
    return _bootstrap._gcd_import(name[level:], package, level)
           ^^^^^^^^^^^^^^^^^^^^^^^^^^^^^^^^^^^^^^^^^^^^^^^^^^^^
&lt;frozen importlib._bootstrap&gt;:1387: in _gcd_import
    ???
&lt;frozen importlib._bootstrap&gt;:1360: in _find_and_load
    ???
&lt;frozen importlib._bootstrap&gt;:1331: in _find_and_load_unlocked
    ???
&lt;frozen importlib._bootstrap&gt;:935: in _load_unlocked
    ???
..\..\..\..\AppData\Roaming\Python\Python312\site-packages\_pytest\assertion\rewrite.py:177: in exec_module
    source_stat, co = _rewrite_test(fn, self.config)
                      ^^^^^^^^^^^^^^^^^^^^^^^^^^^^^^
..\..\..\..\AppData\Roaming\Python\Python312\site-packages\_pytest\assertion\rewrite.py:357: in _rewrite_test
    tree = ast.parse(source, filename=strfn)
           ^^^^^^^^^^^^^^^^^^^^^^^^^^^^^^^^^
..\..\..\..\miniconda3\Lib\ast.py:52: in parse
    return compile(source, filename, mode, flags,
E     File "C:\Users\antho\OneDrive\Desktop\Netra\netra-core-generation-1\auth_service\tests\unit\test_docker_hostname_resolution.py", line 165
E       """Test that #removed-legacytakes precedence when set."""
E   IndentationError: unexpected indent</error></testcase></testsuite></testsuites>