<?xml version="1.0" encoding="utf-8"?><testsuites name="pytest tests"><testsuite name="pytest" errors="0" failures="0" skipped="0" tests="0" time="3.018" timestamp="2025-09-05T00:31:48.405445-07:00" hostname="Anthony" /></testsuites>