<?xml version="1.0" encoding="utf-8"?><testsuites name="pytest tests"><testsuite name="pytest" errors="0" failures="0" skipped="0" tests="0" time="0.068" timestamp="2025-09-03T12:41:25.942791-07:00" hostname="Anthony" /></testsuites>