<?xml version="1.0" encoding="utf-8"?><testsuites name="pytest tests"><testsuite name="pytest" errors="0" failures="0" skipped="0" tests="0" time="0.559" timestamp="2025-08-31T09:09:57.846436-07:00" hostname="Anthony" /></testsuites>