<?xml version="1.0" encoding="utf-8"?><testsuites name="pytest tests"><testsuite name="pytest" errors="0" failures="0" skipped="7" tests="7" time="29.456" timestamp="2025-08-30T21:25:33.029146-07:00" hostname="Shivanginis-MacBook-Pro.local"><testcase classname="tests.unit.test_refresh_endpoint.TestRefreshEndpointUnit" name="test_refresh_with_valid_token_in_body" time="29.177"><skipped type="pytest.skip" message="Real services unavailable: Required services not available:&#10;PostgreSQL: PostgreSQL not available: Multiple exceptions: [Errno 61] Connect call failed ('::1', 5434, 0, 0), [Errno 61] Connect call failed ('127.0.0.1', 5434)&#10;Redis: Redis not available: Error Multiple exceptions: [Errno 61] Connect call failed ('::1', 6381, 0, 0), [Errno 61] Connect call failed ('127.0.0.1', 6381) connecting to localhost:6381.&#10;ClickHouse: ClickHouse not available: Code: 210. Connection refused (localhost:9002)">/Users/anthony/Documents/GitHub/netra-apex/auth_service/tests/unit/test_refresh_endpoint.py:36: Real services unavailable: Required services not available:
PostgreSQL: PostgreSQL not available: Multiple exceptions: [Errno 61] Connect call failed ('::1', 5434, 0, 0), [Errno 61] Connect call failed ('127.0.0.1', 5434)
Redis: Redis not available: Error Multiple exceptions: [Errno 61] Connect call failed ('::1', 6381, 0, 0), [Errno 61] Connect call failed ('127.0.0.1', 6381) connecting to localhost:6381.
ClickHouse: ClickHouse not available: Code: 210. Connection refused (localhost:9002)</skipped></testcase><testcase classname="tests.unit.test_refresh_endpoint.TestRefreshEndpointUnit" name="test_refresh_with_camelcase_field" time="0.000"><skipped type="pytest.skip" message="Real services unavailable: Required services not available:&#10;PostgreSQL: PostgreSQL not available: Multiple exceptions: [Errno 61] Connect call failed ('::1', 5434, 0, 0), [Errno 61] Connect call failed ('127.0.0.1', 5434)&#10;Redis: Redis not available: Error Multiple exceptions: [Errno 61] Connect call failed ('::1', 6381, 0, 0), [Errno 61] Connect call failed ('127.0.0.1', 6381) connecting to localhost:6381.&#10;ClickHouse: ClickHouse not available: Code: 210. Connection refused (localhost:9002)">/Users/anthony/Documents/GitHub/netra-apex/auth_service/tests/unit/test_refresh_endpoint.py:60: Real services unavailable: Required services not available:
PostgreSQL: PostgreSQL not available: Multiple exceptions: [Errno 61] Connect call failed ('::1', 5434, 0, 0), [Errno 61] Connect call failed ('127.0.0.1', 5434)
Redis: Redis not available: Error Multiple exceptions: [Errno 61] Connect call failed ('::1', 6381, 0, 0), [Errno 61] Connect call failed ('127.0.0.1', 6381) connecting to localhost:6381.
ClickHouse: ClickHouse not available: Code: 210. Connection refused (localhost:9002)</skipped></testcase><testcase classname="tests.unit.test_refresh_endpoint.TestRefreshEndpointUnit" name="test_refresh_with_token_field" time="0.000"><skipped type="pytest.skip" message="Real services unavailable: Required services not available:&#10;PostgreSQL: PostgreSQL not available: Multiple exceptions: [Errno 61] Connect call failed ('::1', 5434, 0, 0), [Errno 61] Connect call failed ('127.0.0.1', 5434)&#10;Redis: Redis not available: Error Multiple exceptions: [Errno 61] Connect call failed ('::1', 6381, 0, 0), [Errno 61] Connect call failed ('127.0.0.1', 6381) connecting to localhost:6381.&#10;ClickHouse: ClickHouse not available: Code: 210. Connection refused (localhost:9002)">/Users/anthony/Documents/GitHub/netra-apex/auth_service/tests/unit/test_refresh_endpoint.py:77: Real services unavailable: Required services not available:
PostgreSQL: PostgreSQL not available: Multiple exceptions: [Errno 61] Connect call failed ('::1', 5434, 0, 0), [Errno 61] Connect call failed ('127.0.0.1', 5434)
Redis: Redis not available: Error Multiple exceptions: [Errno 61] Connect call failed ('::1', 6381, 0, 0), [Errno 61] Connect call failed ('127.0.0.1', 6381) connecting to localhost:6381.
ClickHouse: ClickHouse not available: Code: 210. Connection refused (localhost:9002)</skipped></testcase><testcase classname="tests.unit.test_refresh_endpoint.TestRefreshEndpointUnit" name="test_refresh_missing_token_field" time="0.000"><skipped type="pytest.skip" message="Real services unavailable: Required services not available:&#10;PostgreSQL: PostgreSQL not available: Multiple exceptions: [Errno 61] Connect call failed ('::1', 5434, 0, 0), [Errno 61] Connect call failed ('127.0.0.1', 5434)&#10;Redis: Redis not available: Error Multiple exceptions: [Errno 61] Connect call failed ('::1', 6381, 0, 0), [Errno 61] Connect call failed ('127.0.0.1', 6381) connecting to localhost:6381.&#10;ClickHouse: ClickHouse not available: Code: 210. Connection refused (localhost:9002)">/Users/anthony/Documents/GitHub/netra-apex/auth_service/tests/unit/test_refresh_endpoint.py:94: Real services unavailable: Required services not available:
PostgreSQL: PostgreSQL not available: Multiple exceptions: [Errno 61] Connect call failed ('::1', 5434, 0, 0), [Errno 61] Connect call failed ('127.0.0.1', 5434)
Redis: Redis not available: Error Multiple exceptions: [Errno 61] Connect call failed ('::1', 6381, 0, 0), [Errno 61] Connect call failed ('127.0.0.1', 6381) connecting to localhost:6381.
ClickHouse: ClickHouse not available: Code: 210. Connection refused (localhost:9002)</skipped></testcase><testcase classname="tests.unit.test_refresh_endpoint.TestRefreshEndpointUnit" name="test_refresh_with_invalid_json" time="0.000"><skipped type="pytest.skip" message="Real services unavailable: Required services not available:&#10;PostgreSQL: PostgreSQL not available: Multiple exceptions: [Errno 61] Connect call failed ('::1', 5434, 0, 0), [Errno 61] Connect call failed ('127.0.0.1', 5434)&#10;Redis: Redis not available: Error Multiple exceptions: [Errno 61] Connect call failed ('::1', 6381, 0, 0), [Errno 61] Connect call failed ('127.0.0.1', 6381) connecting to localhost:6381.&#10;ClickHouse: ClickHouse not available: Code: 210. Connection refused (localhost:9002)">/Users/anthony/Documents/GitHub/netra-apex/auth_service/tests/unit/test_refresh_endpoint.py:107: Real services unavailable: Required services not available:
PostgreSQL: PostgreSQL not available: Multiple exceptions: [Errno 61] Connect call failed ('::1', 5434, 0, 0), [Errno 61] Connect call failed ('127.0.0.1', 5434)
Redis: Redis not available: Error Multiple exceptions: [Errno 61] Connect call failed ('::1', 6381, 0, 0), [Errno 61] Connect call failed ('127.0.0.1', 6381) connecting to localhost:6381.
ClickHouse: ClickHouse not available: Code: 210. Connection refused (localhost:9002)</skipped></testcase><testcase classname="tests.unit.test_refresh_endpoint.TestRefreshEndpointUnit" name="test_refresh_with_invalid_token" time="0.000"><skipped type="pytest.skip" message="Real services unavailable: Required services not available:&#10;PostgreSQL: PostgreSQL not available: Multiple exceptions: [Errno 61] Connect call failed ('::1', 5434, 0, 0), [Errno 61] Connect call failed ('127.0.0.1', 5434)&#10;Redis: Redis not available: Error Multiple exceptions: [Errno 61] Connect call failed ('::1', 6381, 0, 0), [Errno 61] Connect call failed ('127.0.0.1', 6381) connecting to localhost:6381.&#10;ClickHouse: ClickHouse not available: Code: 210. Connection refused (localhost:9002)">/Users/anthony/Documents/GitHub/netra-apex/auth_service/tests/unit/test_refresh_endpoint.py:119: Real services unavailable: Required services not available:
PostgreSQL: PostgreSQL not available: Multiple exceptions: [Errno 61] Connect call failed ('::1', 5434, 0, 0), [Errno 61] Connect call failed ('127.0.0.1', 5434)
Redis: Redis not available: Error Multiple exceptions: [Errno 61] Connect call failed ('::1', 6381, 0, 0), [Errno 61] Connect call failed ('127.0.0.1', 6381) connecting to localhost:6381.
ClickHouse: ClickHouse not available: Code: 210. Connection refused (localhost:9002)</skipped></testcase><testcase classname="tests.unit.test_refresh_endpoint.TestRefreshEndpointUnit" name="test_refresh_with_service_error" time="0.002"><skipped type="pytest.skip" message="Real services unavailable: Required services not available:&#10;PostgreSQL: PostgreSQL not available: Multiple exceptions: [Errno 61] Connect call failed ('::1', 5434, 0, 0), [Errno 61] Connect call failed ('127.0.0.1', 5434)&#10;Redis: Redis not available: Error Multiple exceptions: [Errno 61] Connect call failed ('::1', 6381, 0, 0), [Errno 61] Connect call failed ('127.0.0.1', 6381) connecting to localhost:6381.&#10;ClickHouse: ClickHouse not available: Code: 210. Connection refused (localhost:9002)">/Users/anthony/Documents/GitHub/netra-apex/auth_service/tests/unit/test_refresh_endpoint.py:132: Real services unavailable: Required services not available:
PostgreSQL: PostgreSQL not available: Multiple exceptions: [Errno 61] Connect call failed ('::1', 5434, 0, 0), [Errno 61] Connect call failed ('127.0.0.1', 5434)
Redis: Redis not available: Error Multiple exceptions: [Errno 61] Connect call failed ('::1', 6381, 0, 0), [Errno 61] Connect call failed ('127.0.0.1', 6381) connecting to localhost:6381.
ClickHouse: ClickHouse not available: Code: 210. Connection refused (localhost:9002)</skipped></testcase></testsuite></testsuites>