<?xml version="1.0" encoding="utf-8"?><testsuites name="pytest tests"><testsuite name="pytest" errors="0" failures="0" skipped="0" tests="0" time="0.852" timestamp="2025-09-08T22:53:01.399368-07:00" hostname="Anthony"><testcase time="0.611" /></testsuite></testsuites>