<?xml version="1.0" encoding="utf-8"?><testsuites name="pytest tests"><testsuite name="pytest" errors="1" failures="0" skipped="1" tests="2" time="5.145" timestamp="2025-09-09T10:44:25.747352-07:00" hostname="Anthony"><testcase classname="" name="tests.test_auth_real_services_comprehensive" time="0.000"><skipped message="collection skipped">('C:\\Users\\antho\\OneDrive\\Desktop\\Netra\\netra-core-generation-1\\auth_service\\tests\\test_auth_real_services_comprehensive.py', 51, 'Skipped: Test framework functions have been removed')</skipped></testcase><testcase classname="" name="tests.unit.golden_path.test_auth_service_business_logic" time="0.000"><error message="collection failure">ImportError while importing test module 'C:\Users\antho\OneDrive\Desktop\Netra\netra-core-generation-1\auth_service\tests\unit\golden_path\test_auth_service_business_logic.py'.
Hint: make sure your test modules/packages have valid Python names.
Traceback:
..\..\..\..\AppData\Roaming\Python\Python312\site-packages\_pytest\python.py:498: in importtestmodule
    mod = import_path(
..\..\..\..\AppData\Roaming\Python\Python312\site-packages\_pytest\pathlib.py:587: in import_path
    importlib.import_module(module_name)
..\..\..\..\miniconda3\Lib\importlib\__init__.py:90: in import_module
    return _bootstrap._gcd_import(name[level:], package, level)
           ^^^^^^^^^^^^^^^^^^^^^^^^^^^^^^^^^^^^^^^^^^^^^^^^^^^^
&lt;frozen importlib._bootstrap&gt;:1387: in _gcd_import
    ???
&lt;frozen importlib._bootstrap&gt;:1360: in _find_and_load
    ???
&lt;frozen importlib._bootstrap&gt;:1331: in _find_and_load_unlocked
    ???
&lt;frozen importlib._bootstrap&gt;:935: in _load_unlocked
    ???
..\..\..\..\AppData\Roaming\Python\Python312\site-packages\_pytest\assertion\rewrite.py:186: in exec_module
    exec(co, module.__dict__)
auth_service\tests\unit\golden_path\test_auth_service_business_logic.py:23: in &lt;module&gt;
    from auth_service.app.services.auth_service import AuthService
E   ModuleNotFoundError: No module named 'auth_service.app'</error></testcase></testsuite></testsuites>