<?xml version="1.0" encoding="utf-8"?><testsuites name="pytest tests"><testsuite name="pytest" errors="1" failures="0" skipped="0" tests="1" time="3.200" timestamp="2025-09-07T10:46:30.560559-07:00" hostname="Anthony"><testcase classname="" name="tests.unit.test_database_models_comprehensive" time="0.000"><error message="collection failure">'real_services' not found in `markers` configuration option</error></testcase></testsuite></testsuites>