<?xml version="1.0" encoding="utf-8"?><testsuites name="pytest tests"><testsuite name="pytest" errors="0" failures="0" skipped="0" tests="0" time="8.194" timestamp="2025-09-07T06:02:56.264301-07:00" hostname="Anthony" /></testsuites>