<?xml version="1.0" encoding="utf-8"?><testsuites name="pytest tests"><testsuite name="pytest" errors="0" failures="4" skipped="0" tests="158" time="41.625" timestamp="2025-09-05T14:49:32.936008-07:00" hostname="Anthony"><testcase classname="tests.e2e.staging.test_10_critical_path_staging.TestCriticalPathStaging" name="test_basic_functionality" time="0.802" /><testcase classname="tests.e2e.staging.test_10_critical_path_staging.TestCriticalPathStaging" name="test_critical_api_endpoints" time="0.710" /><testcase classname="tests.e2e.staging.test_10_critical_path_staging.TestCriticalPathStaging" name="test_end_to_end_message_flow" time="0.001" /><testcase classname="tests.e2e.staging.test_10_critical_path_staging.TestCriticalPathStaging" name="test_critical_performance_targets" time="0.001" /><testcase classname="tests.e2e.staging.test_10_critical_path_staging.TestCriticalPathStaging" name="test_critical_error_handling" time="0.001" /><testcase classname="tests.e2e.staging.test_10_critical_path_staging.TestCriticalPathStaging" name="test_business_critical_features" time="0.001" /><testcase classname="tests.e2e.staging.test_1_websocket_events_staging.TestWebSocketEventsStaging" name="test_health_check" time="0.769" /><testcase classname="tests.e2e.staging.test_1_websocket_events_staging.TestWebSocketEventsStaging" name="test_websocket_connection" time="0.428" /><testcase classname="tests.e2e.staging.test_1_websocket_events_staging.TestWebSocketEventsStaging" name="test_api_endpoints_for_agents" time="0.514" /><testcase classname="tests.e2e.staging.test_1_websocket_events_staging.TestWebSocketEventsStaging" name="test_websocket_event_simulation" time="0.001" /><testcase classname="tests.e2e.staging.test_1_websocket_events_staging.TestWebSocketEventsStaging" name="test_concurrent_connections" time="1.308" /><testcase classname="tests.e2e.staging.test_2_message_flow_staging.TestMessageFlowStaging" name="test_message_endpoints" time="0.804" /><testcase classname="tests.e2e.staging.test_2_message_flow_staging.TestMessageFlowStaging" name="test_message_structure_validation" time="0.001" /><testcase classname="tests.e2e.staging.test_2_message_flow_staging.TestMessageFlowStaging" name="test_message_flow_simulation" time="0.001" /><testcase classname="tests.e2e.staging.test_2_message_flow_staging.TestMessageFlowStaging" name="test_thread_management" time="0.001" /><testcase classname="tests.e2e.staging.test_2_message_flow_staging.TestMessageFlowStaging" name="test_error_message_handling" time="0.001" /><testcase classname="tests.e2e.staging.test_3_agent_pipeline_staging.TestAgentPipelineStaging" name="test_agent_discovery" time="0.679" /><testcase classname="tests.e2e.staging.test_3_agent_pipeline_staging.TestAgentPipelineStaging" name="test_agent_configuration" time="0.332" /><testcase classname="tests.e2e.staging.test_3_agent_pipeline_staging.TestAgentPipelineStaging" name="test_pipeline_stages" time="0.001" /><testcase classname="tests.e2e.staging.test_3_agent_pipeline_staging.TestAgentPipelineStaging" name="test_agent_lifecycle" time="0.001" /><testcase classname="tests.e2e.staging.test_3_agent_pipeline_staging.TestAgentPipelineStaging" name="test_pipeline_error_handling" time="0.001" /><testcase classname="tests.e2e.staging.test_3_agent_pipeline_staging.TestAgentPipelineStaging" name="test_pipeline_metrics" time="0.001" /><testcase classname="tests.e2e.staging.test_4_agent_orchestration_staging.TestAgentOrchestrationStaging" name="test_basic_functionality" time="0.671" /><testcase classname="tests.e2e.staging.test_4_agent_orchestration_staging.TestAgentOrchestrationStaging" name="test_agent_discovery_and_listing" time="0.362" /><testcase classname="tests.e2e.staging.test_4_agent_orchestration_staging.TestAgentOrchestrationStaging" name="test_orchestration_workflow_states" time="0.001" /><testcase classname="tests.e2e.staging.test_4_agent_orchestration_staging.TestAgentOrchestrationStaging" name="test_agent_communication_patterns" time="0.001" /><testcase classname="tests.e2e.staging.test_4_agent_orchestration_staging.TestAgentOrchestrationStaging" name="test_orchestration_error_scenarios" time="0.001" /><testcase classname="tests.e2e.staging.test_4_agent_orchestration_staging.TestAgentOrchestrationStaging" name="test_multi_agent_coordination_metrics" time="0.001" /><testcase classname="tests.e2e.staging.test_5_response_streaming_staging.TestResponseStreamingStaging" name="test_basic_functionality" time="0.710" /><testcase classname="tests.e2e.staging.test_5_response_streaming_staging.TestResponseStreamingStaging" name="test_streaming_protocols" time="0.001" /><testcase classname="tests.e2e.staging.test_5_response_streaming_staging.TestResponseStreamingStaging" name="test_chunk_handling" time="0.001" /><testcase classname="tests.e2e.staging.test_5_response_streaming_staging.TestResponseStreamingStaging" name="test_streaming_performance_metrics" time="0.001" /><testcase classname="tests.e2e.staging.test_5_response_streaming_staging.TestResponseStreamingStaging" name="test_backpressure_handling" time="0.001" /><testcase classname="tests.e2e.staging.test_5_response_streaming_staging.TestResponseStreamingStaging" name="test_stream_recovery" time="0.001" /><testcase classname="tests.e2e.staging.test_6_failure_recovery_staging.TestFailureRecoveryStaging" name="test_basic_functionality" time="0.742" /><testcase classname="tests.e2e.staging.test_6_failure_recovery_staging.TestFailureRecoveryStaging" name="test_failure_detection" time="0.001" /><testcase classname="tests.e2e.staging.test_6_failure_recovery_staging.TestFailureRecoveryStaging" name="test_retry_strategies" time="0.002"><failure message="AssertionError: assert ('delay' in {'base_delay': 2, 'jitter_range': 1} or 'initial_delay' in {'base_delay': 2, 'jitter_range': 1})">..\staging_test_base.py:160: in wrapper
    return await func(*args, **kwargs)
           ^^^^^^^^^^^^^^^^^^^^^^^^^^^
test_6_failure_recovery_staging.py:56: in test_retry_strategies
    assert "delay" in config or "initial_delay" in config
E   AssertionError: assert ('delay' in {'base_delay': 2, 'jitter_range': 1} or 'initial_delay' in {'base_delay': 2, 'jitter_range': 1})</failure></testcase><testcase classname="tests.e2e.staging.test_6_failure_recovery_staging.TestFailureRecoveryStaging" name="test_circuit_breaker" time="0.002" /><testcase classname="tests.e2e.staging.test_6_failure_recovery_staging.TestFailureRecoveryStaging" name="test_graceful_degradation" time="0.001" /><testcase classname="tests.e2e.staging.test_6_failure_recovery_staging.TestFailureRecoveryStaging" name="test_recovery_metrics" time="0.001" /><testcase classname="tests.e2e.staging.test_7_startup_resilience_staging.TestStartupResilienceStaging" name="test_basic_functionality" time="0.761" /><testcase classname="tests.e2e.staging.test_7_startup_resilience_staging.TestStartupResilienceStaging" name="test_startup_sequence" time="0.002" /><testcase classname="tests.e2e.staging.test_7_startup_resilience_staging.TestStartupResilienceStaging" name="test_dependency_validation" time="0.002" /><testcase classname="tests.e2e.staging.test_7_startup_resilience_staging.TestStartupResilienceStaging" name="test_cold_start_performance" time="0.001" /><testcase classname="tests.e2e.staging.test_7_startup_resilience_staging.TestStartupResilienceStaging" name="test_startup_failure_handling" time="0.002" /><testcase classname="tests.e2e.staging.test_7_startup_resilience_staging.TestStartupResilienceStaging" name="test_health_check_endpoints" time="0.402" /><testcase classname="tests.e2e.staging.test_8_lifecycle_events_staging.TestLifecycleEventsStaging" name="test_basic_functionality" time="0.716" /><testcase classname="tests.e2e.staging.test_8_lifecycle_events_staging.TestLifecycleEventsStaging" name="test_event_types" time="0.001" /><testcase classname="tests.e2e.staging.test_8_lifecycle_events_staging.TestLifecycleEventsStaging" name="test_event_sequencing" time="0.001" /><testcase classname="tests.e2e.staging.test_8_lifecycle_events_staging.TestLifecycleEventsStaging" name="test_event_metadata" time="0.002" /><testcase classname="tests.e2e.staging.test_8_lifecycle_events_staging.TestLifecycleEventsStaging" name="test_event_filtering" time="0.001" /><testcase classname="tests.e2e.staging.test_8_lifecycle_events_staging.TestLifecycleEventsStaging" name="test_event_persistence" time="0.001" /><testcase classname="tests.e2e.staging.test_9_coordination_staging.TestCoordinationStaging" name="test_basic_functionality" time="0.657" /><testcase classname="tests.e2e.staging.test_9_coordination_staging.TestCoordinationStaging" name="test_coordination_patterns" time="0.001" /><testcase classname="tests.e2e.staging.test_9_coordination_staging.TestCoordinationStaging" name="test_task_distribution" time="0.001" /><testcase classname="tests.e2e.staging.test_9_coordination_staging.TestCoordinationStaging" name="test_synchronization_primitives" time="0.001" /><testcase classname="tests.e2e.staging.test_9_coordination_staging.TestCoordinationStaging" name="test_consensus_mechanisms" time="0.002" /><testcase classname="tests.e2e.staging.test_9_coordination_staging.TestCoordinationStaging" name="test_coordination_metrics" time="0.001" /><testcase classname="tests.e2e.staging.test_priority1_critical.TestCriticalWebSocket" name="test_001_websocket_connection" time="0.321" /><testcase classname="tests.e2e.staging.test_priority1_critical.TestCriticalWebSocket" name="test_002_websocket_authentication" time="0.563" /><testcase classname="tests.e2e.staging.test_priority1_critical.TestCriticalWebSocket" name="test_003_websocket_message_send" time="0.001" /><testcase classname="tests.e2e.staging.test_priority1_critical.TestCriticalWebSocket" name="test_004_websocket_message_receive" time="0.001" /><testcase classname="tests.e2e.staging.test_priority1_critical.TestCriticalAgent" name="test_005_agent_startup" time="0.318" /><testcase classname="tests.e2e.staging.test_priority1_critical.TestCriticalAgent" name="test_006_agent_execution" time="0.001" /><testcase classname="tests.e2e.staging.test_priority1_critical.TestCriticalAgent" name="test_007_agent_response" time="0.001" /><testcase classname="tests.e2e.staging.test_priority1_critical.TestCriticalAgent" name="test_008_agent_streaming" time="0.001" /><testcase classname="tests.e2e.staging.test_priority1_critical.TestCriticalAgent" name="test_009_agent_completion" time="0.001" /><testcase classname="tests.e2e.staging.test_priority1_critical.TestCriticalAgent" name="test_010_tool_execution" time="0.001" /><testcase classname="tests.e2e.staging.test_priority1_critical.TestCriticalAgent" name="test_011_tool_results" time="0.001" /><testcase classname="tests.e2e.staging.test_priority1_critical.TestCriticalMessaging" name="test_012_message_persistence" time="0.001" /><testcase classname="tests.e2e.staging.test_priority1_critical.TestCriticalMessaging" name="test_013_thread_creation" time="0.001" /><testcase classname="tests.e2e.staging.test_priority1_critical.TestCriticalMessaging" name="test_014_thread_switching" time="0.002" /><testcase classname="tests.e2e.staging.test_priority1_critical.TestCriticalMessaging" name="test_015_thread_history" time="0.355" /><testcase classname="tests.e2e.staging.test_priority1_critical.TestCriticalMessaging" name="test_016_user_context_isolation" time="0.001" /><testcase classname="tests.e2e.staging.test_priority1_critical.TestCriticalScalability" name="test_017_concurrent_users" time="0.001" /><testcase classname="tests.e2e.staging.test_priority1_critical.TestCriticalScalability" name="test_018_rate_limiting" time="0.330" /><testcase classname="tests.e2e.staging.test_priority1_critical.TestCriticalScalability" name="test_019_error_messages" time="0.001" /><testcase classname="tests.e2e.staging.test_priority1_critical.TestCriticalScalability" name="test_020_reconnection" time="0.003" /><testcase classname="tests.e2e.staging.test_priority1_critical.TestCriticalScalability" name="test_021_session_persistence" time="0.001" /><testcase classname="tests.e2e.staging.test_priority1_critical.TestCriticalUserExperience" name="test_022_agent_cancellation" time="0.001" /><testcase classname="tests.e2e.staging.test_priority1_critical.TestCriticalUserExperience" name="test_023_partial_results" time="0.001" /><testcase classname="tests.e2e.staging.test_priority1_critical.TestCriticalUserExperience" name="test_024_message_ordering" time="0.002" /><testcase classname="tests.e2e.staging.test_priority1_critical.TestCriticalUserExperience" name="test_025_event_delivery" time="0.338" /><testcase classname="tests.e2e.staging.test_priority2_high.TestHighAuthentication" name="test_026_jwt_authentication" time="0.305" /><testcase classname="tests.e2e.staging.test_priority2_high.TestHighAuthentication" name="test_027_oauth_google_login" time="0.301" /><testcase classname="tests.e2e.staging.test_priority2_high.TestHighAuthentication" name="test_028_token_refresh" time="0.001" /><testcase classname="tests.e2e.staging.test_priority2_high.TestHighAuthentication" name="test_029_token_expiry" time="0.001" /><testcase classname="tests.e2e.staging.test_priority2_high.TestHighAuthentication" name="test_030_logout_flow" time="0.323" /><testcase classname="tests.e2e.staging.test_priority2_high.TestHighSecurity" name="test_031_session_security" time="0.001" /><testcase classname="tests.e2e.staging.test_priority2_high.TestHighSecurity" name="test_032_cors_configuration" time="0.310" /><testcase classname="tests.e2e.staging.test_priority2_high.TestHighSecurity" name="test_033_api_authentication" time="0.309" /><testcase classname="tests.e2e.staging.test_priority2_high.TestHighSecurity" name="test_034_permission_checks" time="0.001" /><testcase classname="tests.e2e.staging.test_priority2_high.TestHighSecurity" name="test_035_data_encryption" time="0.001" /><testcase classname="tests.e2e.staging.test_priority2_high.TestHighSecurityAdvanced" name="test_036_secure_websocket" time="0.024" /><testcase classname="tests.e2e.staging.test_priority2_high.TestHighSecurityAdvanced" name="test_037_input_sanitization" time="0.001"><failure message="assert ('javascript:' not in &quot;javascript:alert('xss')&quot;&#10;  &#10;  'javascript:' is contained here:&#10;    javascript:alert('xss') or &quot;javascript:alert('xss')&quot; != &quot;javascript:alert('xss')&quot;)">test_priority2_high.py:247: in test_037_input_sanitization
    assert "javascript:" not in sanitized or sanitized != malicious_input
E   assert ('javascript:' not in "javascript:alert('xss')"
E     
E     'javascript:' is contained here:
E       javascript:alert('xss') or "javascript:alert('xss')" != "javascript:alert('xss')")</failure></testcase><testcase classname="tests.e2e.staging.test_priority2_high.TestHighSecurityAdvanced" name="test_038_sql_injection_prevention" time="0.001" /><testcase classname="tests.e2e.staging.test_priority2_high.TestHighSecurityAdvanced" name="test_039_rate_limit_security" time="0.332" /><testcase classname="tests.e2e.staging.test_priority2_high.TestHighSecurityAdvanced" name="test_040_audit_logging" time="0.001" /><testcase classname="tests.e2e.staging.test_priority3_medium_high.TestMediumHighOrchestration" name="test_041_multi_agent_workflow" time="0.318" /><testcase classname="tests.e2e.staging.test_priority3_medium_high.TestMediumHighOrchestration" name="test_042_agent_handoff" time="0.001" /><testcase classname="tests.e2e.staging.test_priority3_medium_high.TestMediumHighOrchestration" name="test_043_parallel_agent_execution" time="0.001" /><testcase classname="tests.e2e.staging.test_priority3_medium_high.TestMediumHighOrchestration" name="test_044_sequential_agent_chain" time="0.002" /><testcase classname="tests.e2e.staging.test_priority3_medium_high.TestMediumHighOrchestration" name="test_045_agent_dependencies" time="0.001" /><testcase classname="tests.e2e.staging.test_priority3_medium_high.TestMediumHighCommunication" name="test_046_agent_communication" time="0.001" /><testcase classname="tests.e2e.staging.test_priority3_medium_high.TestMediumHighCommunication" name="test_047_workflow_branching" time="0.001" /><testcase classname="tests.e2e.staging.test_priority3_medium_high.TestMediumHighCommunication" name="test_048_workflow_loops" time="0.001" /><testcase classname="tests.e2e.staging.test_priority3_medium_high.TestMediumHighCommunication" name="test_049_agent_timeout" time="0.001" /><testcase classname="tests.e2e.staging.test_priority3_medium_high.TestMediumHighCommunication" name="test_050_agent_retry" time="0.001" /><testcase classname="tests.e2e.staging.test_priority3_medium_high.TestMediumHighResilience" name="test_051_agent_fallback" time="0.001" /><testcase classname="tests.e2e.staging.test_priority3_medium_high.TestMediumHighResilience" name="test_052_resource_allocation" time="0.001" /><testcase classname="tests.e2e.staging.test_priority3_medium_high.TestMediumHighResilience" name="test_053_priority_scheduling" time="0.001" /><testcase classname="tests.e2e.staging.test_priority3_medium_high.TestMediumHighResilience" name="test_054_load_balancing" time="0.001" /><testcase classname="tests.e2e.staging.test_priority3_medium_high.TestMediumHighResilience" name="test_055_agent_monitoring" time="0.333" /><testcase classname="tests.e2e.staging.test_priority4_medium.TestMediumPerformance" name="test_056_response_time_p50" time="0.653" /><testcase classname="tests.e2e.staging.test_priority4_medium.TestMediumPerformance" name="test_057_response_time_p95" time="0.679" /><testcase classname="tests.e2e.staging.test_priority4_medium.TestMediumPerformance" name="test_058_response_time_p99" time="0.689" /><testcase classname="tests.e2e.staging.test_priority4_medium.TestMediumPerformance" name="test_059_throughput" time="0.001" /><testcase classname="tests.e2e.staging.test_priority4_medium.TestMediumPerformance" name="test_060_concurrent_connections" time="0.001" /><testcase classname="tests.e2e.staging.test_priority4_medium.TestMediumResources" name="test_061_memory_usage" time="0.001" /><testcase classname="tests.e2e.staging.test_priority4_medium.TestMediumResources" name="test_062_cpu_usage" time="0.001" /><testcase classname="tests.e2e.staging.test_priority4_medium.TestMediumResources" name="test_063_database_connection_pool" time="0.001" /><testcase classname="tests.e2e.staging.test_priority4_medium.TestMediumResources" name="test_064_cache_hit_rate" time="0.001" /><testcase classname="tests.e2e.staging.test_priority4_medium.TestMediumResources" name="test_065_cold_start" time="0.352" /><testcase classname="tests.e2e.staging.test_priority4_medium.TestMediumReliability" name="test_066_warm_start" time="0.432" /><testcase classname="tests.e2e.staging.test_priority4_medium.TestMediumReliability" name="test_067_graceful_shutdown" time="0.001" /><testcase classname="tests.e2e.staging.test_priority4_medium.TestMediumReliability" name="test_068_circuit_breaker" time="0.001" /><testcase classname="tests.e2e.staging.test_priority4_medium.TestMediumReliability" name="test_069_retry_backoff" time="0.001" /><testcase classname="tests.e2e.staging.test_priority4_medium.TestMediumReliability" name="test_070_connection_pooling" time="0.001" /><testcase classname="tests.e2e.staging.test_priority5_medium_low.TestMediumLowStorage" name="test_071_message_storage" time="0.001" /><testcase classname="tests.e2e.staging.test_priority5_medium_low.TestMediumLowStorage" name="test_072_thread_storage" time="0.001" /><testcase classname="tests.e2e.staging.test_priority5_medium_low.TestMediumLowStorage" name="test_073_user_profile_storage" time="0.002" /><testcase classname="tests.e2e.staging.test_priority5_medium_low.TestMediumLowStorage" name="test_074_file_upload" time="0.001" /><testcase classname="tests.e2e.staging.test_priority5_medium_low.TestMediumLowStorage" name="test_075_file_retrieval" time="0.001" /><testcase classname="tests.e2e.staging.test_priority5_medium_low.TestMediumLowDataOps" name="test_076_data_export" time="0.001" /><testcase classname="tests.e2e.staging.test_priority5_medium_low.TestMediumLowDataOps" name="test_077_data_import" time="0.001" /><testcase classname="tests.e2e.staging.test_priority5_medium_low.TestMediumLowDataOps" name="test_078_backup_creation" time="0.001" /><testcase classname="tests.e2e.staging.test_priority5_medium_low.TestMediumLowDataOps" name="test_079_backup_restoration" time="0.001" /><testcase classname="tests.e2e.staging.test_priority5_medium_low.TestMediumLowDataOps" name="test_080_data_retention" time="0.001" /><testcase classname="tests.e2e.staging.test_priority5_medium_low.TestMediumLowCompliance" name="test_081_data_deletion" time="0.001" /><testcase classname="tests.e2e.staging.test_priority5_medium_low.TestMediumLowCompliance" name="test_082_search_functionality" time="0.001" /><testcase classname="tests.e2e.staging.test_priority5_medium_low.TestMediumLowCompliance" name="test_083_filtering" time="0.001" /><testcase classname="tests.e2e.staging.test_priority5_medium_low.TestMediumLowCompliance" name="test_084_pagination" time="0.001" /><testcase classname="tests.e2e.staging.test_priority5_medium_low.TestMediumLowCompliance" name="test_085_sorting" time="0.001" /><testcase classname="tests.e2e.staging.test_priority6_low.TestLowMonitoring" name="test_086_health_endpoint" time="0.314" /><testcase classname="tests.e2e.staging.test_priority6_low.TestLowMonitoring" name="test_087_metrics_endpoint" time="0.334" /><testcase classname="tests.e2e.staging.test_priority6_low.TestLowMonitoring" name="test_088_logging_pipeline" time="0.002" /><testcase classname="tests.e2e.staging.test_priority6_low.TestLowMonitoring" name="test_089_distributed_tracing" time="0.001" /><testcase classname="tests.e2e.staging.test_priority6_low.TestLowMonitoring" name="test_090_error_tracking" time="0.001" /><testcase classname="tests.e2e.staging.test_priority6_low.TestLowPerformanceMonitoring" name="test_091_performance_monitoring" time="0.001"><failure message="assert 0.020000000000000018 &lt; 0.01&#10; +  where 0.020000000000000018 = abs((0.97 - 0.95))">test_priority6_low.py:162: in test_091_performance_monitoring
    assert abs(apdex - performance["apdex_score"]) &lt; 0.01
E   assert 0.020000000000000018 &lt; 0.01
E    +  where 0.020000000000000018 = abs((0.97 - 0.95))</failure></testcase><testcase classname="tests.e2e.staging.test_priority6_low.TestLowPerformanceMonitoring" name="test_092_alerting" time="0.001" /><testcase classname="tests.e2e.staging.test_priority6_low.TestLowPerformanceMonitoring" name="test_093_dashboard_data" time="0.001" /><testcase classname="tests.e2e.staging.test_priority6_low.TestLowPerformanceMonitoring" name="test_094_api_documentation" time="0.415" /><testcase classname="tests.e2e.staging.test_priority6_low.TestLowPerformanceMonitoring" name="test_095_version_endpoint" time="0.477" /><testcase classname="tests.e2e.staging.test_priority6_low.TestLowOperational" name="test_096_feature_flags" time="0.001"><failure message="KeyError: 'rollout_percentage'">test_priority6_low.py:304: in test_096_feature_flags
    assert 0 &lt;= config["rollout_percentage"] &lt;= 100
                ^^^^^^^^^^^^^^^^^^^^^^^^^^^^
E   KeyError: 'rollout_percentage'</failure></testcase><testcase classname="tests.e2e.staging.test_priority6_low.TestLowOperational" name="test_097_a_b_testing" time="0.001" /><testcase classname="tests.e2e.staging.test_priority6_low.TestLowOperational" name="test_098_analytics_events" time="0.001" /><testcase classname="tests.e2e.staging.test_priority6_low.TestLowOperational" name="test_099_compliance_reporting" time="0.001" /><testcase classname="tests.e2e.staging.test_priority6_low.TestLowOperational" name="test_100_system_diagnostics" time="0.330" /></testsuite></testsuites>