<?xml version="1.0" encoding="utf-8"?><testsuites name="pytest tests"><testsuite name="pytest" errors="0" failures="0" skipped="0" tests="8" time="7.832" timestamp="2025-08-29T22:02:14.968333-07:00" hostname="Anthony"><testcase classname="tests.critical.test_oauth_configuration_missing_staging_regression.TestOAuthConfigurationMissingRegression" name="test_google_oauth_client_id_missing_staging_regression" time="0.432" /><testcase classname="tests.critical.test_oauth_configuration_missing_staging_regression.TestOAuthConfigurationMissingRegression" name="test_google_oauth_client_secret_missing_staging_regression" time="0.007" /><testcase classname="tests.critical.test_oauth_configuration_missing_staging_regression.TestOAuthConfigurationMissingRegression" name="test_oauth_provider_initialization_failure_regression" time="0.010" /><testcase classname="tests.critical.test_oauth_configuration_missing_staging_regression.TestOAuthConfigurationMissingRegression" name="test_oauth_provider_with_proper_staging_credentials" time="0.013" /><testcase classname="tests.critical.test_oauth_configuration_missing_staging_regression.TestOAuthConfigurationMissingRegression" name="test_oauth_manager_integration_with_staging_credentials" time="0.011" /><testcase classname="tests.critical.test_oauth_configuration_missing_staging_regression.TestOAuthServiceIntegrationRegression" name="test_auth_service_oauth_providers_availability" time="0.009" /><testcase classname="tests.critical.test_oauth_configuration_missing_staging_regression.TestOAuthServiceIntegrationRegression" name="test_oauth_login_flow_functional_with_credentials" time="0.009" /><testcase classname="tests.critical.test_oauth_configuration_missing_staging_regression.TestOAuthServiceIntegrationRegression" name="test_oauth_callback_handling_with_credentials" time="0.011" /></testsuite></testsuites>