<?xml version="1.0" encoding="utf-8"?><testsuites name="pytest tests"><testsuite name="pytest" errors="55" failures="218" skipped="0" tests="1162" time="46.440" timestamp="2025-09-07T21:50:37.283849-07:00" hostname="Anthony"><testcase classname="tests.unit.test_auth_config_comprehensive.TestAuthConfigBasics" name="test_get_environment" time="0.134" /><testcase classname="tests.unit.test_auth_config_comprehensive.TestAuthConfigBasics" name="test_get_jwt_secret" time="0.000" /><testcase classname="tests.unit.test_auth_config_comprehensive.TestAuthConfigBasics" name="test_get_jwt_algorithm" time="0.000" /><testcase classname="tests.unit.test_auth_config_comprehensive.TestAuthConfigBasics" name="test_get_jwt_access_expiry_minutes" time="0.000" /><testcase classname="tests.unit.test_auth_config_comprehensive.TestAuthConfigBasics" name="test_get_jwt_refresh_expiry_days" time="0.000" /><testcase classname="tests.unit.test_auth_config_comprehensive.TestAuthConfigBasics" name="test_get_jwt_service_expiry_minutes" time="0.000" /><testcase classname="tests.unit.test_auth_config_comprehensive.TestAuthConfigBasics" name="test_get_service_secret" time="0.000" /><testcase classname="tests.unit.test_auth_config_comprehensive.TestAuthConfigBasics" name="test_get_service_id" time="0.000" /><testcase classname="tests.unit.test_auth_config_comprehensive.TestAuthConfigBasics" name="test_get_database_url" time="0.001" /><testcase classname="tests.unit.test_auth_config_comprehensive.TestAuthConfigBasics" name="test_get_redis_url" time="0.000" /><testcase classname="tests.unit.test_auth_config_comprehensive.TestAuthConfigBasics" name="test_get_cors_origins" time="0.000" /><testcase classname="tests.unit.test_auth_config_comprehensive.TestAuthConfigBasics" name="test_get_api_base_url" time="0.000" /><testcase classname="tests.unit.test_auth_config_comprehensive.TestAuthConfigBasics" name="test_get_frontend_url" time="0.000" /><testcase classname="tests.unit.test_auth_config_comprehensive.TestAuthConfigBasics" name="test_is_development" time="0.000" /><testcase classname="tests.unit.test_auth_config_comprehensive.TestAuthConfigBasics" name="test_is_production" time="0.000" /><testcase classname="tests.unit.test_auth_config_comprehensive.TestAuthConfigBasics" name="test_is_test" time="0.000" /><testcase classname="tests.unit.test_auth_config_comprehensive.TestAuthConfigGoogleOAuth" name="test_get_google_client_id" time="0.000" /><testcase classname="tests.unit.test_auth_config_comprehensive.TestAuthConfigGoogleOAuth" name="test_get_google_client_secret" time="0.000" /><testcase classname="tests.unit.test_auth_config_comprehensive.TestAuthConfigGoogleOAuth" name="test_google_oauth_enabled" time="0.000" /><testcase classname="tests.unit.test_auth_config_comprehensive.TestAuthConfigGoogleOAuth" name="test_get_google_oauth_redirect_uri" time="0.000" /><testcase classname="tests.unit.test_auth_config_comprehensive.TestAuthConfigGoogleOAuth" name="test_get_google_oauth_scopes" time="0.000" /><testcase classname="tests.unit.test_auth_config_comprehensive.TestAuthConfigDatabase" name="test_get_database_host" time="0.000" /><testcase classname="tests.unit.test_auth_config_comprehensive.TestAuthConfigDatabase" name="test_get_database_port" time="0.000" /><testcase classname="tests.unit.test_auth_config_comprehensive.TestAuthConfigDatabase" name="test_get_database_name" time="0.000" /><testcase classname="tests.unit.test_auth_config_comprehensive.TestAuthConfigDatabase" name="test_get_database_user" time="0.000" /><testcase classname="tests.unit.test_auth_config_comprehensive.TestAuthConfigDatabase" name="test_get_database_password" time="0.000" /><testcase classname="tests.unit.test_auth_config_comprehensive.TestAuthConfigDatabase" name="test_get_database_pool_size" time="0.000" /><testcase classname="tests.unit.test_auth_config_comprehensive.TestAuthConfigDatabase" name="test_get_database_max_overflow" time="0.000" /><testcase classname="tests.unit.test_auth_config_comprehensive.TestAuthConfigDatabase" name="test_use_sqlite_in_test" time="0.000" /><testcase classname="tests.unit.test_auth_config_comprehensive.TestAuthConfigRedis" name="test_get_redis_host" time="0.000" /><testcase classname="tests.unit.test_auth_config_comprehensive.TestAuthConfigRedis" name="test_get_redis_port" time="0.000" /><testcase classname="tests.unit.test_auth_config_comprehensive.TestAuthConfigRedis" name="test_get_redis_db" time="0.000" /><testcase classname="tests.unit.test_auth_config_comprehensive.TestAuthConfigRedis" name="test_get_redis_password" time="0.000" /><testcase classname="tests.unit.test_auth_config_comprehensive.TestAuthConfigRedis" name="test_redis_enabled" time="0.000" /><testcase classname="tests.unit.test_auth_config_comprehensive.TestAuthConfigRedis" name="test_redis_disabled_in_test" time="0.000" /><testcase classname="tests.unit.test_auth_config_comprehensive.TestAuthConfigRedis" name="test_get_redis_ttl" time="0.000" /><testcase classname="tests.unit.test_auth_config_comprehensive.TestAuthConfigSecurity" name="test_get_bcrypt_rounds" time="0.000" /><testcase classname="tests.unit.test_auth_config_comprehensive.TestAuthConfigSecurity" name="test_get_password_min_length" time="0.000" /><testcase classname="tests.unit.test_auth_config_comprehensive.TestAuthConfigSecurity" name="test_get_max_login_attempts" time="0.000" /><testcase classname="tests.unit.test_auth_config_comprehensive.TestAuthConfigSecurity" name="test_get_account_lockout_duration" time="0.000" /><testcase classname="tests.unit.test_auth_config_comprehensive.TestAuthConfigSecurity" name="test_get_session_timeout" time="0.000" /><testcase classname="tests.unit.test_auth_config_comprehensive.TestAuthConfigSecurity" name="test_require_email_verification" time="0.000" /><testcase classname="tests.unit.test_auth_config_comprehensive.TestAuthConfigSecurity" name="test_get_token_blacklist_ttl" time="0.000" /><testcase classname="tests.unit.test_auth_config_comprehensive.TestAuthConfigSecurity" name="test_get_rate_limit_requests" time="0.000" /><testcase classname="tests.unit.test_auth_config_comprehensive.TestAuthConfigSecurity" name="test_get_allowed_origins" time="0.000" /><testcase classname="tests.unit.test_auth_config_comprehensive.TestAuthConfigDefaults" name="test_default_values_when_env_empty" time="0.000" /><testcase classname="tests.unit.test_auth_config_comprehensive.TestAuthConfigDefaults" name="test_type_conversion" time="0.000" /><testcase classname="tests.unit.test_auth_config_comprehensive.TestAuthConfigDefaults" name="test_boolean_conversion" time="0.000" /><testcase classname="tests.unit.test_auth_config_comprehensive.TestAuthConfigDefaults" name="test_list_conversion" time="0.000" /><testcase classname="tests.unit.test_auth_config_comprehensive.TestAuthConfigDefaults" name="test_environment_specific_defaults" time="0.000" /><testcase classname="tests.unit.test_auth_config_comprehensive.TestAuthConfigValidation" name="test_validate_jwt_secret_length" time="0.000"><failure message="Failed: DID NOT RAISE &lt;class 'ValueError'&gt;">E   Failed: DID NOT RAISE &lt;class 'ValueError'&gt;</failure></testcase><testcase classname="tests.unit.test_auth_config_comprehensive.TestAuthConfigValidation" name="test_validate_service_secret_length" time="0.000" /><testcase classname="tests.unit.test_auth_config_comprehensive.TestAuthConfigValidation" name="test_validate_database_url_format" time="0.001" /><testcase classname="tests.unit.test_auth_config_comprehensive.TestAuthConfigValidation" name="test_validate_redis_url_format" time="0.000" /><testcase classname="tests.unit.test_auth_endpoint_response_consistency.TestAuthEndpointResponseFormats" name="test_login_endpoint_response_format" time="0.017" /><testcase classname="tests.unit.test_auth_endpoint_validation_security.TestAuthEndpointInputValidation" name="test_login_endpoint_validates_required_fields" time="0.014" /><testcase classname="tests.unit.test_auth_environment_comprehensive.TestAuthEnvironmentInitialization" name="test_initialization_with_minimal_config" time="0.001" /><testcase classname="tests.unit.test_auth_environment_comprehensive.TestAuthEnvironmentInitialization" name="test_initialization_validates_config" time="0.001" /><testcase classname="tests.unit.test_auth_environment_comprehensive.TestAuthEnvironmentInitialization" name="test_validation_logs_missing_required_vars" time="0.001" /><testcase classname="tests.unit.test_auth_environment_comprehensive.TestJWTConfiguration" name="test_get_jwt_secret_key_uses_unified_manager" time="0.000" /><testcase classname="tests.unit.test_auth_environment_comprehensive.TestJWTConfiguration" name="test_get_jwt_secret_key_falls_back_on_unified_failure" time="0.001" /><testcase classname="tests.unit.test_auth_environment_comprehensive.TestJWTConfiguration" name="test_get_jwt_secret_key_environment_specific" time="0.001" /><testcase classname="tests.unit.test_auth_environment_comprehensive.TestJWTConfiguration" name="test_get_jwt_secret_key_generates_dev_fallback" time="0.001" /><testcase classname="tests.unit.test_auth_environment_comprehensive.TestJWTConfiguration" name="test_get_jwt_secret_key_generates_test_fallback" time="0.001" /><testcase classname="tests.unit.test_auth_environment_comprehensive.TestJWTConfiguration" name="test_get_jwt_secret_key_fails_for_staging_without_config" time="0.001" /><testcase classname="tests.unit.test_auth_environment_comprehensive.TestJWTConfiguration" name="test_get_jwt_secret_key_fails_for_production_without_config" time="0.001" /><testcase classname="tests.unit.test_auth_environment_comprehensive.TestJWTConfiguration" name="test_get_jwt_algorithm_environment_specific" time="0.001" /><testcase classname="tests.unit.test_auth_environment_comprehensive.TestJWTConfiguration" name="test_get_jwt_algorithm_respects_explicit_config" time="0.000" /><testcase classname="tests.unit.test_auth_environment_comprehensive.TestJWTConfiguration" name="test_get_jwt_expiration_minutes_environment_defaults" time="0.001" /><testcase classname="tests.unit.test_auth_environment_comprehensive.TestJWTConfiguration" name="test_get_jwt_expiration_minutes_respects_config" time="0.000" /><testcase classname="tests.unit.test_auth_environment_comprehensive.TestJWTConfiguration" name="test_get_jwt_expiration_minutes_handles_invalid_config" time="0.001" /><testcase classname="tests.unit.test_auth_environment_comprehensive.TestJWTConfiguration" name="test_get_refresh_token_expiration_days_environment_defaults" time="0.001" /><testcase classname="tests.unit.test_auth_environment_comprehensive.TestSecretKeyConfiguration" name="test_get_secret_key_with_explicit_config" time="0.000" /><testcase classname="tests.unit.test_auth_environment_comprehensive.TestSecretKeyConfiguration" name="test_get_secret_key_generates_dev_fallback" time="0.000" /><testcase classname="tests.unit.test_auth_environment_comprehensive.TestSecretKeyConfiguration" name="test_get_secret_key_generates_test_fallback" time="0.000" /><testcase classname="tests.unit.test_auth_environment_comprehensive.TestSecretKeyConfiguration" name="test_get_secret_key_fails_for_staging_without_config" time="0.001" /><testcase classname="tests.unit.test_auth_environment_comprehensive.TestSecretKeyConfiguration" name="test_get_bcrypt_rounds_environment_defaults" time="0.001" /><testcase classname="tests.unit.test_auth_environment_comprehensive.TestDatabaseConfiguration" name="test_get_database_url_uses_sqlite_for_test" time="0.001" /><testcase classname="tests.unit.test_auth_environment_comprehensive.TestDatabaseConfiguration" name="test_get_database_url_uses_builder_for_non_test" time="0.001" /><testcase classname="tests.unit.test_auth_environment_comprehensive.TestDatabaseConfiguration" name="test_get_database_url_fails_gracefully_when_builder_fails" time="0.001" /><testcase classname="tests.unit.test_auth_environment_comprehensive.TestDatabaseConfiguration" name="test_get_postgres_host_environment_defaults" time="0.001" /><testcase classname="tests.unit.test_auth_environment_comprehensive.TestDatabaseConfiguration" name="test_get_postgres_port_environment_defaults" time="0.001" /><testcase classname="tests.unit.test_auth_environment_comprehensive.TestDatabaseConfiguration" name="test_get_postgres_port_handles_invalid_config" time="0.001" /><testcase classname="tests.unit.test_auth_environment_comprehensive.TestDatabaseConfiguration" name="test_get_postgres_user_environment_defaults" time="0.001" /><testcase classname="tests.unit.test_auth_environment_comprehensive.TestDatabaseConfiguration" name="test_get_postgres_password_environment_defaults" time="0.001" /><testcase classname="tests.unit.test_auth_environment_comprehensive.TestDatabaseConfiguration" name="test_get_postgres_db_environment_defaults" time="0.001" /><testcase classname="tests.unit.test_auth_environment_comprehensive.TestRedisConfiguration" name="test_get_redis_url_environment_defaults" time="0.001" /><testcase classname="tests.unit.test_auth_environment_comprehensive.TestRedisConfiguration" name="test_get_redis_host_environment_defaults" time="0.001" /><testcase classname="tests.unit.test_auth_environment_comprehensive.TestRedisConfiguration" name="test_get_redis_port_environment_defaults" time="0.001" /><testcase classname="tests.unit.test_auth_environment_comprehensive.TestRedisConfiguration" name="test_get_redis_port_handles_invalid_config" time="0.001" /><testcase classname="tests.unit.test_auth_environment_comprehensive.TestRedisConfiguration" name="test_get_session_ttl_environment_defaults" time="0.001" /><testcase classname="tests.unit.test_auth_environment_comprehensive.TestOAuthConfiguration" name="test_get_oauth_google_client_id_tries_environment_specific_keys" time="0.001" /><testcase classname="tests.unit.test_auth_environment_comprehensive.TestOAuthConfiguration" name="test_get_oauth_google_client_id_falls_back_to_generic" time="0.000" /><testcase classname="tests.unit.test_auth_environment_comprehensive.TestOAuthConfiguration" name="test_get_oauth_google_client_id_returns_empty_for_missing_config" time="0.001" /><testcase classname="tests.unit.test_auth_environment_comprehensive.TestOAuthConfiguration" name="test_get_oauth_google_client_secret_environment_specific_behavior" time="0.000" /><testcase classname="tests.unit.test_auth_environment_comprehensive.TestOAuthConfiguration" name="test_get_oauth_github_client_id_simple_getter" time="0.000" /><testcase classname="tests.unit.test_auth_environment_comprehensive.TestOAuthConfiguration" name="test_get_oauth_github_client_secret_simple_getter" time="0.000" /><testcase classname="tests.unit.test_auth_environment_comprehensive.TestServiceURLConfiguration" name="test_get_auth_service_port_environment_defaults" time="0.001" /><testcase classname="tests.unit.test_auth_environment_comprehensive.TestServiceURLConfiguration" name="test_get_auth_service_host_environment_defaults" time="0.001" /><testcase classname="tests.unit.test_auth_environment_comprehensive.TestServiceURLConfiguration" name="test_get_backend_url_environment_defaults" time="0.001" /><testcase classname="tests.unit.test_auth_environment_comprehensive.TestServiceURLConfiguration" name="test_get_frontend_url_environment_defaults" time="0.001" /><testcase classname="tests.unit.test_auth_environment_comprehensive.TestServiceURLConfiguration" name="test_get_auth_service_url_constructs_from_host_and_port" time="0.001" /><testcase classname="tests.unit.test_auth_environment_comprehensive.TestServiceURLConfiguration" name="test_get_auth_service_url_production_default" time="0.000" /><testcase classname="tests.unit.test_auth_environment_comprehensive.TestServiceURLConfiguration" name="test_get_oauth_redirect_uri_deprecated_warning" time="0.000" /><testcase classname="tests.unit.test_auth_environment_comprehensive.TestEnvironmentDetection" name="test_get_environment_returns_lowercase" time="0.000" /><testcase classname="tests.unit.test_auth_environment_comprehensive.TestEnvironmentDetection" name="test_get_environment_defaults_to_development" time="0.000" /><testcase classname="tests.unit.test_auth_environment_comprehensive.TestEnvironmentDetection" name="test_is_production_detection" time="0.000" /><testcase classname="tests.unit.test_auth_environment_comprehensive.TestEnvironmentDetection" name="test_is_staging_detection" time="0.000" /><testcase classname="tests.unit.test_auth_environment_comprehensive.TestEnvironmentDetection" name="test_is_development_detection" time="0.001" /><testcase classname="tests.unit.test_auth_environment_comprehensive.TestEnvironmentDetection" name="test_is_testing_detection" time="0.000" /><testcase classname="tests.unit.test_auth_environment_comprehensive.TestCORSConfiguration" name="test_get_cors_origins_from_config" time="0.000" /><testcase classname="tests.unit.test_auth_environment_comprehensive.TestCORSConfiguration" name="test_get_cors_origins_environment_defaults" time="0.001" /><testcase classname="tests.unit.test_auth_environment_comprehensive.TestLoggingConfiguration" name="test_get_log_level_environment_defaults" time="0.001" /><testcase classname="tests.unit.test_auth_environment_comprehensive.TestLoggingConfiguration" name="test_get_log_level_respects_config" time="0.000" /><testcase classname="tests.unit.test_auth_environment_comprehensive.TestLoggingConfiguration" name="test_should_enable_debug_environment_defaults" time="0.001" /><testcase classname="tests.unit.test_auth_environment_comprehensive.TestLoggingConfiguration" name="test_should_enable_debug_respects_config" time="0.000" /><testcase classname="tests.unit.test_auth_environment_comprehensive.TestRateLimitingConfiguration" name="test_get_login_rate_limit_environment_defaults" time="0.001" /><testcase classname="tests.unit.test_auth_environment_comprehensive.TestRateLimitingConfiguration" name="test_get_login_rate_limit_period_environment_defaults" time="0.001" /><testcase classname="tests.unit.test_auth_environment_comprehensive.TestRateLimitingConfiguration" name="test_get_max_failed_login_attempts_environment_defaults" time="0.001" /><testcase classname="tests.unit.test_auth_environment_comprehensive.TestRateLimitingConfiguration" name="test_get_account_lockout_duration_default" time="0.000" /><testcase classname="tests.unit.test_auth_environment_comprehensive.TestRateLimitingConfiguration" name="test_get_account_lockout_duration_handles_invalid" time="0.000" /><testcase classname="tests.unit.test_auth_environment_comprehensive.TestPasswordPolicyConfiguration" name="test_get_min_password_length_environment_defaults" time="0.001" /><testcase classname="tests.unit.test_auth_environment_comprehensive.TestPasswordPolicyConfiguration" name="test_require_password_complexity_environment_defaults" time="0.001" /><testcase classname="tests.unit.test_auth_environment_comprehensive.TestEmailConfiguration" name="test_get_smtp_host_simple_getter" time="0.000" /><testcase classname="tests.unit.test_auth_environment_comprehensive.TestEmailConfiguration" name="test_get_smtp_port_handles_conversion" time="0.001" /><testcase classname="tests.unit.test_auth_environment_comprehensive.TestEmailConfiguration" name="test_get_smtp_from_email_default" time="0.000" /><testcase classname="tests.unit.test_auth_environment_comprehensive.TestEmailConfiguration" name="test_is_smtp_enabled_checks_required_fields" time="0.001" /><testcase classname="tests.unit.test_auth_environment_comprehensive.TestGenericAccessors" name="test_get_method" time="0.000" /><testcase classname="tests.unit.test_auth_environment_comprehensive.TestGenericAccessors" name="test_set_method" time="0.000" /><testcase classname="tests.unit.test_auth_environment_comprehensive.TestGenericAccessors" name="test_exists_method" time="0.000" /><testcase classname="tests.unit.test_auth_environment_comprehensive.TestGenericAccessors" name="test_get_all_method" time="0.000" /><testcase classname="tests.unit.test_auth_environment_comprehensive.TestValidationMethod" name="test_validate_success_with_all_required" time="0.001" /><testcase classname="tests.unit.test_auth_environment_comprehensive.TestValidationMethod" name="test_validate_fails_with_missing_jwt_secret" time="0.000" /><testcase classname="tests.unit.test_auth_environment_comprehensive.TestValidationMethod" name="test_validate_warns_about_insecure_defaults_in_production" time="0.001" /><testcase classname="tests.unit.test_auth_environment_comprehensive.TestValidationMethod" name="test_validate_warns_about_long_jwt_expiration" time="0.000" /><testcase classname="tests.unit.test_auth_environment_comprehensive.TestValidationMethod" name="test_validate_warns_about_weak_password_policy" time="0.001" /><testcase classname="tests.unit.test_auth_environment_comprehensive.TestSingletonBehavior" name="test_get_auth_env_returns_same_instance" time="0.001" /><testcase classname="tests.unit.test_auth_environment_comprehensive.TestSingletonBehavior" name="test_convenience_functions_use_singleton" time="0.001" /><testcase classname="tests.unit.test_auth_environment_comprehensive.TestErrorHandlingAndEdgeCases" name="test_handles_environment_variable_not_found_gracefully" time="0.000" /><testcase classname="tests.unit.test_auth_environment_comprehensive.TestErrorHandlingAndEdgeCases" name="test_handles_invalid_integer_configurations" time="0.002" /><testcase classname="tests.unit.test_auth_environment_comprehensive.TestErrorHandlingAndEdgeCases" name="test_oauth_redirect_uri_with_different_providers" time="0.000" /><testcase classname="tests.unit.test_auth_environment_comprehensive.TestErrorHandlingAndEdgeCases" name="test_database_url_builder_with_missing_dependencies" time="0.001" /><testcase classname="tests.unit.test_auth_environment_comprehensive.TestErrorHandlingAndEdgeCases" name="test_unified_jwt_secret_with_import_error" time="0.001" /><testcase classname="tests.unit.test_auth_environment_comprehensive.TestErrorHandlingAndEdgeCases" name="test_cors_origins_with_whitespace_in_config" time="0.001" /><testcase classname="tests.unit.test_auth_environment_comprehensive.TestErrorHandlingAndEdgeCases" name="test_environment_detection_case_insensitive" time="0.001" /><testcase classname="tests.unit.test_auth_environment_comprehensive.TestErrorHandlingAndEdgeCases" name="test_port_configuration_with_explicit_values" time="0.001" /><testcase classname="tests.unit.test_auth_environment_comprehensive.TestErrorHandlingAndEdgeCases" name="test_url_explicit_overrides" time="0.001" /><testcase classname="tests.unit.test_auth_environment_comprehensive.TestErrorHandlingAndEdgeCases" name="test_auth_service_url_localhost_conversion" time="0.001" /><testcase classname="tests.unit.test_auth_environment_comprehensive.TestErrorHandlingAndEdgeCases" name="test_integer_configuration_explicit_values" time="0.002" /><testcase classname="tests.unit.test_auth_environment_comprehensive.TestErrorHandlingAndEdgeCases" name="test_validate_method_comprehensive_coverage" time="0.002" /><testcase classname="tests.unit.test_auth_environment_comprehensive.TestErrorHandlingAndEdgeCases" name="test_database_url_builder_error_scenarios" time="0.001" /><testcase classname="tests.unit.test_auth_environment_comprehensive.TestErrorHandlingAndEdgeCases" name="test_all_explicit_configuration_getters" time="0.002" /><testcase classname="tests.unit.test_auth_environment_comprehensive.TestJWTSecretFallbackScenarios" name="test_jwt_secret_tries_all_fallback_keys" time="0.001" /><testcase classname="tests.unit.test_auth_environment_comprehensive.TestJWTSecretFallbackScenarios" name="test_jwt_secret_fails_for_unknown_environment" time="0.001" /><testcase classname="tests.unit.test_auth_environment_comprehensive.TestJWTSecretFallbackScenarios" name="test_jwt_secret_strips_whitespace" time="0.001" /><testcase classname="tests.unit.test_auth_environment_comprehensive.TestEnvironmentSpecificBehaviorEdgeCases" name="test_environment_fallback_patterns" time="0.001" /><testcase classname="tests.unit.test_auth_environment_comprehensive.TestEnvironmentSpecificBehaviorEdgeCases" name="test_testing_environment_detection_with_env_var" time="0.000" /><testcase classname="tests.unit.test_auth_environment_comprehensive.TestEnvironmentSpecificBehaviorEdgeCases" name="test_password_complexity_boolean_conversion" time="0.001"><failure message="assert True is False">E   assert True is False</failure></testcase><testcase classname="tests.unit.test_auth_environment_comprehensive.TestEnvironmentSpecificBehaviorEdgeCases" name="test_debug_enable_boolean_conversion" time="0.001" /><testcase classname="tests.unit.test_auth_environment_comprehensive.TestSecurityValidationComprehensive" name="test_validate_method_environment_reporting" time="0.001" /><testcase classname="tests.unit.test_auth_environment_comprehensive.TestSecurityValidationComprehensive" name="test_validate_catches_all_security_issues" time="0.001" /><testcase classname="tests.unit.test_auth_environment_comprehensive.TestConfigurationOverridePatterns" name="test_oauth_google_tries_all_key_patterns" time="0.001" /><testcase classname="tests.unit.test_auth_environment_comprehensive.TestConfigurationOverridePatterns" name="test_cors_origins_parsing_edge_cases" time="0.000" /><testcase classname="tests.unit.test_auth_environment_comprehensive.TestSecretGenerationAndFallbacks" name="test_secret_key_generation_consistency" time="0.000" /><testcase classname="tests.unit.test_auth_environment_comprehensive.TestSecretGenerationAndFallbacks" name="test_jwt_secret_generation_environment_specific" time="0.001" /><testcase classname="tests.unit.test_auth_service_basic.TestAuthServiceCore" name="test_create_user" time="0.069" /><testcase classname="tests.unit.test_auth_service_basic.TestAuthServiceCore" name="test_authenticate_user" time="0.125" /><testcase classname="tests.unit.test_auth_service_basic.TestAuthServiceCore" name="test_authenticate_with_wrong_password_fails" time="0.102" /><testcase classname="tests.unit.test_auth_service_basic.TestAuthServiceCore" name="test_create_access_token" time="0.051" /><testcase classname="tests.unit.test_auth_service_basic.TestAuthServiceCore" name="test_create_refresh_token" time="0.064" /><testcase classname="tests.unit.test_auth_service_basic.TestAuthServiceCore" name="test_validate_token" time="0.054" /><testcase classname="tests.unit.test_auth_service_basic.TestAuthServiceCore" name="test_refresh_tokens" time="0.052" /><testcase classname="tests.unit.test_auth_service_basic.TestAuthServiceCore" name="test_blacklist_token" time="0.063" /><testcase classname="tests.unit.test_auth_service_basic.TestAuthServiceCore" name="test_hash_and_verify_password" time="0.131" /><testcase classname="tests.unit.test_auth_service_basic.TestAuthServiceCore" name="test_register_user" time="0.053" /><testcase classname="tests.unit.test_auth_service_basic.TestAuthServiceCore" name="test_duplicate_registration_fails" time="0.105"><failure message="Failed: DID NOT RAISE &lt;class 'Exception'&gt;">E   Failed: DID NOT RAISE &lt;class 'Exception'&gt;</failure></testcase><testcase classname="tests.unit.test_auth_service_basic.TestAuthServiceCore" name="test_invalidate_user_sessions" time="0.053" /><testcase classname="tests.unit.test_auth_service_basic.TestAuthServiceCore" name="test_create_service_token" time="0.011" /><testcase classname="tests.unit.test_auth_service_comprehensive.TestAuthServiceBasics" name="test_register_user" time="0.046" /><testcase classname="tests.unit.test_auth_service_comprehensive.TestAuthServiceBasics" name="test_register_duplicate_email_fails" time="0.094"><failure message="Failed: DID NOT RAISE &lt;class 'ValueError'&gt;">E   Failed: DID NOT RAISE &lt;class 'ValueError'&gt;</failure></testcase><testcase classname="tests.unit.test_auth_service_comprehensive.TestAuthServiceBasics" name="test_login_with_valid_credentials" time="0.044"><failure message="AttributeError: 'str' object has no attribute 'provider'">E   AttributeError: 'str' object has no attribute 'provider'</failure></testcase><testcase classname="tests.unit.test_auth_service_comprehensive.TestAuthServiceBasics" name="test_login_with_invalid_password_fails" time="0.044"><failure message="AttributeError: 'str' object has no attribute 'provider'">E   AttributeError: 'str' object has no attribute 'provider'</failure></testcase><testcase classname="tests.unit.test_auth_service_comprehensive.TestAuthServiceBasics" name="test_login_with_nonexistent_user_fails" time="0.001"><failure message="AttributeError: 'str' object has no attribute 'provider'">E   AttributeError: 'str' object has no attribute 'provider'</failure></testcase><testcase classname="tests.unit.test_auth_service_comprehensive.TestAuthServiceBasics" name="test_validate_token" time="0.048"><failure message="AttributeError: 'str' object has no attribute 'provider'">E   AttributeError: 'str' object has no attribute 'provider'</failure></testcase><testcase classname="tests.unit.test_auth_service_comprehensive.TestAuthServiceBasics" name="test_validate_invalid_token_returns_none" time="0.002"><failure message="assert TokenResponse(valid=False, user_id=None, email=None, permissions=[], expires_at=None) is None">E   assert TokenResponse(valid=False, user_id=None, email=None, permissions=[], expires_at=None) is None</failure></testcase><testcase classname="tests.unit.test_auth_service_comprehensive.TestAuthServiceBasics" name="test_refresh_tokens" time="0.044"><failure message="AttributeError: 'str' object has no attribute 'provider'">E   AttributeError: 'str' object has no attribute 'provider'</failure></testcase><testcase classname="tests.unit.test_auth_service_comprehensive.TestAuthServiceBasics" name="test_refresh_with_invalid_token_fails" time="0.003" /><testcase classname="tests.unit.test_auth_service_comprehensive.TestAuthServiceBasics" name="test_logout" time="0.044"><failure message="AttributeError: 'str' object has no attribute 'provider'">E   AttributeError: 'str' object has no attribute 'provider'</failure></testcase><testcase classname="tests.unit.test_auth_service_comprehensive.TestAuthServiceBasics" name="test_logout_with_invalid_token" time="0.003" /><testcase classname="tests.unit.test_auth_service_comprehensive.TestAuthServiceBasics" name="test_get_user_by_id" time="0.062"><failure message="AttributeError: 'AuthService' object has no attribute 'get_user_by_id'">E   AttributeError: 'AuthService' object has no attribute 'get_user_by_id'</failure></testcase><testcase classname="tests.unit.test_auth_service_comprehensive.TestAuthServiceBasics" name="test_get_user_by_nonexistent_id_returns_none" time="0.003"><failure message="AttributeError: 'AuthService' object has no attribute 'get_user_by_id'">E   AttributeError: 'AuthService' object has no attribute 'get_user_by_id'</failure></testcase><testcase classname="tests.unit.test_auth_service_comprehensive.TestAuthServiceBasics" name="test_get_user_by_email" time="0.069"><failure message="AttributeError: 'AuthService' object has no attribute 'get_user_by_email'">E   AttributeError: 'AuthService' object has no attribute 'get_user_by_email'</failure></testcase><testcase classname="tests.unit.test_auth_service_comprehensive.TestAuthServiceBasics" name="test_get_user_by_nonexistent_email_returns_none" time="0.004"><failure message="AttributeError: 'AuthService' object has no attribute 'get_user_by_email'">E   AttributeError: 'AuthService' object has no attribute 'get_user_by_email'</failure></testcase><testcase classname="tests.unit.test_auth_service_comprehensive.TestAuthServiceSessions" name="test_create_session" time="0.074"><failure message="AttributeError: 'str' object has no attribute 'provider'">E   AttributeError: 'str' object has no attribute 'provider'</failure></testcase><testcase classname="tests.unit.test_auth_service_comprehensive.TestAuthServiceSessions" name="test_validate_session" time="0.080"><failure message="AttributeError: 'str' object has no attribute 'provider'">E   AttributeError: 'str' object has no attribute 'provider'</failure></testcase><testcase classname="tests.unit.test_auth_service_comprehensive.TestAuthServiceSessions" name="test_invalidate_session_on_logout" time="0.069"><failure message="AttributeError: 'str' object has no attribute 'provider'">E   AttributeError: 'str' object has no attribute 'provider'</failure></testcase><testcase classname="tests.unit.test_auth_service_comprehensive.TestAuthServiceSessions" name="test_get_user_sessions" time="0.074"><failure message="AttributeError: 'str' object has no attribute 'provider'">E   AttributeError: 'str' object has no attribute 'provider'</failure></testcase><testcase classname="tests.unit.test_auth_service_comprehensive.TestAuthServiceSessions" name="test_cleanup_expired_sessions" time="0.068"><failure message="AttributeError: 'str' object has no attribute 'provider'">E   AttributeError: 'str' object has no attribute 'provider'</failure></testcase><testcase classname="tests.unit.test_auth_service_comprehensive.TestAuthServicePasswordManagement" name="test_update_password" time="0.070"><failure message="AttributeError: 'AuthService' object has no attribute 'update_password'. Did you mean: 'validate_password'?">E   AttributeError: 'AuthService' object has no attribute 'update_password'. Did you mean: 'validate_password'?</failure></testcase><testcase classname="tests.unit.test_auth_service_comprehensive.TestAuthServicePasswordManagement" name="test_update_password_with_wrong_old_password_fails" time="0.072"><failure message="AttributeError: 'AuthService' object has no attribute 'update_password'. Did you mean: 'validate_password'?">E   AttributeError: 'AuthService' object has no attribute 'update_password'. Did you mean: 'validate_password'?</failure></testcase><testcase classname="tests.unit.test_auth_service_comprehensive.TestAuthServicePasswordManagement" name="test_password_hash_verification" time="0.070"><failure message="AttributeError: 'AuthService' object has no attribute 'repository'">E   AttributeError: 'AuthService' object has no attribute 'repository'</failure></testcase><testcase classname="tests.unit.test_auth_service_comprehensive.TestAuthServicePasswordManagement" name="test_password_hash_differs_from_plaintext" time="0.071"><failure message="AttributeError: 'AuthService' object has no attribute 'repository'">E   AttributeError: 'AuthService' object has no attribute 'repository'</failure></testcase><testcase classname="tests.unit.test_auth_service_comprehensive.TestAuthServicePasswordManagement" name="test_weak_password_validation" time="0.002" /><testcase classname="tests.unit.test_auth_service_comprehensive.TestAuthServicePasswordManagement" name="test_password_requirements" time="0.002" /><testcase classname="tests.unit.test_auth_service_comprehensive.TestAuthServiceUserManagement" name="test_update_user_profile" time="0.064"><failure message="AttributeError: 'AuthService' object has no attribute 'update_user_profile'">E   AttributeError: 'AuthService' object has no attribute 'update_user_profile'</failure></testcase><testcase classname="tests.unit.test_auth_service_comprehensive.TestAuthServiceUserManagement" name="test_update_user_email" time="0.071"><failure message="AttributeError: 'AuthService' object has no attribute 'update_user_email'">E   AttributeError: 'AuthService' object has no attribute 'update_user_email'</failure></testcase><testcase classname="tests.unit.test_auth_service_comprehensive.TestAuthServiceUserManagement" name="test_update_to_duplicate_email_fails" time="0.145"><failure message="AttributeError: 'AuthService' object has no attribute 'update_user_email'">E   AttributeError: 'AuthService' object has no attribute 'update_user_email'</failure></testcase><testcase classname="tests.unit.test_auth_service_comprehensive.TestAuthServiceUserManagement" name="test_delete_user" time="0.070"><failure message="AttributeError: 'AuthService' object has no attribute 'delete_user'. Did you mean: 'create_user'?">E   AttributeError: 'AuthService' object has no attribute 'delete_user'. Did you mean: 'create_user'?</failure></testcase><testcase classname="tests.unit.test_auth_service_comprehensive.TestAuthServiceUserManagement" name="test_delete_nonexistent_user" time="0.003"><failure message="AttributeError: 'AuthService' object has no attribute 'delete_user'. Did you mean: 'create_user'?">E   AttributeError: 'AuthService' object has no attribute 'delete_user'. Did you mean: 'create_user'?</failure></testcase><testcase classname="tests.unit.test_auth_service_comprehensive.TestAuthServiceUserManagement" name="test_activate_user" time="0.073"><failure message="AttributeError: 'AuthService' object has no attribute 'deactivate_user'">E   AttributeError: 'AuthService' object has no attribute 'deactivate_user'</failure></testcase><testcase classname="tests.unit.test_auth_service_comprehensive.TestAuthServiceUserManagement" name="test_deactivate_user" time="0.071"><failure message="AttributeError: 'AuthService' object has no attribute 'deactivate_user'">E   AttributeError: 'AuthService' object has no attribute 'deactivate_user'</failure></testcase><testcase classname="tests.unit.test_auth_service_comprehensive.TestAuthServiceUserManagement" name="test_login_with_deactivated_user_fails" time="0.071"><failure message="AttributeError: 'AuthService' object has no attribute 'deactivate_user'">E   AttributeError: 'AuthService' object has no attribute 'deactivate_user'</failure></testcase><testcase classname="tests.unit.test_auth_service_comprehensive.TestAuthServicePermissions" name="test_default_user_permissions" time="0.069"><failure message="AttributeError: 'dict' object has no attribute 'role'">E   AttributeError: 'dict' object has no attribute 'role'</failure></testcase><testcase classname="tests.unit.test_auth_service_comprehensive.TestAuthServicePermissions" name="test_update_user_role" time="0.076"><failure message="AttributeError: 'AuthService' object has no attribute 'update_user_role'">E   AttributeError: 'AuthService' object has no attribute 'update_user_role'</failure></testcase><testcase classname="tests.unit.test_auth_service_comprehensive.TestAuthServicePermissions" name="test_update_user_permissions" time="0.068"><failure message="AttributeError: 'AuthService' object has no attribute 'update_user_permissions'">E   AttributeError: 'AuthService' object has no attribute 'update_user_permissions'</failure></testcase><testcase classname="tests.unit.test_auth_service_comprehensive.TestAuthServicePermissions" name="test_add_user_permission" time="0.084"><failure message="AttributeError: 'AuthService' object has no attribute 'add_user_permission'">E   AttributeError: 'AuthService' object has no attribute 'add_user_permission'</failure></testcase><testcase classname="tests.unit.test_auth_service_comprehensive.TestAuthServicePermissions" name="test_remove_user_permission" time="0.066"><failure message="AttributeError: 'AuthService' object has no attribute 'update_user_permissions'">E   AttributeError: 'AuthService' object has no attribute 'update_user_permissions'</failure></testcase><testcase classname="tests.unit.test_auth_service_comprehensive.TestAuthServicePermissions" name="test_check_user_permission" time="0.062"><failure message="AttributeError: 'AuthService' object has no attribute 'update_user_permissions'">E   AttributeError: 'AuthService' object has no attribute 'update_user_permissions'</failure></testcase><testcase classname="tests.unit.test_auth_service_comprehensive.TestAuthServicePermissions" name="test_token_includes_permissions" time="0.066"><failure message="AttributeError: 'AuthService' object has no attribute 'update_user_permissions'">E   AttributeError: 'AuthService' object has no attribute 'update_user_permissions'</failure></testcase><testcase classname="tests.unit.test_auth_service_comprehensive.TestAuthServiceEmailVerification" name="test_user_created_unverified" time="0.069"><failure message="AttributeError: 'dict' object has no attribute 'email_verified'">E   AttributeError: 'dict' object has no attribute 'email_verified'</failure></testcase><testcase classname="tests.unit.test_auth_service_comprehensive.TestAuthServiceEmailVerification" name="test_generate_verification_token" time="0.065"><failure message="AttributeError: 'AuthService' object has no attribute 'generate_verification_token'">E   AttributeError: 'AuthService' object has no attribute 'generate_verification_token'</failure></testcase><testcase classname="tests.unit.test_auth_service_comprehensive.TestAuthServiceEmailVerification" name="test_verify_email_with_valid_token" time="0.069"><failure message="AttributeError: 'AuthService' object has no attribute 'generate_verification_token'">E   AttributeError: 'AuthService' object has no attribute 'generate_verification_token'</failure></testcase><testcase classname="tests.unit.test_auth_service_comprehensive.TestAuthServiceEmailVerification" name="test_verify_email_with_invalid_token_fails" time="0.002"><failure message="AttributeError: 'AuthService' object has no attribute 'verify_email'">E   AttributeError: 'AuthService' object has no attribute 'verify_email'</failure></testcase><testcase classname="tests.unit.test_auth_service_comprehensive.TestAuthServiceEmailVerification" name="test_resend_verification_email" time="0.071"><failure message="AttributeError: 'AuthService' object has no attribute 'resend_verification_email'">E   AttributeError: 'AuthService' object has no attribute 'resend_verification_email'</failure></testcase><testcase classname="tests.unit.test_auth_service_comprehensive.TestAuthServiceEmailVerification" name="test_login_with_unverified_email_warning" time="0.063"><failure message="AttributeError: 'str' object has no attribute 'provider'">E   AttributeError: 'str' object has no attribute 'provider'</failure></testcase><testcase classname="tests.unit.test_auth_service_comprehensive.TestAuthServiceRateLimiting" name="test_login_attempts_tracking" time="0.067"><failure message="AttributeError: 'str' object has no attribute 'provider'">E   AttributeError: 'str' object has no attribute 'provider'</failure></testcase><testcase classname="tests.unit.test_auth_service_comprehensive.TestAuthServiceRateLimiting" name="test_account_lockout_after_max_attempts" time="0.078"><failure message="AttributeError: 'str' object has no attribute 'provider'">E   AttributeError: 'str' object has no attribute 'provider'</failure></testcase><testcase classname="tests.unit.test_auth_service_comprehensive.TestAuthServiceRateLimiting" name="test_reset_failed_attempts_on_success" time="0.072"><failure message="AttributeError: 'str' object has no attribute 'provider'">E   AttributeError: 'str' object has no attribute 'provider'</failure></testcase><testcase classname="tests.unit.test_auth_service_comprehensive.TestAuthServiceRateLimiting" name="test_unlock_account" time="0.076"><failure message="AttributeError: 'AuthService' object has no attribute 'lock_account'">E   AttributeError: 'AuthService' object has no attribute 'lock_account'</failure></testcase><testcase classname="tests.unit.test_auth_service_comprehensive.TestAuthServiceAuditLogging" name="test_login_audit_log" time="0.071"><failure message="AttributeError: 'str' object has no attribute 'provider'">E   AttributeError: 'str' object has no attribute 'provider'</failure></testcase><testcase classname="tests.unit.test_auth_service_comprehensive.TestAuthServiceAuditLogging" name="test_logout_audit_log" time="0.073"><failure message="AttributeError: 'str' object has no attribute 'provider'">E   AttributeError: 'str' object has no attribute 'provider'</failure></testcase><testcase classname="tests.unit.test_auth_service_comprehensive.TestAuthServiceAuditLogging" name="test_password_change_audit_log" time="0.063"><failure message="AttributeError: 'AuthService' object has no attribute 'update_password'. Did you mean: 'validate_password'?">E   AttributeError: 'AuthService' object has no attribute 'update_password'. Did you mean: 'validate_password'?</failure></testcase><testcase classname="tests.unit.test_auth_service_comprehensive.TestAuthServiceAuditLogging" name="test_failed_login_audit_log" time="0.070"><failure message="AttributeError: 'str' object has no attribute 'provider'">E   AttributeError: 'str' object has no attribute 'provider'</failure></testcase><testcase classname="tests.unit.test_auth_service_comprehensive.TestAuthServiceAuditLogging" name="test_get_recent_audit_logs" time="0.069"><failure message="AttributeError: 'str' object has no attribute 'provider'">E   AttributeError: 'str' object has no attribute 'provider'</failure></testcase><testcase classname="tests.unit.test_auth_service_core_business_value.TestAuthServiceCoreBusinessValue" name="test_auth_config_provides_critical_business_configuration" time="0.002" /><testcase classname="tests.unit.test_auth_service_core_business_value.TestAuthServiceCoreBusinessValue" name="test_auth_config_adapts_to_environment_specific_business_needs" time="0.002" /><testcase classname="tests.unit.test_auth_service_core_business_value.TestAuthServiceCoreBusinessValue" name="test_oauth_configuration_enables_user_onboarding_business_value" time="0.002" /><testcase classname="tests.unit.test_auth_service_core_business_value.TestAuthServiceCoreBusinessValue" name="test_security_configuration_protects_business_assets" time="0.001" /><testcase classname="tests.unit.test_auth_service_core_business_value.TestAuthServiceCoreBusinessValue" name="test_session_configuration_balances_security_and_usability" time="0.001" /><testcase classname="tests.unit.test_auth_service_core_business_value.TestAuthServiceCoreBusinessValue" name="test_database_configuration_supports_business_scalability" time="0.002" /><testcase classname="tests.unit.test_auth_service_core_business_value.TestAuthServiceCoreBusinessValue" name="test_redis_configuration_enables_session_management_business_value" time="0.001" /><testcase classname="tests.unit.test_auth_service_core_business_value.TestAuthServiceCoreBusinessValue" name="test_cors_configuration_enables_frontend_integration_business_value" time="0.001" /><testcase classname="tests.unit.test_auth_service_core_business_value.TestAuthServiceCoreBusinessValue" name="test_configuration_logging_masks_secrets_for_security" time="0.003"><failure message="ValueError: JWT_ALGORITHM must be explicitly set in production">E   ValueError: JWT_ALGORITHM must be explicitly set in production</failure></testcase><testcase classname="tests.unit.test_auth_service_core_business_value.TestAuthServiceCoreBusinessValue" name="test_unified_auth_interface_provides_business_authentication_capabilities" time="0.002"><failure message="AssertionError: assert False&#10; +  where False = hasattr(&lt;auth_service.auth_core.unified_auth_interface.UnifiedAuthInterface object at 0x000002ED9444F0E0&gt;, 'authenticate_user')">E   AssertionError: assert False
     +  where False = hasattr(&lt;auth_service.auth_core.unified_auth_interface.UnifiedAuthInterface object at 0x000002ED9444F0E0&gt;, 'authenticate_user')</failure></testcase><testcase classname="tests.unit.test_auth_service_core_business_value.TestAuthServiceCoreBusinessValue" name="test_auth_interface_token_creation_supports_business_workflows" time="0.004"><failure message="TypeError: UnifiedAuthInterface.create_access_token() missing 1 required positional argument: 'email'">E   TypeError: UnifiedAuthInterface.create_access_token() missing 1 required positional argument: 'email'</failure></testcase><testcase classname="tests.unit.test_auth_service_core_business_value.TestAuthServiceCoreBusinessValue" name="test_token_validation_protects_business_operations" time="0.001"><failure message="TypeError: UnifiedAuthInterface.create_access_token() missing 1 required positional argument: 'email'">E   TypeError: UnifiedAuthInterface.create_access_token() missing 1 required positional argument: 'email'</failure></testcase><testcase classname="tests.unit.test_auth_service_core_comprehensive.TestAuthServiceInitialization" name="test_auth_service_init_creates_real_instances" time="0.007"><error message="failed on teardown with &quot;pytest.PytestUnraisableExceptionWarning: Exception ignored in: &lt;coroutine object TestAuthServiceCore.teardown_method at 0x000002ED94361630&gt;&#10;Enable tracemalloc to get traceback where the object was allocated.&#10;See https://docs.pytest.org/en/stable/how-to/capture-warnings.html#resource-warnings for more info.&quot;">E   RuntimeWarning: coroutine 'TestAuthServiceCore.teardown_method' was never awaited

The above exception was the direct cause of the following exception:
E   pytest.PytestUnraisableExceptionWarning: Exception ignored in: &lt;coroutine object TestAuthServiceCore.teardown_method at 0x000002ED94361630&gt;
    Enable tracemalloc to get traceback where the object was allocated.
    See https://docs.pytest.org/en/stable/how-to/capture-warnings.html#resource-warnings for more info.</error></testcase><testcase classname="tests.unit.test_auth_service_core_comprehensive.TestAuthServiceInitialization" name="test_database_initialization_handles_missing_db_gracefully" time="0.002"><error message="failed on teardown with &quot;pytest.PytestUnraisableExceptionWarning: Exception ignored in: &lt;coroutine object TestAuthServiceCore.teardown_method at 0x000002ED9441C6C0&gt;&#10;Enable tracemalloc to get traceback where the object was allocated.&#10;See https://docs.pytest.org/en/stable/how-to/capture-warnings.html#resource-warnings for more info.&quot;">E   RuntimeWarning: coroutine 'TestAuthServiceCore.teardown_method' was never awaited

The above exception was the direct cause of the following exception:
E   pytest.PytestUnraisableExceptionWarning: Exception ignored in: &lt;coroutine object TestAuthServiceCore.teardown_method at 0x000002ED9441C6C0&gt;
    Enable tracemalloc to get traceback where the object was allocated.
    See https://docs.pytest.org/en/stable/how-to/capture-warnings.html#resource-warnings for more info.</error></testcase><testcase classname="tests.unit.test_auth_service_core_comprehensive.TestAuthServiceInitialization" name="test_jwt_handler_initialization_with_real_secret" time="0.017"><error message="failed on teardown with &quot;pytest.PytestUnraisableExceptionWarning: Exception ignored in: &lt;coroutine object TestAuthServiceCore.teardown_method at 0x000002ED94361FF0&gt;&#10;Enable tracemalloc to get traceback where the object was allocated.&#10;See https://docs.pytest.org/en/stable/how-to/capture-warnings.html#resource-warnings for more info.&quot;">E   RuntimeWarning: coroutine 'TestAuthServiceCore.teardown_method' was never awaited

The above exception was the direct cause of the following exception:
E   pytest.PytestUnraisableExceptionWarning: Exception ignored in: &lt;coroutine object TestAuthServiceCore.teardown_method at 0x000002ED94361FF0&gt;
    Enable tracemalloc to get traceback where the object was allocated.
    See https://docs.pytest.org/en/stable/how-to/capture-warnings.html#resource-warnings for more info.</error></testcase><testcase classname="tests.unit.test_auth_service_core_comprehensive.TestAuthServiceUserAuthentication" name="test_authenticate_user_with_valid_credentials_succeeds" time="0.172"><error message="failed on teardown with &quot;pytest.PytestUnraisableExceptionWarning: Exception ignored in: &lt;coroutine object TestAuthServiceCore.teardown_method at 0x000002ED9441CEE0&gt;&#10;Enable tracemalloc to get traceback where the object was allocated.&#10;See https://docs.pytest.org/en/stable/how-to/capture-warnings.html#resource-warnings for more info.&quot;">E   RuntimeWarning: coroutine 'TestAuthServiceCore.teardown_method' was never awaited

The above exception was the direct cause of the following exception:
E   pytest.PytestUnraisableExceptionWarning: Exception ignored in: &lt;coroutine object TestAuthServiceCore.teardown_method at 0x000002ED9441CEE0&gt;
    Enable tracemalloc to get traceback where the object was allocated.
    See https://docs.pytest.org/en/stable/how-to/capture-warnings.html#resource-warnings for more info.</error></testcase><testcase classname="tests.unit.test_auth_service_core_comprehensive.TestAuthServiceUserAuthentication" name="test_authenticate_user_with_invalid_password_fails_hard" time="0.155"><error message="failed on teardown with &quot;pytest.PytestUnraisableExceptionWarning: Exception ignored in: &lt;coroutine object TestAuthServiceCore.teardown_method at 0x000002ED94361630&gt;&#10;Enable tracemalloc to get traceback where the object was allocated.&#10;See https://docs.pytest.org/en/stable/how-to/capture-warnings.html#resource-warnings for more info.&quot;">E   RuntimeWarning: coroutine 'TestAuthServiceCore.teardown_method' was never awaited

The above exception was the direct cause of the following exception:
E   pytest.PytestUnraisableExceptionWarning: Exception ignored in: &lt;coroutine object TestAuthServiceCore.teardown_method at 0x000002ED94361630&gt;
    Enable tracemalloc to get traceback where the object was allocated.
    See https://docs.pytest.org/en/stable/how-to/capture-warnings.html#resource-warnings for more info.</error></testcase><testcase classname="tests.unit.test_auth_service_core_comprehensive.TestAuthServiceUserAuthentication" name="test_authenticate_user_with_nonexistent_email_fails_hard" time="0.007"><error message="failed on teardown with &quot;pytest.PytestUnraisableExceptionWarning: Exception ignored in: &lt;coroutine object TestAuthServiceCore.teardown_method at 0x000002ED94363E00&gt;&#10;Enable tracemalloc to get traceback where the object was allocated.&#10;See https://docs.pytest.org/en/stable/how-to/capture-warnings.html#resource-warnings for more info.&quot;">E   RuntimeWarning: coroutine 'TestAuthServiceCore.teardown_method' was never awaited

The above exception was the direct cause of the following exception:
E   pytest.PytestUnraisableExceptionWarning: Exception ignored in: &lt;coroutine object TestAuthServiceCore.teardown_method at 0x000002ED94363E00&gt;
    Enable tracemalloc to get traceback where the object was allocated.
    See https://docs.pytest.org/en/stable/how-to/capture-warnings.html#resource-warnings for more info.</error></testcase><testcase classname="tests.unit.test_auth_service_core_comprehensive.TestAuthServiceUserAuthentication" name="test_authenticate_user_with_empty_email_fails_hard" time="0.009"><error message="failed on teardown with &quot;pytest.PytestUnraisableExceptionWarning: Exception ignored in: &lt;coroutine object TestAuthServiceCore.teardown_method at 0x000002ED94387850&gt;&#10;Enable tracemalloc to get traceback where the object was allocated.&#10;See https://docs.pytest.org/en/stable/how-to/capture-warnings.html#resource-warnings for more info.&quot;">E   RuntimeWarning: coroutine 'TestAuthServiceCore.teardown_method' was never awaited

The above exception was the direct cause of the following exception:
E   pytest.PytestUnraisableExceptionWarning: Exception ignored in: &lt;coroutine object TestAuthServiceCore.teardown_method at 0x000002ED94387850&gt;
    Enable tracemalloc to get traceback where the object was allocated.
    See https://docs.pytest.org/en/stable/how-to/capture-warnings.html#resource-warnings for more info.</error></testcase><testcase classname="tests.unit.test_auth_service_core_comprehensive.TestAuthServiceUserAuthentication" name="test_authenticate_user_with_empty_password_fails_hard" time="0.156"><error message="failed on teardown with &quot;pytest.PytestUnraisableExceptionWarning: Exception ignored in: &lt;coroutine object TestAuthServiceCore.teardown_method at 0x000002ED942CDFF0&gt;&#10;Enable tracemalloc to get traceback where the object was allocated.&#10;See https://docs.pytest.org/en/stable/how-to/capture-warnings.html#resource-warnings for more info.&quot;">E   RuntimeWarning: coroutine 'TestAuthServiceCore.teardown_method' was never awaited

The above exception was the direct cause of the following exception:
E   pytest.PytestUnraisableExceptionWarning: Exception ignored in: &lt;coroutine object TestAuthServiceCore.teardown_method at 0x000002ED942CDFF0&gt;
    Enable tracemalloc to get traceback where the object was allocated.
    See https://docs.pytest.org/en/stable/how-to/capture-warnings.html#resource-warnings for more info.</error></testcase><testcase classname="tests.unit.test_auth_service_core_comprehensive.TestAuthServiceUserAuthentication" name="test_authenticate_user_with_none_values_fails_hard" time="0.015"><error message="failed on teardown with &quot;pytest.PytestUnraisableExceptionWarning: Exception ignored in: &lt;coroutine object TestAuthServiceCore.teardown_method at 0x000002ED94361630&gt;&#10;Enable tracemalloc to get traceback where the object was allocated.&#10;See https://docs.pytest.org/en/stable/how-to/capture-warnings.html#resource-warnings for more info.&quot;">E   RuntimeWarning: coroutine 'TestAuthServiceCore.teardown_method' was never awaited

The above exception was the direct cause of the following exception:
E   pytest.PytestUnraisableExceptionWarning: Exception ignored in: &lt;coroutine object TestAuthServiceCore.teardown_method at 0x000002ED94361630&gt;
    Enable tracemalloc to get traceback where the object was allocated.
    See https://docs.pytest.org/en/stable/how-to/capture-warnings.html#resource-warnings for more info.</error></testcase><testcase classname="tests.unit.test_auth_service_core_comprehensive.TestAuthServiceUserAuthentication" name="test_authenticate_user_dev_fallback_works" time="0.011"><error message="failed on teardown with &quot;pytest.PytestUnraisableExceptionWarning: Exception ignored in: &lt;coroutine object TestAuthServiceCore.teardown_method at 0x000002ED94361FF0&gt;&#10;Enable tracemalloc to get traceback where the object was allocated.&#10;See https://docs.pytest.org/en/stable/how-to/capture-warnings.html#resource-warnings for more info.&quot;">E   RuntimeWarning: coroutine 'TestAuthServiceCore.teardown_method' was never awaited

The above exception was the direct cause of the following exception:
E   pytest.PytestUnraisableExceptionWarning: Exception ignored in: &lt;coroutine object TestAuthServiceCore.teardown_method at 0x000002ED94361FF0&gt;
    Enable tracemalloc to get traceback where the object was allocated.
    See https://docs.pytest.org/en/stable/how-to/capture-warnings.html#resource-warnings for more info.</error></testcase><testcase classname="tests.unit.test_auth_service_core_comprehensive.TestAuthServiceUserCreation" name="test_create_user_with_valid_data_succeeds" time="0.075"><error message="failed on teardown with &quot;pytest.PytestUnraisableExceptionWarning: Exception ignored in: &lt;coroutine object TestAuthServiceCore.teardown_method at 0x000002ED94387ED0&gt;&#10;Enable tracemalloc to get traceback where the object was allocated.&#10;See https://docs.pytest.org/en/stable/how-to/capture-warnings.html#resource-warnings for more info.&quot;">E   RuntimeWarning: coroutine 'TestAuthServiceCore.teardown_method' was never awaited

The above exception was the direct cause of the following exception:
E   pytest.PytestUnraisableExceptionWarning: Exception ignored in: &lt;coroutine object TestAuthServiceCore.teardown_method at 0x000002ED94387ED0&gt;
    Enable tracemalloc to get traceback where the object was allocated.
    See https://docs.pytest.org/en/stable/how-to/capture-warnings.html#resource-warnings for more info.</error></testcase><testcase classname="tests.unit.test_auth_service_core_comprehensive.TestAuthServiceUserCreation" name="test_create_user_with_duplicate_email_fails_hard" time="0.088"><error message="failed on teardown with &quot;pytest.PytestUnraisableExceptionWarning: Exception ignored in: &lt;coroutine object TestAuthServiceCore.teardown_method at 0x000002ED943BE0C0&gt;&#10;Enable tracemalloc to get traceback where the object was allocated.&#10;See https://docs.pytest.org/en/stable/how-to/capture-warnings.html#resource-warnings for more info.&quot;">E   RuntimeWarning: coroutine 'TestAuthServiceCore.teardown_method' was never awaited

The above exception was the direct cause of the following exception:
E   pytest.PytestUnraisableExceptionWarning: Exception ignored in: &lt;coroutine object TestAuthServiceCore.teardown_method at 0x000002ED943BE0C0&gt;
    Enable tracemalloc to get traceback where the object was allocated.
    See https://docs.pytest.org/en/stable/how-to/capture-warnings.html#resource-warnings for more info.</error></testcase><testcase classname="tests.unit.test_auth_service_core_comprehensive.TestAuthServiceUserCreation" name="test_create_user_with_invalid_email_formats_fails_hard" time="0.003"><failure message="TypeError: expected string or bytes-like object, got 'NoneType'">E   TypeError: expected string or bytes-like object, got 'NoneType'</failure></testcase><testcase classname="tests.unit.test_auth_service_core_comprehensive.TestAuthServiceUserCreation" name="test_create_user_with_invalid_email_formats_fails_hard" time="0.001"><error message="failed on teardown with &quot;pytest.PytestUnraisableExceptionWarning: Exception ignored in: &lt;coroutine object TestAuthServiceCore.teardown_method at 0x000002ED943BE260&gt;&#10;Enable tracemalloc to get traceback where the object was allocated.&#10;See https://docs.pytest.org/en/stable/how-to/capture-warnings.html#resource-warnings for more info.&quot;">E   RuntimeWarning: coroutine 'TestAuthServiceCore.teardown_method' was never awaited

The above exception was the direct cause of the following exception:
E   pytest.PytestUnraisableExceptionWarning: Exception ignored in: &lt;coroutine object TestAuthServiceCore.teardown_method at 0x000002ED943BE260&gt;
    Enable tracemalloc to get traceback where the object was allocated.
    See https://docs.pytest.org/en/stable/how-to/capture-warnings.html#resource-warnings for more info.</error></testcase><testcase classname="tests.unit.test_auth_service_core_comprehensive.TestAuthServiceUserCreation" name="test_create_user_with_weak_passwords_succeeds_but_validates" time="0.253"><error message="failed on teardown with &quot;pytest.PytestUnraisableExceptionWarning: Exception ignored in: &lt;coroutine object TestAuthServiceCore.teardown_method at 0x000002ED94387ED0&gt;&#10;Enable tracemalloc to get traceback where the object was allocated.&#10;See https://docs.pytest.org/en/stable/how-to/capture-warnings.html#resource-warnings for more info.&quot;">E   RuntimeWarning: coroutine 'TestAuthServiceCore.teardown_method' was never awaited

The above exception was the direct cause of the following exception:
E   pytest.PytestUnraisableExceptionWarning: Exception ignored in: &lt;coroutine object TestAuthServiceCore.teardown_method at 0x000002ED94387ED0&gt;
    Enable tracemalloc to get traceback where the object was allocated.
    See https://docs.pytest.org/en/stable/how-to/capture-warnings.html#resource-warnings for more info.</error></testcase><testcase classname="tests.unit.test_auth_service_core_comprehensive.TestAuthServiceUserCreation" name="test_create_user_without_database_falls_back_to_memory" time="0.083"><error message="failed on teardown with &quot;pytest.PytestUnraisableExceptionWarning: Exception ignored in: &lt;coroutine object TestAuthServiceCore.teardown_method at 0x000002ED9441D150&gt;&#10;Enable tracemalloc to get traceback where the object was allocated.&#10;See https://docs.pytest.org/en/stable/how-to/capture-warnings.html#resource-warnings for more info.&quot;">E   RuntimeWarning: coroutine 'TestAuthServiceCore.teardown_method' was never awaited

The above exception was the direct cause of the following exception:
E   pytest.PytestUnraisableExceptionWarning: Exception ignored in: &lt;coroutine object TestAuthServiceCore.teardown_method at 0x000002ED9441D150&gt;
    Enable tracemalloc to get traceback where the object was allocated.
    See https://docs.pytest.org/en/stable/how-to/capture-warnings.html#resource-warnings for more info.</error></testcase><testcase classname="tests.unit.test_auth_service_core_comprehensive.TestAuthServicePasswordSecurity" name="test_hash_password_produces_different_hashes" time="0.143"><error message="failed on teardown with &quot;pytest.PytestUnraisableExceptionWarning: Exception ignored in: &lt;coroutine object TestAuthServiceCore.teardown_method at 0x000002ED9441DE50&gt;&#10;Enable tracemalloc to get traceback where the object was allocated.&#10;See https://docs.pytest.org/en/stable/how-to/capture-warnings.html#resource-warnings for more info.&quot;">E   RuntimeWarning: coroutine 'TestAuthServiceCore.teardown_method' was never awaited

The above exception was the direct cause of the following exception:
E   pytest.PytestUnraisableExceptionWarning: Exception ignored in: &lt;coroutine object TestAuthServiceCore.teardown_method at 0x000002ED9441DE50&gt;
    Enable tracemalloc to get traceback where the object was allocated.
    See https://docs.pytest.org/en/stable/how-to/capture-warnings.html#resource-warnings for more info.</error></testcase><testcase classname="tests.unit.test_auth_service_core_comprehensive.TestAuthServicePasswordSecurity" name="test_verify_password_with_correct_password_succeeds" time="0.134"><error message="failed on teardown with &quot;pytest.PytestUnraisableExceptionWarning: Exception ignored in: &lt;coroutine object TestAuthServiceCore.teardown_method at 0x000002ED94361630&gt;&#10;Enable tracemalloc to get traceback where the object was allocated.&#10;See https://docs.pytest.org/en/stable/how-to/capture-warnings.html#resource-warnings for more info.&quot;">E   RuntimeWarning: coroutine 'TestAuthServiceCore.teardown_method' was never awaited

The above exception was the direct cause of the following exception:
E   pytest.PytestUnraisableExceptionWarning: Exception ignored in: &lt;coroutine object TestAuthServiceCore.teardown_method at 0x000002ED94361630&gt;
    Enable tracemalloc to get traceback where the object was allocated.
    See https://docs.pytest.org/en/stable/how-to/capture-warnings.html#resource-warnings for more info.</error></testcase><testcase classname="tests.unit.test_auth_service_core_comprehensive.TestAuthServicePasswordSecurity" name="test_verify_password_with_wrong_password_fails_hard" time="0.145"><error message="failed on teardown with &quot;pytest.PytestUnraisableExceptionWarning: Exception ignored in: &lt;coroutine object TestAuthServiceCore.teardown_method at 0x000002ED9441E0C0&gt;&#10;Enable tracemalloc to get traceback where the object was allocated.&#10;See https://docs.pytest.org/en/stable/how-to/capture-warnings.html#resource-warnings for more info.&quot;">E   RuntimeWarning: coroutine 'TestAuthServiceCore.teardown_method' was never awaited

The above exception was the direct cause of the following exception:
E   pytest.PytestUnraisableExceptionWarning: Exception ignored in: &lt;coroutine object TestAuthServiceCore.teardown_method at 0x000002ED9441E0C0&gt;
    Enable tracemalloc to get traceback where the object was allocated.
    See https://docs.pytest.org/en/stable/how-to/capture-warnings.html#resource-warnings for more info.</error></testcase><testcase classname="tests.unit.test_auth_service_core_comprehensive.TestAuthServicePasswordSecurity" name="test_verify_password_with_malformed_hash_fails_hard" time="0.004"><error message="failed on teardown with &quot;pytest.PytestUnraisableExceptionWarning: Exception ignored in: &lt;coroutine object TestAuthServiceCore.teardown_method at 0x000002ED9441DD80&gt;&#10;Enable tracemalloc to get traceback where the object was allocated.&#10;See https://docs.pytest.org/en/stable/how-to/capture-warnings.html#resource-warnings for more info.&quot;">E   RuntimeWarning: coroutine 'TestAuthServiceCore.teardown_method' was never awaited

The above exception was the direct cause of the following exception:
E   pytest.PytestUnraisableExceptionWarning: Exception ignored in: &lt;coroutine object TestAuthServiceCore.teardown_method at 0x000002ED9441DD80&gt;
    Enable tracemalloc to get traceback where the object was allocated.
    See https://docs.pytest.org/en/stable/how-to/capture-warnings.html#resource-warnings for more info.</error></testcase><testcase classname="tests.unit.test_auth_service_core_comprehensive.TestAuthServicePasswordSecurity" name="test_password_validation_enforces_security_rules" time="0.002"><failure message="AssertionError: Good password should pass: Password must contain at least one special character&#10;assert False is True">E   AssertionError: Good password should pass: Password must contain at least one special character
    assert False is True</failure></testcase><testcase classname="tests.unit.test_auth_service_core_comprehensive.TestAuthServicePasswordSecurity" name="test_password_validation_enforces_security_rules" time="0.001"><error message="failed on teardown with &quot;pytest.PytestUnraisableExceptionWarning: Exception ignored in: &lt;coroutine object TestAuthServiceCore.teardown_method at 0x000002ED94387ED0&gt;&#10;Enable tracemalloc to get traceback where the object was allocated.&#10;See https://docs.pytest.org/en/stable/how-to/capture-warnings.html#resource-warnings for more info.&quot;">E   RuntimeWarning: coroutine 'TestAuthServiceCore.teardown_method' was never awaited

The above exception was the direct cause of the following exception:
E   pytest.PytestUnraisableExceptionWarning: Exception ignored in: &lt;coroutine object TestAuthServiceCore.teardown_method at 0x000002ED94387ED0&gt;
    Enable tracemalloc to get traceback where the object was allocated.
    See https://docs.pytest.org/en/stable/how-to/capture-warnings.html#resource-warnings for more info.</error></testcase><testcase classname="tests.unit.test_auth_service_core_comprehensive.TestAuthServiceTokenOperations" name="test_create_access_token_generates_valid_jwt" time="0.003"><error message="failed on teardown with &quot;pytest.PytestUnraisableExceptionWarning: Exception ignored in: &lt;coroutine object TestAuthServiceCore.teardown_method at 0x000002ED9441EC20&gt;&#10;Enable tracemalloc to get traceback where the object was allocated.&#10;See https://docs.pytest.org/en/stable/how-to/capture-warnings.html#resource-warnings for more info.&quot;">E   RuntimeWarning: coroutine 'TestAuthServiceCore.teardown_method' was never awaited

The above exception was the direct cause of the following exception:
E   pytest.PytestUnraisableExceptionWarning: Exception ignored in: &lt;coroutine object TestAuthServiceCore.teardown_method at 0x000002ED9441EC20&gt;
    Enable tracemalloc to get traceback where the object was allocated.
    See https://docs.pytest.org/en/stable/how-to/capture-warnings.html#resource-warnings for more info.</error></testcase><testcase classname="tests.unit.test_auth_service_core_comprehensive.TestAuthServiceTokenOperations" name="test_create_refresh_token_generates_valid_jwt" time="0.003"><failure message="assert None is not None">E   assert None is not None</failure></testcase><testcase classname="tests.unit.test_auth_service_core_comprehensive.TestAuthServiceTokenOperations" name="test_create_refresh_token_generates_valid_jwt" time="0.001"><error message="failed on teardown with &quot;pytest.PytestUnraisableExceptionWarning: Exception ignored in: &lt;coroutine object TestAuthServiceCore.teardown_method at 0x000002ED9441FED0&gt;&#10;Enable tracemalloc to get traceback where the object was allocated.&#10;See https://docs.pytest.org/en/stable/how-to/capture-warnings.html#resource-warnings for more info.&quot;">E   RuntimeWarning: coroutine 'TestAuthServiceCore.teardown_method' was never awaited

The above exception was the direct cause of the following exception:
E   pytest.PytestUnraisableExceptionWarning: Exception ignored in: &lt;coroutine object TestAuthServiceCore.teardown_method at 0x000002ED9441FED0&gt;
    Enable tracemalloc to get traceback where the object was allocated.
    See https://docs.pytest.org/en/stable/how-to/capture-warnings.html#resource-warnings for more info.</error></testcase><testcase classname="tests.unit.test_auth_service_core_comprehensive.TestAuthServiceTokenOperations" name="test_create_service_token_generates_valid_jwt" time="0.003"><failure message="assert None is not None">E   assert None is not None</failure></testcase><testcase classname="tests.unit.test_auth_service_core_comprehensive.TestAuthServiceTokenOperations" name="test_create_service_token_generates_valid_jwt" time="0.001"><error message="failed on teardown with &quot;pytest.PytestUnraisableExceptionWarning: Exception ignored in: &lt;coroutine object TestAuthServiceCore.teardown_method at 0x000002ED9441EC20&gt;&#10;Enable tracemalloc to get traceback where the object was allocated.&#10;See https://docs.pytest.org/en/stable/how-to/capture-warnings.html#resource-warnings for more info.&quot;">E   RuntimeWarning: coroutine 'TestAuthServiceCore.teardown_method' was never awaited

The above exception was the direct cause of the following exception:
E   pytest.PytestUnraisableExceptionWarning: Exception ignored in: &lt;coroutine object TestAuthServiceCore.teardown_method at 0x000002ED9441EC20&gt;
    Enable tracemalloc to get traceback where the object was allocated.
    See https://docs.pytest.org/en/stable/how-to/capture-warnings.html#resource-warnings for more info.</error></testcase><testcase classname="tests.unit.test_auth_service_core_comprehensive.TestAuthServiceTokenOperations" name="test_blacklist_token_prevents_reuse" time="0.003"><failure message="assert False is True">E   assert False is True</failure></testcase><testcase classname="tests.unit.test_auth_service_core_comprehensive.TestAuthServiceTokenOperations" name="test_blacklist_token_prevents_reuse" time="0.001"><error message="failed on teardown with &quot;pytest.PytestUnraisableExceptionWarning: Exception ignored in: &lt;coroutine object TestAuthServiceCore.teardown_method at 0x000002ED944C6260&gt;&#10;Enable tracemalloc to get traceback where the object was allocated.&#10;See https://docs.pytest.org/en/stable/how-to/capture-warnings.html#resource-warnings for more info.&quot;">E   RuntimeWarning: coroutine 'TestAuthServiceCore.teardown_method' was never awaited

The above exception was the direct cause of the following exception:
E   pytest.PytestUnraisableExceptionWarning: Exception ignored in: &lt;coroutine object TestAuthServiceCore.teardown_method at 0x000002ED944C6260&gt;
    Enable tracemalloc to get traceback where the object was allocated.
    See https://docs.pytest.org/en/stable/how-to/capture-warnings.html#resource-warnings for more info.</error></testcase><testcase classname="tests.unit.test_auth_service_core_comprehensive.TestAuthServiceLoginFlow" name="test_login_complete_flow_with_valid_credentials" time="0.085"><failure message="TypeError: AuthService.login() missing 1 required positional argument: 'client_info'">E   TypeError: AuthService.login() missing 1 required positional argument: 'client_info'</failure></testcase><testcase classname="tests.unit.test_auth_service_core_comprehensive.TestAuthServiceLoginFlow" name="test_login_complete_flow_with_valid_credentials" time="0.001"><error message="failed on teardown with &quot;pytest.PytestUnraisableExceptionWarning: Exception ignored in: &lt;coroutine object TestAuthServiceCore.teardown_method at 0x000002ED9454EA80&gt;&#10;Enable tracemalloc to get traceback where the object was allocated.&#10;See https://docs.pytest.org/en/stable/how-to/capture-warnings.html#resource-warnings for more info.&quot;">E   RuntimeWarning: coroutine 'TestAuthServiceCore.teardown_method' was never awaited

The above exception was the direct cause of the following exception:
E   pytest.PytestUnraisableExceptionWarning: Exception ignored in: &lt;coroutine object TestAuthServiceCore.teardown_method at 0x000002ED9454EA80&gt;
    Enable tracemalloc to get traceback where the object was allocated.
    See https://docs.pytest.org/en/stable/how-to/capture-warnings.html#resource-warnings for more info.</error></testcase><testcase classname="tests.unit.test_auth_service_core_comprehensive.TestAuthServiceLoginFlow" name="test_login_with_invalid_credentials_returns_none" time="0.002"><failure message="TypeError: AuthService.login() missing 1 required positional argument: 'client_info'">E   TypeError: AuthService.login() missing 1 required positional argument: 'client_info'</failure></testcase><testcase classname="tests.unit.test_auth_service_core_comprehensive.TestAuthServiceLoginFlow" name="test_login_with_invalid_credentials_returns_none" time="0.001"><error message="failed on teardown with &quot;pytest.PytestUnraisableExceptionWarning: Exception ignored in: &lt;coroutine object TestAuthServiceCore.teardown_method at 0x000002ED9454FED0&gt;&#10;Enable tracemalloc to get traceback where the object was allocated.&#10;See https://docs.pytest.org/en/stable/how-to/capture-warnings.html#resource-warnings for more info.&quot;">E   RuntimeWarning: coroutine 'TestAuthServiceCore.teardown_method' was never awaited

The above exception was the direct cause of the following exception:
E   pytest.PytestUnraisableExceptionWarning: Exception ignored in: &lt;coroutine object TestAuthServiceCore.teardown_method at 0x000002ED9454FED0&gt;
    Enable tracemalloc to get traceback where the object was allocated.
    See https://docs.pytest.org/en/stable/how-to/capture-warnings.html#resource-warnings for more info.</error></testcase><testcase classname="tests.unit.test_auth_service_core_comprehensive.TestAuthServiceLoginFlow" name="test_login_with_malformed_request_fails_hard" time="0.002"><failure message="TypeError: AuthService.login() missing 1 required positional argument: 'client_info'">E   TypeError: AuthService.login() missing 1 required positional argument: 'client_info'</failure></testcase><testcase classname="tests.unit.test_auth_service_core_comprehensive.TestAuthServiceLoginFlow" name="test_login_with_malformed_request_fails_hard" time="0.001"><error message="failed on teardown with &quot;pytest.PytestUnraisableExceptionWarning: Exception ignored in: &lt;coroutine object TestAuthServiceCore.teardown_method at 0x000002ED94600EE0&gt;&#10;Enable tracemalloc to get traceback where the object was allocated.&#10;See https://docs.pytest.org/en/stable/how-to/capture-warnings.html#resource-warnings for more info.&quot;">E   RuntimeWarning: coroutine 'TestAuthServiceCore.teardown_method' was never awaited

The above exception was the direct cause of the following exception:
E   pytest.PytestUnraisableExceptionWarning: Exception ignored in: &lt;coroutine object TestAuthServiceCore.teardown_method at 0x000002ED94600EE0&gt;
    Enable tracemalloc to get traceback where the object was allocated.
    See https://docs.pytest.org/en/stable/how-to/capture-warnings.html#resource-warnings for more info.</error></testcase><testcase classname="tests.unit.test_auth_service_core_comprehensive.TestAuthServiceLogoutFlow" name="test_logout_with_valid_token_succeeds" time="0.083"><failure message="TypeError: AuthService.login() missing 1 required positional argument: 'client_info'">E   TypeError: AuthService.login() missing 1 required positional argument: 'client_info'</failure></testcase><testcase classname="tests.unit.test_auth_service_core_comprehensive.TestAuthServiceLogoutFlow" name="test_logout_with_valid_token_succeeds" time="0.001"><error message="failed on teardown with &quot;pytest.PytestUnraisableExceptionWarning: Exception ignored in: &lt;coroutine object TestAuthServiceCore.teardown_method at 0x000002ED94601220&gt;&#10;Enable tracemalloc to get traceback where the object was allocated.&#10;See https://docs.pytest.org/en/stable/how-to/capture-warnings.html#resource-warnings for more info.&quot;">E   RuntimeWarning: coroutine 'TestAuthServiceCore.teardown_method' was never awaited

The above exception was the direct cause of the following exception:
E   pytest.PytestUnraisableExceptionWarning: Exception ignored in: &lt;coroutine object TestAuthServiceCore.teardown_method at 0x000002ED94601220&gt;
    Enable tracemalloc to get traceback where the object was allocated.
    See https://docs.pytest.org/en/stable/how-to/capture-warnings.html#resource-warnings for more info.</error></testcase><testcase classname="tests.unit.test_auth_service_core_comprehensive.TestAuthServiceLogoutFlow" name="test_logout_with_invalid_token_fails_gracefully" time="0.003"><failure message="TypeError: AuthService.logout() got an unexpected keyword argument 'refresh_token'">E   TypeError: AuthService.logout() got an unexpected keyword argument 'refresh_token'</failure></testcase><testcase classname="tests.unit.test_auth_service_core_comprehensive.TestAuthServiceLogoutFlow" name="test_logout_with_invalid_token_fails_gracefully" time="0.001"><error message="failed on teardown with &quot;pytest.PytestUnraisableExceptionWarning: Exception ignored in: &lt;coroutine object TestAuthServiceCore.teardown_method at 0x000002ED94602810&gt;&#10;Enable tracemalloc to get traceback where the object was allocated.&#10;See https://docs.pytest.org/en/stable/how-to/capture-warnings.html#resource-warnings for more info.&quot;">E   RuntimeWarning: coroutine 'TestAuthServiceCore.teardown_method' was never awaited

The above exception was the direct cause of the following exception:
E   pytest.PytestUnraisableExceptionWarning: Exception ignored in: &lt;coroutine object TestAuthServiceCore.teardown_method at 0x000002ED94602810&gt;
    Enable tracemalloc to get traceback where the object was allocated.
    See https://docs.pytest.org/en/stable/how-to/capture-warnings.html#resource-warnings for more info.</error></testcase><testcase classname="tests.unit.test_auth_service_core_comprehensive.TestAuthServiceSessionManagement" name="test_create_session_generates_valid_session" time="0.003"><error message="failed on teardown with &quot;pytest.PytestUnraisableExceptionWarning: Exception ignored in: &lt;coroutine object TestAuthServiceCore.teardown_method at 0x000002ED94602DC0&gt;&#10;Enable tracemalloc to get traceback where the object was allocated.&#10;See https://docs.pytest.org/en/stable/how-to/capture-warnings.html#resource-warnings for more info.&quot;">E   RuntimeWarning: coroutine 'TestAuthServiceCore.teardown_method' was never awaited

The above exception was the direct cause of the following exception:
E   pytest.PytestUnraisableExceptionWarning: Exception ignored in: &lt;coroutine object TestAuthServiceCore.teardown_method at 0x000002ED94602DC0&gt;
    Enable tracemalloc to get traceback where the object was allocated.
    See https://docs.pytest.org/en/stable/how-to/capture-warnings.html#resource-warnings for more info.</error></testcase><testcase classname="tests.unit.test_auth_service_core_comprehensive.TestAuthServiceSessionManagement" name="test_delete_session_removes_session" time="0.004"><error message="failed on teardown with &quot;pytest.PytestUnraisableExceptionWarning: Exception ignored in: &lt;coroutine object TestAuthServiceCore.teardown_method at 0x000002ED94602B50&gt;&#10;Enable tracemalloc to get traceback where the object was allocated.&#10;See https://docs.pytest.org/en/stable/how-to/capture-warnings.html#resource-warnings for more info.&quot;">E   RuntimeWarning: coroutine 'TestAuthServiceCore.teardown_method' was never awaited

The above exception was the direct cause of the following exception:
E   pytest.PytestUnraisableExceptionWarning: Exception ignored in: &lt;coroutine object TestAuthServiceCore.teardown_method at 0x000002ED94602B50&gt;
    Enable tracemalloc to get traceback where the object was allocated.
    See https://docs.pytest.org/en/stable/how-to/capture-warnings.html#resource-warnings for more info.</error></testcase><testcase classname="tests.unit.test_auth_service_core_comprehensive.TestAuthServiceSessionManagement" name="test_delete_nonexistent_session_fails_gracefully" time="0.002"><error message="failed on teardown with &quot;pytest.PytestUnraisableExceptionWarning: Exception ignored in: &lt;coroutine object TestAuthServiceCore.teardown_method at 0x000002ED946031D0&gt;&#10;Enable tracemalloc to get traceback where the object was allocated.&#10;See https://docs.pytest.org/en/stable/how-to/capture-warnings.html#resource-warnings for more info.&quot;">E   RuntimeWarning: coroutine 'TestAuthServiceCore.teardown_method' was never awaited

The above exception was the direct cause of the following exception:
E   pytest.PytestUnraisableExceptionWarning: Exception ignored in: &lt;coroutine object TestAuthServiceCore.teardown_method at 0x000002ED946031D0&gt;
    Enable tracemalloc to get traceback where the object was allocated.
    See https://docs.pytest.org/en/stable/how-to/capture-warnings.html#resource-warnings for more info.</error></testcase><testcase classname="tests.unit.test_auth_service_core_comprehensive.TestAuthServiceSessionManagement" name="test_invalidate_user_sessions_removes_all_user_sessions" time="0.003"><error message="failed on teardown with &quot;pytest.PytestUnraisableExceptionWarning: Exception ignored in: &lt;coroutine object TestAuthServiceCore.teardown_method at 0x000002ED94638930&gt;&#10;Enable tracemalloc to get traceback where the object was allocated.&#10;See https://docs.pytest.org/en/stable/how-to/capture-warnings.html#resource-warnings for more info.&quot;">E   RuntimeWarning: coroutine 'TestAuthServiceCore.teardown_method' was never awaited

The above exception was the direct cause of the following exception:
E   pytest.PytestUnraisableExceptionWarning: Exception ignored in: &lt;coroutine object TestAuthServiceCore.teardown_method at 0x000002ED94638930&gt;
    Enable tracemalloc to get traceback where the object was allocated.
    See https://docs.pytest.org/en/stable/how-to/capture-warnings.html#resource-warnings for more info.</error></testcase><testcase classname="tests.unit.test_auth_service_core_comprehensive.TestAuthServiceCircuitBreaker" name="test_circuit_breaker_initial_state_is_closed" time="0.002"><error message="failed on teardown with &quot;pytest.PytestUnraisableExceptionWarning: Exception ignored in: &lt;coroutine object TestAuthServiceCore.teardown_method at 0x000002ED946031D0&gt;&#10;Enable tracemalloc to get traceback where the object was allocated.&#10;See https://docs.pytest.org/en/stable/how-to/capture-warnings.html#resource-warnings for more info.&quot;">E   RuntimeWarning: coroutine 'TestAuthServiceCore.teardown_method' was never awaited

The above exception was the direct cause of the following exception:
E   pytest.PytestUnraisableExceptionWarning: Exception ignored in: &lt;coroutine object TestAuthServiceCore.teardown_method at 0x000002ED946031D0&gt;
    Enable tracemalloc to get traceback where the object was allocated.
    See https://docs.pytest.org/en/stable/how-to/capture-warnings.html#resource-warnings for more info.</error></testcase><testcase classname="tests.unit.test_auth_service_core_comprehensive.TestAuthServiceCircuitBreaker" name="test_record_failure_increases_failure_count" time="0.003"><error message="failed on teardown with &quot;pytest.PytestUnraisableExceptionWarning: Exception ignored in: &lt;coroutine object TestAuthServiceCore.teardown_method at 0x000002ED94603030&gt;&#10;Enable tracemalloc to get traceback where the object was allocated.&#10;See https://docs.pytest.org/en/stable/how-to/capture-warnings.html#resource-warnings for more info.&quot;">E   RuntimeWarning: coroutine 'TestAuthServiceCore.teardown_method' was never awaited

The above exception was the direct cause of the following exception:
E   pytest.PytestUnraisableExceptionWarning: Exception ignored in: &lt;coroutine object TestAuthServiceCore.teardown_method at 0x000002ED94603030&gt;
    Enable tracemalloc to get traceback where the object was allocated.
    See https://docs.pytest.org/en/stable/how-to/capture-warnings.html#resource-warnings for more info.</error></testcase><testcase classname="tests.unit.test_auth_service_core_comprehensive.TestAuthServiceCircuitBreaker" name="test_record_success_resets_failure_count" time="0.003"><error message="failed on teardown with &quot;pytest.PytestUnraisableExceptionWarning: Exception ignored in: &lt;coroutine object TestAuthServiceCore.teardown_method at 0x000002ED94603100&gt;&#10;Enable tracemalloc to get traceback where the object was allocated.&#10;See https://docs.pytest.org/en/stable/how-to/capture-warnings.html#resource-warnings for more info.&quot;">E   RuntimeWarning: coroutine 'TestAuthServiceCore.teardown_method' was never awaited

The above exception was the direct cause of the following exception:
E   pytest.PytestUnraisableExceptionWarning: Exception ignored in: &lt;coroutine object TestAuthServiceCore.teardown_method at 0x000002ED94603100&gt;
    Enable tracemalloc to get traceback where the object was allocated.
    See https://docs.pytest.org/en/stable/how-to/capture-warnings.html#resource-warnings for more info.</error></testcase><testcase classname="tests.unit.test_auth_service_core_comprehensive.TestAuthServiceCircuitBreaker" name="test_circuit_breaker_opens_after_threshold_failures" time="0.123"><error message="failed on teardown with &quot;pytest.PytestUnraisableExceptionWarning: Exception ignored in: &lt;coroutine object TestAuthServiceCore.teardown_method at 0x000002EDEB1F1E50&gt;&#10;Enable tracemalloc to get traceback where the object was allocated.&#10;See https://docs.pytest.org/en/stable/how-to/capture-warnings.html#resource-warnings for more info.&quot;">E   RuntimeWarning: coroutine 'TestAuthServiceCore.teardown_method' was never awaited

The above exception was the direct cause of the following exception:
E   pytest.PytestUnraisableExceptionWarning: Exception ignored in: &lt;coroutine object TestAuthServiceCore.teardown_method at 0x000002EDEB1F1E50&gt;
    Enable tracemalloc to get traceback where the object was allocated.
    See https://docs.pytest.org/en/stable/how-to/capture-warnings.html#resource-warnings for more info.</error></testcase><testcase classname="tests.unit.test_auth_service_core_comprehensive.TestAuthServiceCircuitBreaker" name="test_reset_circuit_breaker_closes_circuit" time="0.003"><error message="failed on teardown with &quot;pytest.PytestUnraisableExceptionWarning: Exception ignored in: &lt;coroutine object TestAuthServiceCore.teardown_method at 0x000002ED93649BE0&gt;&#10;Enable tracemalloc to get traceback where the object was allocated.&#10;See https://docs.pytest.org/en/stable/how-to/capture-warnings.html#resource-warnings for more info.&quot;">E   RuntimeWarning: coroutine 'TestAuthServiceCore.teardown_method' was never awaited

The above exception was the direct cause of the following exception:
E   pytest.PytestUnraisableExceptionWarning: Exception ignored in: &lt;coroutine object TestAuthServiceCore.teardown_method at 0x000002ED93649BE0&gt;
    Enable tracemalloc to get traceback where the object was allocated.
    See https://docs.pytest.org/en/stable/how-to/capture-warnings.html#resource-warnings for more info.</error></testcase><testcase classname="tests.unit.test_auth_service_core_comprehensive.TestAuthServiceCircuitBreaker" name="test_reset_all_circuit_breakers_closes_all" time="0.003"><error message="failed on teardown with &quot;pytest.PytestUnraisableExceptionWarning: Exception ignored in: &lt;coroutine object TestAuthServiceCore.teardown_method at 0x000002ED936DCA00&gt;&#10;Enable tracemalloc to get traceback where the object was allocated.&#10;See https://docs.pytest.org/en/stable/how-to/capture-warnings.html#resource-warnings for more info.&quot;">E   RuntimeWarning: coroutine 'TestAuthServiceCore.teardown_method' was never awaited

The above exception was the direct cause of the following exception:
E   pytest.PytestUnraisableExceptionWarning: Exception ignored in: &lt;coroutine object TestAuthServiceCore.teardown_method at 0x000002ED936DCA00&gt;
    Enable tracemalloc to get traceback where the object was allocated.
    See https://docs.pytest.org/en/stable/how-to/capture-warnings.html#resource-warnings for more info.</error></testcase><testcase classname="tests.unit.test_auth_service_core_comprehensive.TestAuthServiceEmailValidation" name="test_validate_email_with_valid_emails_succeeds" time="0.003"><error message="failed on teardown with &quot;pytest.PytestUnraisableExceptionWarning: Exception ignored in: &lt;coroutine object TestAuthServiceCore.teardown_method at 0x000002ED93864E10&gt;&#10;Enable tracemalloc to get traceback where the object was allocated.&#10;See https://docs.pytest.org/en/stable/how-to/capture-warnings.html#resource-warnings for more info.&quot;">E   RuntimeWarning: coroutine 'TestAuthServiceCore.teardown_method' was never awaited

The above exception was the direct cause of the following exception:
E   pytest.PytestUnraisableExceptionWarning: Exception ignored in: &lt;coroutine object TestAuthServiceCore.teardown_method at 0x000002ED93864E10&gt;
    Enable tracemalloc to get traceback where the object was allocated.
    See https://docs.pytest.org/en/stable/how-to/capture-warnings.html#resource-warnings for more info.</error></testcase><testcase classname="tests.unit.test_auth_service_core_comprehensive.TestAuthServiceEmailValidation" name="test_validate_email_with_invalid_emails_fails_hard" time="0.002"><failure message="AssertionError: Should be invalid: .invalid@example.com&#10;assert True is False">E   AssertionError: Should be invalid: .invalid@example.com
    assert True is False</failure></testcase><testcase classname="tests.unit.test_auth_service_core_comprehensive.TestAuthServiceEmailValidation" name="test_validate_email_with_invalid_emails_fails_hard" time="0.001"><error message="failed on teardown with &quot;pytest.PytestUnraisableExceptionWarning: Exception ignored in: &lt;coroutine object TestAuthServiceCore.teardown_method at 0x000002ED938FB5E0&gt;&#10;Enable tracemalloc to get traceback where the object was allocated.&#10;See https://docs.pytest.org/en/stable/how-to/capture-warnings.html#resource-warnings for more info.&quot;">E   RuntimeWarning: coroutine 'TestAuthServiceCore.teardown_method' was never awaited

The above exception was the direct cause of the following exception:
E   pytest.PytestUnraisableExceptionWarning: Exception ignored in: &lt;coroutine object TestAuthServiceCore.teardown_method at 0x000002ED938FB5E0&gt;
    Enable tracemalloc to get traceback where the object was allocated.
    See https://docs.pytest.org/en/stable/how-to/capture-warnings.html#resource-warnings for more info.</error></testcase><testcase classname="tests.unit.test_auth_service_core_comprehensive.TestAuthServicePasswordResetFlow" name="test_request_password_reset_with_valid_email" time="0.087"><error message="failed on teardown with &quot;pytest.PytestUnraisableExceptionWarning: Exception ignored in: &lt;coroutine object TestAuthServiceCore.teardown_method at 0x000002ED93FB24D0&gt;&#10;Enable tracemalloc to get traceback where the object was allocated.&#10;See https://docs.pytest.org/en/stable/how-to/capture-warnings.html#resource-warnings for more info.&quot;">E   RuntimeWarning: coroutine 'TestAuthServiceCore.teardown_method' was never awaited

The above exception was the direct cause of the following exception:
E   pytest.PytestUnraisableExceptionWarning: Exception ignored in: &lt;coroutine object TestAuthServiceCore.teardown_method at 0x000002ED93FB24D0&gt;
    Enable tracemalloc to get traceback where the object was allocated.
    See https://docs.pytest.org/en/stable/how-to/capture-warnings.html#resource-warnings for more info.</error></testcase><testcase classname="tests.unit.test_auth_service_core_comprehensive.TestAuthServicePasswordResetFlow" name="test_request_password_reset_with_nonexistent_email" time="0.003"><error message="failed on teardown with &quot;pytest.PytestUnraisableExceptionWarning: Exception ignored in: &lt;coroutine object TestAuthServiceCore.teardown_method at 0x000002ED938FB5E0&gt;&#10;Enable tracemalloc to get traceback where the object was allocated.&#10;See https://docs.pytest.org/en/stable/how-to/capture-warnings.html#resource-warnings for more info.&quot;">E   RuntimeWarning: coroutine 'TestAuthServiceCore.teardown_method' was never awaited

The above exception was the direct cause of the following exception:
E   pytest.PytestUnraisableExceptionWarning: Exception ignored in: &lt;coroutine object TestAuthServiceCore.teardown_method at 0x000002ED938FB5E0&gt;
    Enable tracemalloc to get traceback where the object was allocated.
    See https://docs.pytest.org/en/stable/how-to/capture-warnings.html#resource-warnings for more info.</error></testcase><testcase classname="tests.unit.test_auth_service_core_comprehensive.TestAuthServicePasswordResetFlow" name="test_confirm_password_reset_with_valid_token" time="0.005"><failure message="pydantic_core._pydantic_core.ValidationError: 1 validation error for PasswordResetConfirm&#10;reset_token&#10;  Field required [type=missing, input_value={'token': 'test-token', '...ord': 'NewPassword123!'}, input_type=dict]&#10;    For further information visit https://errors.pydantic.dev/2.11/v/missing">E   pydantic_core._pydantic_core.ValidationError: 1 validation error for PasswordResetConfirm
    reset_token
      Field required [type=missing, input_value={'token': 'test-token', '...ord': 'NewPassword123!'}, input_type=dict]
        For further information visit https://errors.pydantic.dev/2.11/v/missing</failure></testcase><testcase classname="tests.unit.test_auth_service_core_comprehensive.TestAuthServicePasswordResetFlow" name="test_confirm_password_reset_with_valid_token" time="0.002"><error message="failed on teardown with &quot;pytest.PytestUnraisableExceptionWarning: Exception ignored in: &lt;coroutine object TestAuthServiceCore.teardown_method at 0x000002ED94601F20&gt;&#10;Enable tracemalloc to get traceback where the object was allocated.&#10;See https://docs.pytest.org/en/stable/how-to/capture-warnings.html#resource-warnings for more info.&quot;">E   RuntimeWarning: coroutine 'TestAuthServiceCore.teardown_method' was never awaited

The above exception was the direct cause of the following exception:
E   pytest.PytestUnraisableExceptionWarning: Exception ignored in: &lt;coroutine object TestAuthServiceCore.teardown_method at 0x000002ED94601F20&gt;
    Enable tracemalloc to get traceback where the object was allocated.
    See https://docs.pytest.org/en/stable/how-to/capture-warnings.html#resource-warnings for more info.</error></testcase><testcase classname="tests.unit.test_auth_service_core_comprehensive.TestAuthServiceConcurrencyAndRaceConditions" name="test_concurrent_user_creation_same_email_prevents_duplicates" time="0.437"><error message="failed on teardown with &quot;pytest.PytestUnraisableExceptionWarning: Exception ignored in: &lt;coroutine object TestAuthServiceCore.teardown_method at 0x000002ED936DC790&gt;&#10;Enable tracemalloc to get traceback where the object was allocated.&#10;See https://docs.pytest.org/en/stable/how-to/capture-warnings.html#resource-warnings for more info.&quot;">E   RuntimeWarning: coroutine 'TestAuthServiceCore.teardown_method' was never awaited

The above exception was the direct cause of the following exception:
E   pytest.PytestUnraisableExceptionWarning: Exception ignored in: &lt;coroutine object TestAuthServiceCore.teardown_method at 0x000002ED936DC790&gt;
    Enable tracemalloc to get traceback where the object was allocated.
    See https://docs.pytest.org/en/stable/how-to/capture-warnings.html#resource-warnings for more info.</error></testcase><testcase classname="tests.unit.test_auth_service_core_comprehensive.TestAuthServiceConcurrencyAndRaceConditions" name="test_concurrent_authentication_same_user_succeeds" time="0.360"><error message="failed on teardown with &quot;pytest.PytestUnraisableExceptionWarning: Exception ignored in: &lt;coroutine object TestAuthServiceCore.teardown_method at 0x000002ED94361630&gt;&#10;Enable tracemalloc to get traceback where the object was allocated.&#10;See https://docs.pytest.org/en/stable/how-to/capture-warnings.html#resource-warnings for more info.&quot;">E   RuntimeWarning: coroutine 'TestAuthServiceCore.teardown_method' was never awaited

The above exception was the direct cause of the following exception:
E   pytest.PytestUnraisableExceptionWarning: Exception ignored in: &lt;coroutine object TestAuthServiceCore.teardown_method at 0x000002ED94361630&gt;
    Enable tracemalloc to get traceback where the object was allocated.
    See https://docs.pytest.org/en/stable/how-to/capture-warnings.html#resource-warnings for more info.</error></testcase><testcase classname="tests.unit.test_auth_service_core_comprehensive.TestAuthServiceConcurrencyAndRaceConditions" name="test_concurrent_token_operations_maintain_consistency" time="0.012"><error message="failed on teardown with &quot;pytest.PytestUnraisableExceptionWarning: Exception ignored in: &lt;coroutine object TestAuthServiceCore.teardown_method at 0x000002ED9454F100&gt;&#10;Enable tracemalloc to get traceback where the object was allocated.&#10;See https://docs.pytest.org/en/stable/how-to/capture-warnings.html#resource-warnings for more info.&quot;">E   RuntimeWarning: coroutine 'TestAuthServiceCore.teardown_method' was never awaited

The above exception was the direct cause of the following exception:
E   pytest.PytestUnraisableExceptionWarning: Exception ignored in: &lt;coroutine object TestAuthServiceCore.teardown_method at 0x000002ED9454F100&gt;
    Enable tracemalloc to get traceback where the object was allocated.
    See https://docs.pytest.org/en/stable/how-to/capture-warnings.html#resource-warnings for more info.</error></testcase><testcase classname="tests.unit.test_auth_service_core_comprehensive.TestAuthServiceConcurrencyAndRaceConditions" name="test_concurrent_session_operations_maintain_consistency" time="0.004"><error message="failed on teardown with &quot;pytest.PytestUnraisableExceptionWarning: Exception ignored in: &lt;coroutine object TestAuthServiceCore.teardown_method at 0x000002ED94386E90&gt;&#10;Enable tracemalloc to get traceback where the object was allocated.&#10;See https://docs.pytest.org/en/stable/how-to/capture-warnings.html#resource-warnings for more info.&quot;">E   RuntimeWarning: coroutine 'TestAuthServiceCore.teardown_method' was never awaited

The above exception was the direct cause of the following exception:
E   pytest.PytestUnraisableExceptionWarning: Exception ignored in: &lt;coroutine object TestAuthServiceCore.teardown_method at 0x000002ED94386E90&gt;
    Enable tracemalloc to get traceback where the object was allocated.
    See https://docs.pytest.org/en/stable/how-to/capture-warnings.html#resource-warnings for more info.</error></testcase><testcase classname="tests.unit.test_auth_service_core_comprehensive.TestAuthServiceErrorHandlingAndBoundaryConditions" name="test_operations_with_extremely_long_inputs_fail_gracefully" time="0.094"><error message="failed on teardown with &quot;pytest.PytestUnraisableExceptionWarning: Exception ignored in: &lt;coroutine object TestAuthServiceCore.teardown_method at 0x000002ED943872A0&gt;&#10;Enable tracemalloc to get traceback where the object was allocated.&#10;See https://docs.pytest.org/en/stable/how-to/capture-warnings.html#resource-warnings for more info.&quot;">E   RuntimeWarning: coroutine 'TestAuthServiceCore.teardown_method' was never awaited

The above exception was the direct cause of the following exception:
E   pytest.PytestUnraisableExceptionWarning: Exception ignored in: &lt;coroutine object TestAuthServiceCore.teardown_method at 0x000002ED943872A0&gt;
    Enable tracemalloc to get traceback where the object was allocated.
    See https://docs.pytest.org/en/stable/how-to/capture-warnings.html#resource-warnings for more info.</error></testcase><testcase classname="tests.unit.test_auth_service_core_comprehensive.TestAuthServiceErrorHandlingAndBoundaryConditions" name="test_operations_with_special_characters_handle_correctly" time="0.179"><error message="failed on teardown with &quot;pytest.PytestUnraisableExceptionWarning: Exception ignored in: &lt;coroutine object TestAuthServiceCore.teardown_method at 0x000002ED94361630&gt;&#10;Enable tracemalloc to get traceback where the object was allocated.&#10;See https://docs.pytest.org/en/stable/how-to/capture-warnings.html#resource-warnings for more info.&quot;">E   RuntimeWarning: coroutine 'TestAuthServiceCore.teardown_method' was never awaited

The above exception was the direct cause of the following exception:
E   pytest.PytestUnraisableExceptionWarning: Exception ignored in: &lt;coroutine object TestAuthServiceCore.teardown_method at 0x000002ED94361630&gt;
    Enable tracemalloc to get traceback where the object was allocated.
    See https://docs.pytest.org/en/stable/how-to/capture-warnings.html#resource-warnings for more info.</error></testcase><testcase classname="tests.unit.test_auth_service_core_comprehensive.TestAuthServiceErrorHandlingAndBoundaryConditions" name="test_operations_with_unicode_characters_handle_correctly" time="0.003"><error message="failed on teardown with &quot;pytest.PytestUnraisableExceptionWarning: Exception ignored in: &lt;coroutine object TestAuthServiceCore.teardown_method at 0x000002ED9454FC60&gt;&#10;Enable tracemalloc to get traceback where the object was allocated.&#10;See https://docs.pytest.org/en/stable/how-to/capture-warnings.html#resource-warnings for more info.&quot;">E   RuntimeWarning: coroutine 'TestAuthServiceCore.teardown_method' was never awaited

The above exception was the direct cause of the following exception:
E   pytest.PytestUnraisableExceptionWarning: Exception ignored in: &lt;coroutine object TestAuthServiceCore.teardown_method at 0x000002ED9454FC60&gt;
    Enable tracemalloc to get traceback where the object was allocated.
    See https://docs.pytest.org/en/stable/how-to/capture-warnings.html#resource-warnings for more info.</error></testcase><testcase classname="tests.unit.test_auth_service_core_comprehensive.TestAuthServiceErrorHandlingAndBoundaryConditions" name="test_memory_usage_with_large_number_of_sessions" time="0.004"><error message="failed on teardown with &quot;pytest.PytestUnraisableExceptionWarning: Exception ignored in: &lt;coroutine object TestAuthServiceCore.teardown_method at 0x000002ED9454F100&gt;&#10;Enable tracemalloc to get traceback where the object was allocated.&#10;See https://docs.pytest.org/en/stable/how-to/capture-warnings.html#resource-warnings for more info.&quot;">E   RuntimeWarning: coroutine 'TestAuthServiceCore.teardown_method' was never awaited

The above exception was the direct cause of the following exception:
E   pytest.PytestUnraisableExceptionWarning: Exception ignored in: &lt;coroutine object TestAuthServiceCore.teardown_method at 0x000002ED9454F100&gt;
    Enable tracemalloc to get traceback where the object was allocated.
    See https://docs.pytest.org/en/stable/how-to/capture-warnings.html#resource-warnings for more info.</error></testcase><testcase classname="tests.unit.test_auth_service_health_check.TestAuthServiceHealthCheckScript" name="test_health_check_script_basic_functionality" time="0.001" /><testcase classname="tests.unit.test_auth_service_health_check.TestAuthServiceHealthCheckScript" name="test_health_check_script_environment_port_handling" time="0.006" /><testcase classname="tests.unit.test_auth_service_health_check.TestAuthServiceHealthCheckScript" name="test_health_check_script_failure_scenarios" time="0.003" /><testcase classname="tests.unit.test_auth_service_health_check.TestAuthServiceHealthCheckScript" name="test_readiness_check_script_functionality" time="0.001" /><testcase classname="tests.unit.test_auth_service_health_check.TestAuthServiceHealthEndpoints" name="test_health_endpoints_response_formats" time="0.059" /><testcase classname="tests.unit.test_auth_service_health_check.TestAuthServiceHealthEndpoints" name="test_health_check_database_dependency_validation" time="0.010" /><testcase classname="tests.unit.test_auth_service_health_check.TestAuthServiceHealthEndpoints" name="test_health_check_oauth_validation" time="0.006" /><testcase classname="tests.unit.test_auth_service_health_check.TestAuthServiceHealthEndpoints" name="test_health_check_performance_timing" time="0.000" /><testcase classname="tests.unit.test_auth_service_health_check.TestAuthServiceHealthEndpoints" name="test_health_check_environment_differences" time="0.003" /><testcase classname="tests.unit.test_auth_service_health_check.TestHealthConfigModule" name="test_auth_postgres_health_check_success" time="0.004" /><testcase classname="tests.unit.test_auth_service_health_check.TestHealthConfigModule" name="test_auth_postgres_health_check_failure" time="0.002" /><testcase classname="tests.unit.test_auth_service_health_check.TestHealthConfigModule" name="test_oauth_providers_health_check" time="0.016" /><testcase classname="tests.unit.test_auth_service_health_check.TestHealthConfigModule" name="test_jwt_configuration_health_check" time="0.010" /><testcase classname="tests.unit.test_auth_service_health_check.TestHealthConfigModule" name="test_overall_auth_health_status_aggregation" time="0.006" /><testcase classname="tests.unit.test_auth_service_health_check.TestHealthCheckBusinessValue" name="test_health_monitoring_prevents_service_outages" time="0.002" /><testcase classname="tests.unit.test_auth_service_health_check.TestHealthCheckBusinessValue" name="test_health_check_supports_deployment_automation" time="0.001" /><testcase classname="tests.unit.test_auth_service_health_check.TestHealthCheckBusinessValue" name="test_health_check_enables_monitoring_and_alerting" time="0.004" /><testcase classname="tests.unit.test_auth_service_startup_configuration.TestAuthServiceStartupConfiguration" name="test_auth_config_complete_valid_configuration" time="0.007" /><testcase classname="tests.unit.test_auth_service_startup_configuration.TestAuthServiceStartupConfiguration" name="test_auth_config_missing_critical_oauth_values" time="0.007" /><testcase classname="tests.unit.test_auth_service_startup_configuration.TestAuthServiceStartupConfiguration" name="test_auth_config_invalid_configuration_values" time="0.006" /><testcase classname="tests.unit.test_auth_service_startup_configuration.TestAuthServiceStartupConfiguration" name="test_auth_config_environment_specific_requirements" time="0.007" /><testcase classname="tests.unit.test_auth_service_startup_configuration.TestAuthServiceStartupConfiguration" name="test_auth_config_security_configuration_validation" time="0.005" /><testcase classname="tests.unit.test_auth_service_startup_configuration.TestAuthServiceStartupConfiguration" name="test_auth_config_database_configuration_validation" time="0.003"><failure message="AssertionError: assert False&#10; +  where False = &lt;built-in method startswith of str object at 0x000002ED94724030&gt;('sqlite+aiosqlite:///:memory:')&#10; +    where &lt;built-in method startswith of str object at 0x000002ED94724030&gt; = 'sqlite+aiosqlite:///C:\\Users\\antho\\AppData\\Local\\Temp\\auth_service_test.db'.startswith">E   AssertionError: assert False
     +  where False = &lt;built-in method startswith of str object at 0x000002ED94724030&gt;('sqlite+aiosqlite:///:memory:')
     +    where &lt;built-in method startswith of str object at 0x000002ED94724030&gt; = 'sqlite+aiosqlite:///C:\\Users\\antho\\AppData\\Local\\Temp\\auth_service_test.db'.startswith</failure></testcase><testcase classname="tests.unit.test_auth_service_startup_configuration.TestAuthServiceStartupConfiguration" name="test_auth_config_startup_configuration_error_handling" time="0.010" /><testcase classname="tests.unit.test_config_comprehensive.TestAuthConfigCore" name="test_config_instance_creation" time="0.001" /><testcase classname="tests.unit.test_config_comprehensive.TestAuthConfigCore" name="test_get_config_function" time="0.000" /><testcase classname="tests.unit.test_config_comprehensive.TestAuthConfigCore" name="test_environment_property_access" time="0.001" /><testcase classname="tests.unit.test_config_comprehensive.TestAuthConfigCore" name="test_static_methods_exist" time="0.001" /><testcase classname="tests.unit.test_config_comprehensive.TestAuthConfigEnvironment" name="test_get_environment_delegates_to_auth_env" time="0.001" /><testcase classname="tests.unit.test_config_comprehensive.TestAuthConfigEnvironment" name="test_environment_specific_checks" time="0.001" /><testcase classname="tests.unit.test_config_comprehensive.TestAuthConfigEnvironment" name="test_environment_consistency" time="0.001" /><testcase classname="tests.unit.test_config_comprehensive.TestAuthConfigOAuth" name="test_get_google_client_id" time="0.001" /><testcase classname="tests.unit.test_config_comprehensive.TestAuthConfigOAuth" name="test_get_google_client_secret" time="0.000" /><testcase classname="tests.unit.test_config_comprehensive.TestAuthConfigOAuth" name="test_is_google_oauth_enabled" time="0.001" /><testcase classname="tests.unit.test_config_comprehensive.TestAuthConfigOAuth" name="test_get_google_oauth_redirect_uri" time="0.001" /><testcase classname="tests.unit.test_config_comprehensive.TestAuthConfigOAuth" name="test_get_google_oauth_scopes" time="0.001" /><testcase classname="tests.unit.test_config_comprehensive.TestAuthConfigOAuth" name="test_oauth_with_environment_variables" time="0.003"><failure message="AssertionError: assert '123456789012...ercontent.com' == 'test_client_id'&#10;  &#10;  - test_client_id&#10;  + 12345678901234567890.apps.googleusercontent.com">E   AssertionError: assert '123456789012...ercontent.com' == 'test_client_id'
      
      - test_client_id
      + 12345678901234567890.apps.googleusercontent.com</failure></testcase><testcase classname="tests.unit.test_config_comprehensive.TestAuthConfigJWT" name="test_get_jwt_secret" time="0.001" /><testcase classname="tests.unit.test_config_comprehensive.TestAuthConfigJWT" name="test_get_jwt_algorithm" time="0.001" /><testcase classname="tests.unit.test_config_comprehensive.TestAuthConfigJWT" name="test_get_jwt_access_expiry_minutes" time="0.002" /><testcase classname="tests.unit.test_config_comprehensive.TestAuthConfigJWT" name="test_get_jwt_refresh_expiry_days" time="0.002" /><testcase classname="tests.unit.test_config_comprehensive.TestAuthConfigJWT" name="test_get_jwt_service_expiry_minutes" time="0.001" /><testcase classname="tests.unit.test_config_comprehensive.TestAuthConfigJWT" name="test_jwt_configuration_consistency" time="0.002" /><testcase classname="tests.unit.test_config_comprehensive.TestAuthConfigService" name="test_get_service_secret" time="0.001" /><testcase classname="tests.unit.test_config_comprehensive.TestAuthConfigService" name="test_get_service_id" time="0.002" /><testcase classname="tests.unit.test_config_comprehensive.TestAuthConfigService" name="test_service_id_environment_specific" time="0.002" /><testcase classname="tests.unit.test_config_comprehensive.TestAuthConfigURLs" name="test_get_frontend_url" time="0.001" /><testcase classname="tests.unit.test_config_comprehensive.TestAuthConfigURLs" name="test_get_auth_service_url" time="0.001" /><testcase classname="tests.unit.test_config_comprehensive.TestAuthConfigURLs" name="test_get_api_base_url" time="0.001" /><testcase classname="tests.unit.test_config_comprehensive.TestAuthConfigURLs" name="test_url_format_validation" time="0.001" /><testcase classname="tests.unit.test_config_comprehensive.TestAuthConfigDatabase" name="test_get_database_url" time="0.002" /><testcase classname="tests.unit.test_config_comprehensive.TestAuthConfigDatabase" name="test_get_raw_database_url" time="0.002" /><testcase classname="tests.unit.test_config_comprehensive.TestAuthConfigDatabase" name="test_database_url_conversion" time="0.001" /><testcase classname="tests.unit.test_config_comprehensive.TestAuthConfigDatabase" name="test_get_database_host" time="0.001" /><testcase classname="tests.unit.test_config_comprehensive.TestAuthConfigDatabase" name="test_get_database_port" time="0.001" /><testcase classname="tests.unit.test_config_comprehensive.TestAuthConfigDatabase" name="test_get_database_name" time="0.001" /><testcase classname="tests.unit.test_config_comprehensive.TestAuthConfigDatabase" name="test_get_database_user" time="0.001" /><testcase classname="tests.unit.test_config_comprehensive.TestAuthConfigDatabase" name="test_get_database_password" time="0.001" /><testcase classname="tests.unit.test_config_comprehensive.TestAuthConfigDatabase" name="test_get_database_pool_size" time="0.001" /><testcase classname="tests.unit.test_config_comprehensive.TestAuthConfigDatabase" name="test_get_database_max_overflow" time="0.001" /><testcase classname="tests.unit.test_config_comprehensive.TestAuthConfigDatabase" name="test_database_pool_environment_specific" time="0.001" /><testcase classname="tests.unit.test_config_comprehensive.TestAuthConfigRedis" name="test_get_redis_url" time="0.001" /><testcase classname="tests.unit.test_config_comprehensive.TestAuthConfigRedis" name="test_get_session_ttl_hours" time="0.002"><failure message="assert 0 &gt; 0">E   assert 0 &gt; 0</failure></testcase><testcase classname="tests.unit.test_config_comprehensive.TestAuthConfigRedis" name="test_is_redis_disabled" time="0.001" /><testcase classname="tests.unit.test_config_comprehensive.TestAuthConfigRedis" name="test_get_redis_host" time="0.001" /><testcase classname="tests.unit.test_config_comprehensive.TestAuthConfigRedis" name="test_get_redis_port" time="0.001" /><testcase classname="tests.unit.test_config_comprehensive.TestAuthConfigRedis" name="test_get_redis_db" time="0.001" /><testcase classname="tests.unit.test_config_comprehensive.TestAuthConfigRedis" name="test_get_redis_password" time="0.001" /><testcase classname="tests.unit.test_config_comprehensive.TestAuthConfigRedis" name="test_is_redis_enabled" time="0.001" /><testcase classname="tests.unit.test_config_comprehensive.TestAuthConfigRedis" name="test_get_redis_default_ttl" time="0.001" /><testcase classname="tests.unit.test_config_comprehensive.TestAuthConfigRedis" name="test_redis_environment_specific" time="0.002" /><testcase classname="tests.unit.test_config_comprehensive.TestAuthConfigSecurity" name="test_get_bcrypt_rounds" time="0.001" /><testcase classname="tests.unit.test_config_comprehensive.TestAuthConfigSecurity" name="test_get_password_min_length" time="0.001" /><testcase classname="tests.unit.test_config_comprehensive.TestAuthConfigSecurity" name="test_get_max_login_attempts" time="0.001" /><testcase classname="tests.unit.test_config_comprehensive.TestAuthConfigSecurity" name="test_get_account_lockout_duration_minutes" time="0.002" /><testcase classname="tests.unit.test_config_comprehensive.TestAuthConfigSecurity" name="test_get_session_timeout_minutes" time="0.001" /><testcase classname="tests.unit.test_config_comprehensive.TestAuthConfigSecurity" name="test_require_email_verification" time="0.001" /><testcase classname="tests.unit.test_config_comprehensive.TestAuthConfigSecurity" name="test_get_token_blacklist_ttl_hours" time="0.002" /><testcase classname="tests.unit.test_config_comprehensive.TestAuthConfigSecurity" name="test_get_rate_limit_requests_per_minute" time="0.001" /><testcase classname="tests.unit.test_config_comprehensive.TestAuthConfigSecurity" name="test_security_environment_specific" time="0.001" /><testcase classname="tests.unit.test_config_comprehensive.TestAuthConfigCORS" name="test_get_cors_origins" time="0.001" /><testcase classname="tests.unit.test_config_comprehensive.TestAuthConfigCORS" name="test_get_allowed_origins" time="0.002" /><testcase classname="tests.unit.test_config_comprehensive.TestAuthConfigCORS" name="test_cors_environment_specific" time="0.001" /><testcase classname="tests.unit.test_config_comprehensive.TestAuthConfigLogging" name="test_log_configuration" time="0.004" /><testcase classname="tests.unit.test_config_comprehensive.TestAuthConfigLogging" name="test_log_configuration_masks_secrets" time="0.002" /><testcase classname="tests.unit.test_config_comprehensive.TestAuthConfigErrorHandling" name="test_handles_missing_auth_env" time="0.002" /><testcase classname="tests.unit.test_config_comprehensive.TestAuthConfigErrorHandling" name="test_handles_auth_env_method_errors" time="0.001" /><testcase classname="tests.unit.test_config_comprehensive.TestAuthConfigErrorHandling" name="test_handles_type_conversion_errors" time="0.001"><failure message="AssertionError: assert False&#10; +  where False = isinstance('not_a_number', int)">E   AssertionError: assert False
     +  where False = isinstance('not_a_number', int)</failure></testcase><testcase classname="tests.unit.test_config_comprehensive.TestAuthConfigErrorHandling" name="test_environment_fallbacks" time="0.001" /><testcase classname="tests.unit.test_config_comprehensive.TestAuthConfigDeprecatedMethods" name="test_deprecated_oauth_redirect_uri_warning" time="0.001" /><testcase classname="tests.unit.test_config_comprehensive.TestAuthConfigIntegration" name="test_jwt_and_service_secrets_consistency" time="0.001" /><testcase classname="tests.unit.test_config_comprehensive.TestAuthConfigIntegration" name="test_database_url_and_components_consistency" time="0.001" /><testcase classname="tests.unit.test_config_comprehensive.TestAuthConfigIntegration" name="test_redis_url_and_components_consistency" time="0.001" /><testcase classname="tests.unit.test_config_comprehensive.TestAuthConfigIntegration" name="test_service_urls_environment_consistency" time="0.001" /><testcase classname="tests.unit.test_config_comprehensive.TestAuthConfigIntegration" name="test_ttl_and_timeout_consistency" time="0.002"><failure message="assert 5 &lt;= 0">E   assert 5 &lt;= 0</failure></testcase><testcase classname="tests.unit.test_config_comprehensive.TestAuthConfigBusinessValue" name="test_production_security_standards" time="0.001" /><testcase classname="tests.unit.test_config_comprehensive.TestAuthConfigBusinessValue" name="test_oauth_business_readiness" time="0.001"><failure message="AssertionError: OAuth redirect should use HTTPS in production&#10;assert ('https://' in 'http://localhost:8081/auth/callback/google' or False)&#10; +  where False = &lt;function AuthConfig.is_development at 0x000002EDE732A520&gt;()&#10; +    where &lt;function AuthConfig.is_development at 0x000002EDE732A520&gt; = AuthConfig.is_development">E   AssertionError: OAuth redirect should use HTTPS in production
    assert ('https://' in 'http://localhost:8081/auth/callback/google' or False)
     +  where False = &lt;function AuthConfig.is_development at 0x000002EDE732A520&gt;()
     +    where &lt;function AuthConfig.is_development at 0x000002EDE732A520&gt; = AuthConfig.is_development</failure></testcase><testcase classname="tests.unit.test_config_comprehensive.TestAuthConfigBusinessValue" name="test_database_performance_configuration" time="0.001" /><testcase classname="tests.unit.test_config_comprehensive.TestAuthConfigBusinessValue" name="test_session_management_business_logic" time="0.001" /><testcase classname="tests.unit.test_config_comprehensive.TestAuthConfigBusinessValue" name="test_rate_limiting_business_protection" time="0.001"><failure message="AssertionError: Max attempts too permissive&#10;assert 100 &lt;= 10">E   AssertionError: Max attempts too permissive
    assert 100 &lt;= 10</failure></testcase><testcase classname="tests.unit.test_database_connection_comprehensive.TestAuthDatabaseConnectionInitialization" name="test_database_connection_initialization" time="0.020" /><testcase classname="tests.unit.test_database_connection_comprehensive.TestAuthDatabaseConnectionInitialization" name="test_database_connection_idempotent_initialization" time="0.019" /><testcase classname="tests.unit.test_database_connection_comprehensive.TestAuthDatabaseConnectionInitialization" name="test_database_connection_environment_detection" time="0.002" /><testcase classname="tests.unit.test_database_connection_comprehensive.TestAuthDatabaseConnectionInitialization" name="test_database_connection_test_mode" time="0.022"><failure message="AssertionError: assert False&#10; +  where False = &lt;built-in method startswith of str object at 0x000002ED94773A30&gt;('sqlite+aiosqlite:///:memory:')&#10; +    where &lt;built-in method startswith of str object at 0x000002ED94773A30&gt; = 'sqlite+aiosqlite:///C:\\Users\\antho\\AppData\\Local\\Temp\\auth_service_test.db'.startswith&#10; +      where 'sqlite+aiosqlite:///C:\\Users\\antho\\AppData\\Local\\Temp\\auth_service_test.db' = str(sqlite+aiosqlite:///C:\Users\antho\AppData\Local\Temp\auth_service_test.db)&#10; +        where sqlite+aiosqlite:///C:\Users\antho\AppData\Local\Temp\auth_service_test.db = &lt;sqlalchemy.ext.asyncio.engine.AsyncEngine object at 0x000002ED947C0290&gt;.url&#10; +          where &lt;sqlalchemy.ext.asyncio.engine.AsyncEngine object at 0x000002ED947C0290&gt; = &lt;auth_service.auth_core.database.connection.AuthDatabaseConnection object at 0x000002ED946E5970&gt;.engine">E   AssertionError: assert False
     +  where False = &lt;built-in method startswith of str object at 0x000002ED94773A30&gt;('sqlite+aiosqlite:///:memory:')
     +    where &lt;built-in method startswith of str object at 0x000002ED94773A30&gt; = 'sqlite+aiosqlite:///C:\\Users\\antho\\AppData\\Local\\Temp\\auth_service_test.db'.startswith
     +      where 'sqlite+aiosqlite:///C:\\Users\\antho\\AppData\\Local\\Temp\\auth_service_test.db' = str(sqlite+aiosqlite:///C:\Users\antho\AppData\Local\Temp\auth_service_test.db)
     +        where sqlite+aiosqlite:///C:\Users\antho\AppData\Local\Temp\auth_service_test.db = &lt;sqlalchemy.ext.asyncio.engine.AsyncEngine object at 0x000002ED947C0290&gt;.url
     +          where &lt;sqlalchemy.ext.asyncio.engine.AsyncEngine object at 0x000002ED947C0290&gt; = &lt;auth_service.auth_core.database.connection.AuthDatabaseConnection object at 0x000002ED946E5970&gt;.engine</failure></testcase><testcase classname="tests.unit.test_database_connection_comprehensive.TestAuthDatabaseConnectionInitialization" name="test_database_connection_timeout_handling" time="0.021" /><testcase classname="tests.unit.test_database_connection_comprehensive.TestAuthDatabaseConnectionInitialization" name="test_database_connection_initialization_failure" time="0.002"><failure message="AttributeError: &lt;module 'auth_service.auth_core.database.connection' from 'C:\\Users\\antho\\OneDrive\\Desktop\\Netra\\netra-core-generation-1\\auth_service\\auth_core\\database\\connection.py'&gt; does not have the attribute 'AuthConfig'">E   AttributeError: &lt;module 'auth_service.auth_core.database.connection' from 'C:\\Users\\antho\\OneDrive\\Desktop\\Netra\\netra-core-generation-1\\auth_service\\auth_core\\database\\connection.py'&gt; does not have the attribute 'AuthConfig'</failure></testcase><testcase classname="tests.unit.test_database_connection_comprehensive.TestAuthDatabaseConnectionSessionManagement" name="test_get_session_context_manager" time="0.009" /><testcase classname="tests.unit.test_database_connection_comprehensive.TestAuthDatabaseConnectionSessionManagement" name="test_session_transaction_commit" time="0.036" /><testcase classname="tests.unit.test_database_connection_comprehensive.TestAuthDatabaseConnectionSessionManagement" name="test_session_transaction_rollback" time="0.017" /><testcase classname="tests.unit.test_database_connection_comprehensive.TestAuthDatabaseConnectionSessionManagement" name="test_session_isolation" time="0.042" /><testcase classname="tests.unit.test_database_connection_comprehensive.TestAuthDatabaseConnectionSessionManagement" name="test_session_concurrent_access" time="0.069" /><testcase classname="tests.unit.test_database_connection_comprehensive.TestAuthDatabaseConnectionSessionManagement" name="test_get_db_session_dependency" time="0.009" /><testcase classname="tests.unit.test_database_connection_comprehensive.TestAuthDatabaseConnectionPoolingAndPerformance" name="test_connection_pooling_multiple_sessions" time="0.031" /><testcase classname="tests.unit.test_database_connection_comprehensive.TestAuthDatabaseConnectionPoolingAndPerformance" name="test_connection_reuse" time="0.014" /><testcase classname="tests.unit.test_database_connection_comprehensive.TestAuthDatabaseConnectionPoolingAndPerformance" name="test_session_cleanup_on_error" time="0.007" /><testcase classname="tests.unit.test_database_connection_comprehensive.TestAuthDatabaseConnectionHealthAndMonitoring" name="test_test_connection" time="0.007" /><testcase classname="tests.unit.test_database_connection_comprehensive.TestAuthDatabaseConnectionHealthAndMonitoring" name="test_test_connection_with_timeout" time="0.007" /><testcase classname="tests.unit.test_database_connection_comprehensive.TestAuthDatabaseConnectionHealthAndMonitoring" name="test_is_ready" time="0.007" /><testcase classname="tests.unit.test_database_connection_comprehensive.TestAuthDatabaseConnectionHealthAndMonitoring" name="test_is_ready_with_timeout" time="0.014" /><testcase classname="tests.unit.test_database_connection_comprehensive.TestAuthDatabaseConnectionHealthAndMonitoring" name="test_get_status" time="0.003"><failure message="AttributeError: type object 'AuthDatabaseManager' has no attribute 'is_cloud_sql_environment'">E   AttributeError: type object 'AuthDatabaseManager' has no attribute 'is_cloud_sql_environment'</failure></testcase><testcase classname="tests.unit.test_database_connection_comprehensive.TestAuthDatabaseConnectionHealthAndMonitoring" name="test_get_connection_health" time="0.009"><failure message="AssertionError: assert 'failed' == 'passed'&#10;  &#10;  - passed&#10;  + failed">E   AssertionError: assert 'failed' == 'passed'
      
      - passed
      + failed</failure></testcase><testcase classname="tests.unit.test_database_connection_comprehensive.TestAuthDatabaseConnectionHealthAndMonitoring" name="test_get_connection_health_uninitialized" time="0.002" /><testcase classname="tests.unit.test_database_connection_comprehensive.TestAuthDatabaseConnectionErrorHandling" name="test_mock_engine_handling" time="0.003" /><testcase classname="tests.unit.test_database_connection_comprehensive.TestAuthDatabaseConnectionErrorHandling" name="test_connection_validation_with_mock" time="0.002" /><testcase classname="tests.unit.test_database_connection_comprehensive.TestAuthDatabaseConnectionErrorHandling" name="test_cleanup_partial_initialization" time="0.002" /><testcase classname="tests.unit.test_database_connection_comprehensive.TestAuthDatabaseConnectionErrorHandling" name="test_close_with_timeout" time="0.003" /><testcase classname="tests.unit.test_database_connection_comprehensive.TestAuthDatabaseConnectionErrorHandling" name="test_close_already_closed" time="0.002" /><testcase classname="tests.unit.test_database_connection_comprehensive.TestAuthDatabaseConnectionErrorHandling" name="test_close_with_dispose_error" time="0.002" /><testcase classname="tests.unit.test_database_connection_comprehensive.TestAuthDatabaseConnectionErrorHandling" name="test_session_error_handling_edge_cases" time="0.007" /><testcase classname="tests.unit.test_database_connection_comprehensive.TestAuthDatabaseConnectionErrorHandling" name="test_test_connection_failure" time="0.003"><failure message="pytest.PytestUnraisableExceptionWarning: Exception ignored in: &lt;coroutine object AsyncMockMixin._execute_mock_call at 0x000002ED943CDF40&gt;&#10;Enable tracemalloc to get traceback where the object was allocated.&#10;See https://docs.pytest.org/en/stable/how-to/capture-warnings.html#resource-warnings for more info.">E   RuntimeWarning: coroutine 'AsyncMockMixin._execute_mock_call' was never awaited

The above exception was the direct cause of the following exception:
E   pytest.PytestUnraisableExceptionWarning: Exception ignored in: &lt;coroutine object AsyncMockMixin._execute_mock_call at 0x000002ED943CDF40&gt;
    Enable tracemalloc to get traceback where the object was allocated.
    See https://docs.pytest.org/en/stable/how-to/capture-warnings.html#resource-warnings for more info.</failure></testcase><testcase classname="tests.unit.test_database_connection_comprehensive.TestAuthDatabaseConnectionErrorHandling" name="test_test_connection_timeout" time="0.004"><failure message="pytest.PytestUnraisableExceptionWarning: Exception ignored in: &lt;coroutine object AsyncMockMixin._execute_mock_call at 0x000002EDEA843040&gt;&#10;Enable tracemalloc to get traceback where the object was allocated.&#10;See https://docs.pytest.org/en/stable/how-to/capture-warnings.html#resource-warnings for more info.">E   RuntimeWarning: coroutine 'AsyncMockMixin._execute_mock_call' was never awaited

The above exception was the direct cause of the following exception:
E   pytest.PytestUnraisableExceptionWarning: Exception ignored in: &lt;coroutine object AsyncMockMixin._execute_mock_call at 0x000002EDEA843040&gt;
    Enable tracemalloc to get traceback where the object was allocated.
    See https://docs.pytest.org/en/stable/how-to/capture-warnings.html#resource-warnings for more info.</failure></testcase><testcase classname="tests.unit.test_database_connection_comprehensive.TestAuthDatabaseConnectionErrorHandling" name="test_is_ready_timeout" time="0.009" /><testcase classname="tests.unit.test_database_connection_comprehensive.TestAuthDatabaseConnectionTableManagement" name="test_create_tables_idempotent" time="0.036" /><testcase classname="tests.unit.test_database_connection_comprehensive.TestAuthDatabaseConnectionTableManagement" name="test_create_tables_with_mock_engine" time="0.005" /><testcase classname="tests.unit.test_database_connection_comprehensive.TestAuthDatabaseConnectionTableManagement" name="test_table_existence_check" time="0.024"><failure message="sqlalchemy.exc.OperationalError: (sqlite3.OperationalError) near &quot;FROM&quot;: syntax error&#10;[SQL: &#10;                SELECT EXISTS (&#10;                    SELECT FROM information_schema.tables &#10;                    WHERE table_schema = 'public' &#10;                    AND table_name = 'auth_users'&#10;                );&#10;            ]&#10;(Background on this error at: https://sqlalche.me/e/20/e3q8)">E   sqlite3.OperationalError: near "FROM": syntax error

The above exception was the direct cause of the following exception:
E   sqlalchemy.exc.OperationalError: (sqlite3.OperationalError) near "FROM": syntax error
    [SQL: 
                    SELECT EXISTS (
                        SELECT FROM information_schema.tables 
                        WHERE table_schema = 'public' 
                        AND table_name = 'auth_users'
                    );
                ]
    (Background on this error at: https://sqlalche.me/e/20/e3q8)</failure></testcase><testcase classname="tests.unit.test_database_connection_comprehensive.TestAuthDatabaseConnectionCompatibilityAliases" name="test_compatibility_aliases" time="0.000" /><testcase classname="tests.unit.test_database_connection_comprehensive.TestAuthDatabaseConnectionCompatibilityAliases" name="test_global_auth_db_instance" time="0.007" /><testcase classname="tests.unit.test_database_connection_events_comprehensive.TestAuthDatabaseConfig" name="test_auth_database_config_constants" time="0.001" /><testcase classname="tests.unit.test_database_connection_events_comprehensive.TestAuthDatabaseConfig" name="test_auth_database_config_values_reasonable" time="0.001" /><testcase classname="tests.unit.test_database_connection_events_comprehensive.TestGetSettings" name="test_get_settings_with_auth_config" time="0.000"><failure message="AttributeError: &lt;module 'auth_service.auth_core.database.connection_events' from 'C:\\Users\\antho\\OneDrive\\Desktop\\Netra\\netra-core-generation-1\\auth_service\\auth_core\\database\\connection_events.py'&gt; does not have the attribute 'AuthConfig'">E   AttributeError: &lt;module 'auth_service.auth_core.database.connection_events' from 'C:\\Users\\antho\\OneDrive\\Desktop\\Netra\\netra-core-generation-1\\auth_service\\auth_core\\database\\connection_events.py'&gt; does not have the attribute 'AuthConfig'</failure></testcase><testcase classname="tests.unit.test_database_connection_events_comprehensive.TestGetSettings" name="test_get_settings_with_partial_auth_config" time="0.000"><failure message="AttributeError: &lt;module 'auth_service.auth_core.database.connection_events' from 'C:\\Users\\antho\\OneDrive\\Desktop\\Netra\\netra-core-generation-1\\auth_service\\auth_core\\database\\connection_events.py'&gt; does not have the attribute 'AuthConfig'">E   AttributeError: &lt;module 'auth_service.auth_core.database.connection_events' from 'C:\\Users\\antho\\OneDrive\\Desktop\\Netra\\netra-core-generation-1\\auth_service\\auth_core\\database\\connection_events.py'&gt; does not have the attribute 'AuthConfig'</failure></testcase><testcase classname="tests.unit.test_database_connection_events_comprehensive.TestGetSettings" name="test_get_settings_import_error" time="0.001"><failure message="AttributeError: &lt;module 'auth_service.auth_core.database.connection_events' from 'C:\\Users\\antho\\OneDrive\\Desktop\\Netra\\netra-core-generation-1\\auth_service\\auth_core\\database\\connection_events.py'&gt; does not have the attribute 'AuthConfig'">E   AttributeError: &lt;module 'auth_service.auth_core.database.connection_events' from 'C:\\Users\\antho\\OneDrive\\Desktop\\Netra\\netra-core-generation-1\\auth_service\\auth_core\\database\\connection_events.py'&gt; does not have the attribute 'AuthConfig'</failure></testcase><testcase classname="tests.unit.test_database_connection_events_comprehensive.TestGetSettings" name="test_get_settings_module_level_initialization" time="0.000" /><testcase classname="tests.unit.test_database_connection_events_comprehensive.TestTimeoutConfiguration" name="test_execute_auth_timeout_statements" time="0.001" /><testcase classname="tests.unit.test_database_connection_events_comprehensive.TestTimeoutConfiguration" name="test_close_cursor_safely_success" time="0.001" /><testcase classname="tests.unit.test_database_connection_events_comprehensive.TestTimeoutConfiguration" name="test_close_cursor_safely_error" time="0.001" /><testcase classname="tests.unit.test_database_connection_events_comprehensive.TestTimeoutConfiguration" name="test_configure_auth_connection_timeouts_success" time="0.001" /><testcase classname="tests.unit.test_database_connection_events_comprehensive.TestTimeoutConfiguration" name="test_configure_auth_connection_timeouts_error" time="0.001" /><testcase classname="tests.unit.test_database_connection_events_comprehensive.TestConnectionPIDHandling" name="test_set_auth_connection_pid_with_backend_pid" time="0.001" /><testcase classname="tests.unit.test_database_connection_events_comprehensive.TestConnectionPIDHandling" name="test_set_auth_connection_pid_no_backend_pid" time="0.001" /><testcase classname="tests.unit.test_database_connection_events_comprehensive.TestConnectionPIDHandling" name="test_set_auth_connection_pid_error" time="0.001" /><testcase classname="tests.unit.test_database_connection_events_comprehensive.TestPoolMonitoring" name="test_monitor_auth_pool_usage_no_pool" time="0.001" /><testcase classname="tests.unit.test_database_connection_events_comprehensive.TestPoolMonitoring" name="test_monitor_auth_pool_usage_normal_usage" time="0.002" /><testcase classname="tests.unit.test_database_connection_events_comprehensive.TestPoolMonitoring" name="test_monitor_auth_pool_usage_high_usage" time="0.001"><failure message="AssertionError: Expected 'warning' to have been called.">E   AssertionError: Expected 'warning' to have been called.

During handling of the above exception, another exception occurred:
E   AssertionError: Expected 'warning' to have been called.</failure></testcase><testcase classname="tests.unit.test_database_connection_events_comprehensive.TestPoolMonitoring" name="test_monitor_auth_pool_usage_missing_methods" time="0.000" /><testcase classname="tests.unit.test_database_connection_events_comprehensive.TestPoolMonitoring" name="test_monitor_auth_pool_usage_error" time="0.001" /><testcase classname="tests.unit.test_database_connection_events_comprehensive.TestConnectionLogging" name="test_log_auth_connection_established_with_settings" time="0.002" /><testcase classname="tests.unit.test_database_connection_events_comprehensive.TestConnectionLogging" name="test_log_auth_connection_established_no_settings" time="0.002" /><testcase classname="tests.unit.test_database_connection_events_comprehensive.TestConnectionLogging" name="test_log_auth_checkout_if_enabled_enabled" time="0.002" /><testcase classname="tests.unit.test_database_connection_events_comprehensive.TestConnectionLogging" name="test_log_auth_checkout_if_enabled_disabled" time="0.001" /><testcase classname="tests.unit.test_database_connection_events_comprehensive.TestEngineEventSetup" name="test_setup_auth_async_engine_events_success" time="0.004" /><testcase classname="tests.unit.test_database_connection_events_comprehensive.TestEngineEventSetup" name="test_setup_auth_async_engine_events_none_engine" time="0.001" /><testcase classname="tests.unit.test_database_connection_events_comprehensive.TestEngineEventSetup" name="test_setup_auth_async_engine_events_error" time="0.001" /><testcase classname="tests.unit.test_database_connection_events_comprehensive.TestEventHandlersIntegration" name="test_connect_event_handler_postgresql" time="0.002" /><testcase classname="tests.unit.test_database_connection_events_comprehensive.TestEventHandlersIntegration" name="test_connect_event_handler_sqlite" time="0.002" /><testcase classname="tests.unit.test_database_connection_events_comprehensive.TestEventHandlersIntegration" name="test_checkout_event_handler" time="0.001" /><testcase classname="tests.unit.test_database_connection_events_comprehensive.TestRealEngineIntegration" name="test_setup_events_on_real_engine" time="4.130"><failure message="ConnectionRefusedError: [WinError 1225] The remote computer refused the network connection">E   ConnectionRefusedError: [WinError 1225] The remote computer refused the network connection</failure></testcase><testcase classname="tests.unit.test_database_connection_events_comprehensive.TestRealEngineIntegration" name="test_events_trigger_on_real_connections" time="4.048"><failure message="ConnectionRefusedError: [WinError 1225] The remote computer refused the network connection">E   ConnectionRefusedError: [WinError 1225] The remote computer refused the network connection</failure></testcase><testcase classname="tests.unit.test_database_connection_events_comprehensive.TestRealEngineIntegration" name="test_multiple_connections_with_events" time="4.063"><failure message="ConnectionRefusedError: [WinError 1225] The remote computer refused the network connection">E   ConnectionRefusedError: [WinError 1225] The remote computer refused the network connection</failure></testcase><testcase classname="tests.unit.test_database_connection_events_comprehensive.TestEventHandlerEdgeCases" name="test_pool_events_setup" time="0.001" /><testcase classname="tests.unit.test_database_connection_events_comprehensive.TestEventHandlerEdgeCases" name="test_connection_info_logging" time="0.001" /><testcase classname="tests.unit.test_database_connection_events_comprehensive.TestEventHandlerEdgeCases" name="test_event_handler_exception_handling" time="0.002" /><testcase classname="tests.unit.test_database_connection_events_comprehensive.TestEventHandlerEdgeCases" name="test_module_exports" time="0.001" /><testcase classname="tests.unit.test_database_manager_comprehensive.TestAuthDatabaseManagerEngineCreation" name="test_create_async_engine" time="4.046"><failure message="ConnectionRefusedError: [WinError 1225] The remote computer refused the network connection">E   ConnectionRefusedError: [WinError 1225] The remote computer refused the network connection</failure></testcase><testcase classname="tests.unit.test_database_manager_comprehensive.TestAuthDatabaseManagerEngineCreation" name="test_create_async_engine_with_kwargs" time="0.003"><failure message="TypeError: sqlalchemy.ext.asyncio.engine.create_async_engine() got multiple values for keyword argument 'echo'">E   TypeError: sqlalchemy.ext.asyncio.engine.create_async_engine() got multiple values for keyword argument 'echo'</failure></testcase><testcase classname="tests.unit.test_database_manager_comprehensive.TestAuthDatabaseManagerEngineCreation" name="test_create_async_engine_no_url_error" time="0.003" /><testcase classname="tests.unit.test_database_manager_comprehensive.TestAuthDatabaseManagerEngineCreation" name="test_create_async_engine_empty_url_error" time="0.002" /><testcase classname="tests.unit.test_database_manager_comprehensive.TestAuthDatabaseManagerURLConstruction" name="test_get_database_url_normal_mode" time="0.001"><failure message="AssertionError: assert False&#10; +  where False = &lt;built-in method startswith of str object at 0x000002ED94BC8F80&gt;(('postgresql://', 'postgres://'))&#10; +    where &lt;built-in method startswith of str object at 0x000002ED94BC8F80&gt; = 'postgresql+asyncpg://postgres:postgres@localhost:5433/netra_test'.startswith">E   AssertionError: assert False
     +  where False = &lt;built-in method startswith of str object at 0x000002ED94BC8F80&gt;(('postgresql://', 'postgres://'))
     +    where &lt;built-in method startswith of str object at 0x000002ED94BC8F80&gt; = 'postgresql+asyncpg://postgres:postgres@localhost:5433/netra_test'.startswith</failure></testcase><testcase classname="tests.unit.test_database_manager_comprehensive.TestAuthDatabaseManagerURLConstruction" name="test_get_database_url_fast_test_mode" time="0.001" /><testcase classname="tests.unit.test_database_manager_comprehensive.TestAuthDatabaseManagerURLConstruction" name="test_get_database_url_environment_variables" time="0.002"><failure message="AssertionError: assert 'postgresql+a...:5432/test_db' == 'postgresql:/...:5432/test_db'&#10;  &#10;  - postgresql://test_user:test_pass@localhost:5432/test_db&#10;  + postgresql+asyncpg://test_user:test_pass@localhost:5432/test_db&#10;  ?           ++++++++">E   AssertionError: assert 'postgresql+a...:5432/test_db' == 'postgresql:/...:5432/test_db'
      
      - postgresql://test_user:test_pass@localhost:5432/test_db
      + postgresql+asyncpg://test_user:test_pass@localhost:5432/test_db
      ?           ++++++++</failure></testcase><testcase classname="tests.unit.test_database_manager_comprehensive.TestAuthDatabaseManagerURLConstruction" name="test_get_database_url_validation_failure" time="0.004"><failure message="Failed: DID NOT RAISE &lt;class 'ValueError'&gt;">E   Failed: DID NOT RAISE &lt;class 'ValueError'&gt;</failure></testcase><testcase classname="tests.unit.test_database_manager_comprehensive.TestAuthDatabaseManagerURLConstruction" name="test_get_database_url_no_url_generated" time="0.002"><failure message="Failed: DID NOT RAISE &lt;class 'ValueError'&gt;">E   Failed: DID NOT RAISE &lt;class 'ValueError'&gt;</failure></testcase><testcase classname="tests.unit.test_database_manager_comprehensive.TestAuthDatabaseManagerEnvironmentHandling" name="test_environment_detection_development" time="0.001"><failure message="TypeError: 'NoneType' object is not subscriptable">E   TypeError: 'NoneType' object is not subscriptable</failure></testcase><testcase classname="tests.unit.test_database_manager_comprehensive.TestAuthDatabaseManagerEnvironmentHandling" name="test_environment_detection_staging" time="0.002"><failure message="ValueError: Database configuration error in staging environment: Missing required variables for staging: POSTGRES_HOST, POSTGRES_USER, POSTGRES_DB, POSTGRES_PASSWORD. DatabaseURLBuilder must be able to construct a valid URL. Check your environment variables.">E   ValueError: Database configuration error in staging environment: Missing required variables for staging: POSTGRES_HOST, POSTGRES_USER, POSTGRES_DB, POSTGRES_PASSWORD. DatabaseURLBuilder must be able to construct a valid URL. Check your environment variables.</failure></testcase><testcase classname="tests.unit.test_database_manager_comprehensive.TestAuthDatabaseManagerEnvironmentHandling" name="test_environment_detection_production" time="0.001"><failure message="ValueError: Database configuration error in production environment: Missing required variables for production: POSTGRES_HOST, POSTGRES_USER, POSTGRES_DB, POSTGRES_PASSWORD. DatabaseURLBuilder must be able to construct a valid URL. Check your environment variables.">E   ValueError: Database configuration error in production environment: Missing required variables for production: POSTGRES_HOST, POSTGRES_USER, POSTGRES_DB, POSTGRES_PASSWORD. DatabaseURLBuilder must be able to construct a valid URL. Check your environment variables.</failure></testcase><testcase classname="tests.unit.test_database_manager_comprehensive.TestAuthDatabaseManagerEnvironmentHandling" name="test_environment_detection_default" time="0.002"><failure message="TypeError: 'NoneType' object is not subscriptable">E   TypeError: 'NoneType' object is not subscriptable</failure></testcase><testcase classname="tests.unit.test_database_manager_comprehensive.TestAuthDatabaseManagerIntegrationWithSharedComponents" name="test_integration_with_database_url_builder" time="0.001" /><testcase classname="tests.unit.test_database_manager_comprehensive.TestAuthDatabaseManagerIntegrationWithSharedComponents" name="test_integration_with_isolated_environment" time="0.001" /><testcase classname="tests.unit.test_database_manager_comprehensive.TestAuthDatabaseManagerIntegrationWithSharedComponents" name="test_url_masking_for_logging" time="0.003"><failure message="AssertionError: expected call not found.&#10;Expected: mask_url_for_logging('postgresql://user:password@host:5432/db')&#10;  Actual: mask_url_for_logging('sqlite+aiosqlite:///:memory:')&#10;&#10;pytest introspection follows:&#10;&#10;Args:&#10;assert ('sqlite+aios...///:memory:',) == ('postgresql:...ost:5432/db',)&#10;  &#10;  At index 0 diff: 'sqlite+aiosqlite:///:memory:' != 'postgresql://user:password@host:5432/db'&#10;  &#10;  Full diff:&#10;    (&#10;  -     'postgresql://user:password@host:5432/db',&#10;  +     'sqlite+aiosqlite:///:memory:',&#10;    )">E   AssertionError: expected call not found.
    Expected: mask_url_for_logging('postgresql://user:password@host:5432/db')
      Actual: mask_url_for_logging('sqlite+aiosqlite:///:memory:')

During handling of the above exception, another exception occurred:
E   AssertionError: expected call not found.
    Expected: mask_url_for_logging('postgresql://user:password@host:5432/db')
      Actual: mask_url_for_logging('sqlite+aiosqlite:///:memory:')
    
    pytest introspection follows:
    
    Args:
    assert ('sqlite+aios...///:memory:',) == ('postgresql:...ost:5432/db',)
      
      At index 0 diff: 'sqlite+aiosqlite:///:memory:' != 'postgresql://user:password@host:5432/db'
      
      Full diff:
        (
      -     'postgresql://user:password@host:5432/db',
      +     'sqlite+aiosqlite:///:memory:',
        )

During handling of the above exception, another exception occurred:
E   AssertionError: expected call not found.
    Expected: mask_url_for_logging('postgresql://user:password@host:5432/db')
      Actual: mask_url_for_logging('sqlite+aiosqlite:///:memory:')
    
    pytest introspection follows:
    
    Args:
    assert ('sqlite+aios...///:memory:',) == ('postgresql:...ost:5432/db',)
      
      At index 0 diff: 'sqlite+aiosqlite:///:memory:' != 'postgresql://user:password@host:5432/db'
      
      Full diff:
        (
      -     'postgresql://user:password@host:5432/db',
      +     'sqlite+aiosqlite:///:memory:',
        )</failure></testcase><testcase classname="tests.unit.test_database_manager_comprehensive.TestAuthDatabaseManagerErrorHandlingAndEdgeCases" name="test_missing_environment_variables" time="0.001"><failure message="AttributeError: 'NoneType' object has no attribute 'lower'">E   AttributeError: 'NoneType' object has no attribute 'lower'</failure></testcase><testcase classname="tests.unit.test_database_manager_comprehensive.TestAuthDatabaseManagerErrorHandlingAndEdgeCases" name="test_invalid_environment_values" time="0.002"><failure message="Failed: DID NOT RAISE &lt;class 'ValueError'&gt;">E   Failed: DID NOT RAISE &lt;class 'ValueError'&gt;</failure></testcase><testcase classname="tests.unit.test_database_manager_comprehensive.TestAuthDatabaseManagerErrorHandlingAndEdgeCases" name="test_database_url_builder_exception" time="0.001"><failure message="Failed: DID NOT RAISE &lt;class 'Exception'&gt;">E   Failed: DID NOT RAISE &lt;class 'Exception'&gt;</failure></testcase><testcase classname="tests.unit.test_database_manager_comprehensive.TestAuthDatabaseManagerErrorHandlingAndEdgeCases" name="test_fast_test_mode_variations" time="0.003"><failure message="AssertionError: assert 'sqlite+aiosqlite:///:memory:' == 'postgresql://test'&#10;  &#10;  - postgresql://test&#10;  + sqlite+aiosqlite:///:memory:">E   AssertionError: assert 'sqlite+aiosqlite:///:memory:' == 'postgresql://test'
      
      - postgresql://test
      + sqlite+aiosqlite:///:memory:</failure></testcase><testcase classname="tests.unit.test_database_manager_comprehensive.TestAuthDatabaseManagerRealWorldScenarios" name="test_engine_creation_full_flow" time="4.040"><failure message="ConnectionRefusedError: [WinError 1225] The remote computer refused the network connection">E   ConnectionRefusedError: [WinError 1225] The remote computer refused the network connection</failure></testcase><testcase classname="tests.unit.test_database_manager_comprehensive.TestAuthDatabaseManagerRealWorldScenarios" name="test_multiple_engine_creation" time="4.055"><failure message="ConnectionRefusedError: [WinError 1225] The remote computer refused the network connection">E   ConnectionRefusedError: [WinError 1225] The remote computer refused the network connection</failure></testcase><testcase classname="tests.unit.test_database_manager_comprehensive.TestAuthDatabaseManagerRealWorldScenarios" name="test_engine_with_custom_configuration" time="0.004"><failure message="TypeError: sqlalchemy.ext.asyncio.engine.create_async_engine() got multiple values for keyword argument 'echo'">E   TypeError: sqlalchemy.ext.asyncio.engine.create_async_engine() got multiple values for keyword argument 'echo'</failure></testcase><testcase classname="tests.unit.test_database_manager_comprehensive.TestAuthDatabaseManagerRealWorldScenarios" name="test_environment_specific_url_construction" time="0.003"><failure message="AssertionError: assert 'postgresql+a...432/netra_dev' == 'postgresql://development_url'&#10;  &#10;  - postgresql://development_url&#10;  + postgresql+asyncpg://postgres:postgres@localhost:5432/netra_dev">E   AssertionError: assert 'postgresql+a...432/netra_dev' == 'postgresql://development_url'
      
      - postgresql://development_url
      + postgresql+asyncpg://postgres:postgres@localhost:5432/netra_dev</failure></testcase><testcase classname="tests.unit.test_database_models_business_value.TestDatabaseModelsBusinessValue" name="test_auth_user_model_supports_comprehensive_user_management" time="0.002"><failure message="AssertionError: Failed attempts tracking required for security&#10;assert None == 0&#10; +  where None = &lt;auth_service.auth_core.database.models.AuthUser object at 0x000002ED94C809B0&gt;.failed_login_attempts">E   AssertionError: Failed attempts tracking required for security
    assert None == 0
     +  where None = &lt;auth_service.auth_core.database.models.AuthUser object at 0x000002ED94C809B0&gt;.failed_login_attempts</failure></testcase><testcase classname="tests.unit.test_database_models_business_value.TestDatabaseModelsBusinessValue" name="test_auth_user_model_supports_oauth_business_integration" time="0.002" /><testcase classname="tests.unit.test_database_models_business_value.TestDatabaseModelsBusinessValue" name="test_auth_session_model_enables_secure_session_management" time="0.002" /><testcase classname="tests.unit.test_database_models_business_value.TestDatabaseModelsBusinessValue" name="test_auth_audit_log_model_supports_security_compliance" time="0.001" /><testcase classname="tests.unit.test_database_models_business_value.TestDatabaseModelsBusinessValue" name="test_password_reset_token_model_enables_secure_password_recovery" time="0.002" /><testcase classname="tests.unit.test_database_models_business_value.TestDatabaseModelsBusinessValue" name="test_database_models_support_data_integrity_for_business_operations" time="0.002"><failure message="AssertionError: Users should be active by default for business operations&#10;assert None is True&#10; +  where None = &lt;auth_service.auth_core.database.models.AuthUser object at 0x000002ED94C5C1A0&gt;.is_active">E   AssertionError: Users should be active by default for business operations
    assert None is True
     +  where None = &lt;auth_service.auth_core.database.models.AuthUser object at 0x000002ED94C5C1A0&gt;.is_active</failure></testcase><testcase classname="tests.unit.test_database_models_business_value.TestDatabaseModelsBusinessValue" name="test_database_models_support_time_zone_aware_operations" time="0.001" /><testcase classname="tests.unit.test_database_models_business_value.TestDatabaseModelsBusinessValue" name="test_database_models_support_business_query_patterns" time="0.001" /><testcase classname="tests.unit.test_database_models_business_value.TestDatabaseModelsBusinessValue" name="test_database_models_handle_json_metadata_for_business_flexibility" time="0.001" /><testcase classname="tests.unit.test_database_models_comprehensive.TestAuthUserModel" name="test_auth_user_model_creation" time="0.035" /><testcase classname="tests.unit.test_database_models_comprehensive.TestAuthUserModel" name="test_auth_user_model_defaults" time="0.026" /><testcase classname="tests.unit.test_database_models_comprehensive.TestAuthUserModel" name="test_auth_user_email_uniqueness" time="0.057" /><testcase classname="tests.unit.test_database_models_comprehensive.TestAuthUserModel" name="test_auth_user_oauth_fields" time="0.026" /><testcase classname="tests.unit.test_database_models_comprehensive.TestAuthUserModel" name="test_auth_user_security_fields" time="0.036" /><testcase classname="tests.unit.test_database_models_comprehensive.TestAuthUserModel" name="test_auth_user_timestamps" time="0.041"><failure message="sqlalchemy.exc.MissingGreenlet: greenlet_spawn has not been called; can't call await_only() here. Was IO attempted in an unexpected place? (Background on this error at: https://sqlalche.me/e/20/xd2s)">E   sqlalchemy.exc.MissingGreenlet: greenlet_spawn has not been called; can't call await_only() here. Was IO attempted in an unexpected place? (Background on this error at: https://sqlalche.me/e/20/xd2s)</failure></testcase><testcase classname="tests.unit.test_database_models_comprehensive.TestAuthUserModel" name="test_auth_user_json_provider_data" time="0.033" /><testcase classname="tests.unit.test_database_models_comprehensive.TestAuthSessionModel" name="test_auth_session_model_creation" time="0.030" /><testcase classname="tests.unit.test_database_models_comprehensive.TestAuthSessionModel" name="test_auth_session_model_defaults" time="0.035" /><testcase classname="tests.unit.test_database_models_comprehensive.TestAuthSessionModel" name="test_auth_session_revocation" time="0.048" /><testcase classname="tests.unit.test_database_models_comprehensive.TestAuthSessionModel" name="test_auth_session_multiple_per_user" time="0.037" /><testcase classname="tests.unit.test_database_models_comprehensive.TestAuthAuditLogModel" name="test_auth_audit_log_model_creation" time="0.028" /><testcase classname="tests.unit.test_database_models_comprehensive.TestAuthAuditLogModel" name="test_auth_audit_log_failure_case" time="0.034" /><testcase classname="tests.unit.test_database_models_comprehensive.TestAuthAuditLogModel" name="test_auth_audit_log_without_user" time="0.034" /><testcase classname="tests.unit.test_database_models_comprehensive.TestAuthAuditLogModel" name="test_auth_audit_log_json_metadata" time="0.036" /><testcase classname="tests.unit.test_database_models_comprehensive.TestPasswordResetTokenModel" name="test_password_reset_token_creation" time="0.030" /><testcase classname="tests.unit.test_database_models_comprehensive.TestPasswordResetTokenModel" name="test_password_reset_token_defaults" time="0.030" /><testcase classname="tests.unit.test_database_models_comprehensive.TestPasswordResetTokenModel" name="test_password_reset_token_usage" time="0.050" /><testcase classname="tests.unit.test_database_models_comprehensive.TestPasswordResetTokenModel" name="test_password_reset_token_uniqueness" time="0.039" /><testcase classname="tests.unit.test_database_models_comprehensive.TestDatabaseModelIntegration" name="test_user_session_audit_integration" time="0.040" /><testcase classname="tests.unit.test_database_models_comprehensive.TestDatabaseModelIntegration" name="test_user_password_reset_integration" time="0.035" /><testcase classname="tests.unit.test_database_models_comprehensive.TestDatabaseModelIntegration" name="test_model_cascade_behavior" time="0.061" /><testcase classname="tests.unit.test_database_models_comprehensive.TestDatabaseModelConstraintsAndEdgeCases" name="test_email_case_sensitivity" time="0.032" /><testcase classname="tests.unit.test_database_models_comprehensive.TestDatabaseModelConstraintsAndEdgeCases" name="test_long_text_fields" time="0.032" /><testcase classname="tests.unit.test_database_models_comprehensive.TestDatabaseModelConstraintsAndEdgeCases" name="test_null_handling" time="0.023" /><testcase classname="tests.unit.test_database_models_comprehensive.TestDatabaseModelConstraintsAndEdgeCases" name="test_timezone_handling" time="0.021" /><testcase classname="tests.unit.test_database_repository_comprehensive.TestAuthUserRepository" name="test_get_by_email_nonexistent" time="0.015" /><testcase classname="tests.unit.test_database_repository_comprehensive.TestAuthUserRepository" name="test_get_by_id_nonexistent" time="0.014" /><testcase classname="tests.unit.test_database_repository_comprehensive.TestAuthUserRepository" name="test_create_oauth_user" time="0.024" /><testcase classname="tests.unit.test_database_repository_comprehensive.TestAuthUserRepository" name="test_create_oauth_user_existing_updates" time="0.043" /><testcase classname="tests.unit.test_database_repository_comprehensive.TestAuthUserRepository" name="test_create_local_user" time="0.027" /><testcase classname="tests.unit.test_database_repository_comprehensive.TestAuthUserRepository" name="test_create_local_user_duplicate_email" time="0.030" /><testcase classname="tests.unit.test_database_repository_comprehensive.TestAuthUserRepository" name="test_update_login_time" time="0.035" /><testcase classname="tests.unit.test_database_repository_comprehensive.TestAuthUserRepository" name="test_failed_login_attempts" time="0.062" /><testcase classname="tests.unit.test_database_repository_comprehensive.TestAuthUserRepository" name="test_account_locking_after_failed_attempts" time="0.038" /><testcase classname="tests.unit.test_database_repository_comprehensive.TestAuthSessionRepository" name="test_create_session" time="0.028" /><testcase classname="tests.unit.test_database_repository_comprehensive.TestAuthSessionRepository" name="test_get_active_session" time="0.033" /><testcase classname="tests.unit.test_database_repository_comprehensive.TestAuthSessionRepository" name="test_revoke_session" time="0.036" /><testcase classname="tests.unit.test_database_repository_comprehensive.TestAuthSessionRepository" name="test_revoke_user_sessions" time="0.041" /><testcase classname="tests.unit.test_database_repository_comprehensive.TestAuthSessionRepository" name="test_cleanup_expired_sessions" time="0.033" /><testcase classname="tests.unit.test_database_repository_comprehensive.TestAuthAuditRepository" name="test_log_event" time="0.024" /><testcase classname="tests.unit.test_database_repository_comprehensive.TestAuthAuditRepository" name="test_log_failed_event" time="0.026" /><testcase classname="tests.unit.test_database_repository_comprehensive.TestAuthAuditRepository" name="test_get_user_events" time="0.040" /><testcase classname="tests.unit.test_database_repository_comprehensive.TestAuthAuditRepository" name="test_log_event_without_user" time="0.028" /><testcase classname="tests.unit.test_database_staging_validation_comprehensive.TestStagingDatabaseValidatorURLFormat" name="test_validate_empty_url" time="0.001" /><testcase classname="tests.unit.test_database_staging_validation_comprehensive.TestStagingDatabaseValidatorURLFormat" name="test_validate_none_url" time="0.001" /><testcase classname="tests.unit.test_database_staging_validation_comprehensive.TestStagingDatabaseValidatorURLFormat" name="test_validate_invalid_scheme" time="0.001" /><testcase classname="tests.unit.test_database_staging_validation_comprehensive.TestStagingDatabaseValidatorURLFormat" name="test_validate_postgresql_scheme" time="0.001" /><testcase classname="tests.unit.test_database_staging_validation_comprehensive.TestStagingDatabaseValidatorURLFormat" name="test_validate_postgres_scheme" time="0.000" /><testcase classname="tests.unit.test_database_staging_validation_comprehensive.TestStagingDatabaseValidatorURLFormat" name="test_validate_cloud_sql_url" time="0.000" /><testcase classname="tests.unit.test_database_staging_validation_comprehensive.TestStagingDatabaseValidatorURLFormat" name="test_validate_cloud_sql_url_with_ssl_params" time="0.001"><failure message="AssertionError: assert 'SSL parameters will be automatically removed' in ['SSL parameters will be automatically removed for Cloud SQL Unix sockets']">E   AssertionError: assert 'SSL parameters will be automatically removed' in ['SSL parameters will be automatically removed for Cloud SQL Unix sockets']</failure></testcase><testcase classname="tests.unit.test_database_staging_validation_comprehensive.TestStagingDatabaseValidatorURLFormat" name="test_validate_tcp_url_with_sslmode" time="0.000"><failure message="AssertionError: assert 'sslmode will be converted to ssl' in ['sslmode will be converted to ssl for asyncpg compatibility']">E   AssertionError: assert 'sslmode will be converted to ssl' in ['sslmode will be converted to ssl for asyncpg compatibility']</failure></testcase><testcase classname="tests.unit.test_database_staging_validation_comprehensive.TestStagingDatabaseValidatorURLFormat" name="test_validate_tcp_url_with_ssl_param" time="0.001" /><testcase classname="tests.unit.test_database_staging_validation_comprehensive.TestStagingDatabaseValidatorURLFormat" name="test_validate_tcp_url_no_ssl" time="0.001"><failure message="AssertionError: assert 'No SSL parameters specified' in ['No SSL parameters specified for TCP connection']">E   AssertionError: assert 'No SSL parameters specified' in ['No SSL parameters specified for TCP connection']</failure></testcase><testcase classname="tests.unit.test_database_staging_validation_comprehensive.TestStagingDatabaseValidatorURLFormat" name="test_validate_localhost_warning" time="0.000" /><testcase classname="tests.unit.test_database_staging_validation_comprehensive.TestStagingDatabaseValidatorURLFormat" name="test_validate_no_port_warning" time="0.000"><failure message="AssertionError: assert 'Port not specified' in ['No SSL parameters specified for TCP connection', 'Port not specified, will use default']">E   AssertionError: assert 'Port not specified' in ['No SSL parameters specified for TCP connection', 'Port not specified, will use default']</failure></testcase><testcase classname="tests.unit.test_database_staging_validation_comprehensive.TestStagingDatabaseValidatorURLFormat" name="test_validate_no_hostname" time="0.001" /><testcase classname="tests.unit.test_database_staging_validation_comprehensive.TestStagingDatabaseValidatorURLFormat" name="test_validate_malformed_cloud_sql_path" time="0.001" /><testcase classname="tests.unit.test_database_staging_validation_comprehensive.TestStagingDatabaseValidatorURLFormat" name="test_validate_cloud_sql_missing_db_name" time="0.001"><failure message="AssertionError: assert 'Database name not specified' in []">E   AssertionError: assert 'Database name not specified' in []</failure></testcase><testcase classname="tests.unit.test_database_staging_validation_comprehensive.TestStagingDatabaseValidatorCredentials" name="test_validate_credentials_no_username" time="0.001" /><testcase classname="tests.unit.test_database_staging_validation_comprehensive.TestStagingDatabaseValidatorCredentials" name="test_validate_credentials_no_password" time="0.001" /><testcase classname="tests.unit.test_database_staging_validation_comprehensive.TestStagingDatabaseValidatorCredentials" name="test_validate_credentials_problematic_username_pattern" time="0.001"><failure message="assert &quot;Invalid username pattern 'user_pr-4'&quot; in [&quot;Invalid username pattern 'user_pr-4' - this will cause authentication failures&quot;, 'Using insecure default password']">E   assert "Invalid username pattern 'user_pr-4'" in ["Invalid username pattern 'user_pr-4' - this will cause authentication failures", 'Using insecure default password']</failure></testcase><testcase classname="tests.unit.test_database_staging_validation_comprehensive.TestStagingDatabaseValidatorCredentials" name="test_validate_credentials_pr_pattern_username" time="0.001"><failure message="assert 'appears to be misconfigured PR-specific user' in [&quot;Invalid username pattern 'user_pr-123' - appears to be misconfigured PR-specific user&quot;, 'Using insecure default password']">E   assert 'appears to be misconfigured PR-specific user' in ["Invalid username pattern 'user_pr-123' - appears to be misconfigured PR-specific user", 'Using insecure default password']</failure></testcase><testcase classname="tests.unit.test_database_staging_validation_comprehensive.TestStagingDatabaseValidatorCredentials" name="test_validate_credentials_postgres_username" time="0.000"><failure message="assert &quot;Username 'postgres' is acceptable for Cloud SQL&quot; in [&quot;Username 'postgres' is acceptable for Cloud SQL but ensure password is secure&quot;]">E   assert "Username 'postgres' is acceptable for Cloud SQL" in ["Username 'postgres' is acceptable for Cloud SQL but ensure password is secure"]</failure></testcase><testcase classname="tests.unit.test_database_staging_validation_comprehensive.TestStagingDatabaseValidatorCredentials" name="test_validate_credentials_root_username" time="0.001"><failure message="assert False is True">E   assert False is True</failure></testcase><testcase classname="tests.unit.test_database_staging_validation_comprehensive.TestStagingDatabaseValidatorCredentials" name="test_validate_credentials_insecure_password" time="0.000" /><testcase classname="tests.unit.test_database_staging_validation_comprehensive.TestStagingDatabaseValidatorCredentials" name="test_validate_credentials_short_password" time="0.000"><failure message="AssertionError: assert 'Use password with at least 8 characters' in ['Use password with at least 8 characters for security']">E   AssertionError: assert 'Use password with at least 8 characters' in ['Use password with at least 8 characters for security']</failure></testcase><testcase classname="tests.unit.test_database_staging_validation_comprehensive.TestStagingDatabaseValidatorCredentials" name="test_validate_credentials_numeric_password" time="0.001"><failure message="AssertionError: assert 'Password contains only numbers' in ['Using insecure default password']">E   AssertionError: assert 'Password contains only numbers' in ['Using insecure default password']</failure></testcase><testcase classname="tests.unit.test_database_staging_validation_comprehensive.TestStagingDatabaseValidatorCredentials" name="test_validate_credentials_test_password" time="0.000"><failure message="AssertionError: assert 'appears to be a test/development password' in ['Password appears to be a test/development password']">E   AssertionError: assert 'appears to be a test/development password' in ['Password appears to be a test/development password']</failure></testcase><testcase classname="tests.unit.test_database_staging_validation_comprehensive.TestStagingDatabaseValidatorCredentials" name="test_validate_credentials_placeholder_password" time="0.000" /><testcase classname="tests.unit.test_database_staging_validation_comprehensive.TestStagingDatabaseValidatorCredentials" name="test_validate_credentials_variable_placeholder" time="0.000" /><testcase classname="tests.unit.test_database_staging_validation_comprehensive.TestStagingDatabaseValidatorCredentials" name="test_validate_credentials_staging_specific_checks" time="0.000"><failure message="assert 'Username appears to be development-specific' in ['Username appears to be development-specific in staging environment', &quot;Password contains 'dev' which may indicate development credentials&quot;]">E   assert 'Username appears to be development-specific' in ['Username appears to be development-specific in staging environment', "Password contains 'dev' which may indicate development credentials"]</failure></testcase><testcase classname="tests.unit.test_database_staging_validation_comprehensive.TestStagingDatabaseValidatorCredentials" name="test_validate_credentials_secure_example" time="0.000" /><testcase classname="tests.unit.test_database_staging_validation_comprehensive.TestStagingDatabaseValidatorCredentials" name="test_validate_credentials_parsing_error" time="0.000"><failure message="KeyError: 'error'">E   KeyError: 'error'</failure></testcase><testcase classname="tests.unit.test_database_staging_validation_comprehensive.TestStagingDatabaseValidatorSSLCompatibility" name="test_ssl_compatibility_cloud_sql_with_ssl_params" time="0.001" /><testcase classname="tests.unit.test_database_staging_validation_comprehensive.TestStagingDatabaseValidatorSSLCompatibility" name="test_ssl_compatibility_cloud_sql_ssl_not_removed" time="0.001" /><testcase classname="tests.unit.test_database_staging_validation_comprehensive.TestStagingDatabaseValidatorSSLCompatibility" name="test_ssl_compatibility_tcp_sslmode_conversion" time="0.000" /><testcase classname="tests.unit.test_database_staging_validation_comprehensive.TestStagingDatabaseValidatorSSLCompatibility" name="test_ssl_compatibility_tcp_sslmode_not_converted" time="0.004"><failure message="ModuleNotFoundError: No module named 'str'">E   ModuleNotFoundError: No module named 'str'</failure></testcase><testcase classname="tests.unit.test_database_staging_validation_comprehensive.TestStagingDatabaseValidatorSSLCompatibility" name="test_ssl_compatibility_tcp_with_ssl_param" time="0.000" /><testcase classname="tests.unit.test_database_staging_validation_comprehensive.TestStagingDatabaseValidatorSSLCompatibility" name="test_ssl_compatibility_error_handling" time="0.001"><failure message="assert True is False">E   assert True is False</failure></testcase><testcase classname="tests.unit.test_database_staging_validation_comprehensive.TestStagingDatabaseValidatorPreDeployment" name="test_pre_deployment_validation_with_url" time="0.001" /><testcase classname="tests.unit.test_database_staging_validation_comprehensive.TestStagingDatabaseValidatorPreDeployment" name="test_pre_deployment_validation_without_url" time="0.001"><failure message="AssertionError: assert 'postgresql:/...5432/env_d...' == 'postgresql:/...t:5432/env_db'&#10;  &#10;  - postgresql://env_user:env_pass@env_host:5432/env_db&#10;  ?                                                   ^&#10;  + postgresql://env_user:env_pass@env_host:5432/env_d...&#10;  ?                                                   ^^^">E   AssertionError: assert 'postgresql:/...5432/env_d...' == 'postgresql:/...t:5432/env_db'
      
      - postgresql://env_user:env_pass@env_host:5432/env_db
      ?                                                   ^
      + postgresql://env_user:env_pass@env_host:5432/env_d...
      ?                                                   ^^^</failure></testcase><testcase classname="tests.unit.test_database_staging_validation_comprehensive.TestStagingDatabaseValidatorPreDeployment" name="test_pre_deployment_validation_url_format_failure" time="0.001" /><testcase classname="tests.unit.test_database_staging_validation_comprehensive.TestStagingDatabaseValidatorPreDeployment" name="test_pre_deployment_validation_credential_failure" time="0.000" /><testcase classname="tests.unit.test_database_staging_validation_comprehensive.TestStagingDatabaseValidatorPreDeployment" name="test_pre_deployment_validation_ssl_failure" time="0.001" /><testcase classname="tests.unit.test_database_staging_validation_comprehensive.TestStagingDatabaseValidatorPreDeployment" name="test_pre_deployment_validation_warnings_only" time="0.001" /><testcase classname="tests.unit.test_database_staging_validation_comprehensive.TestStagingDatabaseValidatorPreDeployment" name="test_pre_deployment_validation_success" time="0.001" /><testcase classname="tests.unit.test_database_staging_validation_comprehensive.TestStagingDatabaseValidatorPreDeployment" name="test_pre_deployment_validation_long_url_truncation" time="0.001" /><testcase classname="tests.unit.test_database_staging_validation_comprehensive.TestStagingDatabaseValidatorReporting" name="test_print_validation_report_passed" time="0.001" /><testcase classname="tests.unit.test_database_staging_validation_comprehensive.TestStagingDatabaseValidatorReporting" name="test_print_validation_report_failed" time="0.001" /><testcase classname="tests.unit.test_database_staging_validation_comprehensive.TestStagingDatabaseValidatorReporting" name="test_print_validation_report_warning" time="0.001" /><testcase classname="tests.unit.test_database_staging_validation_comprehensive.TestStagingDatabaseValidatorReporting" name="test_print_validation_report_unknown_status" time="0.001" /><testcase classname="tests.unit.test_database_staging_validation_comprehensive.TestValidateStagingDeploymentFunction" name="test_validate_staging_deployment_success" time="0.001"><failure message="AssertionError: assert 'Validation passed' in 'Validating Auth Service for Staging Deployment...\n\nAuth Service Staging Validation Report\n==================================================\nOverall Status: PASS PASSED\nDatabase URL: postgresql://secure_url\n\n==================================================\n'&#10; +  where 'Validating Auth Service for Staging Deployment...\n\nAuth Service Staging Validation Report\n==================================================\nOverall Status: PASS PASSED\nDatabase URL: postgresql://secure_url\n\n==================================================\n' = CaptureResult(out='Validating Auth Service for Staging Deployment...\n\nAuth Service Staging Validation Report\n==================================================\nOverall Status: PASS PASSED\nDatabase URL: postgresql://secure_url\n\n==================================================\n', err='').out">E   AssertionError: assert 'Validation passed' in 'Validating Auth Service for Staging Deployment...\n\nAuth Service Staging Validation Report\n==================================================\nOverall Status: PASS PASSED\nDatabase URL: postgresql://secure_url\n\n==================================================\n'
     +  where 'Validating Auth Service for Staging Deployment...\n\nAuth Service Staging Validation Report\n==================================================\nOverall Status: PASS PASSED\nDatabase URL: postgresql://secure_url\n\n==================================================\n' = CaptureResult(out='Validating Auth Service for Staging Deployment...\n\nAuth Service Staging Validation Report\n==================================================\nOverall Status: PASS PASSED\nDatabase URL: postgresql://secure_url\n\n==================================================\n', err='').out</failure></testcase><testcase classname="tests.unit.test_database_staging_validation_comprehensive.TestValidateStagingDeploymentFunction" name="test_validate_staging_deployment_warning" time="0.002"><failure message="AssertionError: assert 'Validation passed' in 'Validating Auth Service for Staging Deployment...\n\nAuth Service Staging Validation Report\n==================================================\nOverall Status: WARN WARNING\nDatabase URL: postgresql://localhost_url\n\nWarnings (1):\n  ! Using localhost\n\n==================================================\n'&#10; +  where 'Validating Auth Service for Staging Deployment...\n\nAuth Service Staging Validation Report\n==================================================\nOverall Status: WARN WARNING\nDatabase URL: postgresql://localhost_url\n\nWarnings (1):\n  ! Using localhost\n\n==================================================\n' = CaptureResult(out='Validating Auth Service for Staging Deployment...\n\nAuth Service Staging Validation Report\n==================================================\nOverall Status: WARN WARNING\nDatabase URL: postgresql://localhost_url\n\nWarnings (1):\n  ! Using localhost\n\n==================================================\n', err='').out">E   AssertionError: assert 'Validation passed' in 'Validating Auth Service for Staging Deployment...\n\nAuth Service Staging Validation Report\n==================================================\nOverall Status: WARN WARNING\nDatabase URL: postgresql://localhost_url\n\nWarnings (1):\n  ! Using localhost\n\n==================================================\n'
     +  where 'Validating Auth Service for Staging Deployment...\n\nAuth Service Staging Validation Report\n==================================================\nOverall Status: WARN WARNING\nDatabase URL: postgresql://localhost_url\n\nWarnings (1):\n  ! Using localhost\n\n==================================================\n' = CaptureResult(out='Validating Auth Service for Staging Deployment...\n\nAuth Service Staging Validation Report\n==================================================\nOverall Status: WARN WARNING\nDatabase URL: postgresql://localhost_url\n\nWarnings (1):\n  ! Using localhost\n\n==================================================\n', err='').out</failure></testcase><testcase classname="tests.unit.test_database_staging_validation_comprehensive.TestValidateStagingDeploymentFunction" name="test_validate_staging_deployment_failure" time="0.001" /><testcase classname="tests.unit.test_database_staging_validation_comprehensive.TestStagingDatabaseValidatorEdgeCases" name="test_url_format_validation_exception" time="0.001"><failure message="AssertionError: assert 'URL parsing failed: Parse error' in 'Invalid scheme: '">E   AssertionError: assert 'URL parsing failed: Parse error' in 'Invalid scheme: '</failure></testcase><testcase classname="tests.unit.test_database_staging_validation_comprehensive.TestStagingDatabaseValidatorEdgeCases" name="test_credential_validation_exception" time="0.001"><failure message="KeyError: 'error'">E   KeyError: 'error'</failure></testcase><testcase classname="tests.unit.test_database_staging_validation_comprehensive.TestStagingDatabaseValidatorEdgeCases" name="test_cloud_sql_database_name_extraction_edge_cases" time="0.001"><failure message="AssertionError: assert 'Database name not specified' in []">E   AssertionError: assert 'Database name not specified' in []</failure></testcase><testcase classname="tests.unit.test_database_staging_validation_comprehensive.TestStagingDatabaseValidatorEdgeCases" name="test_regex_patterns_comprehensive" time="0.001" /><testcase classname="tests.unit.test_database_staging_validation_comprehensive.TestStagingDatabaseValidatorEdgeCases" name="test_environment_specific_validation_branches" time="0.000" /><testcase classname="tests.unit.test_database_staging_validation_comprehensive.TestStagingDatabaseValidatorEdgeCases" name="test_password_security_checks_comprehensive" time="0.001" /><testcase classname="tests.unit.test_database_staging_validation_comprehensive.TestMainModuleBehavior" name="test_main_module_success" time="0.001"><failure message="FileNotFoundError: [Errno 2] No such file or directory: 'auth_service/auth_core/database/staging_validation.py'">E   FileNotFoundError: [Errno 2] No such file or directory: 'auth_service/auth_core/database/staging_validation.py'</failure></testcase><testcase classname="tests.unit.test_database_staging_validation_comprehensive.TestMainModuleBehavior" name="test_main_module_failure" time="0.001"><failure message="FileNotFoundError: [Errno 2] No such file or directory: 'auth_service/auth_core/database/staging_validation.py'">E   FileNotFoundError: [Errno 2] No such file or directory: 'auth_service/auth_core/database/staging_validation.py'</failure></testcase><testcase classname="tests.unit.test_docker_hostname_resolution.TestDockerHostnameResolution" name="test_database_url_takes_precedence" time="0.005"><failure message="AssertionError: '@custom_host:' not found in 'postgresql+asyncpg://test_user:test_pass@postgres:5432/test_db'">E   AssertionError: '@custom_host:' not found in 'postgresql+asyncpg://test_user:test_pass@postgres:5432/test_db'</failure></testcase><testcase classname="tests.unit.test_docker_hostname_resolution.TestDockerHostnameResolution" name="test_docker_detection_via_cgroup" time="0.005" /><testcase classname="tests.unit.test_docker_hostname_resolution.TestDockerHostnameResolution" name="test_docker_detection_via_dockerenv_file" time="0.002" /><testcase classname="tests.unit.test_docker_hostname_resolution.TestDockerHostnameResolution" name="test_docker_detection_via_env_variable" time="0.003" /><testcase classname="tests.unit.test_docker_hostname_resolution.TestDockerHostnameResolution" name="test_docker_not_applied_in_production" time="0.003" /><testcase classname="tests.unit.test_docker_hostname_resolution.TestDockerHostnameResolution" name="test_docker_not_applied_in_staging" time="0.002" /><testcase classname="tests.unit.test_docker_hostname_resolution.TestDockerHostnameResolution" name="test_non_docker_environment" time="0.003" /><testcase classname="tests.unit.test_docker_hostname_resolution.TestDockerHostnameResolution" name="test_non_localhost_host_not_overridden" time="0.002" /><testcase classname="tests.unit.test_google_oauth_comprehensive.TestGoogleOAuthProviderInitialization" name="test_provider_initializes_successfully" time="0.001" /><testcase classname="tests.unit.test_google_oauth_comprehensive.TestGoogleOAuthProviderInitialization" name="test_provider_environment_detection" time="0.002" /><testcase classname="tests.unit.test_google_oauth_comprehensive.TestGoogleOAuthProviderInitialization" name="test_provider_credentials_initialization" time="0.001" /><testcase classname="tests.unit.test_google_oauth_comprehensive.TestGoogleOAuthProviderInitialization" name="test_provider_handles_missing_credentials_in_test" time="0.004" /><testcase classname="tests.unit.test_google_oauth_comprehensive.TestGoogleOAuthProviderInitialization" name="test_provider_requires_credentials_in_production" time="0.004" /><testcase classname="tests.unit.test_google_oauth_comprehensive.TestGoogleOAuthProviderConfiguration" name="test_is_configured_with_valid_credentials" time="0.003" /><testcase classname="tests.unit.test_google_oauth_comprehensive.TestGoogleOAuthProviderConfiguration" name="test_is_configured_with_missing_credentials" time="0.004" /><testcase classname="tests.unit.test_google_oauth_comprehensive.TestGoogleOAuthProviderConfiguration" name="test_validate_configuration_with_valid_data" time="0.003" /><testcase classname="tests.unit.test_google_oauth_comprehensive.TestGoogleOAuthProviderConfiguration" name="test_validate_configuration_with_invalid_client_id" time="0.005" /><testcase classname="tests.unit.test_google_oauth_comprehensive.TestGoogleOAuthProviderConfiguration" name="test_validate_configuration_with_invalid_client_secret" time="0.004" /><testcase classname="tests.unit.test_google_oauth_comprehensive.TestGoogleOAuthProviderConfiguration" name="test_get_configuration_status" time="0.001" /><testcase classname="tests.unit.test_google_oauth_comprehensive.TestGoogleOAuthProviderRedirectURI" name="test_get_redirect_uri_returns_valid_uri" time="0.002" /><testcase classname="tests.unit.test_google_oauth_comprehensive.TestGoogleOAuthProviderRedirectURI" name="test_redirect_uri_environment_specific" time="0.003"><failure message="AssertionError: assert ('localhost' not in 'http://loca...uth/callback'&#10;  &#10;  'localhost' is contained here:&#10;    http://localhost:8081/auth/callback&#10;  ?        +++++++++ or 'staging' in 'http://localhost:8081/auth/callback')">E   AssertionError: assert ('localhost' not in 'http://loca...uth/callback'
      
      'localhost' is contained here:
        http://localhost:8081/auth/callback
      ?        +++++++++ or 'staging' in 'http://localhost:8081/auth/callback')</failure></testcase><testcase classname="tests.unit.test_google_oauth_comprehensive.TestGoogleOAuthProviderRedirectURI" name="test_redirect_uri_consistency" time="0.003" /><testcase classname="tests.unit.test_google_oauth_comprehensive.TestGoogleOAuthProviderAuthorizationURL" name="test_get_authorization_url_basic" time="0.001" /><testcase classname="tests.unit.test_google_oauth_comprehensive.TestGoogleOAuthProviderAuthorizationURL" name="test_get_authorization_url_with_custom_scopes" time="0.002" /><testcase classname="tests.unit.test_google_oauth_comprehensive.TestGoogleOAuthProviderAuthorizationURL" name="test_get_authorization_url_parameters" time="0.003" /><testcase classname="tests.unit.test_google_oauth_comprehensive.TestGoogleOAuthProviderAuthorizationURL" name="test_get_authorization_url_without_client_id" time="0.002" /><testcase classname="tests.unit.test_google_oauth_comprehensive.TestGoogleOAuthProviderCodeExchange" name="test_exchange_code_for_user_info_test_environment" time="0.002" /><testcase classname="tests.unit.test_google_oauth_comprehensive.TestGoogleOAuthProviderCodeExchange" name="test_exchange_code_for_user_info_without_client_secret" time="0.002" /><testcase classname="tests.unit.test_google_oauth_comprehensive.TestGoogleOAuthProviderCodeExchange" name="test_exchange_code_for_user_info_real_api_success" time="0.003" /><testcase classname="tests.unit.test_google_oauth_comprehensive.TestGoogleOAuthProviderCodeExchange" name="test_exchange_code_for_user_info_token_request_failure" time="0.003" /><testcase classname="tests.unit.test_google_oauth_comprehensive.TestGoogleOAuthProviderCodeExchange" name="test_exchange_code_for_user_info_no_access_token" time="0.003" /><testcase classname="tests.unit.test_google_oauth_comprehensive.TestGoogleOAuthProviderCodeExchange" name="test_exchange_code_for_user_info_user_info_failure" time="0.003" /><testcase classname="tests.unit.test_google_oauth_comprehensive.TestGoogleOAuthProviderSelfCheck" name="test_self_check_with_valid_configuration" time="0.003" /><testcase classname="tests.unit.test_google_oauth_comprehensive.TestGoogleOAuthProviderSelfCheck" name="test_self_check_with_invalid_configuration" time="0.001" /><testcase classname="tests.unit.test_google_oauth_comprehensive.TestGoogleOAuthProviderSelfCheck" name="test_self_check_authorization_url_generation" time="0.002" /><testcase classname="tests.unit.test_google_oauth_comprehensive.TestGoogleOAuthProviderSelfCheck" name="test_self_check_includes_redirect_uri" time="0.003" /><testcase classname="tests.unit.test_google_oauth_comprehensive.TestGoogleOAuthProviderSelfCheck" name="test_self_check_client_id_privacy" time="0.001" /><testcase classname="tests.unit.test_google_oauth_comprehensive.TestGoogleOAuthProviderSecurity" name="test_state_parameter_required" time="0.001" /><testcase classname="tests.unit.test_google_oauth_comprehensive.TestGoogleOAuthProviderSecurity" name="test_redirect_uri_validation_by_environment" time="0.001"><failure message="AssertionError: Expected invalid for staging with http://localhost:8081/auth/callback, but was valid&#10;assert not True">E   AssertionError: Expected invalid for staging with http://localhost:8081/auth/callback, but was valid
    assert not True</failure></testcase><testcase classname="tests.unit.test_google_oauth_comprehensive.TestGoogleOAuthProviderSecurity" name="test_no_credential_exposure_in_errors" time="0.001"><failure message="Exception: Test error">E   Exception: Test error</failure></testcase><testcase classname="tests.unit.test_google_oauth_comprehensive.TestGoogleOAuthProviderSecurity" name="test_input_sanitization" time="0.001" /><testcase classname="tests.unit.test_google_oauth_comprehensive.TestGoogleOAuthProviderPerformance" name="test_provider_initialization_performance" time="0.001" /><testcase classname="tests.unit.test_google_oauth_comprehensive.TestGoogleOAuthProviderPerformance" name="test_authorization_url_generation_performance" time="0.003" /><testcase classname="tests.unit.test_google_oauth_comprehensive.TestGoogleOAuthProviderPerformance" name="test_memory_usage_stability" time="0.403" /><testcase classname="tests.unit.test_jwt_cache_comprehensive.TestJWTValidationCacheBasics" name="test_cache_initialization" time="0.002" /><testcase classname="tests.unit.test_jwt_cache_comprehensive.TestJWTValidationCacheBasics" name="test_get_cache_key_generation" time="0.002" /><testcase classname="tests.unit.test_jwt_cache_comprehensive.TestJWTValidationCacheBasics" name="test_cache_and_retrieve_valid_payload" time="0.001" /><testcase classname="tests.unit.test_jwt_cache_comprehensive.TestJWTValidationCacheBasics" name="test_cache_and_retrieve_invalid_result" time="0.002" /><testcase classname="tests.unit.test_jwt_cache_comprehensive.TestJWTValidationCacheBasics" name="test_cache_expiration_removes_entries" time="1.102" /><testcase classname="tests.unit.test_jwt_cache_comprehensive.TestJWTValidationCacheBasics" name="test_jwt_token_expiration_handling" time="0.001" /><testcase classname="tests.unit.test_jwt_cache_comprehensive.TestJWTValidationCacheRedis" name="test_redis_cache_hit" time="0.002"><failure message="AssertionError: Expected 'get' to be called once. Called 0 times.">E   AssertionError: Expected 'get' to be called once. Called 0 times.

During handling of the above exception, another exception occurred:
E   AssertionError: Expected 'get' to be called once. Called 0 times.</failure></testcase><testcase classname="tests.unit.test_jwt_cache_comprehensive.TestJWTValidationCacheRedis" name="test_redis_cache_miss" time="0.002"><failure message="assert 0 &gt; 0">E   assert 0 &gt; 0</failure></testcase><testcase classname="tests.unit.test_jwt_cache_comprehensive.TestJWTValidationCacheRedis" name="test_redis_expired_token_removal" time="0.002"><failure message="AssertionError: Expected 'delete' to be called once. Called 0 times.">E   AssertionError: Expected 'delete' to be called once. Called 0 times.

During handling of the above exception, another exception occurred:
E   AssertionError: Expected 'delete' to be called once. Called 0 times.</failure></testcase><testcase classname="tests.unit.test_jwt_cache_comprehensive.TestJWTValidationCacheRedis" name="test_redis_connection_failure_fallback" time="0.002"><failure message="assert 0 &gt; 0">E   assert 0 &gt; 0</failure></testcase><testcase classname="tests.unit.test_jwt_cache_comprehensive.TestJWTValidationCacheRedis" name="test_redis_disabled_uses_memory_only" time="0.001" /><testcase classname="tests.unit.test_jwt_cache_comprehensive.TestJWTValidationCachePerformance" name="test_cache_size_limit_enforcement" time="0.002" /><testcase classname="tests.unit.test_jwt_cache_comprehensive.TestJWTValidationCachePerformance" name="test_expired_entries_cleanup_on_size_limit" time="0.001" /><testcase classname="tests.unit.test_jwt_cache_comprehensive.TestJWTValidationCachePerformance" name="test_get_cache_stats_accuracy" time="0.001" /><testcase classname="tests.unit.test_jwt_cache_comprehensive.TestJWTValidationCachePerformance" name="test_performance_under_concurrent_access" time="0.004" /><testcase classname="tests.unit.test_jwt_cache_comprehensive.TestJWTValidationCacheUserInvalidation" name="test_invalidate_user_cache_memory_only" time="0.001" /><testcase classname="tests.unit.test_jwt_cache_comprehensive.TestJWTValidationCacheUserInvalidation" name="test_invalidate_user_cache_with_redis" time="0.004" /><testcase classname="tests.unit.test_jwt_cache_comprehensive.TestJWTValidationCacheUserInvalidation" name="test_invalidate_user_cache_redis_failure_graceful" time="0.001" /><testcase classname="tests.unit.test_jwt_cache_comprehensive.TestJWTValidationCacheClearAndMaintenance" name="test_clear_cache_memory_only" time="0.001" /><testcase classname="tests.unit.test_jwt_cache_comprehensive.TestJWTValidationCacheClearAndMaintenance" name="test_clear_cache_with_redis" time="0.002" /><testcase classname="tests.unit.test_jwt_cache_comprehensive.TestJWTValidationCacheClearAndMaintenance" name="test_clear_cache_redis_failure_graceful" time="0.001" /><testcase classname="tests.unit.test_jwt_cache_comprehensive.TestJWTValidationCacheAsyncOperations" name="test_async_redis_cache_write" time="0.004" /><testcase classname="tests.unit.test_jwt_cache_comprehensive.TestJWTValidationCacheAsyncOperations" name="test_async_redis_cache_write_failure" time="0.003" /><testcase classname="tests.unit.test_jwt_cache_comprehensive.TestJWTValidationCacheEdgeCases" name="test_cache_with_none_payload" time="0.001" /><testcase classname="tests.unit.test_jwt_cache_comprehensive.TestJWTValidationCacheEdgeCases" name="test_cache_with_invalid_json_payload" time="0.001" /><testcase classname="tests.unit.test_jwt_cache_comprehensive.TestJWTValidationCacheEdgeCases" name="test_get_cache_stats_with_zero_validations" time="0.001" /><testcase classname="tests.unit.test_jwt_cache_comprehensive.TestJWTValidationCacheEdgeCases" name="test_cache_key_with_empty_token" time="0.001" /><testcase classname="tests.unit.test_jwt_cache_comprehensive.TestJWTValidationCacheEdgeCases" name="test_memory_cache_corruption_handling" time="0.001" /><testcase classname="tests.unit.test_jwt_cache_comprehensive.TestJWTValidationCacheGlobalInstance" name="test_global_instance_exists" time="0.001" /><testcase classname="tests.unit.test_jwt_cache_comprehensive.TestJWTValidationCacheGlobalInstance" name="test_global_instance_functionality" time="0.001" /><testcase classname="tests.unit.test_jwt_cache_comprehensive.TestJWTValidationCacheGlobalInstance" name="test_global_instance_stats" time="0.001" /><testcase classname="tests.unit.test_jwt_handler_comprehensive.TestJWTHandlerBasics" name="test_create_access_token" time="0.001" /><testcase classname="tests.unit.test_jwt_handler_comprehensive.TestJWTHandlerBasics" name="test_create_refresh_token" time="0.001" /><testcase classname="tests.unit.test_jwt_handler_comprehensive.TestJWTHandlerBasics" name="test_create_service_token" time="0.001" /><testcase classname="tests.unit.test_jwt_handler_comprehensive.TestJWTHandlerBasics" name="test_validate_valid_access_token" time="0.001" /><testcase classname="tests.unit.test_jwt_handler_comprehensive.TestJWTHandlerBasics" name="test_validate_invalid_token_type" time="0.001" /><testcase classname="tests.unit.test_jwt_handler_comprehensive.TestJWTHandlerBasics" name="test_validate_malformed_token" time="0.002" /><testcase classname="tests.unit.test_jwt_handler_comprehensive.TestJWTHandlerBasics" name="test_validate_expired_token" time="0.001" /><testcase classname="tests.unit.test_jwt_handler_comprehensive.TestJWTHandlerBasics" name="test_extract_user_id_from_token" time="0.001" /><testcase classname="tests.unit.test_jwt_handler_comprehensive.TestJWTHandlerBasics" name="test_extract_user_id_from_invalid_token" time="0.001" /><testcase classname="tests.unit.test_jwt_handler_comprehensive.TestJWTHandlerBasics" name="test_refresh_access_token_success" time="0.001" /><testcase classname="tests.unit.test_jwt_handler_comprehensive.TestJWTHandlerBasics" name="test_refresh_access_token_with_invalid_token" time="0.001" /><testcase classname="tests.unit.test_jwt_handler_comprehensive.TestJWTHandlerBasics" name="test_token_payload_contains_required_claims" time="0.001" /><testcase classname="tests.unit.test_jwt_handler_comprehensive.TestJWTHandlerBasics" name="test_token_issuer_is_correct" time="0.001" /><testcase classname="tests.unit.test_jwt_handler_comprehensive.TestJWTHandlerBasics" name="test_token_audience_is_correct" time="0.001" /><testcase classname="tests.unit.test_jwt_handler_comprehensive.TestJWTHandlerBasics" name="test_token_jti_is_unique" time="0.001" /><testcase classname="tests.unit.test_jwt_handler_comprehensive.TestJWTHandlerBlacklist" name="test_blacklist_token" time="0.019" /><testcase classname="tests.unit.test_jwt_handler_comprehensive.TestJWTHandlerBlacklist" name="test_validate_blacklisted_token_fails" time="0.002" /><testcase classname="tests.unit.test_jwt_handler_comprehensive.TestJWTHandlerBlacklist" name="test_remove_token_from_blacklist" time="0.002" /><testcase classname="tests.unit.test_jwt_handler_comprehensive.TestJWTHandlerBlacklist" name="test_blacklist_user" time="0.003" /><testcase classname="tests.unit.test_jwt_handler_comprehensive.TestJWTHandlerBlacklist" name="test_validate_token_for_blacklisted_user_fails" time="0.002" /><testcase classname="tests.unit.test_jwt_handler_comprehensive.TestJWTHandlerBlacklist" name="test_remove_user_from_blacklist" time="0.003" /><testcase classname="tests.unit.test_jwt_handler_comprehensive.TestJWTHandlerBlacklist" name="test_get_blacklist_info" time="0.001" /><testcase classname="tests.unit.test_jwt_handler_comprehensive.TestJWTHandlerSecurity" name="test_validate_token_with_none_algorithm_fails" time="0.002" /><testcase classname="tests.unit.test_jwt_handler_comprehensive.TestJWTHandlerSecurity" name="test_validate_token_with_wrong_algorithm_fails" time="0.001" /><testcase classname="tests.unit.test_jwt_handler_comprehensive.TestJWTHandlerSecurity" name="test_validate_token_with_invalid_issuer_fails" time="0.002" /><testcase classname="tests.unit.test_jwt_handler_comprehensive.TestJWTHandlerSecurity" name="test_validate_token_with_invalid_audience_fails" time="0.001" /><testcase classname="tests.unit.test_jwt_handler_comprehensive.TestJWTHandlerSecurity" name="test_validate_token_too_old_fails" time="0.001" /><testcase classname="tests.unit.test_jwt_handler_comprehensive.TestJWTHandlerSecurity" name="test_validate_token_issued_in_future_fails" time="0.001" /><testcase classname="tests.unit.test_jwt_handler_comprehensive.TestJWTHandlerSecurity" name="test_validate_id_token_basic" time="0.001" /><testcase classname="tests.unit.test_jwt_handler_comprehensive.TestJWTHandlerSecurity" name="test_validate_id_token_wrong_issuer_fails" time="0.001" /><testcase classname="tests.unit.test_jwt_handler_comprehensive.TestJWTHandlerSecurity" name="test_validate_id_token_expired_fails" time="0.001" /><testcase classname="tests.unit.test_jwt_handler_comprehensive.TestJWTHandlerSecurity" name="test_mock_token_rejected_in_production" time="0.000" /><testcase classname="tests.unit.test_jwt_handler_comprehensive.TestJWTHandlerPerformance" name="test_get_performance_stats" time="0.000" /><testcase classname="tests.unit.test_jwt_handler_comprehensive.TestJWTHandlerPerformance" name="test_validate_token_caching" time="0.001" /><testcase classname="tests.unit.test_jwt_handler_comprehensive.TestJWTHandlerPerformance" name="test_token_structure_validation" time="0.001" /><testcase classname="tests.unit.test_jwt_handler_comprehensive.TestJWTHandlerPerformance" name="test_enhanced_jwt_claims_validation_fast" time="0.001" /><testcase classname="tests.unit.test_jwt_handler_comprehensive.TestJWTHandlerEdgeCases" name="test_create_refresh_token_without_email" time="0.001" /><testcase classname="tests.unit.test_jwt_handler_comprehensive.TestJWTHandlerEdgeCases" name="test_validate_token_for_consumption_with_replay_protection" time="0.001" /><testcase classname="tests.unit.test_jwt_handler_comprehensive.TestJWTHandlerEdgeCases" name="test_cross_service_token_validation" time="0.000" /><testcase classname="tests.unit.test_jwt_handler_comprehensive.TestJWTHandlerEdgeCases" name="test_service_signature_generation" time="0.001" /><testcase classname="tests.unit.test_jwt_handler_comprehensive.TestJWTHandlerEdgeCases" name="test_cleanup_expired_token_ids" time="0.001" /><testcase classname="tests.unit.test_jwt_handler_comprehensive.TestJWTHandlerEdgeCases" name="test_environment_binding_in_token" time="0.001" /><testcase classname="tests.unit.test_jwt_handler_comprehensive.TestJWTHandlerEdgeCases" name="test_service_id_in_token" time="0.001" /><testcase classname="tests.unit.test_jwt_handler_comprehensive.TestJWTHandlerEdgeCases" name="test_validate_token_jwt_alias" time="0.001" /><testcase classname="tests.unit.test_jwt_handler_comprehensive.TestJWTHandlerEdgeCases" name="test_token_with_empty_permissions" time="0.001" /><testcase classname="tests.unit.test_jwt_handler_comprehensive.TestJWTHandlerEdgeCases" name="test_token_with_no_permissions" time="0.001" /><testcase classname="tests.unit.test_jwt_handler_comprehensive.TestJWTHandlerSecretManagement" name="test_get_jwt_secret_production_requires_secret" time="0.002" /><testcase classname="tests.unit.test_jwt_handler_comprehensive.TestJWTHandlerSecretManagement" name="test_get_jwt_secret_staging_requires_secret" time="0.002" /><testcase classname="tests.unit.test_jwt_handler_comprehensive.TestJWTHandlerSecretManagement" name="test_get_jwt_secret_production_requires_minimum_length" time="0.002" /><testcase classname="tests.unit.test_jwt_handler_comprehensive.TestJWTHandlerSecretManagement" name="test_get_jwt_secret_development_allows_empty" time="0.002" /><testcase classname="tests.unit.test_jwt_handler_comprehensive.TestJWTHandlerSecretManagement" name="test_get_jwt_secret_test_allows_empty" time="0.002" /><testcase classname="tests.unit.test_jwt_handler_comprehensive.TestJWTHandlerAsyncOperations" name="test_sync_blacklists_from_redis_success" time="0.002" /><testcase classname="tests.unit.test_jwt_handler_comprehensive.TestJWTHandlerAsyncOperations" name="test_load_blacklists_from_redis_success" time="0.004"><failure message="assert 0 &gt;= 2&#10; +  where 0 = len(set())&#10; +    where set() = &lt;auth_service.auth_core.core.jwt_handler.JWTHandler object at 0x000002ED95F647A0&gt;._token_blacklist&#10; +      where &lt;auth_service.auth_core.core.jwt_handler.JWTHandler object at 0x000002ED95F647A0&gt; = &lt;test_jwt_handler_comprehensive.TestJWTHandlerAsyncOperations object at 0x000002ED93CE9760&gt;.handler">E   assert 0 &gt;= 2
     +  where 0 = len(set())
     +    where set() = &lt;auth_service.auth_core.core.jwt_handler.JWTHandler object at 0x000002ED95F647A0&gt;._token_blacklist
     +      where &lt;auth_service.auth_core.core.jwt_handler.JWTHandler object at 0x000002ED95F647A0&gt; = &lt;test_jwt_handler_comprehensive.TestJWTHandlerAsyncOperations object at 0x000002ED93CE9760&gt;.handler</failure></testcase><testcase classname="tests.unit.test_jwt_handler_comprehensive.TestJWTHandlerAsyncOperations" name="test_load_blacklists_from_redis_disabled" time="0.003" /><testcase classname="tests.unit.test_jwt_handler_comprehensive.TestJWTHandlerAsyncOperations" name="test_persist_token_blacklist_success" time="0.003"><failure message="AssertionError: Expected 'sadd' to have been called once. Called 0 times.">E   AssertionError: Expected 'sadd' to have been called once. Called 0 times.

During handling of the above exception, another exception occurred:
E   AssertionError: Expected 'sadd' to have been called once. Called 0 times.</failure></testcase><testcase classname="tests.unit.test_jwt_handler_comprehensive.TestJWTHandlerAsyncOperations" name="test_persist_user_blacklist_success" time="0.003"><failure message="AssertionError: Expected 'sadd' to have been called once. Called 0 times.">E   AssertionError: Expected 'sadd' to have been called once. Called 0 times.

During handling of the above exception, another exception occurred:
E   AssertionError: Expected 'sadd' to have been called once. Called 0 times.</failure></testcase><testcase classname="tests.unit.test_jwt_handler_comprehensive.TestJWTHandlerAsyncOperations" name="test_check_token_in_redis_found" time="0.010"><failure message="assert False is True">E   assert False is True</failure></testcase><testcase classname="tests.unit.test_jwt_handler_comprehensive.TestJWTHandlerAsyncOperations" name="test_check_user_in_redis_not_found" time="0.003" /><testcase classname="tests.unit.test_jwt_handler_comprehensive.TestJWTHandlerAsyncOperations" name="test_run_async_in_background_with_running_loop" time="0.002" /><testcase classname="tests.unit.test_jwt_handler_comprehensive.TestJWTHandlerAsyncOperations" name="test_run_async_in_background_without_loop" time="0.002" /><testcase classname="tests.unit.test_jwt_handler_comprehensive.TestJWTHandlerAdvancedValidation" name="test_validate_enhanced_jwt_claims_full" time="0.001" /><testcase classname="tests.unit.test_jwt_handler_comprehensive.TestJWTHandlerAdvancedValidation" name="test_validate_enhanced_jwt_claims_invalid_issuer" time="0.001" /><testcase classname="tests.unit.test_jwt_handler_comprehensive.TestJWTHandlerAdvancedValidation" name="test_validate_enhanced_jwt_claims_invalid_audience" time="0.001" /><testcase classname="tests.unit.test_jwt_handler_comprehensive.TestJWTHandlerAdvancedValidation" name="test_validate_enhanced_jwt_claims_environment_mismatch" time="0.001" /><testcase classname="tests.unit.test_jwt_handler_comprehensive.TestJWTHandlerAdvancedValidation" name="test_validate_enhanced_jwt_claims_service_id_mismatch" time="0.001" /><testcase classname="tests.unit.test_jwt_handler_comprehensive.TestJWTHandlerAdvancedValidation" name="test_validate_enhanced_jwt_claims_missing_jti_allowed" time="0.001"><failure message="assert False is True">E   assert False is True</failure></testcase><testcase classname="tests.unit.test_jwt_handler_comprehensive.TestJWTHandlerAdvancedValidation" name="test_validate_cross_service_token_development_permissive" time="0.001" /><testcase classname="tests.unit.test_jwt_handler_comprehensive.TestJWTHandlerAdvancedValidation" name="test_validate_cross_service_token_future_issued" time="0.001" /><testcase classname="tests.unit.test_jwt_handler_comprehensive.TestJWTHandlerAdvancedValidation" name="test_validate_cross_service_token_too_old" time="0.001" /><testcase classname="tests.unit.test_jwt_handler_comprehensive.TestJWTHandlerAdvancedValidation" name="test_validate_cross_service_token_with_replay_protection" time="0.001" /><testcase classname="tests.unit.test_jwt_handler_comprehensive.TestJWTHandlerTokenIdTracking" name="test_track_and_check_token_id" time="0.001" /><testcase classname="tests.unit.test_jwt_handler_comprehensive.TestJWTHandlerTokenIdTracking" name="test_cleanup_expired_token_ids_threshold" time="0.008" /><testcase classname="tests.unit.test_jwt_handler_comprehensive.TestJWTHandlerTokenIdTracking" name="test_cleanup_expired_token_ids_manual" time="0.001"><failure message="AssertionError: assert 100 == 0&#10; +  where 100 = len({'manual_token_0', 'manual_token_1', 'manual_token_10', 'manual_token_11', 'manual_token_12', 'manual_token_13', ...})&#10; +    where {'manual_token_0', 'manual_token_1', 'manual_token_10', 'manual_token_11', 'manual_token_12', 'manual_token_13', ...} = &lt;auth_service.auth_core.core.jwt_handler.JWTHandler object at 0x000002ED96041AF0&gt;._used_token_ids&#10; +      where &lt;auth_service.auth_core.core.jwt_handler.JWTHandler object at 0x000002ED96041AF0&gt; = &lt;test_jwt_handler_comprehensive.TestJWTHandlerTokenIdTracking object at 0x000002ED93CEBC80&gt;.handler">E   AssertionError: assert 100 == 0
     +  where 100 = len({'manual_token_0', 'manual_token_1', 'manual_token_10', 'manual_token_11', 'manual_token_12', 'manual_token_13', ...})
     +    where {'manual_token_0', 'manual_token_1', 'manual_token_10', 'manual_token_11', 'manual_token_12', 'manual_token_13', ...} = &lt;auth_service.auth_core.core.jwt_handler.JWTHandler object at 0x000002ED96041AF0&gt;._used_token_ids
     +      where &lt;auth_service.auth_core.core.jwt_handler.JWTHandler object at 0x000002ED96041AF0&gt; = &lt;test_jwt_handler_comprehensive.TestJWTHandlerTokenIdTracking object at 0x000002ED93CEBC80&gt;.handler</failure></testcase><testcase classname="tests.unit.test_jwt_handler_comprehensive.TestJWTHandlerSecurityConsolidated" name="test_validate_token_security_consolidated_valid" time="0.001" /><testcase classname="tests.unit.test_jwt_handler_comprehensive.TestJWTHandlerSecurityConsolidated" name="test_validate_token_security_consolidated_invalid_structure" time="0.001" /><testcase classname="tests.unit.test_jwt_handler_comprehensive.TestJWTHandlerSecurityConsolidated" name="test_validate_jwt_structure_valid_token" time="0.001" /><testcase classname="tests.unit.test_jwt_handler_comprehensive.TestJWTHandlerSecurityConsolidated" name="test_validate_jwt_structure_invalid_base64" time="0.001" /><testcase classname="tests.unit.test_jwt_handler_comprehensive.TestJWTHandlerSecurityConsolidated" name="test_validate_jwt_structure_invalid_json" time="0.002" /><testcase classname="tests.unit.test_jwt_handler_comprehensive.TestJWTHandlerSecurityConsolidated" name="test_validate_jwt_structure_empty_parts" time="0.001"><error message="failed on setup with &quot;pytest.PytestUnraisableExceptionWarning: Exception ignored in: &lt;coroutine object TestJWTHandlerAsyncOperations.test_run_async_in_background_without_loop.&lt;locals&gt;.test_coro at 0x000002ED95EDBD70&gt;&#10;Enable tracemalloc to get traceback where the object was allocated.&#10;See https://docs.pytest.org/en/stable/how-to/capture-warnings.html#resource-warnings for more info.&quot;">E   RuntimeWarning: coroutine 'TestJWTHandlerAsyncOperations.test_run_async_in_background_without_loop.&lt;locals&gt;.test_coro' was never awaited

The above exception was the direct cause of the following exception:
E   pytest.PytestUnraisableExceptionWarning: Exception ignored in: &lt;coroutine object TestJWTHandlerAsyncOperations.test_run_async_in_background_without_loop.&lt;locals&gt;.test_coro at 0x000002ED95EDBD70&gt;
    Enable tracemalloc to get traceback where the object was allocated.
    See https://docs.pytest.org/en/stable/how-to/capture-warnings.html#resource-warnings for more info.</error></testcase><testcase classname="tests.unit.test_jwt_handler_comprehensive.TestJWTHandlerMockTokenSecurity" name="test_validate_token_rejects_mock_tokens" time="0.001" /><testcase classname="tests.unit.test_jwt_handler_comprehensive.TestJWTHandlerMockTokenSecurity" name="test_refresh_access_token_rejects_mock_tokens" time="0.001" /><testcase classname="tests.unit.test_jwt_handler_comprehensive.TestJWTHandlerMockTokenSecurity" name="test_mock_tokens_rejected_in_production_environment" time="0.001"><failure message="Failed: DID NOT RAISE &lt;class 'ValueError'&gt;">E   Failed: DID NOT RAISE &lt;class 'ValueError'&gt;</failure></testcase><testcase classname="tests.unit.test_jwt_handler_comprehensive.TestJWTHandlerMockTokenSecurity" name="test_mock_tokens_rejected_in_test_environment_too" time="0.002" /><testcase classname="tests.unit.test_jwt_handler_comprehensive.TestJWTHandlerAudienceMapping" name="test_get_audience_for_token_type_access" time="0.001" /><testcase classname="tests.unit.test_jwt_handler_comprehensive.TestJWTHandlerAudienceMapping" name="test_get_audience_for_token_type_refresh" time="0.001" /><testcase classname="tests.unit.test_jwt_handler_comprehensive.TestJWTHandlerAudienceMapping" name="test_get_audience_for_token_type_service" time="0.001" /><testcase classname="tests.unit.test_jwt_handler_comprehensive.TestJWTHandlerAudienceMapping" name="test_get_audience_for_token_type_admin" time="0.001" /><testcase classname="tests.unit.test_jwt_handler_comprehensive.TestJWTHandlerAudienceMapping" name="test_get_audience_for_token_type_unknown" time="0.001" /><testcase classname="tests.unit.test_jwt_handler_comprehensive.TestJWTHandlerServiceSignature" name="test_generate_service_signature_success" time="0.001" /><testcase classname="tests.unit.test_jwt_handler_comprehensive.TestJWTHandlerServiceSignature" name="test_generate_service_signature_different_payloads" time="0.001" /><testcase classname="tests.unit.test_jwt_handler_comprehensive.TestJWTHandlerServiceSignature" name="test_generate_service_signature_handles_exceptions" time="0.001"><failure message="AssertionError: assert '34389a7890fe...62021b21dbf01' == ''&#10;  &#10;  + 34389a7890fe8efc8ad9b55a767c02e9c562ec5a5c2563883da62021b21dbf01">E   AssertionError: assert '34389a7890fe...62021b21dbf01' == ''
      
      + 34389a7890fe8efc8ad9b55a767c02e9c562ec5a5c2563883da62021b21dbf01</failure></testcase><testcase classname="tests.unit.test_jwt_handler_comprehensive.TestJWTHandlerInitializationAndConfig" name="test_handler_initialization_loads_config" time="0.001" /><testcase classname="tests.unit.test_jwt_handler_comprehensive.TestJWTHandlerInitializationAndConfig" name="test_handler_initialization_calls_redis_init" time="0.001" /><testcase classname="tests.unit.test_jwt_handler_comprehensive.TestJWTHandlerRefreshTokenEdgeCases" name="test_refresh_access_token_extracts_user_data_from_payload" time="0.002" /><testcase classname="tests.unit.test_jwt_handler_comprehensive.TestJWTHandlerRefreshTokenEdgeCases" name="test_refresh_access_token_with_minimal_refresh_token" time="0.002" /><testcase classname="tests.unit.test_jwt_handler_comprehensive.TestJWTHandlerIntegrationWithCache" name="test_blacklist_user_invalidates_cache" time="0.021" /><testcase classname="tests.unit.test_jwt_handler_core_comprehensive.TestJWTHandlerInitialization" name="test_jwt_handler_init_with_real_secret" time="0.001" /><testcase classname="tests.unit.test_jwt_handler_core_comprehensive.TestJWTHandlerInitialization" name="test_jwt_handler_secret_length_enforced_in_production" time="0.001" /><testcase classname="tests.unit.test_jwt_handler_core_comprehensive.TestJWTHandlerInitialization" name="test_jwt_handler_blacklist_initialization" time="0.001" /><testcase classname="tests.unit.test_jwt_handler_core_comprehensive.TestJWTHandlerTokenCreation" name="test_create_access_token_generates_valid_jwt" time="0.001"><failure message="jwt.exceptions.InvalidAudienceError: Invalid audience">E   jwt.exceptions.InvalidAudienceError: Invalid audience</failure></testcase><testcase classname="tests.unit.test_jwt_handler_core_comprehensive.TestJWTHandlerTokenCreation" name="test_create_refresh_token_generates_valid_jwt" time="0.001"><failure message="jwt.exceptions.InvalidAudienceError: Invalid audience">E   jwt.exceptions.InvalidAudienceError: Invalid audience</failure></testcase><testcase classname="tests.unit.test_jwt_handler_core_comprehensive.TestJWTHandlerTokenCreation" name="test_create_service_token_generates_valid_jwt" time="0.001"><failure message="jwt.exceptions.InvalidAudienceError: Invalid audience">E   jwt.exceptions.InvalidAudienceError: Invalid audience</failure></testcase><testcase classname="tests.unit.test_jwt_handler_core_comprehensive.TestJWTHandlerTokenCreation" name="test_create_tokens_have_unique_jti" time="0.001"><failure message="jwt.exceptions.InvalidAudienceError: Invalid audience">E   jwt.exceptions.InvalidAudienceError: Invalid audience</failure></testcase><testcase classname="tests.unit.test_jwt_handler_core_comprehensive.TestJWTHandlerTokenCreation" name="test_create_tokens_have_proper_expiration" time="0.001"><failure message="jwt.exceptions.InvalidAudienceError: Invalid audience">E   jwt.exceptions.InvalidAudienceError: Invalid audience</failure></testcase><testcase classname="tests.unit.test_jwt_handler_core_comprehensive.TestJWTHandlerTokenValidation" name="test_validate_token_with_valid_access_token_succeeds" time="0.001" /><testcase classname="tests.unit.test_jwt_handler_core_comprehensive.TestJWTHandlerTokenValidation" name="test_validate_token_with_valid_refresh_token_succeeds" time="0.001" /><testcase classname="tests.unit.test_jwt_handler_core_comprehensive.TestJWTHandlerTokenValidation" name="test_validate_token_with_wrong_token_type_fails_hard" time="0.001" /><testcase classname="tests.unit.test_jwt_handler_core_comprehensive.TestJWTHandlerTokenValidation" name="test_validate_token_with_malformed_jwt_fails_hard" time="0.001" /><testcase classname="tests.unit.test_jwt_handler_core_comprehensive.TestJWTHandlerTokenValidation" name="test_validate_token_with_wrong_signature_fails_hard" time="0.001" /><testcase classname="tests.unit.test_jwt_handler_core_comprehensive.TestJWTHandlerTokenValidation" name="test_validate_token_with_expired_token_fails_hard" time="0.001" /><testcase classname="tests.unit.test_jwt_handler_core_comprehensive.TestJWTHandlerTokenValidation" name="test_validate_token_with_future_issued_time_fails_hard" time="0.001" /><testcase classname="tests.unit.test_jwt_handler_core_comprehensive.TestJWTHandlerTokenValidation" name="test_validate_token_algorithm_confusion_attack_prevention" time="0.001" /><testcase classname="tests.unit.test_jwt_handler_core_comprehensive.TestJWTHandlerTokenValidation" name="test_validate_token_with_missing_required_claims_fails_hard" time="0.003" /><testcase classname="tests.unit.test_jwt_handler_core_comprehensive.TestJWTHandlerSecurityValidation" name="test_validate_token_security_consolidated_rejects_weak_algorithms" time="0.001" /><testcase classname="tests.unit.test_jwt_handler_core_comprehensive.TestJWTHandlerSecurityValidation" name="test_validate_token_security_consolidated_validates_structure" time="0.001" /><testcase classname="tests.unit.test_jwt_handler_core_comprehensive.TestJWTHandlerSecurityValidation" name="test_validate_jwt_structure_method_validates_parts" time="0.001" /><testcase classname="tests.unit.test_jwt_handler_core_comprehensive.TestJWTHandlerSecurityValidation" name="test_validate_enhanced_jwt_claims_validates_security" time="0.001"><failure message="AssertionError: assert False is True&#10; +  where False = _validate_enhanced_jwt_claims({'email': 'test@example.com', 'exp': 1757310677, 'iat': 1757307077, 'jti': '16d08e04-a5b2-4eee-b532-72d51cde3c54', ...})&#10; +    where _validate_enhanced_jwt_claims = &lt;auth_service.auth_core.core.jwt_handler.JWTHandler object at 0x000002ED960CD130&gt;._validate_enhanced_jwt_claims&#10; +      where &lt;auth_service.auth_core.core.jwt_handler.JWTHandler object at 0x000002ED960CD130&gt; = &lt;test_jwt_handler_core_comprehensive.TestJWTHandlerSecurityValidation object at 0x000002ED93D32A80&gt;.handler">E   AssertionError: assert False is True
     +  where False = _validate_enhanced_jwt_claims({'email': 'test@example.com', 'exp': 1757310677, 'iat': 1757307077, 'jti': '16d08e04-a5b2-4eee-b532-72d51cde3c54', ...})
     +    where _validate_enhanced_jwt_claims = &lt;auth_service.auth_core.core.jwt_handler.JWTHandler object at 0x000002ED960CD130&gt;._validate_enhanced_jwt_claims
     +      where &lt;auth_service.auth_core.core.jwt_handler.JWTHandler object at 0x000002ED960CD130&gt; = &lt;test_jwt_handler_core_comprehensive.TestJWTHandlerSecurityValidation object at 0x000002ED93D32A80&gt;.handler</failure></testcase><testcase classname="tests.unit.test_jwt_handler_core_comprehensive.TestJWTHandlerBlacklistOperations" name="test_blacklist_token_adds_to_blacklist" time="0.002" /><testcase classname="tests.unit.test_jwt_handler_core_comprehensive.TestJWTHandlerBlacklistOperations" name="test_blacklist_token_with_invalid_token_handles_gracefully" time="0.005" /><testcase classname="tests.unit.test_jwt_handler_core_comprehensive.TestJWTHandlerBlacklistOperations" name="test_is_token_blacklisted_with_non_blacklisted_token" time="0.001" /><testcase classname="tests.unit.test_jwt_handler_core_comprehensive.TestJWTHandlerBlacklistOperations" name="test_blacklist_user_blocks_all_user_tokens" time="0.003" /><testcase classname="tests.unit.test_jwt_handler_core_comprehensive.TestJWTHandlerBlacklistOperations" name="test_remove_from_blacklist_removes_token" time="0.003" /><testcase classname="tests.unit.test_jwt_handler_core_comprehensive.TestJWTHandlerBlacklistOperations" name="test_remove_user_from_blacklist_removes_user" time="0.002" /><testcase classname="tests.unit.test_jwt_handler_core_comprehensive.TestJWTHandlerBlacklistOperations" name="test_get_blacklist_info_returns_counts" time="0.006"><failure message="AssertionError: assert 'token_count' in {'blacklisted_tokens': 2, 'blacklisted_users': 1}">E   AssertionError: assert 'token_count' in {'blacklisted_tokens': 2, 'blacklisted_users': 1}</failure></testcase><testcase classname="tests.unit.test_jwt_handler_core_comprehensive.TestJWTHandlerRefreshTokenOperations" name="test_refresh_access_token_with_valid_refresh_token_succeeds" time="0.002" /><testcase classname="tests.unit.test_jwt_handler_core_comprehensive.TestJWTHandlerRefreshTokenOperations" name="test_refresh_access_token_with_invalid_refresh_token_fails_hard" time="0.002" /><testcase classname="tests.unit.test_jwt_handler_core_comprehensive.TestJWTHandlerRefreshTokenOperations" name="test_refresh_access_token_with_access_token_fails_hard" time="0.001" /><testcase classname="tests.unit.test_jwt_handler_core_comprehensive.TestJWTHandlerRefreshTokenOperations" name="test_refresh_access_token_with_expired_refresh_token_fails_hard" time="0.001" /><testcase classname="tests.unit.test_jwt_handler_core_comprehensive.TestJWTHandlerRefreshTokenOperations" name="test_validate_token_for_consumption_implements_replay_protection" time="0.001" /><testcase classname="tests.unit.test_jwt_handler_core_comprehensive.TestJWTHandlerRefreshTokenOperations" name="test_refresh_operation_rejects_mock_tokens_in_production" time="0.001" /><testcase classname="tests.unit.test_jwt_handler_core_comprehensive.TestJWTHandlerIDTokenValidation" name="test_validate_id_token_with_valid_token_succeeds" time="0.001" /><testcase classname="tests.unit.test_jwt_handler_core_comprehensive.TestJWTHandlerIDTokenValidation" name="test_validate_id_token_with_wrong_issuer_fails_hard" time="0.001" /><testcase classname="tests.unit.test_jwt_handler_core_comprehensive.TestJWTHandlerIDTokenValidation" name="test_validate_id_token_with_expired_token_fails_hard" time="0.001" /><testcase classname="tests.unit.test_jwt_handler_core_comprehensive.TestJWTHandlerIDTokenValidation" name="test_validate_id_token_with_too_old_token_fails_hard" time="0.001" /><testcase classname="tests.unit.test_jwt_handler_core_comprehensive.TestJWTHandlerPerformanceAndUtilities" name="test_get_performance_stats_returns_metrics" time="0.001"><failure message="AssertionError: assert 'blacklist_size' in {'blacklist_stats': {'blacklisted_tokens': 0, 'blacklisted_users': 0}, 'cache_stats': {'cache_enabled': False, 'cache_misses': 53, 'memory_cache_hits': 4, 'memory_cache_size': 52, ...}, 'performance_optimizations': {'caching_enabled': True, 'fast_validation': True, 'redis_backend': False}}">E   AssertionError: assert 'blacklist_size' in {'blacklist_stats': {'blacklisted_tokens': 0, 'blacklisted_users': 0}, 'cache_stats': {'cache_enabled': False, 'cache_misses': 53, 'memory_cache_hits': 4, 'memory_cache_size': 52, ...}, 'performance_optimizations': {'caching_enabled': True, 'fast_validation': True, 'redis_backend': False}}</failure></testcase><testcase classname="tests.unit.test_jwt_handler_core_comprehensive.TestJWTHandlerPerformanceAndUtilities" name="test_extract_user_id_from_valid_token_succeeds" time="0.001" /><testcase classname="tests.unit.test_jwt_handler_core_comprehensive.TestJWTHandlerPerformanceAndUtilities" name="test_extract_user_id_from_invalid_token_returns_none" time="0.002" /><testcase classname="tests.unit.test_jwt_handler_core_comprehensive.TestJWTHandlerConcurrencyAndRaceConditions" name="test_concurrent_token_creation_generates_unique_tokens" time="0.007" /><testcase classname="tests.unit.test_jwt_handler_core_comprehensive.TestJWTHandlerConcurrencyAndRaceConditions" name="test_concurrent_blacklist_operations_maintain_consistency" time="0.007" /><testcase classname="tests.unit.test_jwt_handler_core_comprehensive.TestJWTHandlerConcurrencyAndRaceConditions" name="test_concurrent_validation_operations_remain_consistent" time="0.001" /><testcase classname="tests.unit.test_jwt_handler_core_comprehensive.TestJWTHandlerBoundaryConditionsAndErrorHandling" name="test_operations_with_extremely_long_inputs_handle_gracefully" time="0.000" /><testcase classname="tests.unit.test_jwt_handler_core_comprehensive.TestJWTHandlerBoundaryConditionsAndErrorHandling" name="test_operations_with_unicode_characters_handle_correctly" time="0.001" /><testcase classname="tests.unit.test_jwt_handler_core_comprehensive.TestJWTHandlerBoundaryConditionsAndErrorHandling" name="test_operations_with_special_json_characters_handle_correctly" time="0.001" /><testcase classname="tests.unit.test_jwt_handler_core_comprehensive.TestJWTHandlerBoundaryConditionsAndErrorHandling" name="test_memory_usage_with_large_blacklists_remains_reasonable" time="0.316" /><testcase classname="tests.unit.test_jwt_security_business_value.TestJWTSecurityBusinessValue" name="test_jwt_handler_enforces_production_security_standards" time="0.002"><failure message="ValueError: JWT_ALGORITHM must be explicitly set in production">E   ValueError: JWT_ALGORITHM must be explicitly set in production</failure></testcase><testcase classname="tests.unit.test_jwt_security_business_value.TestJWTSecurityBusinessValue" name="test_jwt_handler_fails_fast_with_insufficient_production_security" time="0.002"><failure message="AssertionError: assert 'JWT_SECRET_KEY must be set in production' in 'JWT_ALGORITHM must be explicitly set in production'&#10; +  where 'JWT_ALGORITHM must be explicitly set in production' = str(ValueError('JWT_ALGORITHM must be explicitly set in production'))&#10; +    where ValueError('JWT_ALGORITHM must be explicitly set in production') = &lt;ExceptionInfo ValueError('JWT_ALGORITHM must be explicitly set in production') tblen=4&gt;.value">E   AssertionError: assert 'JWT_SECRET_KEY must be set in production' in 'JWT_ALGORITHM must be explicitly set in production'
     +  where 'JWT_ALGORITHM must be explicitly set in production' = str(ValueError('JWT_ALGORITHM must be explicitly set in production'))
     +    where ValueError('JWT_ALGORITHM must be explicitly set in production') = &lt;ExceptionInfo ValueError('JWT_ALGORITHM must be explicitly set in production') tblen=4&gt;.value</failure></testcase><testcase classname="tests.unit.test_jwt_security_business_value.TestJWTSecurityBusinessValue" name="test_access_token_creation_supports_business_authorization_flows" time="0.002"><failure message="jwt.exceptions.InvalidAudienceError: Invalid audience">E   jwt.exceptions.InvalidAudienceError: Invalid audience</failure></testcase><testcase classname="tests.unit.test_jwt_security_business_value.TestJWTSecurityBusinessValue" name="test_refresh_token_creation_enables_secure_session_management" time="0.002"><failure message="jwt.exceptions.InvalidAudienceError: Invalid audience">E   jwt.exceptions.InvalidAudienceError: Invalid audience</failure></testcase><testcase classname="tests.unit.test_jwt_security_business_value.TestJWTSecurityBusinessValue" name="test_service_token_creation_enables_secure_microservice_communication" time="0.002"><failure message="ValueError: JWT_ALGORITHM must be explicitly set in production">E   ValueError: JWT_ALGORITHM must be explicitly set in production</failure></testcase><testcase classname="tests.unit.test_jwt_security_business_value.TestJWTSecurityBusinessValue" name="test_token_validation_protects_business_operations_from_tampering" time="0.003"><failure message="AssertionError: Expired tokens must be rejected for security&#10;assert {'aud': 'netra-platform', 'email': 'user@company.com', 'env': 'test', 'exp': 1757307377, ...} is None">E   AssertionError: Expired tokens must be rejected for security
    assert {'aud': 'netra-platform', 'email': 'user@company.com', 'env': 'test', 'exp': 1757307377, ...} is None</failure></testcase><testcase classname="tests.unit.test_jwt_security_business_value.TestJWTSecurityBusinessValue" name="test_token_blacklist_prevents_unauthorized_access_after_logout" time="0.004"><failure message="AttributeError: 'JWTHandler' object has no attribute 'blacklist_user_tokens'. Did you mean: 'blacklist_token'?">E   AttributeError: 'JWTHandler' object has no attribute 'blacklist_user_tokens'. Did you mean: 'blacklist_token'?</failure></testcase><testcase classname="tests.unit.test_jwt_security_business_value.TestJWTSecurityBusinessValue" name="test_jwt_cache_improves_business_performance_while_maintaining_security" time="0.002"><failure message="AssertionError: Cached validation should work&#10;assert None is not None">E   AssertionError: Cached validation should work
    assert None is not None</failure></testcase><testcase classname="tests.unit.test_jwt_security_business_value.TestJWTSecurityBusinessValue" name="test_jwt_security_headers_and_claims_follow_business_standards" time="0.002"><failure message="ValueError: JWT_ALGORITHM must be explicitly set in production">E   ValueError: JWT_ALGORITHM must be explicitly set in production</failure></testcase><testcase classname="tests.unit.test_jwt_security_business_value.TestJWTSecurityBusinessValue" name="test_jwt_error_handling_prevents_information_disclosure" time="0.001"><failure message="ValueError: JWT_ALGORITHM must be explicitly set in production">E   ValueError: JWT_ALGORITHM must be explicitly set in production</failure></testcase><testcase classname="tests.unit.test_jwt_security_business_value.TestJWTSecurityBusinessValue" name="test_jwt_performance_meets_business_latency_requirements" time="0.015" /><testcase classname="tests.unit.test_oauth_manager_comprehensive.TestOAuthManagerInitialization" name="test_oauth_manager_initializes_successfully" time="0.002" /><testcase classname="tests.unit.test_oauth_manager_comprehensive.TestOAuthManagerInitialization" name="test_oauth_manager_initializes_providers" time="0.001" /><testcase classname="tests.unit.test_oauth_manager_comprehensive.TestOAuthManagerInitialization" name="test_oauth_manager_handles_provider_initialization_failures" time="0.002" /><testcase classname="tests.unit.test_oauth_manager_comprehensive.TestOAuthManagerProviderManagement" name="test_get_available_providers_returns_list" time="0.002" /><testcase classname="tests.unit.test_oauth_manager_comprehensive.TestOAuthManagerProviderManagement" name="test_get_provider_google_returns_correct_type" time="0.002" /><testcase classname="tests.unit.test_oauth_manager_comprehensive.TestOAuthManagerProviderManagement" name="test_get_provider_invalid_returns_none" time="0.002" /><testcase classname="tests.unit.test_oauth_manager_comprehensive.TestOAuthManagerProviderManagement" name="test_get_provider_empty_string_returns_none" time="0.002" /><testcase classname="tests.unit.test_oauth_manager_comprehensive.TestOAuthManagerProviderManagement" name="test_get_provider_none_returns_none" time="0.001" /><testcase classname="tests.unit.test_oauth_manager_comprehensive.TestOAuthManagerProviderStatus" name="test_is_provider_configured_google" time="0.002" /><testcase classname="tests.unit.test_oauth_manager_comprehensive.TestOAuthManagerProviderStatus" name="test_is_provider_configured_invalid_provider" time="0.001" /><testcase classname="tests.unit.test_oauth_manager_comprehensive.TestOAuthManagerProviderStatus" name="test_get_provider_status_google" time="0.002" /><testcase classname="tests.unit.test_oauth_manager_comprehensive.TestOAuthManagerProviderStatus" name="test_get_provider_status_invalid_provider" time="0.001" /><testcase classname="tests.unit.test_oauth_manager_comprehensive.TestOAuthManagerProviderStatus" name="test_get_provider_status_all_fields_present" time="0.001" /><testcase classname="tests.unit.test_oauth_manager_comprehensive.TestOAuthManagerErrorHandling" name="test_manager_handles_provider_initialization_exceptions" time="0.001" /><testcase classname="tests.unit.test_oauth_manager_comprehensive.TestOAuthManagerErrorHandling" name="test_manager_handles_provider_method_exceptions" time="0.002"><failure message="Exception: Provider method error">E   Exception: Provider method error</failure></testcase><testcase classname="tests.unit.test_oauth_manager_comprehensive.TestOAuthManagerErrorHandling" name="test_manager_thread_safety_basic" time="0.001" /><testcase classname="tests.unit.test_oauth_manager_comprehensive.TestOAuthManagerErrorHandling" name="test_manager_memory_usage" time="0.229" /><testcase classname="tests.unit.test_oauth_manager_comprehensive.TestOAuthManagerIntegration" name="test_manager_provider_consistency" time="0.003" /><testcase classname="tests.unit.test_oauth_manager_comprehensive.TestOAuthManagerIntegration" name="test_manager_status_vs_provider_health" time="0.003" /><testcase classname="tests.unit.test_oauth_manager_comprehensive.TestOAuthManagerIntegration" name="test_manager_with_multiple_operations" time="0.003"><failure message="assert 7 &gt;= 8">E   assert 7 &gt;= 8</failure></testcase><testcase classname="tests.unit.test_oauth_manager_comprehensive.TestOAuthManagerConfiguration" name="test_manager_with_development_environment" time="0.003" /><testcase classname="tests.unit.test_oauth_manager_comprehensive.TestOAuthManagerConfiguration" name="test_manager_with_staging_environment" time="0.001" /><testcase classname="tests.unit.test_oauth_manager_comprehensive.TestOAuthManagerConfiguration" name="test_manager_with_production_environment" time="0.001" /><testcase classname="tests.unit.test_oauth_manager_comprehensive.TestOAuthManagerConfiguration" name="test_manager_configuration_changes" time="0.003" /><testcase classname="tests.unit.test_oauth_manager_comprehensive.TestOAuthManagerSecurity" name="test_manager_no_credential_leakage" time="0.002"><failure message="AssertionError: Potential credential leak: client_secret&#10;assert 'client_secret' not in &quot;{'provider'...red': true}}&quot;&#10;  &#10;  'client_secret' is contained here:&#10;  ?                                                                                                                                                             ^^^^^^^^^^^^^^^^^^^^^^^^^^^^^^^^^^^&#10;    {'provider': 'google', 'available': true, 'configured': true, 'config_status': {'provider': 'google', 'environment': 'test', 'client_id_configured': true, 'client_secret_configured': true, 'redirect_uri': 'http://localhost:8081/auth/callback', 'is_configured': true}}&#10;  ?                                                                                            ...&#10;  &#10;  ...Full output truncated (1 line hidden), use '-vv' to show">E   AssertionError: Potential credential leak: client_secret
    assert 'client_secret' not in "{'provider'...red': true}}"
      
      'client_secret' is contained here:
      ?                                                                                                                                                             ^^^^^^^^^^^^^^^^^^^^^^^^^^^^^^^^^^^
        {'provider': 'google', 'available': true, 'configured': true, 'config_status': {'provider': 'google', 'environment': 'test', 'client_id_configured': true, 'client_secret_configured': true, 'redirect_uri': 'http://localhost:8081/auth/callback', 'is_configured': true}}
      ?                                                                                            ...
      
      ...Full output truncated (1 line hidden), use '-vv' to show</failure></testcase><testcase classname="tests.unit.test_oauth_manager_comprehensive.TestOAuthManagerSecurity" name="test_manager_input_validation" time="0.002" /><testcase classname="tests.unit.test_oauth_manager_comprehensive.TestOAuthManagerSecurity" name="test_manager_state_isolation" time="0.002" /><testcase classname="tests.unit.test_oauth_manager_comprehensive.TestOAuthManagerPerformance" name="test_manager_initialization_performance" time="0.003" /><testcase classname="tests.unit.test_oauth_manager_comprehensive.TestOAuthManagerPerformance" name="test_manager_operation_performance" time="0.002" /><testcase classname="tests.unit.test_oauth_manager_comprehensive.TestOAuthManagerPerformance" name="test_manager_memory_efficiency" time="0.002" /><testcase classname="tests.unit.test_oauth_manager_ssot_comprehensive.TestOAuthManagerSSotInitialization" name="test_oauth_manager_initializes_with_real_providers" time="0.003" /><testcase classname="tests.unit.test_oauth_manager_ssot_comprehensive.TestOAuthManagerSSotInitialization" name="test_oauth_manager_provider_registration_integrity" time="0.001" /><testcase classname="tests.unit.test_oauth_manager_ssot_comprehensive.TestOAuthManagerSSotInitialization" name="test_oauth_manager_handles_provider_initialization_exceptions" time="0.001" /><testcase classname="tests.unit.test_oauth_manager_ssot_comprehensive.TestOAuthManagerSSotInitialization" name="test_oauth_manager_initialization_performance" time="0.002" /><testcase classname="tests.unit.test_oauth_manager_ssot_comprehensive.TestOAuthManagerSSotProviderManagement" name="test_get_available_providers_returns_consistent_results" time="0.001" /><testcase classname="tests.unit.test_oauth_manager_ssot_comprehensive.TestOAuthManagerSSotProviderManagement" name="test_get_provider_google_returns_valid_instance_or_none" time="0.001" /><testcase classname="tests.unit.test_oauth_manager_ssot_comprehensive.TestOAuthManagerSSotProviderManagement" name="test_get_provider_with_invalid_names" time="0.002" /><testcase classname="tests.unit.test_oauth_manager_ssot_comprehensive.TestOAuthManagerSSotProviderManagement" name="test_provider_instance_isolation" time="0.002" /><testcase classname="tests.unit.test_oauth_manager_ssot_comprehensive.TestOAuthManagerSSotProviderConfiguration" name="test_is_provider_configured_accurate_status" time="0.001" /><testcase classname="tests.unit.test_oauth_manager_ssot_comprehensive.TestOAuthManagerSSotProviderConfiguration" name="test_get_provider_status_comprehensive_information" time="0.002" /><testcase classname="tests.unit.test_oauth_manager_ssot_comprehensive.TestOAuthManagerSSotProviderConfiguration" name="test_get_provider_status_error_handling" time="0.002" /><testcase classname="tests.unit.test_oauth_manager_ssot_comprehensive.TestOAuthManagerSSotProviderConfiguration" name="test_provider_configuration_consistency" time="0.001" /><testcase classname="tests.unit.test_oauth_manager_ssot_comprehensive.TestOAuthManagerSSotMultiEnvironment" name="test_oauth_manager_development_environment" time="0.002" /><testcase classname="tests.unit.test_oauth_manager_ssot_comprehensive.TestOAuthManagerSSotMultiEnvironment" name="test_oauth_manager_staging_environment" time="0.002" /><testcase classname="tests.unit.test_oauth_manager_ssot_comprehensive.TestOAuthManagerSSotMultiEnvironment" name="test_oauth_manager_production_environment" time="0.001" /><testcase classname="tests.unit.test_oauth_manager_ssot_comprehensive.TestOAuthManagerSSotMultiEnvironment" name="test_oauth_manager_test_environment" time="0.001" /><testcase classname="tests.unit.test_oauth_manager_ssot_comprehensive.TestOAuthManagerSSotMultiEnvironment" name="test_environment_configuration_isolation" time="0.002" /><testcase classname="tests.unit.test_oauth_manager_ssot_comprehensive.TestOAuthManagerSSotSecurityPatterns" name="test_oauth_manager_prevents_credential_leakage" time="0.001" /><testcase classname="tests.unit.test_oauth_manager_ssot_comprehensive.TestOAuthManagerSSotSecurityPatterns" name="test_oauth_manager_input_sanitization" time="0.001" /><testcase classname="tests.unit.test_oauth_manager_ssot_comprehensive.TestOAuthManagerSSotSecurityPatterns" name="test_oauth_manager_state_isolation" time="0.001" /><testcase classname="tests.unit.test_oauth_manager_ssot_comprehensive.TestOAuthManagerSSotSecurityPatterns" name="test_oauth_manager_csrf_protection_readiness" time="0.002" /><testcase classname="tests.unit.test_oauth_manager_ssot_comprehensive.TestOAuthManagerSSotSecurityPatterns" name="test_oauth_manager_callback_validation_readiness" time="0.002" /><testcase classname="tests.unit.test_oauth_manager_ssot_comprehensive.TestOAuthManagerSSotConcurrency" name="test_oauth_manager_concurrent_initialization" time="0.009" /><testcase classname="tests.unit.test_oauth_manager_ssot_comprehensive.TestOAuthManagerSSotConcurrency" name="test_oauth_manager_concurrent_provider_access" time="0.006" /><testcase classname="tests.unit.test_oauth_manager_ssot_comprehensive.TestOAuthManagerSSotConcurrency" name="test_oauth_manager_high_frequency_access" time="0.002" /><testcase classname="tests.unit.test_oauth_manager_ssot_comprehensive.TestOAuthManagerSSotConcurrency" name="test_oauth_manager_memory_stability_under_load" time="0.366" /><testcase classname="tests.unit.test_oauth_manager_ssot_comprehensive.TestOAuthManagerSSotErrorBoundaries" name="test_oauth_manager_handles_provider_creation_failures" time="0.002" /><testcase classname="tests.unit.test_oauth_manager_ssot_comprehensive.TestOAuthManagerSSotErrorBoundaries" name="test_oauth_manager_invalid_environment_handling" time="0.004" /><testcase classname="tests.unit.test_oauth_manager_ssot_comprehensive.TestOAuthManagerSSotErrorBoundaries" name="test_oauth_manager_resource_exhaustion_protection" time="0.026" /><testcase classname="tests.unit.test_oauth_manager_ssot_comprehensive.TestOAuthManagerSSotErrorBoundaries" name="test_oauth_manager_partial_configuration_handling" time="0.003" /><testcase classname="tests.unit.test_oauth_manager_ssot_comprehensive.TestOAuthManagerSSotBusinessValueValidation" name="test_oauth_manager_user_authentication_readiness" time="0.001" /><testcase classname="tests.unit.test_oauth_manager_ssot_comprehensive.TestOAuthManagerSSotBusinessValueValidation" name="test_oauth_manager_multi_user_isolation_protection" time="0.001" /><testcase classname="tests.unit.test_oauth_manager_ssot_comprehensive.TestOAuthManagerSSotBusinessValueValidation" name="test_oauth_manager_platform_availability_protection" time="0.001" /><testcase classname="tests.unit.test_oauth_manager_ssot_comprehensive.TestOAuthManagerSSotBusinessValueValidation" name="test_oauth_manager_production_readiness_validation" time="0.018" /><testcase classname="tests.unit.test_oauth_manager_ssot_comprehensive.TestOAuthManagerSSotBusinessValueValidation" name="test_oauth_manager_security_breach_prevention" time="0.002" /><testcase classname="tests.unit.test_oauth_provider_business_value.TestOAuthProviderBusinessValue" name="test_oauth_manager_provides_business_ready_providers" time="0.002" /><testcase classname="tests.unit.test_oauth_provider_business_value.TestOAuthProviderBusinessValue" name="test_google_oauth_provider_supports_business_authentication_flow" time="0.001" /><testcase classname="tests.unit.test_oauth_provider_business_value.TestOAuthProviderBusinessValue" name="test_oauth_authorization_url_enables_user_acquisition" time="0.001"><failure message="AssertionError: Must use proper OAuth endpoint&#10;assert 'oauth2/v2/auth' in 'https://accounts.google.com/o/oauth2/auth?client_id=staging-client.apps.googleusercontent.com&amp;redirect_uri=https%3A%2F%2Fauth.staging.netrasystems.ai%2Fauth%2Fcallback&amp;scope=openid+email+profile&amp;response_type=code&amp;state=secure-state-token-123&amp;access_type=offline&amp;prompt=consent'">E   AssertionError: Must use proper OAuth endpoint
    assert 'oauth2/v2/auth' in 'https://accounts.google.com/o/oauth2/auth?client_id=staging-client.apps.googleusercontent.com&amp;redirect_uri=https%3A%2F%2Fauth.staging.netrasystems.ai%2Fauth%2Fcallback&amp;scope=openid+email+profile&amp;response_type=code&amp;state=secure-state-token-123&amp;access_type=offline&amp;prompt=consent'</failure></testcase><testcase classname="tests.unit.test_oauth_provider_business_value.TestOAuthProviderBusinessValue" name="test_oauth_provider_handles_business_environment_configurations" time="0.001" /><testcase classname="tests.unit.test_oauth_provider_business_value.TestOAuthProviderBusinessValue" name="test_oauth_configuration_validation_protects_business_operations" time="0.002" /><testcase classname="tests.unit.test_oauth_provider_business_value.TestOAuthProviderBusinessValue" name="test_oauth_provider_graceful_degradation_in_development" time="0.001" /><testcase classname="tests.unit.test_oauth_provider_business_value.TestOAuthProviderBusinessValue" name="test_oauth_provider_self_check_validates_business_readiness" time="0.002"><failure message="AssertionError: OAuth must be healthy for user acquisition&#10;assert False is True&#10; +  where False = &lt;built-in method get of dict object at 0x000002ED9620B7C0&gt;('is_healthy')&#10; +    where &lt;built-in method get of dict object at 0x000002ED9620B7C0&gt; = {'checks_failed': ['configuration_validation: OAuth client ID appears too short (38 chars)'], 'checks_passed': [], 'environment': 'production', 'error': 'OAuth client ID appears too short (38 chars)', ...}.get">E   AssertionError: OAuth must be healthy for user acquisition
    assert False is True
     +  where False = &lt;built-in method get of dict object at 0x000002ED9620B7C0&gt;('is_healthy')
     +    where &lt;built-in method get of dict object at 0x000002ED9620B7C0&gt; = {'checks_failed': ['configuration_validation: OAuth client ID appears too short (38 chars)'], 'checks_passed': [], 'environment': 'production', 'error': 'OAuth client ID appears too short (38 chars)', ...}.get</failure></testcase><testcase classname="tests.unit.test_oauth_provider_business_value.TestOAuthProviderBusinessValue" name="test_oauth_token_exchange_supports_user_authentication_business_flow" time="0.002"><failure message="AttributeError: 'GoogleOAuthProvider' object has no attribute 'exchange_code_for_token'. Did you mean: 'exchange_code_for_user_info'?">E   AttributeError: 'GoogleOAuthProvider' object has no attribute 'exchange_code_for_token'. Did you mean: 'exchange_code_for_user_info'?</failure></testcase><testcase classname="tests.unit.test_oauth_provider_business_value.TestOAuthProviderBusinessValue" name="test_oauth_user_info_retrieval_enables_user_profile_creation" time="0.002"><failure message="AttributeError: 'GoogleOAuthProvider' object has no attribute 'get_user_info'">E   AttributeError: 'GoogleOAuthProvider' object has no attribute 'get_user_info'</failure></testcase><testcase classname="tests.unit.test_oauth_provider_business_value.TestOAuthProviderBusinessValue" name="test_oauth_error_handling_protects_business_continuity" time="0.002"><failure message="NameError: name 'requests' is not defined">E   NameError: name 'requests' is not defined</failure></testcase><testcase classname="tests.unit.test_oauth_provider_business_value.TestOAuthProviderBusinessValue" name="test_oauth_manager_status_monitoring_supports_business_operations" time="0.002"><failure message="AssertionError: Provider identification required&#10;assert None == 'google'&#10; +  where None = &lt;built-in method get of dict object at 0x000002ED93DD2480&gt;('provider_name')&#10; +    where &lt;built-in method get of dict object at 0x000002ED93DD2480&gt; = {'available': True, 'config_status': {'client_id_configured': True, 'client_secret_configured': True, 'environment': 'production', 'is_configured': True, ...}, 'configured': True, 'provider': 'google'}.get">E   AssertionError: Provider identification required
    assert None == 'google'
     +  where None = &lt;built-in method get of dict object at 0x000002ED93DD2480&gt;('provider_name')
     +    where &lt;built-in method get of dict object at 0x000002ED93DD2480&gt; = {'available': True, 'config_status': {'client_id_configured': True, 'client_secret_configured': True, 'environment': 'production', 'is_configured': True, ...}, 'configured': True, 'provider': 'google'}.get</failure></testcase><testcase classname="tests.unit.test_oauth_redirect_uri_regression.TestOAuthRedirectURIConfiguration" name="test_staging_redirect_uri_uses_proper_domain" time="0.001"><failure message="AssertionError: Staging redirect URI must use auth.staging.netrasystems.ai, got: http://localhost:8081/auth/callback&#10;assert 'http://local...auth/callback' == 'https://auth...auth/callback'&#10;  &#10;  - https://auth.staging.netrasystems.ai/auth/oauth/callback&#10;  + http://localhost:8081/auth/callback">E   AssertionError: Staging redirect URI must use auth.staging.netrasystems.ai, got: http://localhost:8081/auth/callback
    assert 'http://local...auth/callback' == 'https://auth...auth/callback'
      
      - https://auth.staging.netrasystems.ai/auth/oauth/callback
      + http://localhost:8081/auth/callback</failure></testcase><testcase classname="tests.unit.test_oauth_redirect_uri_regression.TestOAuthRedirectURIConfiguration" name="test_production_redirect_uri_uses_proper_domain" time="0.001"><failure message="AssertionError: Production redirect URI must use auth.netrasystems.ai, got: http://localhost:8081/auth/callback&#10;assert 'http://local...auth/callback' == 'https://auth...auth/callback'&#10;  &#10;  - https://auth.netrasystems.ai/auth/oauth/callback&#10;  + http://localhost:8081/auth/callback">E   AssertionError: Production redirect URI must use auth.netrasystems.ai, got: http://localhost:8081/auth/callback
    assert 'http://local...auth/callback' == 'https://auth...auth/callback'
      
      - https://auth.netrasystems.ai/auth/oauth/callback
      + http://localhost:8081/auth/callback</failure></testcase><testcase classname="tests.unit.test_oauth_redirect_uri_regression.TestOAuthRedirectURIConfiguration" name="test_development_redirect_uri_uses_localhost" time="0.002" /><testcase classname="tests.unit.test_oauth_redirect_uri_regression.TestOAuthRedirectURIConfiguration" name="test_redirect_uri_caching" time="0.000" /><testcase classname="tests.unit.test_oauth_redirect_uri_regression.TestOAuthRedirectURIConfiguration" name="test_redirect_uri_uses_auth_environment_ssot" time="0.001"><failure message="AssertionError: Redirect URI must use AuthEnvironment SSOT. Expected: http://localhost:8081/auth/oauth/callback, Got: http://localhost:8081/auth/callback&#10;assert 'http://local...auth/callback' == 'http://local...auth/callback'&#10;  &#10;  - http://localhost:8081/auth/oauth/callback&#10;  ?                            ------&#10;  + http://localhost:8081/auth/callback">E   AssertionError: Redirect URI must use AuthEnvironment SSOT. Expected: http://localhost:8081/auth/oauth/callback, Got: http://localhost:8081/auth/callback
    assert 'http://local...auth/callback' == 'http://local...auth/callback'
      
      - http://localhost:8081/auth/oauth/callback
      ?                            ------
      + http://localhost:8081/auth/callback</failure></testcase><testcase classname="tests.unit.test_oauth_redirect_uri_regression.TestOAuthRedirectURIConfiguration" name="test_redirect_uri_respects_explicit_override" time="0.002"><failure message="AssertionError: Should respect AUTH_SERVICE_URL override, got: http://localhost:8081/auth/callback&#10;assert 'http://local...auth/callback' == 'https://cust...auth/callback'&#10;  &#10;  - https://custom.domain.com/auth/oauth/callback&#10;  + http://localhost:8081/auth/callback">E   AssertionError: Should respect AUTH_SERVICE_URL override, got: http://localhost:8081/auth/callback
    assert 'http://local...auth/callback' == 'https://cust...auth/callback'
      
      - https://custom.domain.com/auth/oauth/callback
      + http://localhost:8081/auth/callback</failure></testcase><testcase classname="tests.unit.test_oauth_redirect_uri_regression.TestOAuthConfigurationValidation" name="test_validate_configuration_checks_redirect_uri" time="0.001" /><testcase classname="tests.unit.test_oauth_redirect_uri_regression.TestOAuthConfigurationValidation" name="test_staging_configuration_validation" time="0.001" /><testcase classname="tests.unit.test_oauth_redirect_uri_regression.TestOAuthConfigurationValidation" name="test_self_check_includes_redirect_uri" time="0.001"><failure message="AssertionError: Self-check must include redirect_uri&#10;assert 'redirect_uri' in {'checks_failed': ['configuration_validation: OAuth client ID appears too short (38 chars)'], 'checks_passed': [], 'environment': 'test', 'error': 'OAuth client ID appears too short (38 chars)', ...}">E   AssertionError: Self-check must include redirect_uri
    assert 'redirect_uri' in {'checks_failed': ['configuration_validation: OAuth client ID appears too short (38 chars)'], 'checks_passed': [], 'environment': 'test', 'error': 'OAuth client ID appears too short (38 chars)', ...}</failure></testcase><testcase classname="tests.unit.test_oauth_redirect_uri_regression.TestOAuthAuthorizationURL" name="test_authorization_url_uses_correct_redirect_uri" time="0.001"><failure message="AssertionError: Authorization URL must include proper redirect URI: https://accounts.google.com/o/oauth2/auth?client_id=test-client-id&amp;redirect_uri=http%3A%2F%2Flocalhost%3A8081%2Fauth%2Fcallback&amp;scope=openid+email+profile&amp;response_type=code&amp;state=test-state&amp;access_type=offline&amp;prompt=consent&#10;assert ('https%3A%2F%2Fauth.staging.netrasystems.ai%2Fauth%2Foauth%2Fcallback' in 'https://accounts.google.com/o/oauth2/auth?client_id=test-client-id&amp;redirect_uri=http%3A%2F%2Flocalhost%3A8081%2Fauth%2Fcallback&amp;scope=openid+email+profile&amp;response_type=code&amp;state=test-state&amp;access_type=offline&amp;prompt=consent' or 'auth.staging.netrasystems.ai' in 'https://accounts.google.com/o/oauth2/auth?client_id=test-client-id&amp;redirect_uri=http%3A%2F%2Flocalhost%3A8081%2Fauth%2Fcallback&amp;scope=openid+email+profile&amp;response_type=code&amp;state=test-state&amp;access_type=offline&amp;prompt=consent')">E   AssertionError: Authorization URL must include proper redirect URI: https://accounts.google.com/o/oauth2/auth?client_id=test-client-id&amp;redirect_uri=http%3A%2F%2Flocalhost%3A8081%2Fauth%2Fcallback&amp;scope=openid+email+profile&amp;response_type=code&amp;state=test-state&amp;access_type=offline&amp;prompt=consent
    assert ('https%3A%2F%2Fauth.staging.netrasystems.ai%2Fauth%2Foauth%2Fcallback' in 'https://accounts.google.com/o/oauth2/auth?client_id=test-client-id&amp;redirect_uri=http%3A%2F%2Flocalhost%3A8081%2Fauth%2Fcallback&amp;scope=openid+email+profile&amp;response_type=code&amp;state=test-state&amp;access_type=offline&amp;prompt=consent' or 'auth.staging.netrasystems.ai' in 'https://accounts.google.com/o/oauth2/auth?client_id=test-client-id&amp;redirect_uri=http%3A%2F%2Flocalhost%3A8081%2Fauth%2Fcallback&amp;scope=openid+email+profile&amp;response_type=code&amp;state=test-state&amp;access_type=offline&amp;prompt=consent')</failure></testcase><testcase classname="tests.unit.test_refresh_endpoint.TestRefreshEndpointUnit" name="test_refresh_with_valid_token_in_body" time="0.019" /><testcase classname="tests.unit.test_refresh_endpoint.TestRefreshEndpointUnit" name="test_refresh_with_camelcase_field" time="0.019" /><testcase classname="tests.unit.test_refresh_endpoint.TestRefreshEndpointUnit" name="test_refresh_with_token_field" time="0.021" /><testcase classname="tests.unit.test_refresh_endpoint.TestRefreshEndpointUnit" name="test_refresh_missing_token_field" time="0.015" /><testcase classname="tests.unit.test_refresh_endpoint.TestRefreshEndpointUnit" name="test_refresh_with_invalid_json" time="0.013" /><testcase classname="tests.unit.test_refresh_endpoint.TestRefreshEndpointUnit" name="test_refresh_with_invalid_token" time="0.018" /><testcase classname="tests.unit.test_refresh_endpoint.TestRefreshEndpointUnit" name="test_refresh_with_service_error" time="0.018" /><testcase classname="tests.unit.test_refresh_endpoint.TestJWTHandlerRefreshTokens" name="test_create_refresh_token" time="0.001" /><testcase classname="tests.unit.test_refresh_endpoint.TestJWTHandlerRefreshTokens" name="test_validate_refresh_token_success" time="0.001" /><testcase classname="tests.unit.test_refresh_endpoint.TestJWTHandlerRefreshTokens" name="test_validate_refresh_token_wrong_type" time="0.001" /><testcase classname="tests.unit.test_refresh_endpoint.TestJWTHandlerRefreshTokens" name="test_validate_expired_refresh_token" time="0.002" /><testcase classname="tests.unit.test_refresh_endpoint.TestJWTHandlerRefreshTokens" name="test_validate_malformed_refresh_token" time="0.001" /><testcase classname="tests.unit.test_refresh_endpoint.TestJWTHandlerRefreshTokens" name="test_refresh_token_blacklist_check" time="0.003" /><testcase classname="tests.unit.test_refresh_endpoint.TestJWTHandlerRefreshTokens" name="test_refresh_token_expiry_time" time="0.001" /><testcase classname="tests.unit.test_refresh_endpoint.TestAuthServiceRefreshLogic" name="test_refresh_tokens_success" time="0.003" /><testcase classname="tests.unit.test_refresh_endpoint.TestAuthServiceRefreshLogic" name="test_refresh_tokens_invalid_token" time="0.004" /><testcase classname="tests.unit.test_refresh_endpoint.TestAuthServiceRefreshLogic" name="test_refresh_tokens_race_condition" time="0.002" /><testcase classname="tests.unit.test_refresh_endpoint.TestAuthServiceRefreshLogic" name="test_refresh_updates_session" time="0.003" /><testcase classname="tests.unit.test_registration_regression.TestRegistrationRegression" name="test_create_user_uses_database_not_memory" time="0.003"><failure message="AttributeError: 'DatabaseTestManager' object has no attribute 'get_session'. Did you mean: 'create_session'?">E   AttributeError: 'DatabaseTestManager' object has no attribute 'get_session'. Did you mean: 'create_session'?</failure></testcase><testcase classname="tests.unit.test_registration_regression.TestRegistrationRegression" name="test_authenticate_user_uses_database_not_memory" time="0.002"><failure message="AttributeError: 'DatabaseTestManager' object has no attribute 'get_session'. Did you mean: 'create_session'?">E   AttributeError: 'DatabaseTestManager' object has no attribute 'get_session'. Did you mean: 'create_session'?</failure></testcase><testcase classname="tests.unit.test_registration_regression.TestRegistrationRegression" name="test_registration_with_real_database" time="0.000"><error message="failed on setup with &quot;file C:\Users\antho\OneDrive\Desktop\Netra\netra-core-generation-1\auth_service\tests\unit\test_registration_regression.py, line 105&#10;      async def test_registration_with_real_database(self, auth_db_session):&#10;          &quot;&quot;&quot;Test registration flow with actual database connection&quot;&quot;&quot;&#10;          # Create service with real database&#10;          service = AuthService()&#10;&#10;          # Ensure service has database connection&#10;          assert service._db_connection is not None&#10;&#10;          # Create a new user&#10;          user_id = await service.create_user(&#10;              email=&quot;realtest@example.com&quot;,&#10;              password=&quot;RealSecurePass123!&quot;,&#10;              name=&quot;Real Test User&quot;&#10;          )&#10;&#10;          # Verify user was created&#10;          assert user_id is not None&#10;&#10;          # Try to authenticate the user&#10;          result = await service.authenticate_user(&#10;              email=&quot;realtest@example.com&quot;,&#10;              password=&quot;RealSecurePass123!&quot;&#10;          )&#10;&#10;          assert result is not None&#10;          auth_user_id, user_data = result&#10;          assert auth_user_id == user_id&#10;          assert user_data[&quot;email&quot;] == &quot;realtest@example.com&quot;&#10;          assert user_data[&quot;name&quot;] == &quot;Real Test User&quot;&#10;&#10;          # Verify duplicate registration fails&#10;          duplicate_id = await service.create_user(&#10;              email=&quot;realtest@example.com&quot;,&#10;              password=&quot;AnotherPass123!&quot;,&#10;              name=&quot;Duplicate User&quot;&#10;          )&#10;          assert duplicate_id is None&#10;E       fixture 'auth_db_session' not found&#10;&gt;       available fixtures: _class_scoped_runner, _function_scoped_runner, _module_scoped_runner, _package_scoped_runner, _session_faker, _session_scoped_runner, anyio_backend, anyio_backend_name, anyio_backend_options, api_client, auth_service_client, authenticated_api_client, authenticated_websocket, backend_service_client, cache, capfd, capfdbinary, caplog, capsys, capsysbinary, capteesys, class_mocker, clean_database, clickhouse_client, common_test_user, cov, database_connection, database_transaction, docker_test_manager, doctest_namespace, e2e_logger, e2e_services, e2e_test_config, ensure_no_mocks, event_loop, event_loop_policy, extra, extras, faker, free_tcp_port, free_tcp_port_factory, free_udp_port, free_udp_port_factory, include_metadata_in_junit_xml, isolated_test_env, isolated_test_users, json_metadata, metadata, mock_agent_service, mock_agent_supervisor, mock_auth_redis, mock_background_task_manager, mock_clickhouse_client, mock_database_factory, mock_key_manager, mock_llm_manager, mock_redis_client, mock_redis_manager, mock_security_service, mock_tool_dispatcher, mock_websocket_manager, mocker, module_mocker, monkeypatch, no_cover, package_mocker, performance_monitor, pytestconfig, real_auth_db, real_auth_redis, real_auth_service, real_clickhouse, real_http_client, real_jwt_manager, real_llm_config, real_oauth_endpoints, real_postgres, real_redis, real_services, real_services_function, real_websocket_client, record_property, record_testsuite_property, record_xml_attribute, recwarn, redis_client, redis_manager, sample_data, service_urls, session_mocker, setup_real_services, sync_auth_db, test_agent, test_conversation, test_organization, test_services, test_user, test_user_data, test_user_token, testrun_uid, tmp_path, tmp_path_factory, tmpdir, tmpdir_factory, unused_tcp_port, unused_tcp_port_factory, unused_udp_port, unused_udp_port_factory, websocket_connection, worker_id&#10;&gt;       use 'pytest --fixtures [testpath]' for help on them.&#10;&#10;C:\Users\antho\OneDrive\Desktop\Netra\netra-core-generation-1\auth_service\tests\unit\test_registration_regression.py:105&quot;">file C:\Users\antho\OneDrive\Desktop\Netra\netra-core-generation-1\auth_service\tests\unit\test_registration_regression.py, line 105
      async def test_registration_with_real_database(self, auth_db_session):
          """Test registration flow with actual database connection"""
          # Create service with real database
          service = AuthService()

          # Ensure service has database connection
          assert service._db_connection is not None

          # Create a new user
          user_id = await service.create_user(
              email="realtest@example.com",
              password="RealSecurePass123!",
              name="Real Test User"
          )

          # Verify user was created
          assert user_id is not None

          # Try to authenticate the user
          result = await service.authenticate_user(
              email="realtest@example.com",
              password="RealSecurePass123!"
          )

          assert result is not None
          auth_user_id, user_data = result
          assert auth_user_id == user_id
          assert user_data["email"] == "realtest@example.com"
          assert user_data["name"] == "Real Test User"

          # Verify duplicate registration fails
          duplicate_id = await service.create_user(
              email="realtest@example.com",
              password="AnotherPass123!",
              name="Duplicate User"
          )
          assert duplicate_id is None
E       fixture 'auth_db_session' not found
&gt;       available fixtures: _class_scoped_runner, _function_scoped_runner, _module_scoped_runner, _package_scoped_runner, _session_faker, _session_scoped_runner, anyio_backend, anyio_backend_name, anyio_backend_options, api_client, auth_service_client, authenticated_api_client, authenticated_websocket, backend_service_client, cache, capfd, capfdbinary, caplog, capsys, capsysbinary, capteesys, class_mocker, clean_database, clickhouse_client, common_test_user, cov, database_connection, database_transaction, docker_test_manager, doctest_namespace, e2e_logger, e2e_services, e2e_test_config, ensure_no_mocks, event_loop, event_loop_policy, extra, extras, faker, free_tcp_port, free_tcp_port_factory, free_udp_port, free_udp_port_factory, include_metadata_in_junit_xml, isolated_test_env, isolated_test_users, json_metadata, metadata, mock_agent_service, mock_agent_supervisor, mock_auth_redis, mock_background_task_manager, mock_clickhouse_client, mock_database_factory, mock_key_manager, mock_llm_manager, mock_redis_client, mock_redis_manager, mock_security_service, mock_tool_dispatcher, mock_websocket_manager, mocker, module_mocker, monkeypatch, no_cover, package_mocker, performance_monitor, pytestconfig, real_auth_db, real_auth_redis, real_auth_service, real_clickhouse, real_http_client, real_jwt_manager, real_llm_config, real_oauth_endpoints, real_postgres, real_redis, real_services, real_services_function, real_websocket_client, record_property, record_testsuite_property, record_xml_attribute, recwarn, redis_client, redis_manager, sample_data, service_urls, session_mocker, setup_real_services, sync_auth_db, test_agent, test_conversation, test_organization, test_services, test_user, test_user_data, test_user_token, testrun_uid, tmp_path, tmp_path_factory, tmpdir, tmpdir_factory, unused_tcp_port, unused_tcp_port_factory, unused_udp_port, unused_udp_port_factory, websocket_connection, worker_id
&gt;       use 'pytest --fixtures [testpath]' for help on them.

C:\Users\antho\OneDrive\Desktop\Netra\netra-core-generation-1\auth_service\tests\unit\test_registration_regression.py:105</error></testcase><testcase classname="tests.unit.test_registration_regression.TestRegistrationRegression" name="test_invalid_email_format_rejected" time="0.002" /><testcase classname="tests.unit.test_registration_regression.TestRegistrationRegression" name="test_password_hashing_security" time="0.021"><failure message="AttributeError: 'DatabaseTestManager' object has no attribute 'get_session'. Did you mean: 'create_session'?">E   AttributeError: 'DatabaseTestManager' object has no attribute 'get_session'. Did you mean: 'create_session'?</failure></testcase><testcase classname="tests.unit.test_repository_core_comprehensive.TestAuthUserRepositoryCore" name="test_get_by_email_with_existing_user_returns_user" time="0.016" /><testcase classname="tests.unit.test_repository_core_comprehensive.TestAuthUserRepositoryCore" name="test_get_by_email_with_nonexistent_user_returns_none" time="0.008" /><testcase classname="tests.unit.test_repository_core_comprehensive.TestAuthUserRepositoryCore" name="test_get_by_email_with_invalid_email_returns_none" time="0.012" /><testcase classname="tests.unit.test_repository_core_comprehensive.TestAuthUserRepositoryCore" name="test_get_by_id_with_existing_user_returns_user" time="0.012" /><testcase classname="tests.unit.test_repository_core_comprehensive.TestAuthUserRepositoryCore" name="test_get_by_id_with_nonexistent_id_returns_none" time="0.006" /><testcase classname="tests.unit.test_repository_core_comprehensive.TestAuthUserRepositoryCore" name="test_get_by_id_with_invalid_id_returns_none" time="0.012" /><testcase classname="tests.unit.test_repository_core_comprehensive.TestAuthUserRepositoryOAuthUserCreation" name="test_create_oauth_user_with_new_user_succeeds" time="0.014" /><testcase classname="tests.unit.test_repository_core_comprehensive.TestAuthUserRepositoryOAuthUserCreation" name="test_create_oauth_user_with_existing_user_updates_user" time="0.313"><failure message="sqlalchemy.exc.InvalidRequestError: A transaction is already begun on this Session.">E   sqlalchemy.exc.InvalidRequestError: A transaction is already begun on this Session.</failure></testcase><testcase classname="tests.unit.test_repository_core_comprehensive.TestAuthUserRepositoryOAuthUserCreation" name="test_create_oauth_user_without_email_raises_error" time="0.002" /><testcase classname="tests.unit.test_repository_core_comprehensive.TestAuthUserRepositoryOAuthUserCreation" name="test_create_oauth_user_with_empty_email_raises_error" time="0.002" /><testcase classname="tests.unit.test_repository_core_comprehensive.TestAuthUserRepositoryOAuthUserCreation" name="test_create_oauth_user_concurrent_same_email_handles_race_condition" time="0.175" /><testcase classname="tests.unit.test_repository_core_comprehensive.TestAuthUserRepositoryLocalUserCreation" name="test_create_local_user_with_valid_data_succeeds" time="0.023" /><testcase classname="tests.unit.test_repository_core_comprehensive.TestAuthUserRepositoryLocalUserCreation" name="test_create_local_user_with_duplicate_email_raises_error" time="0.019" /><testcase classname="tests.unit.test_repository_core_comprehensive.TestAuthUserRepositoryLocalUserCreation" name="test_create_local_user_without_password_hash_fails" time="0.018"><failure message="Failed: DID NOT RAISE any of (&lt;class 'ValueError'&gt;, &lt;class 'sqlalchemy.exc.StatementError'&gt;, &lt;class 'sqlalchemy.exc.IntegrityError'&gt;)">E   Failed: DID NOT RAISE any of (&lt;class 'ValueError'&gt;, &lt;class 'sqlalchemy.exc.StatementError'&gt;, &lt;class 'sqlalchemy.exc.IntegrityError'&gt;)</failure></testcase><testcase classname="tests.unit.test_repository_core_comprehensive.TestAuthUserRepositoryLocalUserCreation" name="test_create_local_user_with_empty_password_hash_fails" time="0.016"><failure message="Failed: DID NOT RAISE any of (&lt;class 'ValueError'&gt;, &lt;class 'sqlalchemy.exc.StatementError'&gt;, &lt;class 'sqlalchemy.exc.IntegrityError'&gt;)">E   Failed: DID NOT RAISE any of (&lt;class 'ValueError'&gt;, &lt;class 'sqlalchemy.exc.StatementError'&gt;, &lt;class 'sqlalchemy.exc.IntegrityError'&gt;)</failure></testcase><testcase classname="tests.unit.test_repository_core_comprehensive.TestAuthUserRepositoryAccountLocking" name="test_increment_failed_attempts_increases_count" time="0.022" /><testcase classname="tests.unit.test_repository_core_comprehensive.TestAuthUserRepositoryAccountLocking" name="test_increment_failed_attempts_locks_account_after_threshold" time="0.021" /><testcase classname="tests.unit.test_repository_core_comprehensive.TestAuthUserRepositoryAccountLocking" name="test_increment_failed_attempts_nonexistent_user_returns_zero" time="0.007" /><testcase classname="tests.unit.test_repository_core_comprehensive.TestAuthUserRepositoryAccountLocking" name="test_reset_failed_attempts_clears_lock" time="0.020" /><testcase classname="tests.unit.test_repository_core_comprehensive.TestAuthUserRepositoryAccountLocking" name="test_check_account_locked_with_locked_account_returns_true" time="0.011" /><testcase classname="tests.unit.test_repository_core_comprehensive.TestAuthUserRepositoryAccountLocking" name="test_check_account_locked_with_unlocked_account_returns_false" time="0.013" /><testcase classname="tests.unit.test_repository_core_comprehensive.TestAuthUserRepositoryAccountLocking" name="test_check_account_locked_with_expired_lock_returns_false" time="0.014" /><testcase classname="tests.unit.test_repository_core_comprehensive.TestAuthUserRepositoryUpdateOperations" name="test_update_login_time_updates_timestamp" time="0.125" /><testcase classname="tests.unit.test_repository_core_comprehensive.TestAuthUserRepositoryUpdateOperations" name="test_update_login_time_nonexistent_user_succeeds_silently" time="0.008" /><testcase classname="tests.unit.test_repository_core_comprehensive.TestAuthSessionRepositoryCore" name="test_create_session_with_valid_data_succeeds" time="0.015"><failure message="AttributeError: 'AuthSession' object has no attribute 'client_info'">E   AttributeError: 'AuthSession' object has no attribute 'client_info'</failure></testcase><testcase classname="tests.unit.test_repository_core_comprehensive.TestAuthSessionRepositoryCore" name="test_create_session_hashes_refresh_token" time="0.011" /><testcase classname="tests.unit.test_repository_core_comprehensive.TestAuthSessionRepositoryCore" name="test_get_active_session_with_existing_session_returns_session" time="0.012" /><testcase classname="tests.unit.test_repository_core_comprehensive.TestAuthSessionRepositoryCore" name="test_get_active_session_with_nonexistent_session_returns_none" time="0.005" /><testcase classname="tests.unit.test_repository_core_comprehensive.TestAuthSessionRepositoryCore" name="test_revoke_session_deactivates_session" time="0.023"><failure message="assert 0 is False">E   assert 0 is False</failure></testcase><testcase classname="tests.unit.test_repository_core_comprehensive.TestAuthSessionRepositoryCore" name="test_revoke_user_sessions_deactivates_all_user_sessions" time="0.027" /><testcase classname="tests.unit.test_repository_core_comprehensive.TestAuthSessionRepositoryCore" name="test_cleanup_expired_sessions_removes_old_sessions" time="0.003"><failure message="TypeError: 'client_info' is an invalid keyword argument for AuthSession">E   TypeError: 'client_info' is an invalid keyword argument for AuthSession</failure></testcase><testcase classname="tests.unit.test_repository_core_comprehensive.TestAuthAuditRepositoryCore" name="test_log_event_creates_audit_log" time="0.006"><failure message="sqlalchemy.exc.StatementError: (builtins.TypeError) unhashable type: 'dict'&#10;[SQL: INSERT INTO auth_audit_logs (id, event_type, user_id, success, error_message, event_metadata, ip_address, user_agent, created_at) VALUES (?, ?, ?, ?, ?, ?, ?, ?, CURRENT_TIMESTAMP) RETURNING created_at]&#10;[parameters: [{'user_id': '440ae11d-13b1-47bf-8d56-6ac49ef2d16e', 'event_metadata': {}, 'success': {'ip_address': '127.0.0.1', 'user_agent': 'test'}, 'event_type': 'LOGIN_SUCCESS', 'ip_address': None, 'user_agent': None, 'error_message': None}]]">E   TypeError: unhashable type: 'dict'

The above exception was the direct cause of the following exception:
E   sqlalchemy.exc.StatementError: (builtins.TypeError) unhashable type: 'dict'
    [SQL: INSERT INTO auth_audit_logs (id, event_type, user_id, success, error_message, event_metadata, ip_address, user_agent, created_at) VALUES (?, ?, ?, ?, ?, ?, ?, ?, CURRENT_TIMESTAMP) RETURNING created_at]
    [parameters: [{'user_id': '440ae11d-13b1-47bf-8d56-6ac49ef2d16e', 'event_metadata': {}, 'success': {'ip_address': '127.0.0.1', 'user_agent': 'test'}, 'event_type': 'LOGIN_SUCCESS', 'ip_address': None, 'user_agent': None, 'error_message': None}]]</failure></testcase><testcase classname="tests.unit.test_repository_core_comprehensive.TestAuthAuditRepositoryCore" name="test_log_event_with_none_details_succeeds" time="0.008"><failure message="sqlalchemy.exc.IntegrityError: (sqlite3.IntegrityError) NOT NULL constraint failed: auth_audit_logs.success&#10;[SQL: INSERT INTO auth_audit_logs (id, event_type, user_id, success, error_message, event_metadata, ip_address, user_agent, created_at) VALUES (?, ?, ?, ?, ?, ?, ?, ?, CURRENT_TIMESTAMP) RETURNING created_at]&#10;[parameters: ('6bac7677-3917-45d7-8d16-a7d9d0c2d68f', 'PASSWORD_RESET', '503c1fc0-7ded-415c-a5c1-cfb910146719', None, None, '{}', None, None)]&#10;(Background on this error at: https://sqlalche.me/e/20/gkpj)">E   sqlite3.IntegrityError: NOT NULL constraint failed: auth_audit_logs.success

The above exception was the direct cause of the following exception:
E   sqlalchemy.exc.IntegrityError: (sqlite3.IntegrityError) NOT NULL constraint failed: auth_audit_logs.success
    [SQL: INSERT INTO auth_audit_logs (id, event_type, user_id, success, error_message, event_metadata, ip_address, user_agent, created_at) VALUES (?, ?, ?, ?, ?, ?, ?, ?, CURRENT_TIMESTAMP) RETURNING created_at]
    [parameters: ('6bac7677-3917-45d7-8d16-a7d9d0c2d68f', 'PASSWORD_RESET', '503c1fc0-7ded-415c-a5c1-cfb910146719', None, None, '{}', None, None)]
    (Background on this error at: https://sqlalche.me/e/20/gkpj)</failure></testcase><testcase classname="tests.unit.test_repository_core_comprehensive.TestAuthAuditRepositoryCore" name="test_get_user_events_returns_user_events" time="0.009"><failure message="sqlalchemy.exc.StatementError: (builtins.TypeError) unhashable type: 'dict'&#10;[SQL: INSERT INTO auth_audit_logs (id, event_type, user_id, success, error_message, event_metadata, ip_address, user_agent, created_at) VALUES (?, ?, ?, ?, ?, ?, ?, ?, CURRENT_TIMESTAMP) RETURNING created_at]&#10;[parameters: [{'user_id': '763f2176-49ad-4c19-877d-0c312362deb1', 'event_metadata': {}, 'success': {'ip': '127.0.0.1'}, 'event_type': 'LOGIN', 'ip_address': None, 'user_agent': None, 'error_message': None}]]">E   TypeError: unhashable type: 'dict'

The above exception was the direct cause of the following exception:
E   sqlalchemy.exc.StatementError: (builtins.TypeError) unhashable type: 'dict'
    [SQL: INSERT INTO auth_audit_logs (id, event_type, user_id, success, error_message, event_metadata, ip_address, user_agent, created_at) VALUES (?, ?, ?, ?, ?, ?, ?, ?, CURRENT_TIMESTAMP) RETURNING created_at]
    [parameters: [{'user_id': '763f2176-49ad-4c19-877d-0c312362deb1', 'event_metadata': {}, 'success': {'ip': '127.0.0.1'}, 'event_type': 'LOGIN', 'ip_address': None, 'user_agent': None, 'error_message': None}]]</failure></testcase><testcase classname="tests.unit.test_repository_core_comprehensive.TestAuthAuditRepositoryCore" name="test_get_user_events_with_limit_respects_limit" time="0.005"><failure message="sqlalchemy.exc.StatementError: (builtins.TypeError) unhashable type: 'dict'&#10;[SQL: INSERT INTO auth_audit_logs (id, event_type, user_id, success, error_message, event_metadata, ip_address, user_agent, created_at) VALUES (?, ?, ?, ?, ?, ?, ?, ?, CURRENT_TIMESTAMP) RETURNING created_at]&#10;[parameters: [{'user_id': '7e2c0964-1657-4fe3-8212-b3fdef7db5a8', 'event_metadata': {}, 'success': {'index': 0}, 'event_type': 'EVENT_0', 'ip_address': None, 'user_agent': None, 'error_message': None}]]">E   TypeError: unhashable type: 'dict'

The above exception was the direct cause of the following exception:
E   sqlalchemy.exc.StatementError: (builtins.TypeError) unhashable type: 'dict'
    [SQL: INSERT INTO auth_audit_logs (id, event_type, user_id, success, error_message, event_metadata, ip_address, user_agent, created_at) VALUES (?, ?, ?, ?, ?, ?, ?, ?, CURRENT_TIMESTAMP) RETURNING created_at]
    [parameters: [{'user_id': '7e2c0964-1657-4fe3-8212-b3fdef7db5a8', 'event_metadata': {}, 'success': {'index': 0}, 'event_type': 'EVENT_0', 'ip_address': None, 'user_agent': None, 'error_message': None}]]</failure></testcase><testcase classname="tests.unit.test_repository_core_comprehensive.TestUnifiedAuthRepository" name="test_unified_repo_delegates_user_operations" time="0.022" /><testcase classname="tests.unit.test_repository_core_comprehensive.TestUnifiedAuthRepository" name="test_unified_repo_delegates_session_operations" time="0.012"><failure message="AttributeError: 'AuthSession' object has no attribute 'client_info'">E   AttributeError: 'AuthSession' object has no attribute 'client_info'</failure></testcase><testcase classname="tests.unit.test_repository_core_comprehensive.TestRepositoryConcurrencyAndRaceConditions" name="test_concurrent_user_creation_prevents_duplicates" time="0.059" /><testcase classname="tests.unit.test_repository_core_comprehensive.TestRepositoryConcurrencyAndRaceConditions" name="test_concurrent_failed_attempts_increment_safely" time="0.045" /><testcase classname="tests.unit.test_repository_core_comprehensive.TestRepositoryBoundaryConditionsAndErrorHandling" name="test_operations_with_extremely_long_inputs" time="0.013" /><testcase classname="tests.unit.test_repository_core_comprehensive.TestRepositoryBoundaryConditionsAndErrorHandling" name="test_operations_with_unicode_characters_handle_correctly" time="0.020" /><testcase classname="tests.unit.test_repository_core_comprehensive.TestRepositoryBoundaryConditionsAndErrorHandling" name="test_operations_with_special_json_characters" time="0.007"><failure message="sqlalchemy.exc.StatementError: (builtins.TypeError) unhashable type: 'dict'&#10;[SQL: INSERT INTO auth_audit_logs (id, event_type, user_id, success, error_message, event_metadata, ip_address, user_agent, created_at) VALUES (?, ?, ?, ?, ?, ?, ?, ?, CURRENT_TIMESTAMP) RETURNING created_at]&#10;[parameters: [{'user_id': '041618f1-111e-4f63-af9a-9e759cbca06e', 'event_metadata': {}, 'success': {'message': 'Contains &quot;quotes&quot; and \\backslashes\\ and \\n newlin ... (6 characters truncated) ... json': '{&quot;nested&quot;: &quot;json&quot;}', 'unicode': 'Special: ñáéíóú'}, 'event_type': 'TEST_EVENT', 'ip_address': None, 'user_agent': None, 'error_message': None}]]">E   TypeError: unhashable type: 'dict'

The above exception was the direct cause of the following exception:
E   sqlalchemy.exc.StatementError: (builtins.TypeError) unhashable type: 'dict'
    [SQL: INSERT INTO auth_audit_logs (id, event_type, user_id, success, error_message, event_metadata, ip_address, user_agent, created_at) VALUES (?, ?, ?, ?, ?, ?, ?, ?, CURRENT_TIMESTAMP) RETURNING created_at]
    [parameters: [{'user_id': '041618f1-111e-4f63-af9a-9e759cbca06e', 'event_metadata': {}, 'success': {'message': 'Contains "quotes" and \\backslashes\\ and \\n newlin ... (6 characters truncated) ... json': '{"nested": "json"}', 'unicode': 'Special: ñáéíóú'}, 'event_type': 'TEST_EVENT', 'ip_address': None, 'user_agent': None, 'error_message': None}]]</failure></testcase><testcase classname="tests.unit.test_secret_loader_comprehensive.TestAuthSecretLoaderCore" name="test_auth_secret_loader_class_exists" time="0.000" /><testcase classname="tests.unit.test_secret_loader_comprehensive.TestAuthSecretLoaderCore" name="test_all_methods_are_static" time="0.000" /><testcase classname="tests.unit.test_secret_loader_comprehensive.TestJWTSecretLoading" name="test_get_jwt_secret_with_central_validator_success" time="0.001" /><testcase classname="tests.unit.test_secret_loader_comprehensive.TestJWTSecretLoading" name="test_get_jwt_secret_central_validator_failure" time="0.001" /><testcase classname="tests.unit.test_secret_loader_comprehensive.TestJWTSecretLoading" name="test_get_jwt_secret_no_central_validator_available" time="0.000" /><testcase classname="tests.unit.test_secret_loader_comprehensive.TestJWTSecretLoading" name="test_get_jwt_secret_validator_instantiation_error" time="0.001" /><testcase classname="tests.unit.test_secret_loader_comprehensive.TestOAuthCredentialLoading" name="test_get_google_client_id_success_with_environment_logging" time="0.004" /><testcase classname="tests.unit.test_secret_loader_comprehensive.TestOAuthCredentialLoading" name="test_get_google_client_id_validation_failure" time="0.001" /><testcase classname="tests.unit.test_secret_loader_comprehensive.TestOAuthCredentialLoading" name="test_get_google_client_secret_success_with_environment_logging" time="0.002" /><testcase classname="tests.unit.test_secret_loader_comprehensive.TestOAuthCredentialLoading" name="test_get_google_client_secret_validation_failure" time="0.001" /><testcase classname="tests.unit.test_secret_loader_comprehensive.TestOAuthCredentialLoading" name="test_oauth_methods_fail_without_central_validator" time="0.001" /><testcase classname="tests.unit.test_secret_loader_comprehensive.TestDatabaseUrlConstruction" name="test_get_database_url_from_postgres_variables_development" time="0.002" /><testcase classname="tests.unit.test_secret_loader_comprehensive.TestDatabaseUrlConstruction" name="test_get_database_url_from_postgres_variables_staging_with_ssl" time="0.002" /><testcase classname="tests.unit.test_secret_loader_comprehensive.TestDatabaseUrlConstruction" name="test_get_database_url_cloud_sql_configuration" time="0.002" /><testcase classname="tests.unit.test_secret_loader_comprehensive.TestDatabaseUrlConstruction" name="test_get_database_url_missing_required_variables" time="0.002" /><testcase classname="tests.unit.test_secret_loader_comprehensive.TestDatabaseUrlConstruction" name="test_get_database_url_secret_manager_fallback_staging" time="0.002" /><testcase classname="tests.unit.test_secret_loader_comprehensive.TestE2EBypassKey" name="test_get_e2e_oauth_simulation_key_staging_environment_variable" time="0.001" /><testcase classname="tests.unit.test_secret_loader_comprehensive.TestE2EBypassKey" name="test_get_e2e_oauth_simulation_key_staging_secret_manager" time="0.001" /><testcase classname="tests.unit.test_secret_loader_comprehensive.TestE2EBypassKey" name="test_get_e2e_oauth_simulation_key_non_staging_environment_denied" time="0.003" /><testcase classname="tests.unit.test_secret_loader_comprehensive.TestE2EBypassKey" name="test_get_e2e_oauth_simulation_key_staging_not_configured" time="0.002" /><testcase classname="tests.unit.test_secret_loader_comprehensive.TestSecretManagerIntegration" name="test_load_from_secret_manager_success" time="0.002" /><testcase classname="tests.unit.test_secret_loader_comprehensive.TestSecretManagerIntegration" name="test_load_from_secret_manager_no_gcp_project" time="0.001" /><testcase classname="tests.unit.test_secret_loader_comprehensive.TestSecretManagerIntegration" name="test_load_from_secret_manager_import_error" time="0.918" /><testcase classname="tests.unit.test_secret_loader_comprehensive.TestSecretManagerIntegration" name="test_load_from_secret_manager_access_error" time="0.001" /><testcase classname="tests.unit.test_secret_loader_comprehensive.TestSecretManagerIntegration" name="test_load_from_secret_manager_configuration_error" time="0.001" /><testcase classname="tests.unit.test_secret_loader_comprehensive.TestSecretLoaderErrorHandling" name="test_all_methods_handle_environment_access_errors" time="0.001"><failure message="Failed: DID NOT RAISE &lt;class 'Exception'&gt;">E   Failed: DID NOT RAISE &lt;class 'Exception'&gt;</failure></testcase><testcase classname="tests.unit.test_secret_loader_comprehensive.TestSecretLoaderErrorHandling" name="test_secret_loading_with_invalid_central_validator_response" time="0.001" /><testcase classname="tests.unit.test_secret_loader_comprehensive.TestSecretLoaderErrorHandling" name="test_oauth_credential_loading_with_unicode_handling" time="0.002" /><testcase classname="tests.unit.test_secret_loader_comprehensive.TestSecretLoaderConfiguration" name="test_database_url_construction_respects_environment_precedence" time="0.002" /><testcase classname="tests.unit.test_secret_loader_comprehensive.TestSecretLoaderConfiguration" name="test_secret_loader_methods_maintain_service_independence" time="0.001" /><testcase classname="tests.unit.test_secret_loader_comprehensive.TestSecretLoaderBusinessValue" name="test_jwt_secret_loading_prevents_authentication_failures" time="0.001" /><testcase classname="tests.unit.test_secret_loader_comprehensive.TestSecretLoaderBusinessValue" name="test_oauth_credentials_support_multi_environment_isolation" time="0.006" /><testcase classname="tests.unit.test_secret_loader_comprehensive.TestSecretLoaderBusinessValue" name="test_database_url_construction_supports_multiple_deployment_patterns" time="0.006" /><testcase classname="tests.unit.test_secret_loader_comprehensive.TestSecretLoaderBusinessValue" name="test_e2e_bypass_key_enables_staging_testing_while_maintaining_security" time="0.002" /><testcase classname="tests.unit.test_startup_optimizer_comprehensive.TestStartupMetricsDataClass" name="test_startup_metrics_initialization_default" time="0.000" /><testcase classname="tests.unit.test_startup_optimizer_comprehensive.TestStartupMetricsDataClass" name="test_startup_metrics_initialization_with_values" time="0.000" /><testcase classname="tests.unit.test_startup_optimizer_comprehensive.TestStartupMetricsDataClass" name="test_startup_metrics_post_init_creates_empty_collections" time="0.000" /><testcase classname="tests.unit.test_startup_optimizer_comprehensive.TestAuthServiceStartupOptimizerCore" name="test_startup_optimizer_initialization" time="0.000" /><testcase classname="tests.unit.test_startup_optimizer_comprehensive.TestAuthServiceStartupOptimizerCore" name="test_startup_optimizer_singleton_pattern" time="0.002" /><testcase classname="tests.unit.test_startup_optimizer_comprehensive.TestAuthServiceStartupOptimizerCore" name="test_is_component_ready_false_when_not_initialized" time="0.000" /><testcase classname="tests.unit.test_startup_optimizer_comprehensive.TestAuthServiceStartupOptimizerCore" name="test_is_component_ready_true_when_initialized" time="0.000" /><testcase classname="tests.unit.test_startup_optimizer_comprehensive.TestAuthServiceStartupOptimizerReports" name="test_get_startup_report_initial_state" time="0.000" /><testcase classname="tests.unit.test_startup_optimizer_comprehensive.TestAuthServiceStartupOptimizerReports" name="test_get_startup_report_with_initialized_components" time="0.001" /><testcase classname="tests.unit.test_startup_optimizer_comprehensive.TestAuthServiceStartupOptimizerReports" name="test_get_startup_report_with_failed_components" time="0.000" /><testcase classname="tests.unit.test_startup_optimizer_comprehensive.TestAuthServiceStartupOptimizerReports" name="test_get_startup_report_with_critical_component_failures" time="0.000" /><testcase classname="tests.unit.test_startup_optimizer_comprehensive.TestAuthServiceStartupOptimizerReports" name="test_get_startup_report_security_components_critical_failure" time="0.000" /><testcase classname="tests.unit.test_startup_optimizer_comprehensive.TestAuthServiceStartupOptimizerLazyLoading" name="test_lazy_load_component_first_time" time="0.001" /><testcase classname="tests.unit.test_startup_optimizer_comprehensive.TestAuthServiceStartupOptimizerLazyLoading" name="test_lazy_load_component_second_access" time="0.001" /><testcase classname="tests.unit.test_startup_optimizer_comprehensive.TestAuthServiceStartupOptimizerLazyLoading" name="test_lazy_load_component_loader_exception" time="0.001" /><testcase classname="tests.unit.test_startup_optimizer_comprehensive.TestAuthServiceStartupOptimizerLazyLoading" name="test_lazy_load_component_timing_recorded" time="0.011" /><testcase classname="tests.unit.test_startup_optimizer_comprehensive.TestAuthServiceStartupOptimizerAsync" name="test_fast_startup_basic_flow" time="0.005"><failure message="assert 0.0 &gt; 0&#10; +  where 0.0 = StartupMetrics(total_startup_time=0.0, component_times={}, parallel_tasks_time=0.0, sequential_tasks_time=0.0, failed_components=[]).total_startup_time">E   assert 0.0 &gt; 0
     +  where 0.0 = StartupMetrics(total_startup_time=0.0, component_times={}, parallel_tasks_time=0.0, sequential_tasks_time=0.0, failed_components=[]).total_startup_time</failure></testcase><testcase classname="tests.unit.test_startup_optimizer_comprehensive.TestAuthServiceStartupOptimizerAsync" name="test_fast_startup_exception_handling" time="0.019"><failure message="assert 0.0 &gt; 0&#10; +  where 0.0 = StartupMetrics(total_startup_time=0.0, component_times={}, parallel_tasks_time=0.0, sequential_tasks_time=0.0, failed_components=[]).total_startup_time&#10; +    where StartupMetrics(total_startup_time=0.0, component_times={}, parallel_tasks_time=0.0, sequential_tasks_time=0.0, failed_components=[]) = &lt;auth_service.auth_core.performance.startup_optimizer.AuthServiceStartupOptimizer object at 0x000002ED96AC5E20&gt;.metrics">E   assert 0.0 &gt; 0
     +  where 0.0 = StartupMetrics(total_startup_time=0.0, component_times={}, parallel_tasks_time=0.0, sequential_tasks_time=0.0, failed_components=[]).total_startup_time
     +    where StartupMetrics(total_startup_time=0.0, component_times={}, parallel_tasks_time=0.0, sequential_tasks_time=0.0, failed_components=[]) = &lt;auth_service.auth_core.performance.startup_optimizer.AuthServiceStartupOptimizer object at 0x000002ED96AC5E20&gt;.metrics</failure></testcase><testcase classname="tests.unit.test_startup_optimizer_comprehensive.TestAuthServiceStartupOptimizerAsync" name="test_initialize_critical_components_parallel_execution" time="0.014" /><testcase classname="tests.unit.test_startup_optimizer_comprehensive.TestAuthServiceStartupOptimizerAsync" name="test_initialize_critical_components_handles_exceptions" time="0.007"><failure message="AssertionError: assert 0.0 &gt; 0&#10; +  where 0.0 = StartupMetrics(total_startup_time=0.0, component_times={}, parallel_tasks_time=0.0, sequential_tasks_time=0.0, failed_components=['redis_manager']).parallel_tasks_time&#10; +    where StartupMetrics(total_startup_time=0.0, component_times={}, parallel_tasks_time=0.0, sequential_tasks_time=0.0, failed_components=['redis_manager']) = &lt;auth_service.auth_core.performance.startup_optimizer.AuthServiceStartupOptimizer object at 0x000002ED96ABC680&gt;.metrics">E   AssertionError: assert 0.0 &gt; 0
     +  where 0.0 = StartupMetrics(total_startup_time=0.0, component_times={}, parallel_tasks_time=0.0, sequential_tasks_time=0.0, failed_components=['redis_manager']).parallel_tasks_time
     +    where StartupMetrics(total_startup_time=0.0, component_times={}, parallel_tasks_time=0.0, sequential_tasks_time=0.0, failed_components=['redis_manager']) = &lt;auth_service.auth_core.performance.startup_optimizer.AuthServiceStartupOptimizer object at 0x000002ED96ABC680&gt;.metrics</failure></testcase><testcase classname="tests.unit.test_startup_optimizer_comprehensive.TestAuthServiceStartupOptimizerAsync" name="test_initialize_database_optimized_fast_test_mode" time="0.004" /><testcase classname="tests.unit.test_startup_optimizer_comprehensive.TestAuthServiceStartupOptimizerAsync" name="test_initialize_database_optimized_production_flow" time="0.006"><failure message="AssertionError: Expected '_prewarm_database_connections' to have been called once. Called 0 times.">E   AssertionError: Expected '_prewarm_database_connections' to have been called once. Called 0 times.

During handling of the above exception, another exception occurred:
E   AssertionError: Expected '_prewarm_database_connections' to have been called once. Called 0 times.</failure></testcase><testcase classname="tests.unit.test_startup_optimizer_comprehensive.TestAuthServiceStartupOptimizerAsync" name="test_initialize_database_optimized_handles_exceptions" time="0.004"><failure message="AssertionError: assert 'database' in []&#10; +  where [] = StartupMetrics(total_startup_time=0.0, component_times={'database': 0.0}, parallel_tasks_time=0.0, sequential_tasks_time=0.0, failed_components=[]).failed_components&#10; +    where StartupMetrics(total_startup_time=0.0, component_times={'database': 0.0}, parallel_tasks_time=0.0, sequential_tasks_time=0.0, failed_components=[]) = &lt;auth_service.auth_core.performance.startup_optimizer.AuthServiceStartupOptimizer object at 0x000002ED96A99820&gt;.metrics">E   AssertionError: assert 'database' in []
     +  where [] = StartupMetrics(total_startup_time=0.0, component_times={'database': 0.0}, parallel_tasks_time=0.0, sequential_tasks_time=0.0, failed_components=[]).failed_components
     +    where StartupMetrics(total_startup_time=0.0, component_times={'database': 0.0}, parallel_tasks_time=0.0, sequential_tasks_time=0.0, failed_components=[]) = &lt;auth_service.auth_core.performance.startup_optimizer.AuthServiceStartupOptimizer object at 0x000002ED96A99820&gt;.metrics</failure></testcase><testcase classname="tests.unit.test_startup_optimizer_comprehensive.TestAuthServiceStartupOptimizerBackground" name="test_initialize_background_components_success" time="0.007" /><testcase classname="tests.unit.test_startup_optimizer_comprehensive.TestAuthServiceStartupOptimizerBackground" name="test_initialize_background_components_handles_failures" time="0.004" /><testcase classname="tests.unit.test_startup_optimizer_comprehensive.TestAuthServiceStartupOptimizerComponentInit" name="test_init_jwt_handler_success" time="0.003" /><testcase classname="tests.unit.test_startup_optimizer_comprehensive.TestAuthServiceStartupOptimizerComponentInit" name="test_init_jwt_handler_failure" time="0.003" /><testcase classname="tests.unit.test_startup_optimizer_comprehensive.TestAuthServiceStartupOptimizerComponentInit" name="test_init_redis_manager_enabled_success" time="0.004" /><testcase classname="tests.unit.test_startup_optimizer_comprehensive.TestAuthServiceStartupOptimizerComponentInit" name="test_init_redis_manager_connection_failure" time="0.004" /><testcase classname="tests.unit.test_startup_optimizer_comprehensive.TestAuthServiceStartupOptimizerComponentInit" name="test_init_security_components_success" time="0.010"><failure message="AttributeError: module 'auth_service.auth_core.security' has no attribute 'oauth_security'">E   AttributeError: module 'auth_service.auth_core.security' has no attribute 'oauth_security'</failure></testcase><testcase classname="tests.unit.test_startup_optimizer_comprehensive.TestAuthServiceStartupOptimizerComponentInit" name="test_init_security_components_failure" time="0.002"><failure message="AttributeError: module 'auth_service.auth_core.security' has no attribute 'oauth_security'">E   AttributeError: module 'auth_service.auth_core.security' has no attribute 'oauth_security'</failure></testcase><testcase classname="tests.unit.test_startup_optimizer_comprehensive.TestAuthServiceStartupOptimizerDatabasePrewarm" name="test_prewarm_database_connections_success" time="0.015" /><testcase classname="tests.unit.test_startup_optimizer_comprehensive.TestAuthServiceStartupOptimizerDatabasePrewarm" name="test_prewarm_database_connections_handles_failures" time="0.004" /><testcase classname="tests.unit.test_startup_optimizer_comprehensive.TestAuthServiceStartupOptimizerDatabasePrewarm" name="test_test_db_connection_success" time="0.014" /><testcase classname="tests.unit.test_startup_optimizer_comprehensive.TestAuthServiceStartupOptimizerDatabasePrewarm" name="test_test_db_connection_handles_failure" time="0.003" /><testcase classname="tests.unit.test_startup_optimizer_comprehensive.TestAuthServiceStartupOptimizerPeriodicCleanup" name="test_init_cleanup_tasks_creates_task" time="0.011" /><testcase classname="tests.unit.test_startup_optimizer_comprehensive.TestAuthServiceStartupOptimizerPeriodicCleanup" name="test_periodic_cleanup_loop_iteration" time="0.006"><failure message="pytest.PytestUnraisableExceptionWarning: Exception ignored in: &lt;coroutine object AuthServiceStartupOptimizer._periodic_cleanup at 0x000002ED96AF2340&gt;&#10;Enable tracemalloc to get traceback where the object was allocated.&#10;See https://docs.pytest.org/en/stable/how-to/capture-warnings.html#resource-warnings for more info.">E   RuntimeWarning: coroutine 'AuthServiceStartupOptimizer._periodic_cleanup' was never awaited

The above exception was the direct cause of the following exception:
E   pytest.PytestUnraisableExceptionWarning: Exception ignored in: &lt;coroutine object AuthServiceStartupOptimizer._periodic_cleanup at 0x000002ED96AF2340&gt;
    Enable tracemalloc to get traceback where the object was allocated.
    See https://docs.pytest.org/en/stable/how-to/capture-warnings.html#resource-warnings for more info.</failure></testcase><testcase classname="tests.unit.test_startup_optimizer_comprehensive.TestAuthServiceStartupOptimizerPeriodicCleanup" name="test_periodic_cleanup_handles_exceptions" time="0.004" /><testcase classname="tests.unit.test_startup_optimizer_comprehensive.TestAuthServiceStartupOptimizerConcurrentSafety" name="test_concurrent_fast_startup_calls" time="0.019"><failure message="assert 0.0 &gt; 0&#10; +  where 0.0 = StartupMetrics(total_startup_time=0.0, component_times={}, parallel_tasks_time=0.0, sequential_tasks_time=0.0, failed_components=[]).total_startup_time">E   assert 0.0 &gt; 0
     +  where 0.0 = StartupMetrics(total_startup_time=0.0, component_times={}, parallel_tasks_time=0.0, sequential_tasks_time=0.0, failed_components=[]).total_startup_time</failure></testcase><testcase classname="tests.unit.test_startup_optimizer_comprehensive.TestAuthServiceStartupOptimizerConcurrentSafety" name="test_concurrent_fast_startup_calls" time="0.001"><error message="failed on teardown with &quot;ExceptionGroup: multiple unraisable exception warnings (9 sub-exceptions)&quot;">+ Exception Group Traceback (most recent call last):
  |   File "C:\Users\antho\AppData\Roaming\Python\Python312\site-packages\_pytest\runner.py", line 344, in from_call
  |     result: TResult | None = func()
  |                              ^^^^^^
  |   File "C:\Users\antho\AppData\Roaming\Python\Python312\site-packages\_pytest\runner.py", line 246, in &lt;lambda&gt;
  |     lambda: runtest_hook(item=item, **kwds), when=when, reraise=reraise
  |             ^^^^^^^^^^^^^^^^^^^^^^^^^^^^^^^
  |   File "C:\Users\antho\AppData\Roaming\Python\Python312\site-packages\pluggy\_hooks.py", line 512, in __call__
  |     return self._hookexec(self.name, self._hookimpls.copy(), kwargs, firstresult)
  |            ^^^^^^^^^^^^^^^^^^^^^^^^^^^^^^^^^^^^^^^^^^^^^^^^^^^^^^^^^^^^^^^^^^^^^^
  |   File "C:\Users\antho\AppData\Roaming\Python\Python312\site-packages\pluggy\_manager.py", line 120, in _hookexec
  |     return self._inner_hookexec(hook_name, methods, kwargs, firstresult)
  |            ^^^^^^^^^^^^^^^^^^^^^^^^^^^^^^^^^^^^^^^^^^^^^^^^^^^^^^^^^^^^^
  |   File "C:\Users\antho\AppData\Roaming\Python\Python312\site-packages\pluggy\_callers.py", line 167, in _multicall
  |     raise exception
  |   File "C:\Users\antho\AppData\Roaming\Python\Python312\site-packages\pluggy\_callers.py", line 139, in _multicall
  |     teardown.throw(exception)
  |   File "C:\Users\antho\AppData\Roaming\Python\Python312\site-packages\_pytest\logging.py", line 858, in pytest_runtest_teardown
  |     yield
  |   File "C:\Users\antho\AppData\Roaming\Python\Python312\site-packages\pluggy\_callers.py", line 139, in _multicall
  |     teardown.throw(exception)
  |   File "C:\Users\antho\AppData\Roaming\Python\Python312\site-packages\_pytest\capture.py", line 905, in pytest_runtest_teardown
  |     return (yield)
  |             ^^^^^
  |   File "C:\Users\antho\AppData\Roaming\Python\Python312\site-packages\pluggy\_callers.py", line 121, in _multicall
  |     res = hook_impl.function(*args)
  |           ^^^^^^^^^^^^^^^^^^^^^^^^^
  |   File "C:\Users\antho\AppData\Roaming\Python\Python312\site-packages\_pytest\unraisableexception.py", line 163, in pytest_runtest_teardown
  |     collect_unraisable(item.config)
  |   File "C:\Users\antho\AppData\Roaming\Python\Python312\site-packages\_pytest\unraisableexception.py", line 81, in collect_unraisable
  |     raise ExceptionGroup("multiple unraisable exception warnings", errors)
  | ExceptionGroup: multiple unraisable exception warnings (9 sub-exceptions)
  +-+---------------- 1 ----------------
    | Traceback (most recent call last):
    |   File "C:\Users\antho\miniconda3\Lib\warnings.py", line 555, in _warn_unawaited_coroutine
    |     warn(msg, category=RuntimeWarning, stacklevel=2, source=coro)
    | RuntimeWarning: coroutine 'sleep' was never awaited
    | 
    | The above exception was the direct cause of the following exception:
    | 
    | Traceback (most recent call last):
    |   File "C:\Users\antho\AppData\Roaming\Python\Python312\site-packages\_pytest\unraisableexception.py", line 67, in collect_unraisable
    |     warnings.warn(pytest.PytestUnraisableExceptionWarning(msg))
    | pytest.PytestUnraisableExceptionWarning: Exception ignored in: &lt;coroutine object sleep at 0x000002ED969B9C40&gt;
    | Enable tracemalloc to get traceback where the object was allocated.
    | See https://docs.pytest.org/en/stable/how-to/capture-warnings.html#resource-warnings for more info.
    +---------------- 2 ----------------
    | Traceback (most recent call last):
    |   File "C:\Users\antho\miniconda3\Lib\warnings.py", line 555, in _warn_unawaited_coroutine
    |     warn(msg, category=RuntimeWarning, stacklevel=2, source=coro)
    | RuntimeWarning: coroutine 'sleep' was never awaited
    | 
    | The above exception was the direct cause of the following exception:
    | 
    | Traceback (most recent call last):
    |   File "C:\Users\antho\AppData\Roaming\Python\Python312\site-packages\_pytest\unraisableexception.py", line 67, in collect_unraisable
    |     warnings.warn(pytest.PytestUnraisableExceptionWarning(msg))
    | pytest.PytestUnraisableExceptionWarning: Exception ignored in: &lt;coroutine object sleep at 0x000002ED969BB940&gt;
    | Enable tracemalloc to get traceback where the object was allocated.
    | See https://docs.pytest.org/en/stable/how-to/capture-warnings.html#resource-warnings for more info.
    +---------------- 3 ----------------
    | Traceback (most recent call last):
    |   File "C:\Users\antho\miniconda3\Lib\warnings.py", line 555, in _warn_unawaited_coroutine
    |     warn(msg, category=RuntimeWarning, stacklevel=2, source=coro)
    | RuntimeWarning: coroutine 'sleep' was never awaited
    | 
    | The above exception was the direct cause of the following exception:
    | 
    | Traceback (most recent call last):
    |   File "C:\Users\antho\AppData\Roaming\Python\Python312\site-packages\_pytest\unraisableexception.py", line 67, in collect_unraisable
    |     warnings.warn(pytest.PytestUnraisableExceptionWarning(msg))
    | pytest.PytestUnraisableExceptionWarning: Exception ignored in: &lt;coroutine object sleep at 0x000002ED969BB340&gt;
    | Enable tracemalloc to get traceback where the object was allocated.
    | See https://docs.pytest.org/en/stable/how-to/capture-warnings.html#resource-warnings for more info.
    +---------------- 4 ----------------
    | Traceback (most recent call last):
    |   File "C:\Users\antho\miniconda3\Lib\warnings.py", line 555, in _warn_unawaited_coroutine
    |     warn(msg, category=RuntimeWarning, stacklevel=2, source=coro)
    | RuntimeWarning: coroutine 'sleep' was never awaited
    | 
    | The above exception was the direct cause of the following exception:
    | 
    | Traceback (most recent call last):
    |   File "C:\Users\antho\AppData\Roaming\Python\Python312\site-packages\_pytest\unraisableexception.py", line 67, in collect_unraisable
    |     warnings.warn(pytest.PytestUnraisableExceptionWarning(msg))
    | pytest.PytestUnraisableExceptionWarning: Exception ignored in: &lt;coroutine object sleep at 0x000002ED969BBD40&gt;
    | Enable tracemalloc to get traceback where the object was allocated.
    | See https://docs.pytest.org/en/stable/how-to/capture-warnings.html#resource-warnings for more info.
    +---------------- 5 ----------------
    | Traceback (most recent call last):
    |   File "C:\Users\antho\miniconda3\Lib\warnings.py", line 555, in _warn_unawaited_coroutine
    |     warn(msg, category=RuntimeWarning, stacklevel=2, source=coro)
    | RuntimeWarning: coroutine 'sleep' was never awaited
    | 
    | The above exception was the direct cause of the following exception:
    | 
    | Traceback (most recent call last):
    |   File "C:\Users\antho\AppData\Roaming\Python\Python312\site-packages\_pytest\unraisableexception.py", line 67, in collect_unraisable
    |     warnings.warn(pytest.PytestUnraisableExceptionWarning(msg))
    | pytest.PytestUnraisableExceptionWarning: Exception ignored in: &lt;coroutine object sleep at 0x000002ED969BBA40&gt;
    | Enable tracemalloc to get traceback where the object was allocated.
    | See https://docs.pytest.org/en/stable/how-to/capture-warnings.html#resource-warnings for more info.
    +---------------- 6 ----------------
    | Traceback (most recent call last):
    |   File "C:\Users\antho\miniconda3\Lib\warnings.py", line 555, in _warn_unawaited_coroutine
    |     warn(msg, category=RuntimeWarning, stacklevel=2, source=coro)
    | RuntimeWarning: coroutine 'sleep' was never awaited
    | 
    | The above exception was the direct cause of the following exception:
    | 
    | Traceback (most recent call last):
    |   File "C:\Users\antho\AppData\Roaming\Python\Python312\site-packages\_pytest\unraisableexception.py", line 67, in collect_unraisable
    |     warnings.warn(pytest.PytestUnraisableExceptionWarning(msg))
    | pytest.PytestUnraisableExceptionWarning: Exception ignored in: &lt;coroutine object sleep at 0x000002ED969BBB40&gt;
    | Enable tracemalloc to get traceback where the object was allocated.
    | See https://docs.pytest.org/en/stable/how-to/capture-warnings.html#resource-warnings for more info.
    +---------------- 7 ----------------
    | Traceback (most recent call last):
    |   File "C:\Users\antho\miniconda3\Lib\warnings.py", line 555, in _warn_unawaited_coroutine
    |     warn(msg, category=RuntimeWarning, stacklevel=2, source=coro)
    | RuntimeWarning: coroutine 'sleep' was never awaited
    | 
    | The above exception was the direct cause of the following exception:
    | 
    | Traceback (most recent call last):
    |   File "C:\Users\antho\AppData\Roaming\Python\Python312\site-packages\_pytest\unraisableexception.py", line 67, in collect_unraisable
    |     warnings.warn(pytest.PytestUnraisableExceptionWarning(msg))
    | pytest.PytestUnraisableExceptionWarning: Exception ignored in: &lt;coroutine object sleep at 0x000002ED969BB440&gt;
    | Enable tracemalloc to get traceback where the object was allocated.
    | See https://docs.pytest.org/en/stable/how-to/capture-warnings.html#resource-warnings for more info.
    +---------------- 8 ----------------
    | Traceback (most recent call last):
    |   File "C:\Users\antho\miniconda3\Lib\warnings.py", line 555, in _warn_unawaited_coroutine
    |     warn(msg, category=RuntimeWarning, stacklevel=2, source=coro)
    | RuntimeWarning: coroutine 'sleep' was never awaited
    | 
    | The above exception was the direct cause of the following exception:
    | 
    | Traceback (most recent call last):
    |   File "C:\Users\antho\AppData\Roaming\Python\Python312\site-packages\_pytest\unraisableexception.py", line 67, in collect_unraisable
    |     warnings.warn(pytest.PytestUnraisableExceptionWarning(msg))
    | pytest.PytestUnraisableExceptionWarning: Exception ignored in: &lt;coroutine object sleep at 0x000002ED969BB840&gt;
    | Enable tracemalloc to get traceback where the object was allocated.
    | See https://docs.pytest.org/en/stable/how-to/capture-warnings.html#resource-warnings for more info.
    +---------------- 9 ----------------
    | Traceback (most recent call last):
    |   File "C:\Users\antho\miniconda3\Lib\warnings.py", line 555, in _warn_unawaited_coroutine
    |     warn(msg, category=RuntimeWarning, stacklevel=2, source=coro)
    | RuntimeWarning: coroutine 'sleep' was never awaited
    | 
    | The above exception was the direct cause of the following exception:
    | 
    | Traceback (most recent call last):
    |   File "C:\Users\antho\AppData\Roaming\Python\Python312\site-packages\_pytest\unraisableexception.py", line 67, in collect_unraisable
    |     warnings.warn(pytest.PytestUnraisableExceptionWarning(msg))
    | pytest.PytestUnraisableExceptionWarning: Exception ignored in: &lt;coroutine object sleep at 0x000002ED969BB740&gt;
    | Enable tracemalloc to get traceback where the object was allocated.
    | See https://docs.pytest.org/en/stable/how-to/capture-warnings.html#resource-warnings for more info.
    +------------------------------------</error></testcase><testcase classname="tests.unit.test_startup_optimizer_comprehensive.TestAuthServiceStartupOptimizerConcurrentSafety" name="test_concurrent_component_initialization" time="0.008" /><testcase classname="tests.unit.test_startup_optimizer_comprehensive.TestAuthServiceStartupOptimizerConcurrentSafety" name="test_concurrent_lazy_loading_same_component" time="0.004"><failure message="assert 2 == 1">E   assert 2 == 1</failure></testcase><testcase classname="tests.unit.test_startup_optimizer_comprehensive.TestAuthServiceStartupOptimizerRealTiming" name="test_startup_timing_recorded_accurately" time="0.030" /><testcase classname="tests.unit.test_startup_optimizer_comprehensive.TestAuthServiceStartupOptimizerRealTiming" name="test_component_timing_precision" time="0.052" /><testcase classname="tests.unit.test_startup_optimizer_comprehensive.TestAuthServiceStartupOptimizerRealTiming" name="test_parallel_vs_sequential_timing_difference" time="0.034" /><testcase classname="tests.unit.test_startup_optimizer_comprehensive.TestAuthServiceStartupOptimizerEdgeCases" name="test_empty_startup_metrics" time="0.001" /><testcase classname="tests.unit.test_startup_optimizer_comprehensive.TestAuthServiceStartupOptimizerEdgeCases" name="test_very_long_component_names" time="0.001" /><testcase classname="tests.unit.test_startup_optimizer_comprehensive.TestAuthServiceStartupOptimizerEdgeCases" name="test_component_ready_special_characters" time="0.001" /><testcase classname="tests.unit.test_startup_optimizer_comprehensive.TestAuthServiceStartupOptimizerEdgeCases" name="test_background_initialization_fire_and_forget" time="0.002" /><testcase classname="tests.unit.test_startup_optimizer_comprehensive.TestAuthServiceStartupOptimizerBusinessValue" name="test_sub_five_second_startup_requirement" time="1.512" /><testcase classname="tests.unit.test_startup_optimizer_comprehensive.TestAuthServiceStartupOptimizerBusinessValue" name="test_startup_optimizer_singleton_business_value" time="0.000" /><testcase classname="tests.unit.test_startup_optimizer_comprehensive.TestAuthServiceStartupOptimizerBusinessValue" name="test_critical_components_failure_detection" time="0.006" /><testcase classname="tests.unit.test_token_validator_comprehensive.TestTokenValidatorBasicOperations" name="test_token_validator_initialization" time="0.001" /><testcase classname="tests.unit.test_token_validator_comprehensive.TestTokenValidatorBasicOperations" name="test_create_token_basic_user_data" time="0.001" /><testcase classname="tests.unit.test_token_validator_comprehensive.TestTokenValidatorBasicOperations" name="test_create_token_with_expiration_datetime" time="0.001" /><testcase classname="tests.unit.test_token_validator_comprehensive.TestTokenValidatorBasicOperations" name="test_create_token_with_naive_datetime_assumes_utc" time="0.001" /><testcase classname="tests.unit.test_token_validator_comprehensive.TestTokenValidatorBasicOperations" name="test_create_token_with_aware_datetime_preserves_timezone" time="0.001" /><testcase classname="tests.unit.test_token_validator_comprehensive.TestTokenValidatorBasicOperations" name="test_create_token_preserves_user_data" time="0.001" /><testcase classname="tests.unit.test_token_validator_comprehensive.TestTokenValidatorBasicOperations" name="test_create_token_makes_copy_of_user_data" time="0.000" /><testcase classname="tests.unit.test_token_validator_comprehensive.TestTokenValidatorValidationOperations" name="test_validate_valid_token_success" time="0.001" /><testcase classname="tests.unit.test_token_validator_comprehensive.TestTokenValidatorValidationOperations" name="test_validate_token_verifies_expiration" time="0.001" /><testcase classname="tests.unit.test_token_validator_comprehensive.TestTokenValidatorValidationOperations" name="test_validate_token_verifies_signature" time="0.001"><failure message="jwt.exceptions.DecodeError: Invalid crypto padding">E   binascii.Error: Invalid base64-encoded string: number of data characters (17) cannot be 1 more than a multiple of 4

The above exception was the direct cause of the following exception:
E   jwt.exceptions.DecodeError: Invalid crypto padding</failure></testcase><testcase classname="tests.unit.test_token_validator_comprehensive.TestTokenValidatorValidationOperations" name="test_validate_malformed_token_fails" time="0.001" /><testcase classname="tests.unit.test_token_validator_comprehensive.TestTokenValidatorValidationOperations" name="test_validate_token_with_wrong_algorithm" time="0.001"><failure message="jwt.exceptions.InvalidAlgorithmError: The specified alg value is not allowed">E   jwt.exceptions.InvalidAlgorithmError: The specified alg value is not allowed</failure></testcase><testcase classname="tests.unit.test_token_validator_comprehensive.TestTokenValidatorValidationOperations" name="test_validate_token_with_wrong_secret" time="0.001" /><testcase classname="tests.unit.test_token_validator_comprehensive.TestTokenValidatorValidationOperations" name="test_validate_token_future_issued_time" time="0.001"><failure message="jwt.exceptions.ImmatureSignatureError: The token is not yet valid (iat)">E   jwt.exceptions.ImmatureSignatureError: The token is not yet valid (iat)</failure></testcase><testcase classname="tests.unit.test_token_validator_comprehensive.TestTokenValidatorSecurityPatterns" name="test_algorithm_is_secure" time="0.001" /><testcase classname="tests.unit.test_token_validator_comprehensive.TestTokenValidatorSecurityPatterns" name="test_secret_key_is_configured" time="0.000" /><testcase classname="tests.unit.test_token_validator_comprehensive.TestTokenValidatorSecurityPatterns" name="test_rejects_none_algorithm_tokens" time="0.001" /><testcase classname="tests.unit.test_token_validator_comprehensive.TestTokenValidatorSecurityPatterns" name="test_token_tampering_detection" time="0.001" /><testcase classname="tests.unit.test_token_validator_comprehensive.TestTokenValidatorSecurityPatterns" name="test_handles_injection_attempts_in_user_data" time="0.001" /><testcase classname="tests.unit.test_token_validator_comprehensive.TestTokenValidatorSecurityPatterns" name="test_large_payload_handling" time="0.001" /><testcase classname="tests.unit.test_token_validator_comprehensive.TestTokenValidatorSecurityPatterns" name="test_special_characters_in_user_data" time="0.001" /><testcase classname="tests.unit.test_token_validator_comprehensive.TestTokenValidatorDatetimeHandling" name="test_datetime_conversion_utc_aware" time="0.001" /><testcase classname="tests.unit.test_token_validator_comprehensive.TestTokenValidatorDatetimeHandling" name="test_datetime_conversion_naive_assumes_utc" time="0.000" /><testcase classname="tests.unit.test_token_validator_comprehensive.TestTokenValidatorDatetimeHandling" name="test_datetime_conversion_non_utc_timezone" time="0.001" /><testcase classname="tests.unit.test_token_validator_comprehensive.TestTokenValidatorDatetimeHandling" name="test_non_datetime_exp_preserved" time="0.001" /><testcase classname="tests.unit.test_token_validator_comprehensive.TestTokenValidatorDatetimeHandling" name="test_multiple_datetime_fields_handled" time="0.001"><failure message="assert 1757306783 == datetime.datetime(2025, 9, 8, 4, 46, 23, 655993, tzinfo=datetime.timezone.utc)">E   assert 1757306783 == datetime.datetime(2025, 9, 8, 4, 46, 23, 655993, tzinfo=datetime.timezone.utc)</failure></testcase><testcase classname="tests.unit.test_token_validator_comprehensive.TestTokenValidatorDatetimeHandling" name="test_edge_case_datetime_values" time="0.001" /><testcase classname="tests.unit.test_token_validator_comprehensive.TestTokenValidatorErrorHandling" name="test_create_token_empty_user_data" time="0.000" /><testcase classname="tests.unit.test_token_validator_comprehensive.TestTokenValidatorErrorHandling" name="test_create_token_none_user_data_fails" time="0.001" /><testcase classname="tests.unit.test_token_validator_comprehensive.TestTokenValidatorErrorHandling" name="test_create_token_non_dict_user_data_fails" time="0.002" /><testcase classname="tests.unit.test_token_validator_comprehensive.TestTokenValidatorErrorHandling" name="test_validate_token_empty_string_fails" time="0.001" /><testcase classname="tests.unit.test_token_validator_comprehensive.TestTokenValidatorErrorHandling" name="test_validate_token_none_fails" time="0.001"><failure message="jwt.exceptions.DecodeError: Invalid token type. Token must be a &lt;class 'bytes'&gt;">E   jwt.exceptions.DecodeError: Invalid token type. Token must be a &lt;class 'bytes'&gt;</failure></testcase><testcase classname="tests.unit.test_token_validator_comprehensive.TestTokenValidatorErrorHandling" name="test_validate_token_non_string_fails" time="0.001"><failure message="jwt.exceptions.DecodeError: Invalid token type. Token must be a &lt;class 'bytes'&gt;">E   jwt.exceptions.DecodeError: Invalid token type. Token must be a &lt;class 'bytes'&gt;</failure></testcase><testcase classname="tests.unit.test_token_validator_comprehensive.TestTokenValidatorErrorHandling" name="test_create_token_with_circular_reference_fails" time="0.000" /><testcase classname="tests.unit.test_token_validator_comprehensive.TestTokenValidatorErrorHandling" name="test_create_token_with_non_serializable_data_fails" time="0.000" /><testcase classname="tests.unit.test_token_validator_comprehensive.TestTokenValidatorPerformanceCharacteristics" name="test_token_creation_is_deterministic" time="0.001" /><testcase classname="tests.unit.test_token_validator_comprehensive.TestTokenValidatorPerformanceCharacteristics" name="test_token_validation_is_consistent" time="0.001" /><testcase classname="tests.unit.test_token_validator_comprehensive.TestTokenValidatorPerformanceCharacteristics" name="test_handles_concurrent_operations" time="0.006" /><testcase classname="tests.unit.test_token_validator_comprehensive.TestTokenValidatorPerformanceCharacteristics" name="test_memory_usage_with_large_tokens" time="0.004" /><testcase classname="tests.unit.test_token_validator_comprehensive.TestTokenValidatorBusinessValueScenarios" name="test_user_authentication_scenario" time="0.001" /><testcase classname="tests.unit.test_token_validator_comprehensive.TestTokenValidatorBusinessValueScenarios" name="test_service_to_service_authentication" time="0.001" /><testcase classname="tests.unit.test_token_validator_comprehensive.TestTokenValidatorBusinessValueScenarios" name="test_temporary_access_token_scenario" time="0.001" /><testcase classname="tests.unit.test_token_validator_comprehensive.TestTokenValidatorBusinessValueScenarios" name="test_api_key_style_long_lived_token" time="0.001" /><testcase classname="tests.unit.test_token_validator_comprehensive.TestTokenValidatorBusinessValueScenarios" name="test_multi_tenant_scenario" time="0.001" /><testcase classname="tests.unit.test_token_validator_comprehensive.TestTokenValidatorRegressionPrevention" name="test_prevents_algorithm_confusion_attack" time="0.001" /><testcase classname="tests.unit.test_token_validator_comprehensive.TestTokenValidatorRegressionPrevention" name="test_prevents_key_confusion_attack" time="0.001" /><testcase classname="tests.unit.test_token_validator_comprehensive.TestTokenValidatorRegressionPrevention" name="test_prevents_timing_attacks_on_validation" time="0.002" /><testcase classname="tests.unit.test_token_validator_comprehensive.TestTokenValidatorRegressionPrevention" name="test_handles_jwt_header_injection" time="0.001" /><testcase classname="tests.unit.test_token_validator_comprehensive.TestTokenValidatorRegressionPrevention" name="test_consistent_error_handling_across_invalid_inputs" time="0.003" /></testsuite></testsuites>