<?xml version="1.0" encoding="utf-8"?><testsuites name="pytest tests"><testsuite name="pytest" errors="0" failures="0" skipped="0" tests="40" time="3.063" timestamp="2025-09-05T09:14:09.892445-07:00" hostname="Anthony"><testcase classname="tests.unit.test_database_repository_comprehensive.TestAuthUserRepository" name="test_get_by_email_nonexistent" time="0.164" /><testcase classname="tests.unit.test_database_repository_comprehensive.TestAuthUserRepository" name="test_get_by_id_nonexistent" time="0.009" /><testcase classname="tests.unit.test_database_repository_comprehensive.TestAuthUserRepository" name="test_create_oauth_user" time="0.010" /><testcase classname="tests.unit.test_database_repository_comprehensive.TestAuthUserRepository" name="test_create_oauth_user_existing_updates" time="0.012" /><testcase classname="tests.unit.test_database_repository_comprehensive.TestAuthUserRepository" name="test_create_local_user" time="0.026" /><testcase classname="tests.unit.test_database_repository_comprehensive.TestAuthUserRepository" name="test_create_local_user_duplicate_email" time="0.014" /><testcase classname="tests.unit.test_database_repository_comprehensive.TestAuthUserRepository" name="test_update_login_time" time="0.040" /><testcase classname="tests.unit.test_database_repository_comprehensive.TestAuthUserRepository" name="test_failed_login_attempts" time="0.015" /><testcase classname="tests.unit.test_database_repository_comprehensive.TestAuthUserRepository" name="test_account_locking_after_failed_attempts" time="0.017" /><testcase classname="tests.unit.test_database_repository_comprehensive.TestAuthSessionRepository" name="test_create_session" time="0.008" /><testcase classname="tests.unit.test_database_repository_comprehensive.TestAuthSessionRepository" name="test_get_active_session" time="0.008" /><testcase classname="tests.unit.test_database_repository_comprehensive.TestAuthSessionRepository" name="test_revoke_session" time="0.011" /><testcase classname="tests.unit.test_database_repository_comprehensive.TestAuthSessionRepository" name="test_revoke_user_sessions" time="0.014" /><testcase classname="tests.unit.test_database_repository_comprehensive.TestAuthSessionRepository" name="test_cleanup_expired_sessions" time="0.011" /><testcase classname="tests.unit.test_database_repository_comprehensive.TestAuthAuditRepository" name="test_log_event" time="0.019" /><testcase classname="tests.unit.test_database_repository_comprehensive.TestAuthAuditRepository" name="test_log_failed_event" time="0.007" /><testcase classname="tests.unit.test_database_repository_comprehensive.TestAuthAuditRepository" name="test_get_user_events" time="0.011" /><testcase classname="tests.unit.test_database_repository_comprehensive.TestAuthAuditRepository" name="test_log_event_without_user" time="0.005" /><testcase classname="tests.unit.test_oauth_comprehensive.TestOAuthManagerBasics" name="test_oauth_manager_initialization" time="0.002" /><testcase classname="tests.unit.test_oauth_comprehensive.TestOAuthManagerBasics" name="test_get_available_providers" time="0.001" /><testcase classname="tests.unit.test_oauth_comprehensive.TestOAuthManagerBasics" name="test_get_provider_google" time="0.001" /><testcase classname="tests.unit.test_oauth_comprehensive.TestOAuthManagerBasics" name="test_get_provider_invalid" time="0.001" /><testcase classname="tests.unit.test_oauth_comprehensive.TestOAuthManagerBasics" name="test_is_provider_configured" time="0.001" /><testcase classname="tests.unit.test_oauth_comprehensive.TestOAuthManagerBasics" name="test_get_provider_status" time="0.001" /><testcase classname="tests.unit.test_oauth_comprehensive.TestOAuthManagerBasics" name="test_get_invalid_provider_status" time="0.001" /><testcase classname="tests.unit.test_oauth_comprehensive.TestGoogleOAuthProvider" name="test_provider_initialization" time="0.001" /><testcase classname="tests.unit.test_oauth_comprehensive.TestGoogleOAuthProvider" name="test_client_id_property" time="0.001" /><testcase classname="tests.unit.test_oauth_comprehensive.TestGoogleOAuthProvider" name="test_client_secret_property" time="0.001" /><testcase classname="tests.unit.test_oauth_comprehensive.TestGoogleOAuthProvider" name="test_get_redirect_uri" time="0.001" /><testcase classname="tests.unit.test_oauth_comprehensive.TestGoogleOAuthProvider" name="test_is_configured" time="0.001" /><testcase classname="tests.unit.test_oauth_comprehensive.TestGoogleOAuthProvider" name="test_validate_configuration" time="0.001" /><testcase classname="tests.unit.test_oauth_comprehensive.TestGoogleOAuthProvider" name="test_self_check" time="0.001" /><testcase classname="tests.unit.test_oauth_comprehensive.TestGoogleOAuthProvider" name="test_get_configuration_status" time="0.001" /><testcase classname="tests.unit.test_oauth_comprehensive.TestGoogleOAuthProvider" name="test_get_authorization_url_basic" time="0.001" /><testcase classname="tests.unit.test_oauth_comprehensive.TestGoogleOAuthProvider" name="test_exchange_code_for_user_info_with_invalid_code" time="0.324" /><testcase classname="tests.unit.test_oauth_comprehensive.TestOAuthSecurity" name="test_provider_requires_configuration" time="0.002" /><testcase classname="tests.unit.test_oauth_comprehensive.TestOAuthSecurity" name="test_provider_self_check_comprehensive" time="0.001" /><testcase classname="tests.unit.test_oauth_comprehensive.TestOAuthSecurity" name="test_configuration_validation_comprehensive" time="0.001" /><testcase classname="tests.unit.test_oauth_comprehensive.TestOAuthIntegration" name="test_manager_provider_integration" time="0.001" /><testcase classname="tests.unit.test_oauth_comprehensive.TestOAuthIntegration" name="test_provider_status_consistency" time="0.002" /></testsuite></testsuites>