<?xml version="1.0" encoding="utf-8"?><testsuites name="pytest tests"><testsuite name="pytest" errors="0" failures="0" skipped="0" tests="1" time="5.395" timestamp="2025-08-30T05:58:38.317422-07:00" hostname="Anthony"><testcase classname="tests.test_environment_loading.TestMainEntrypoint" name="test_main_loads_env_before_imports" time="0.309" /></testsuite></testsuites>