<?xml version="1.0" encoding="utf-8"?><testsuites name="pytest tests"><testsuite name="pytest" errors="0" failures="0" skipped="1" tests="1" time="5.694" timestamp="2025-09-10T20:04:29.424160-07:00" hostname="DESKTOP-BB3FMHP"><testcase classname="" name="tests.test_auth_real_services_comprehensive" time="0.000"><skipped message="collection skipped">('C:\\GitHub\\netra-apex\\auth_service\\tests\\test_auth_real_services_comprehensive.py', 51, 'Skipped: Test framework functions have been removed')</skipped></testcase></testsuite></testsuites>