<?xml version="1.0" encoding="utf-8"?><testsuites name="pytest tests"><testsuite name="pytest" errors="0" failures="0" skipped="0" tests="1" time="6.058" timestamp="2025-09-09T12:39:50.176398-07:00" hostname="Anthony"><testcase classname="tests.unit.golden_path.test_auth_service_business_logic.TestAuthServiceBusinessLogic" name="test_user_registration_business_rules" time="0.287" /></testsuite></testsuites>