<?xml version="1.0" encoding="utf-8"?><testsuites name="pytest tests"><testsuite name="pytest" errors="0" failures="0" skipped="0" tests="1" time="1.994" timestamp="2025-08-31T00:22:40.886172-07:00" hostname="Shivanginis-MacBook-Pro.local"><testcase classname="test_coverage_fix" name="test_simple_auth_core_import" time="0.030" /></testsuite></testsuites>