<?xml version="1.0" encoding="utf-8"?><testsuites name="pytest tests"><testsuite name="pytest" errors="0" failures="3" skipped="0" tests="100" time="3.941" timestamp="2025-09-08T19:23:07.687346-07:00" hostname="Anthony"><testcase classname="tests.unit.test_auth_business_logic_validation_comprehensive.TestAuthBusinessLogicValidation" name="test_user_registration_business_rules" time="0.453" /><testcase classname="tests.unit.test_auth_business_logic_validation_comprehensive.TestAuthBusinessLogicValidation" name="test_subscription_tier_access_control" time="0.001" /><testcase classname="tests.unit.test_auth_business_logic_validation_comprehensive.TestAuthBusinessLogicValidation" name="test_login_attempt_business_logic" time="0.001" /><testcase classname="tests.unit.test_auth_business_logic_validation_comprehensive.TestAuthBusinessLogicValidation" name="test_account_lifecycle_management" time="0.001" /><testcase classname="tests.unit.test_auth_business_logic_validation_comprehensive.TestAuthBusinessLogicValidation" name="test_business_rule_compliance_validation" time="0.001" /><testcase classname="tests.unit.test_auth_business_logic_validation_comprehensive.TestAuthCrossServiceValidation" name="test_cross_service_token_validation_business_logic" time="0.002" /><testcase classname="tests.unit.test_auth_business_logic_validation_comprehensive.TestAuthSecurityPolicyValidation" name="test_password_policy_business_rules" time="0.005" /><testcase classname="tests.unit.test_auth_business_logic_validation_comprehensive.TestAuthSecurityPolicyValidation" name="test_session_security_policy" time="0.003" /><testcase classname="tests.unit.test_auth_business_logic_validation_comprehensive.TestAuthIntegrationBusinessLogic" name="test_oauth_integration_business_rules" time="0.001" /><testcase classname="tests.unit.test_auth_business_logic_validation_comprehensive.TestAuthAuditBusinessLogic" name="test_audit_logging_business_rules" time="0.005" /><testcase classname="tests.unit.test_auth_business_logic_validation_comprehensive.TestAuthAuditBusinessLogic" name="test_compliance_reporting_business_logic" time="0.005" /><testcase classname="tests.unit.test_auth_config_comprehensive.TestAuthConfigBasics" name="test_get_environment" time="0.001" /><testcase classname="tests.unit.test_auth_config_comprehensive.TestAuthConfigBasics" name="test_get_jwt_secret" time="0.001" /><testcase classname="tests.unit.test_auth_config_comprehensive.TestAuthConfigBasics" name="test_get_jwt_algorithm" time="0.001" /><testcase classname="tests.unit.test_auth_config_comprehensive.TestAuthConfigBasics" name="test_get_jwt_access_expiry_minutes" time="0.001" /><testcase classname="tests.unit.test_auth_config_comprehensive.TestAuthConfigBasics" name="test_get_jwt_refresh_expiry_days" time="0.001" /><testcase classname="tests.unit.test_auth_config_comprehensive.TestAuthConfigBasics" name="test_get_jwt_service_expiry_minutes" time="0.001" /><testcase classname="tests.unit.test_auth_config_comprehensive.TestAuthConfigBasics" name="test_get_service_secret" time="0.001" /><testcase classname="tests.unit.test_auth_config_comprehensive.TestAuthConfigBasics" name="test_get_service_id" time="0.001" /><testcase classname="tests.unit.test_auth_config_comprehensive.TestAuthConfigBasics" name="test_get_database_url" time="0.001" /><testcase classname="tests.unit.test_auth_config_comprehensive.TestAuthConfigBasics" name="test_get_redis_url" time="0.003" /><testcase classname="tests.unit.test_auth_config_comprehensive.TestAuthConfigBasics" name="test_get_cors_origins" time="0.001" /><testcase classname="tests.unit.test_auth_config_comprehensive.TestAuthConfigBasics" name="test_get_api_base_url" time="0.001" /><testcase classname="tests.unit.test_auth_config_comprehensive.TestAuthConfigBasics" name="test_get_frontend_url" time="0.001" /><testcase classname="tests.unit.test_auth_config_comprehensive.TestAuthConfigBasics" name="test_is_development" time="0.003" /><testcase classname="tests.unit.test_auth_config_comprehensive.TestAuthConfigBasics" name="test_is_production" time="0.002" /><testcase classname="tests.unit.test_auth_config_comprehensive.TestAuthConfigBasics" name="test_is_test" time="0.002" /><testcase classname="tests.unit.test_auth_config_comprehensive.TestAuthConfigGoogleOAuth" name="test_get_google_client_id" time="0.001" /><testcase classname="tests.unit.test_auth_config_comprehensive.TestAuthConfigGoogleOAuth" name="test_get_google_client_secret" time="0.001" /><testcase classname="tests.unit.test_auth_config_comprehensive.TestAuthConfigGoogleOAuth" name="test_google_oauth_enabled" time="0.001" /><testcase classname="tests.unit.test_auth_config_comprehensive.TestAuthConfigGoogleOAuth" name="test_get_google_oauth_redirect_uri" time="0.001" /><testcase classname="tests.unit.test_auth_config_comprehensive.TestAuthConfigGoogleOAuth" name="test_get_google_oauth_scopes" time="0.001" /><testcase classname="tests.unit.test_auth_config_comprehensive.TestAuthConfigDatabase" name="test_get_database_host" time="0.001" /><testcase classname="tests.unit.test_auth_config_comprehensive.TestAuthConfigDatabase" name="test_get_database_port" time="0.001" /><testcase classname="tests.unit.test_auth_config_comprehensive.TestAuthConfigDatabase" name="test_get_database_name" time="0.001" /><testcase classname="tests.unit.test_auth_config_comprehensive.TestAuthConfigDatabase" name="test_get_database_user" time="0.001" /><testcase classname="tests.unit.test_auth_config_comprehensive.TestAuthConfigDatabase" name="test_get_database_password" time="0.001" /><testcase classname="tests.unit.test_auth_config_comprehensive.TestAuthConfigDatabase" name="test_get_database_pool_size" time="0.001" /><testcase classname="tests.unit.test_auth_config_comprehensive.TestAuthConfigDatabase" name="test_get_database_max_overflow" time="0.001" /><testcase classname="tests.unit.test_auth_config_comprehensive.TestAuthConfigDatabase" name="test_use_sqlite_in_test" time="0.003" /><testcase classname="tests.unit.test_auth_config_comprehensive.TestAuthConfigRedis" name="test_get_redis_host" time="0.001" /><testcase classname="tests.unit.test_auth_config_comprehensive.TestAuthConfigRedis" name="test_get_redis_port" time="0.001" /><testcase classname="tests.unit.test_auth_config_comprehensive.TestAuthConfigRedis" name="test_get_redis_db" time="0.001" /><testcase classname="tests.unit.test_auth_config_comprehensive.TestAuthConfigRedis" name="test_get_redis_password" time="0.001" /><testcase classname="tests.unit.test_auth_config_comprehensive.TestAuthConfigRedis" name="test_redis_enabled" time="0.001" /><testcase classname="tests.unit.test_auth_config_comprehensive.TestAuthConfigRedis" name="test_redis_disabled_in_test" time="0.002" /><testcase classname="tests.unit.test_auth_config_comprehensive.TestAuthConfigRedis" name="test_get_redis_ttl" time="0.001" /><testcase classname="tests.unit.test_auth_config_comprehensive.TestAuthConfigSecurity" name="test_get_bcrypt_rounds" time="0.001" /><testcase classname="tests.unit.test_auth_config_comprehensive.TestAuthConfigSecurity" name="test_get_password_min_length" time="0.001" /><testcase classname="tests.unit.test_auth_config_comprehensive.TestAuthConfigSecurity" name="test_get_max_login_attempts" time="0.001" /><testcase classname="tests.unit.test_auth_config_comprehensive.TestAuthConfigSecurity" name="test_get_account_lockout_duration" time="0.001" /><testcase classname="tests.unit.test_auth_config_comprehensive.TestAuthConfigSecurity" name="test_get_session_timeout" time="0.001" /><testcase classname="tests.unit.test_auth_config_comprehensive.TestAuthConfigSecurity" name="test_require_email_verification" time="0.001" /><testcase classname="tests.unit.test_auth_config_comprehensive.TestAuthConfigSecurity" name="test_get_token_blacklist_ttl" time="0.001" /><testcase classname="tests.unit.test_auth_config_comprehensive.TestAuthConfigSecurity" name="test_get_rate_limit_requests" time="0.001" /><testcase classname="tests.unit.test_auth_config_comprehensive.TestAuthConfigSecurity" name="test_get_allowed_origins" time="0.001" /><testcase classname="tests.unit.test_auth_config_comprehensive.TestAuthConfigDefaults" name="test_default_values_when_env_empty" time="0.001" /><testcase classname="tests.unit.test_auth_config_comprehensive.TestAuthConfigDefaults" name="test_type_conversion" time="0.001" /><testcase classname="tests.unit.test_auth_config_comprehensive.TestAuthConfigDefaults" name="test_boolean_conversion" time="0.003" /><testcase classname="tests.unit.test_auth_config_comprehensive.TestAuthConfigDefaults" name="test_list_conversion" time="0.001" /><testcase classname="tests.unit.test_auth_config_comprehensive.TestAuthConfigDefaults" name="test_environment_specific_defaults" time="0.002" /><testcase classname="tests.unit.test_auth_config_comprehensive.TestAuthConfigValidation" name="test_validate_jwt_secret_length" time="0.004" /><testcase classname="tests.unit.test_auth_config_comprehensive.TestAuthConfigValidation" name="test_validate_service_secret_length" time="0.002" /><testcase classname="tests.unit.test_auth_config_comprehensive.TestAuthConfigValidation" name="test_validate_database_url_format" time="0.005" /><testcase classname="tests.unit.test_auth_config_comprehensive.TestAuthConfigValidation" name="test_validate_redis_url_format" time="0.006" /><testcase classname="tests.unit.test_auth_endpoint_response_consistency.TestAuthEndpointResponseFormats" name="test_login_endpoint_response_format" time="0.061" /><testcase classname="tests.unit.test_auth_endpoint_validation_security.TestAuthEndpointInputValidation" name="test_login_endpoint_validates_required_fields" time="0.046" /><testcase classname="tests.unit.test_auth_environment_comprehensive.TestAuthEnvironmentInitialization" name="test_initialization_with_minimal_config" time="0.004" /><testcase classname="tests.unit.test_auth_environment_comprehensive.TestAuthEnvironmentInitialization" name="test_initialization_validates_config" time="0.001" /><testcase classname="tests.unit.test_auth_environment_comprehensive.TestAuthEnvironmentInitialization" name="test_validation_logs_missing_required_vars" time="0.004" /><testcase classname="tests.unit.test_auth_environment_comprehensive.TestJWTConfiguration" name="test_get_jwt_secret_key_uses_unified_manager" time="0.002" /><testcase classname="tests.unit.test_auth_environment_comprehensive.TestJWTConfiguration" name="test_get_jwt_secret_key_falls_back_on_unified_failure" time="0.004" /><testcase classname="tests.unit.test_auth_environment_comprehensive.TestJWTConfiguration" name="test_get_jwt_secret_key_environment_specific" time="0.003" /><testcase classname="tests.unit.test_auth_environment_comprehensive.TestJWTConfiguration" name="test_get_jwt_secret_key_generates_dev_fallback" time="0.005" /><testcase classname="tests.unit.test_auth_environment_comprehensive.TestJWTConfiguration" name="test_get_jwt_secret_key_generates_test_fallback" time="0.006" /><testcase classname="tests.unit.test_auth_environment_comprehensive.TestJWTConfiguration" name="test_get_jwt_secret_key_fails_for_staging_without_config" time="0.007" /><testcase classname="tests.unit.test_auth_environment_comprehensive.TestJWTConfiguration" name="test_get_jwt_secret_key_fails_for_production_without_config" time="0.006" /><testcase classname="tests.unit.test_auth_environment_comprehensive.TestJWTConfiguration" name="test_get_jwt_algorithm_environment_specific" time="0.003" /><testcase classname="tests.unit.test_auth_environment_comprehensive.TestJWTConfiguration" name="test_get_jwt_algorithm_respects_explicit_config" time="0.002" /><testcase classname="tests.unit.test_auth_environment_comprehensive.TestJWTConfiguration" name="test_get_jwt_expiration_minutes_environment_defaults" time="0.003" /><testcase classname="tests.unit.test_auth_environment_comprehensive.TestJWTConfiguration" name="test_get_jwt_expiration_minutes_respects_config" time="0.001" /><testcase classname="tests.unit.test_auth_environment_comprehensive.TestJWTConfiguration" name="test_get_jwt_expiration_minutes_handles_invalid_config" time="0.002" /><testcase classname="tests.unit.test_auth_environment_comprehensive.TestJWTConfiguration" name="test_get_refresh_token_expiration_days_environment_defaults" time="0.003" /><testcase classname="tests.unit.test_auth_environment_comprehensive.TestSecretKeyConfiguration" name="test_get_secret_key_with_explicit_config" time="0.001" /><testcase classname="tests.unit.test_auth_environment_comprehensive.TestSecretKeyConfiguration" name="test_get_secret_key_generates_dev_fallback" time="0.002" /><testcase classname="tests.unit.test_auth_environment_comprehensive.TestSecretKeyConfiguration" name="test_get_secret_key_generates_test_fallback" time="0.002" /><testcase classname="tests.unit.test_auth_environment_comprehensive.TestSecretKeyConfiguration" name="test_get_secret_key_fails_for_staging_without_config" time="0.004" /><testcase classname="tests.unit.test_auth_environment_comprehensive.TestSecretKeyConfiguration" name="test_get_bcrypt_rounds_environment_defaults" time="0.003" /><testcase classname="tests.unit.test_auth_environment_comprehensive.TestDatabaseConfiguration" name="test_get_database_url_uses_sqlite_for_test" time="0.002" /><testcase classname="tests.unit.test_auth_environment_comprehensive.TestDatabaseConfiguration" name="test_get_database_url_uses_builder_for_non_test" time="0.003" /><testcase classname="tests.unit.test_auth_environment_comprehensive.TestDatabaseConfiguration" name="test_get_database_url_fails_gracefully_when_builder_fails" time="0.004" /><testcase classname="tests.unit.test_auth_environment_comprehensive.TestDatabaseConfiguration" name="test_get_postgres_host_environment_defaults" time="0.003" /><testcase classname="tests.unit.test_auth_environment_comprehensive.TestDatabaseConfiguration" name="test_get_postgres_port_environment_defaults" time="0.003" /><testcase classname="tests.unit.test_auth_environment_comprehensive.TestDatabaseConfiguration" name="test_get_postgres_port_handles_invalid_config" time="0.006" /><testcase classname="tests.unit.test_auth_environment_comprehensive.TestDatabaseConfiguration" name="test_get_postgres_user_environment_defaults" time="0.005" /><testcase classname="tests.unit.test_auth_environment_comprehensive.TestDatabaseConfiguration" name="test_get_postgres_password_environment_defaults" time="0.006" /><testcase classname="tests.unit.test_auth_environment_comprehensive.TestDatabaseConfiguration" name="test_get_postgres_db_environment_defaults" time="0.004" /><testcase classname="tests.unit.test_auth_environment_comprehensive.TestRedisConfiguration" name="test_get_redis_url_environment_defaults" time="0.004"><failure message="Failed: DID NOT RAISE &lt;class 'ValueError'&gt;">tests\unit\test_auth_environment_comprehensive.py:474: in test_get_redis_url_environment_defaults
    with pytest.raises(expected):
E   Failed: DID NOT RAISE &lt;class 'ValueError'&gt;</failure></testcase><testcase classname="tests.unit.test_auth_environment_comprehensive.TestRedisConfiguration" name="test_get_redis_host_environment_defaults" time="0.002"><failure message="Failed: DID NOT RAISE &lt;class 'ValueError'&gt;">tests\unit\test_auth_environment_comprehensive.py:493: in test_get_redis_host_environment_defaults
    with pytest.raises(expected):
E   Failed: DID NOT RAISE &lt;class 'ValueError'&gt;</failure></testcase><testcase classname="tests.unit.test_auth_environment_comprehensive.TestRedisConfiguration" name="test_get_redis_port_environment_defaults" time="0.008"><failure message="Failed: DID NOT RAISE &lt;class 'ValueError'&gt;">tests\unit\test_auth_environment_comprehensive.py:512: in test_get_redis_port_environment_defaults
    with pytest.raises(expected):
E   Failed: DID NOT RAISE &lt;class 'ValueError'&gt;</failure></testcase></testsuite></testsuites>