<?xml version="1.0" encoding="utf-8"?><testsuites name="pytest tests"><testsuite name="pytest" errors="0" failures="6" skipped="0" tests="54" time="0.423" timestamp="2025-09-07T06:08:51.223678-07:00" hostname="Anthony"><testcase classname="tests.unit.test_auth_config_comprehensive.TestAuthConfigBasics" name="test_get_environment" time="0.114" /><testcase classname="tests.unit.test_auth_config_comprehensive.TestAuthConfigBasics" name="test_get_jwt_secret" time="0.001" /><testcase classname="tests.unit.test_auth_config_comprehensive.TestAuthConfigBasics" name="test_get_jwt_algorithm" time="0.000" /><testcase classname="tests.unit.test_auth_config_comprehensive.TestAuthConfigBasics" name="test_get_jwt_access_expiry_minutes" time="0.000" /><testcase classname="tests.unit.test_auth_config_comprehensive.TestAuthConfigBasics" name="test_get_jwt_refresh_expiry_days" time="0.000" /><testcase classname="tests.unit.test_auth_config_comprehensive.TestAuthConfigBasics" name="test_get_jwt_service_expiry_minutes" time="0.000" /><testcase classname="tests.unit.test_auth_config_comprehensive.TestAuthConfigBasics" name="test_get_service_secret" time="0.000" /><testcase classname="tests.unit.test_auth_config_comprehensive.TestAuthConfigBasics" name="test_get_service_id" time="0.000" /><testcase classname="tests.unit.test_auth_config_comprehensive.TestAuthConfigBasics" name="test_get_database_url" time="0.001" /><testcase classname="tests.unit.test_auth_config_comprehensive.TestAuthConfigBasics" name="test_get_redis_url" time="0.000" /><testcase classname="tests.unit.test_auth_config_comprehensive.TestAuthConfigBasics" name="test_get_cors_origins" time="0.000" /><testcase classname="tests.unit.test_auth_config_comprehensive.TestAuthConfigBasics" name="test_get_api_base_url" time="0.000" /><testcase classname="tests.unit.test_auth_config_comprehensive.TestAuthConfigBasics" name="test_get_frontend_url" time="0.000" /><testcase classname="tests.unit.test_auth_config_comprehensive.TestAuthConfigBasics" name="test_is_development" time="0.000" /><testcase classname="tests.unit.test_auth_config_comprehensive.TestAuthConfigBasics" name="test_is_production" time="0.000" /><testcase classname="tests.unit.test_auth_config_comprehensive.TestAuthConfigBasics" name="test_is_test" time="0.000" /><testcase classname="tests.unit.test_auth_config_comprehensive.TestAuthConfigGoogleOAuth" name="test_get_google_client_id" time="0.000" /><testcase classname="tests.unit.test_auth_config_comprehensive.TestAuthConfigGoogleOAuth" name="test_get_google_client_secret" time="0.000" /><testcase classname="tests.unit.test_auth_config_comprehensive.TestAuthConfigGoogleOAuth" name="test_google_oauth_enabled" time="0.000" /><testcase classname="tests.unit.test_auth_config_comprehensive.TestAuthConfigGoogleOAuth" name="test_get_google_oauth_redirect_uri" time="0.000" /><testcase classname="tests.unit.test_auth_config_comprehensive.TestAuthConfigGoogleOAuth" name="test_get_google_oauth_scopes" time="0.001" /><testcase classname="tests.unit.test_auth_config_comprehensive.TestAuthConfigDatabase" name="test_get_database_host" time="0.000" /><testcase classname="tests.unit.test_auth_config_comprehensive.TestAuthConfigDatabase" name="test_get_database_port" time="0.000" /><testcase classname="tests.unit.test_auth_config_comprehensive.TestAuthConfigDatabase" name="test_get_database_name" time="0.000" /><testcase classname="tests.unit.test_auth_config_comprehensive.TestAuthConfigDatabase" name="test_get_database_user" time="0.000" /><testcase classname="tests.unit.test_auth_config_comprehensive.TestAuthConfigDatabase" name="test_get_database_password" time="0.000" /><testcase classname="tests.unit.test_auth_config_comprehensive.TestAuthConfigDatabase" name="test_get_database_pool_size" time="0.000" /><testcase classname="tests.unit.test_auth_config_comprehensive.TestAuthConfigDatabase" name="test_get_database_max_overflow" time="0.000" /><testcase classname="tests.unit.test_auth_config_comprehensive.TestAuthConfigDatabase" name="test_use_sqlite_in_test" time="0.001" /><testcase classname="tests.unit.test_auth_config_comprehensive.TestAuthConfigRedis" name="test_get_redis_host" time="0.000" /><testcase classname="tests.unit.test_auth_config_comprehensive.TestAuthConfigRedis" name="test_get_redis_port" time="0.000" /><testcase classname="tests.unit.test_auth_config_comprehensive.TestAuthConfigRedis" name="test_get_redis_db" time="0.000" /><testcase classname="tests.unit.test_auth_config_comprehensive.TestAuthConfigRedis" name="test_get_redis_password" time="0.000" /><testcase classname="tests.unit.test_auth_config_comprehensive.TestAuthConfigRedis" name="test_redis_enabled" time="0.000" /><testcase classname="tests.unit.test_auth_config_comprehensive.TestAuthConfigRedis" name="test_redis_disabled_in_test" time="0.001"><failure message="assert True is False">tests\unit\test_auth_config_comprehensive.py:263: in test_redis_disabled_in_test
    assert enabled is False
E   assert True is False</failure></testcase><testcase classname="tests.unit.test_auth_config_comprehensive.TestAuthConfigRedis" name="test_get_redis_ttl" time="0.000" /><testcase classname="tests.unit.test_auth_config_comprehensive.TestAuthConfigSecurity" name="test_get_bcrypt_rounds" time="0.000" /><testcase classname="tests.unit.test_auth_config_comprehensive.TestAuthConfigSecurity" name="test_get_password_min_length" time="0.001"><failure message="assert 4 &gt;= 8">tests\unit\test_auth_config_comprehensive.py:286: in test_get_password_min_length
    assert min_len &gt;= 8  # Should be at least 8
    ^^^^^^^^^^^^^^^^^^^
E   assert 4 &gt;= 8</failure></testcase><testcase classname="tests.unit.test_auth_config_comprehensive.TestAuthConfigSecurity" name="test_get_max_login_attempts" time="0.001"><failure message="assert 100 &lt;= 10">tests\unit\test_auth_config_comprehensive.py:292: in test_get_max_login_attempts
    assert 3 &lt;= attempts &lt;= 10
E   assert 100 &lt;= 10</failure></testcase><testcase classname="tests.unit.test_auth_config_comprehensive.TestAuthConfigSecurity" name="test_get_account_lockout_duration" time="0.000" /><testcase classname="tests.unit.test_auth_config_comprehensive.TestAuthConfigSecurity" name="test_get_session_timeout" time="0.000" /><testcase classname="tests.unit.test_auth_config_comprehensive.TestAuthConfigSecurity" name="test_require_email_verification" time="0.000" /><testcase classname="tests.unit.test_auth_config_comprehensive.TestAuthConfigSecurity" name="test_get_token_blacklist_ttl" time="0.000" /><testcase classname="tests.unit.test_auth_config_comprehensive.TestAuthConfigSecurity" name="test_get_rate_limit_requests" time="0.000" /><testcase classname="tests.unit.test_auth_config_comprehensive.TestAuthConfigSecurity" name="test_get_allowed_origins" time="0.000" /><testcase classname="tests.unit.test_auth_config_comprehensive.TestAuthConfigDefaults" name="test_default_values_when_env_empty" time="0.001"><failure message="assert 5 == 15">tests\unit\test_auth_config_comprehensive.py:341: in test_default_values_when_env_empty
    assert expiry == 15  # Default value
    ^^^^^^^^^^^^^^^^^^^
E   assert 5 == 15</failure></testcase><testcase classname="tests.unit.test_auth_config_comprehensive.TestAuthConfigDefaults" name="test_type_conversion" time="0.001"><failure message="assert 5 == 30">tests\unit\test_auth_config_comprehensive.py:353: in test_type_conversion
    assert expiry == 30
E   assert 5 == 30</failure></testcase><testcase classname="tests.unit.test_auth_config_comprehensive.TestAuthConfigDefaults" name="test_boolean_conversion" time="0.001"><failure message="assert False is True&#10; +  where False = &lt;function AuthConfig.require_email_verification at 0x0000023814D63A60&gt;()&#10; +    where &lt;function AuthConfig.require_email_verification at 0x0000023814D63A60&gt; = AuthConfig.require_email_verification">tests\unit\test_auth_config_comprehensive.py:359: in test_boolean_conversion
    assert AuthConfig.require_email_verification() is True
E   assert False is True
E    +  where False = &lt;function AuthConfig.require_email_verification at 0x0000023814D63A60&gt;()
E    +    where &lt;function AuthConfig.require_email_verification at 0x0000023814D63A60&gt; = AuthConfig.require_email_verification</failure></testcase><testcase classname="tests.unit.test_auth_config_comprehensive.TestAuthConfigDefaults" name="test_list_conversion" time="0.000" /><testcase classname="tests.unit.test_auth_config_comprehensive.TestAuthConfigDefaults" name="test_environment_specific_defaults" time="0.000" /><testcase classname="tests.unit.test_auth_config_comprehensive.TestAuthConfigValidation" name="test_validate_jwt_secret_length" time="0.001" /><testcase classname="tests.unit.test_auth_config_comprehensive.TestAuthConfigValidation" name="test_validate_service_secret_length" time="0.000" /><testcase classname="tests.unit.test_auth_config_comprehensive.TestAuthConfigValidation" name="test_validate_database_url_format" time="0.001" /><testcase classname="tests.unit.test_auth_config_comprehensive.TestAuthConfigValidation" name="test_validate_redis_url_format" time="0.001" /></testsuite></testsuites>