<?xml version="1.0" encoding="utf-8"?><testsuites name="pytest tests"><testsuite name="pytest" errors="9" failures="0" skipped="0" tests="9" time="4.472" timestamp="2025-09-07T05:54:08.885447-07:00" hostname="Anthony"><testcase classname="tests.unit.test_auth_config_comprehensive" name="TestDatabaseManager" time="0.000"><error message="collection failure">C:\Users\antho\AppData\Roaming\Python\Python312\site-packages\_pytest\runner.py:344: in from_call
    result: TResult | None = func()
                             ^^^^^^
C:\Users\antho\AppData\Roaming\Python\Python312\site-packages\_pytest\runner.py:389: in collect
    return list(collector.collect())
                ^^^^^^^^^^^^^^^^^^^
C:\Users\antho\AppData\Roaming\Python\Python312\site-packages\_pytest\python.py:752: in collect
    self.warn(
C:\Users\antho\AppData\Roaming\Python\Python312\site-packages\_pytest\nodes.py:271: in warn
    warnings.warn_explicit(
E   pytest.PytestCollectionWarning: cannot collect test class 'TestDatabaseManager' because it has a __init__ constructor (from: tests/unit/test_auth_config_comprehensive.py)</error></testcase><testcase classname="tests.unit.test_auth_config_comprehensive" name="TestRedisManager" time="0.000"><error message="collection failure">C:\Users\antho\AppData\Roaming\Python\Python312\site-packages\_pytest\runner.py:344: in from_call
    result: TResult | None = func()
                             ^^^^^^
C:\Users\antho\AppData\Roaming\Python\Python312\site-packages\_pytest\runner.py:389: in collect
    return list(collector.collect())
                ^^^^^^^^^^^^^^^^^^^
C:\Users\antho\AppData\Roaming\Python\Python312\site-packages\_pytest\python.py:752: in collect
    self.warn(
C:\Users\antho\AppData\Roaming\Python\Python312\site-packages\_pytest\nodes.py:271: in warn
    warnings.warn_explicit(
E   pytest.PytestCollectionWarning: cannot collect test class 'TestRedisManager' because it has a __init__ constructor (from: tests/unit/test_auth_config_comprehensive.py)</error></testcase><testcase classname="" name="tests.unit.test_auth_endpoint_response_consistency" time="0.000"><error message="collection failure">ImportError while importing test module 'C:\Users\antho\OneDrive\Desktop\Netra\netra-core-generation-1\auth_service\tests\unit\test_auth_endpoint_response_consistency.py'.
Hint: make sure your test modules/packages have valid Python names.
Traceback:
C:\Users\antho\AppData\Roaming\Python\Python312\site-packages\_pytest\python.py:498: in importtestmodule
    mod = import_path(
C:\Users\antho\AppData\Roaming\Python\Python312\site-packages\_pytest\pathlib.py:587: in import_path
    importlib.import_module(module_name)
C:\Users\antho\miniconda3\Lib\importlib\__init__.py:90: in import_module
    return _bootstrap._gcd_import(name[level:], package, level)
           ^^^^^^^^^^^^^^^^^^^^^^^^^^^^^^^^^^^^^^^^^^^^^^^^^^^^
&lt;frozen importlib._bootstrap&gt;:1387: in _gcd_import
    ???
&lt;frozen importlib._bootstrap&gt;:1360: in _find_and_load
    ???
&lt;frozen importlib._bootstrap&gt;:1331: in _find_and_load_unlocked
    ???
&lt;frozen importlib._bootstrap&gt;:935: in _load_unlocked
    ???
C:\Users\antho\AppData\Roaming\Python\Python312\site-packages\_pytest\assertion\rewrite.py:186: in exec_module
    exec(co, module.__dict__)
tests\unit\test_auth_endpoint_response_consistency.py:15: in &lt;module&gt;
    from auth_service.core.auth_manager import AuthManager
E   ModuleNotFoundError: No module named 'auth_service.core.auth_manager'</error></testcase><testcase classname="" name="tests.unit.test_auth_endpoint_validation_security" time="0.000"><error message="collection failure">ImportError while importing test module 'C:\Users\antho\OneDrive\Desktop\Netra\netra-core-generation-1\auth_service\tests\unit\test_auth_endpoint_validation_security.py'.
Hint: make sure your test modules/packages have valid Python names.
Traceback:
C:\Users\antho\AppData\Roaming\Python\Python312\site-packages\_pytest\python.py:498: in importtestmodule
    mod = import_path(
C:\Users\antho\AppData\Roaming\Python\Python312\site-packages\_pytest\pathlib.py:587: in import_path
    importlib.import_module(module_name)
C:\Users\antho\miniconda3\Lib\importlib\__init__.py:90: in import_module
    return _bootstrap._gcd_import(name[level:], package, level)
           ^^^^^^^^^^^^^^^^^^^^^^^^^^^^^^^^^^^^^^^^^^^^^^^^^^^^
&lt;frozen importlib._bootstrap&gt;:1387: in _gcd_import
    ???
&lt;frozen importlib._bootstrap&gt;:1360: in _find_and_load
    ???
&lt;frozen importlib._bootstrap&gt;:1331: in _find_and_load_unlocked
    ???
&lt;frozen importlib._bootstrap&gt;:935: in _load_unlocked
    ???
C:\Users\antho\AppData\Roaming\Python\Python312\site-packages\_pytest\assertion\rewrite.py:186: in exec_module
    exec(co, module.__dict__)
tests\unit\test_auth_endpoint_validation_security.py:15: in &lt;module&gt;
    from auth_service.core.auth_manager import AuthManager
E   ModuleNotFoundError: No module named 'auth_service.core.auth_manager'</error></testcase><testcase classname="" name="tests.unit.test_docker_hostname_resolution" time="0.000"><error message="collection failure">ImportError while importing test module 'C:\Users\antho\OneDrive\Desktop\Netra\netra-core-generation-1\auth_service\tests\unit\test_docker_hostname_resolution.py'.
Hint: make sure your test modules/packages have valid Python names.
Traceback:
C:\Users\antho\AppData\Roaming\Python\Python312\site-packages\_pytest\python.py:498: in importtestmodule
    mod = import_path(
C:\Users\antho\AppData\Roaming\Python\Python312\site-packages\_pytest\pathlib.py:587: in import_path
    importlib.import_module(module_name)
C:\Users\antho\miniconda3\Lib\importlib\__init__.py:90: in import_module
    return _bootstrap._gcd_import(name[level:], package, level)
           ^^^^^^^^^^^^^^^^^^^^^^^^^^^^^^^^^^^^^^^^^^^^^^^^^^^^
&lt;frozen importlib._bootstrap&gt;:1387: in _gcd_import
    ???
&lt;frozen importlib._bootstrap&gt;:1360: in _find_and_load
    ???
&lt;frozen importlib._bootstrap&gt;:1331: in _find_and_load_unlocked
    ???
&lt;frozen importlib._bootstrap&gt;:935: in _load_unlocked
    ???
C:\Users\antho\AppData\Roaming\Python\Python312\site-packages\_pytest\assertion\rewrite.py:186: in exec_module
    exec(co, module.__dict__)
tests\unit\test_docker_hostname_resolution.py:4: in &lt;module&gt;
    from auth_service.core.auth_manager import AuthManager
E   ModuleNotFoundError: No module named 'auth_service.core.auth_manager'</error></testcase><testcase classname="" name="tests.unit.test_oauth_comprehensive" time="0.000"><error message="collection failure">ImportError while importing test module 'C:\Users\antho\OneDrive\Desktop\Netra\netra-core-generation-1\auth_service\tests\unit\test_oauth_comprehensive.py'.
Hint: make sure your test modules/packages have valid Python names.
Traceback:
C:\Users\antho\AppData\Roaming\Python\Python312\site-packages\_pytest\python.py:498: in importtestmodule
    mod = import_path(
C:\Users\antho\AppData\Roaming\Python\Python312\site-packages\_pytest\pathlib.py:587: in import_path
    importlib.import_module(module_name)
C:\Users\antho\miniconda3\Lib\importlib\__init__.py:90: in import_module
    return _bootstrap._gcd_import(name[level:], package, level)
           ^^^^^^^^^^^^^^^^^^^^^^^^^^^^^^^^^^^^^^^^^^^^^^^^^^^^
&lt;frozen importlib._bootstrap&gt;:1387: in _gcd_import
    ???
&lt;frozen importlib._bootstrap&gt;:1360: in _find_and_load
    ???
&lt;frozen importlib._bootstrap&gt;:1331: in _find_and_load_unlocked
    ???
&lt;frozen importlib._bootstrap&gt;:935: in _load_unlocked
    ???
C:\Users\antho\AppData\Roaming\Python\Python312\site-packages\_pytest\assertion\rewrite.py:186: in exec_module
    exec(co, module.__dict__)
tests\unit\test_oauth_comprehensive.py:14: in &lt;module&gt;
    from auth_service.core.auth_manager import AuthManager
E   ModuleNotFoundError: No module named 'auth_service.core.auth_manager'</error></testcase><testcase classname="" name="tests.unit.test_oauth_redirect_uri_regression" time="0.000"><error message="collection failure">ImportError while importing test module 'C:\Users\antho\OneDrive\Desktop\Netra\netra-core-generation-1\auth_service\tests\unit\test_oauth_redirect_uri_regression.py'.
Hint: make sure your test modules/packages have valid Python names.
Traceback:
C:\Users\antho\AppData\Roaming\Python\Python312\site-packages\_pytest\python.py:498: in importtestmodule
    mod = import_path(
C:\Users\antho\AppData\Roaming\Python\Python312\site-packages\_pytest\pathlib.py:587: in import_path
    importlib.import_module(module_name)
C:\Users\antho\miniconda3\Lib\importlib\__init__.py:90: in import_module
    return _bootstrap._gcd_import(name[level:], package, level)
           ^^^^^^^^^^^^^^^^^^^^^^^^^^^^^^^^^^^^^^^^^^^^^^^^^^^^
&lt;frozen importlib._bootstrap&gt;:1387: in _gcd_import
    ???
&lt;frozen importlib._bootstrap&gt;:1360: in _find_and_load
    ???
&lt;frozen importlib._bootstrap&gt;:1331: in _find_and_load_unlocked
    ???
&lt;frozen importlib._bootstrap&gt;:935: in _load_unlocked
    ???
C:\Users\antho\AppData\Roaming\Python\Python312\site-packages\_pytest\assertion\rewrite.py:186: in exec_module
    exec(co, module.__dict__)
tests\unit\test_oauth_redirect_uri_regression.py:13: in &lt;module&gt;
    from auth_service.core.auth_manager import AuthManager
E   ModuleNotFoundError: No module named 'auth_service.core.auth_manager'</error></testcase><testcase classname="" name="tests.unit.test_refresh_endpoint" time="0.000"><error message="collection failure">ImportError while importing test module 'C:\Users\antho\OneDrive\Desktop\Netra\netra-core-generation-1\auth_service\tests\unit\test_refresh_endpoint.py'.
Hint: make sure your test modules/packages have valid Python names.
Traceback:
C:\Users\antho\AppData\Roaming\Python\Python312\site-packages\_pytest\python.py:498: in importtestmodule
    mod = import_path(
C:\Users\antho\AppData\Roaming\Python\Python312\site-packages\_pytest\pathlib.py:587: in import_path
    importlib.import_module(module_name)
C:\Users\antho\miniconda3\Lib\importlib\__init__.py:90: in import_module
    return _bootstrap._gcd_import(name[level:], package, level)
           ^^^^^^^^^^^^^^^^^^^^^^^^^^^^^^^^^^^^^^^^^^^^^^^^^^^^
&lt;frozen importlib._bootstrap&gt;:1387: in _gcd_import
    ???
&lt;frozen importlib._bootstrap&gt;:1360: in _find_and_load
    ???
&lt;frozen importlib._bootstrap&gt;:1331: in _find_and_load_unlocked
    ???
&lt;frozen importlib._bootstrap&gt;:935: in _load_unlocked
    ???
C:\Users\antho\AppData\Roaming\Python\Python312\site-packages\_pytest\assertion\rewrite.py:186: in exec_module
    exec(co, module.__dict__)
tests\unit\test_refresh_endpoint.py:13: in &lt;module&gt;
    from auth_service.core.auth_manager import AuthManager
E   ModuleNotFoundError: No module named 'auth_service.core.auth_manager'</error></testcase><testcase classname="" name="tests.unit.test_registration_regression" time="0.000"><error message="collection failure">ImportError while importing test module 'C:\Users\antho\OneDrive\Desktop\Netra\netra-core-generation-1\auth_service\tests\unit\test_registration_regression.py'.
Hint: make sure your test modules/packages have valid Python names.
Traceback:
C:\Users\antho\AppData\Roaming\Python\Python312\site-packages\_pytest\python.py:498: in importtestmodule
    mod = import_path(
C:\Users\antho\AppData\Roaming\Python\Python312\site-packages\_pytest\pathlib.py:587: in import_path
    importlib.import_module(module_name)
C:\Users\antho\miniconda3\Lib\importlib\__init__.py:90: in import_module
    return _bootstrap._gcd_import(name[level:], package, level)
           ^^^^^^^^^^^^^^^^^^^^^^^^^^^^^^^^^^^^^^^^^^^^^^^^^^^^
&lt;frozen importlib._bootstrap&gt;:1387: in _gcd_import
    ???
&lt;frozen importlib._bootstrap&gt;:1360: in _find_and_load
    ???
&lt;frozen importlib._bootstrap&gt;:1331: in _find_and_load_unlocked
    ???
&lt;frozen importlib._bootstrap&gt;:935: in _load_unlocked
    ???
C:\Users\antho\AppData\Roaming\Python\Python312\site-packages\_pytest\assertion\rewrite.py:186: in exec_module
    exec(co, module.__dict__)
tests\unit\test_registration_regression.py:10: in &lt;module&gt;
    from auth_service.core.auth_manager import AuthManager
E   ModuleNotFoundError: No module named 'auth_service.core.auth_manager'</error></testcase></testsuite></testsuites>