<?xml version="1.0" encoding="utf-8"?><testsuites name="pytest tests"><testsuite name="pytest" errors="1" failures="1" skipped="0" tests="1" time="0.730" timestamp="2025-09-04T22:44:32.303676-07:00" hostname="Anthony"><testcase classname="tests.test_redis_staging_connectivity_fixes.TestRedisConnectivityFixes" name="test_redis_url_from_environment_variable" time="0.184"><failure message="AssertionError: assert 'redis://localhost:6380/2' == 'redis://test-redis:6379'&#10;  &#10;  - redis://test-redis:6379&#10;  + redis://localhost:6380/2">tests\test_redis_staging_connectivity_fixes.py:52: in test_redis_url_from_environment_variable
    assert redis_url == 'redis://test-redis:6379'
E   AssertionError: assert 'redis://localhost:6380/2' == 'redis://test-redis:6379'
E     
E     - redis://test-redis:6379
E     + redis://localhost:6380/2</failure></testcase><testcase classname="tests.test_redis_staging_connectivity_fixes.TestRedisConnectivityFixes" name="test_redis_url_from_environment_variable" time="0.005"><error message="failed on teardown with &quot;AttributeError: 'AuthRedisManager' object has no attribute 'close'&quot;">tests\test_redis_staging_connectivity_fixes.py:33: in redis_manager
    asyncio.create_task(manager.close())
                        ^^^^^^^^^^^^^
E   AttributeError: 'AuthRedisManager' object has no attribute 'close'</error></testcase></testsuite></testsuites>