<?xml version="1.0" encoding="utf-8"?><testsuites name="pytest tests"><testsuite name="pytest" errors="0" failures="0" skipped="0" tests="0" time="5.648" timestamp="2025-09-01T19:25:38.160948-07:00" hostname="Anthony" /></testsuites>