<?xml version="1.0" encoding="utf-8"?><testsuites name="pytest tests"><testsuite name="pytest" errors="0" failures="0" skipped="0" tests="3" time="4.977" timestamp="2025-08-28T01:41:34.788869-07:00" hostname="Anthony"><testcase classname="tests.test_auth_comprehensive.TestAuthConfiguration" name="test_environment_setup" time="0.218" /><testcase classname="tests.test_auth_comprehensive.TestAuthConfiguration" name="test_auth_config_initialization" time="0.002" /><testcase classname="tests.test_auth_comprehensive.TestAuthConfiguration" name="test_auth_provider_enum" time="0.003" /></testsuite></testsuites>