<?xml version="1.0" encoding="utf-8"?><testsuites name="pytest tests"><testsuite name="pytest" errors="0" failures="1" skipped="0" tests="31" time="2.959" timestamp="2025-09-08T13:32:41.179782-07:00" hostname="Anthony"><testcase classname="tests.unit.test_auth_environment_comprehensive.TestAuthEnvironmentInitialization" name="test_initialization_with_minimal_config" time="0.958" /><testcase classname="tests.unit.test_auth_environment_comprehensive.TestAuthEnvironmentInitialization" name="test_initialization_validates_config" time="0.003" /><testcase classname="tests.unit.test_auth_environment_comprehensive.TestAuthEnvironmentInitialization" name="test_validation_logs_missing_required_vars" time="0.007" /><testcase classname="tests.unit.test_auth_environment_comprehensive.TestJWTConfiguration" name="test_get_jwt_secret_key_uses_unified_manager" time="0.016" /><testcase classname="tests.unit.test_auth_environment_comprehensive.TestJWTConfiguration" name="test_get_jwt_secret_key_falls_back_on_unified_failure" time="0.007" /><testcase classname="tests.unit.test_auth_environment_comprehensive.TestJWTConfiguration" name="test_get_jwt_secret_key_environment_specific" time="0.007" /><testcase classname="tests.unit.test_auth_environment_comprehensive.TestJWTConfiguration" name="test_get_jwt_secret_key_generates_dev_fallback" time="0.009" /><testcase classname="tests.unit.test_auth_environment_comprehensive.TestJWTConfiguration" name="test_get_jwt_secret_key_generates_test_fallback" time="0.014" /><testcase classname="tests.unit.test_auth_environment_comprehensive.TestJWTConfiguration" name="test_get_jwt_secret_key_fails_for_staging_without_config" time="0.012" /><testcase classname="tests.unit.test_auth_environment_comprehensive.TestJWTConfiguration" name="test_get_jwt_secret_key_fails_for_production_without_config" time="0.011" /><testcase classname="tests.unit.test_auth_environment_comprehensive.TestJWTConfiguration" name="test_get_jwt_algorithm_environment_specific" time="0.006" /><testcase classname="tests.unit.test_auth_environment_comprehensive.TestJWTConfiguration" name="test_get_jwt_algorithm_respects_explicit_config" time="0.004" /><testcase classname="tests.unit.test_auth_environment_comprehensive.TestJWTConfiguration" name="test_get_jwt_expiration_minutes_environment_defaults" time="0.008" /><testcase classname="tests.unit.test_auth_environment_comprehensive.TestJWTConfiguration" name="test_get_jwt_expiration_minutes_respects_config" time="0.002" /><testcase classname="tests.unit.test_auth_environment_comprehensive.TestJWTConfiguration" name="test_get_jwt_expiration_minutes_handles_invalid_config" time="0.004" /><testcase classname="tests.unit.test_auth_environment_comprehensive.TestJWTConfiguration" name="test_get_refresh_token_expiration_days_environment_defaults" time="0.006" /><testcase classname="tests.unit.test_auth_environment_comprehensive.TestSecretKeyConfiguration" name="test_get_secret_key_with_explicit_config" time="0.002" /><testcase classname="tests.unit.test_auth_environment_comprehensive.TestSecretKeyConfiguration" name="test_get_secret_key_generates_dev_fallback" time="0.004" /><testcase classname="tests.unit.test_auth_environment_comprehensive.TestSecretKeyConfiguration" name="test_get_secret_key_generates_test_fallback" time="0.004" /><testcase classname="tests.unit.test_auth_environment_comprehensive.TestSecretKeyConfiguration" name="test_get_secret_key_fails_for_staging_without_config" time="0.009" /><testcase classname="tests.unit.test_auth_environment_comprehensive.TestSecretKeyConfiguration" name="test_get_bcrypt_rounds_environment_defaults" time="0.006" /><testcase classname="tests.unit.test_auth_environment_comprehensive.TestDatabaseConfiguration" name="test_get_database_url_uses_sqlite_for_test" time="0.004" /><testcase classname="tests.unit.test_auth_environment_comprehensive.TestDatabaseConfiguration" name="test_get_database_url_uses_builder_for_non_test" time="0.006" /><testcase classname="tests.unit.test_auth_environment_comprehensive.TestDatabaseConfiguration" name="test_get_database_url_fails_gracefully_when_builder_fails" time="0.010" /><testcase classname="tests.unit.test_auth_environment_comprehensive.TestDatabaseConfiguration" name="test_get_postgres_host_environment_defaults" time="0.006" /><testcase classname="tests.unit.test_auth_environment_comprehensive.TestDatabaseConfiguration" name="test_get_postgres_port_environment_defaults" time="0.007" /><testcase classname="tests.unit.test_auth_environment_comprehensive.TestDatabaseConfiguration" name="test_get_postgres_port_handles_invalid_config" time="0.009" /><testcase classname="tests.unit.test_auth_environment_comprehensive.TestDatabaseConfiguration" name="test_get_postgres_user_environment_defaults" time="0.007" /><testcase classname="tests.unit.test_auth_environment_comprehensive.TestDatabaseConfiguration" name="test_get_postgres_password_environment_defaults" time="0.012" /><testcase classname="tests.unit.test_auth_environment_comprehensive.TestDatabaseConfiguration" name="test_get_postgres_db_environment_defaults" time="0.008" /><testcase classname="tests.unit.test_auth_environment_comprehensive.TestRedisConfiguration" name="test_get_redis_url_environment_defaults" time="0.026"><failure message="Failed: DID NOT RAISE &lt;class 'ValueError'&gt;">tests\unit\test_auth_environment_comprehensive.py:474: in test_get_redis_url_environment_defaults
    with pytest.raises(expected):
E   Failed: DID NOT RAISE &lt;class 'ValueError'&gt;</failure></testcase></testsuite></testsuites>