<?xml version="1.0" encoding="utf-8"?><testsuites name="pytest tests"><testsuite name="pytest" errors="0" failures="0" skipped="0" tests="18" time="3.989" timestamp="2025-09-04T23:03:28.822143-07:00" hostname="Anthony"><testcase classname="tests.unit.test_refresh_endpoint.TestRefreshEndpointUnit" name="test_refresh_with_valid_token_in_body" time="0.254" /><testcase classname="tests.unit.test_refresh_endpoint.TestRefreshEndpointUnit" name="test_refresh_with_camelcase_field" time="0.008" /><testcase classname="tests.unit.test_refresh_endpoint.TestRefreshEndpointUnit" name="test_refresh_with_token_field" time="0.008" /><testcase classname="tests.unit.test_refresh_endpoint.TestRefreshEndpointUnit" name="test_refresh_missing_token_field" time="0.007" /><testcase classname="tests.unit.test_refresh_endpoint.TestRefreshEndpointUnit" name="test_refresh_with_invalid_json" time="0.007" /><testcase classname="tests.unit.test_refresh_endpoint.TestRefreshEndpointUnit" name="test_refresh_with_invalid_token" time="0.007" /><testcase classname="tests.unit.test_refresh_endpoint.TestRefreshEndpointUnit" name="test_refresh_with_service_error" time="0.007" /><testcase classname="tests.unit.test_refresh_endpoint.TestJWTHandlerRefreshTokens" name="test_create_refresh_token" time="0.002" /><testcase classname="tests.unit.test_refresh_endpoint.TestJWTHandlerRefreshTokens" name="test_validate_refresh_token_success" time="0.001" /><testcase classname="tests.unit.test_refresh_endpoint.TestJWTHandlerRefreshTokens" name="test_validate_refresh_token_wrong_type" time="0.002" /><testcase classname="tests.unit.test_refresh_endpoint.TestJWTHandlerRefreshTokens" name="test_validate_expired_refresh_token" time="0.001" /><testcase classname="tests.unit.test_refresh_endpoint.TestJWTHandlerRefreshTokens" name="test_validate_malformed_refresh_token" time="0.001" /><testcase classname="tests.unit.test_refresh_endpoint.TestJWTHandlerRefreshTokens" name="test_refresh_token_blacklist_check" time="0.001" /><testcase classname="tests.unit.test_refresh_endpoint.TestJWTHandlerRefreshTokens" name="test_refresh_token_expiry_time" time="0.001" /><testcase classname="tests.unit.test_refresh_endpoint.TestAuthServiceRefreshLogic" name="test_refresh_tokens_success" time="0.005" /><testcase classname="tests.unit.test_refresh_endpoint.TestAuthServiceRefreshLogic" name="test_refresh_tokens_invalid_token" time="0.003" /><testcase classname="tests.unit.test_refresh_endpoint.TestAuthServiceRefreshLogic" name="test_refresh_tokens_race_condition" time="0.003" /><testcase classname="tests.unit.test_refresh_endpoint.TestAuthServiceRefreshLogic" name="test_refresh_updates_session" time="0.004" /></testsuite></testsuites>