<?xml version="1.0" encoding="utf-8"?><testsuites name="pytest tests"><testsuite name="pytest" errors="0" failures="0" skipped="0" tests="43" time="0.391" timestamp="2025-08-26T01:37:21.012564-07:00" hostname="Anthony"><testcase classname="tests.test_auth_integration_comprehensive.TestCompleteUserRegistrationFlow" name="test_complete_user_registration_flow" time="0.150" /><testcase classname="tests.test_auth_integration_comprehensive.TestCompleteUserRegistrationFlow" name="test_registration_with_duplicate_email" time="0.002" /><testcase classname="tests.test_auth_integration_comprehensive.TestCompleteUserRegistrationFlow" name="test_email_verification_with_expired_token" time="0.002" /><testcase classname="tests.test_auth_integration_comprehensive.TestCompleteUserRegistrationFlow" name="test_login_before_email_verification" time="0.002" /><testcase classname="tests.test_auth_integration_comprehensive.TestOAuthIntegrationFlow" name="test_google_oauth_complete_flow" time="0.002" /><testcase classname="tests.test_auth_integration_comprehensive.TestOAuthIntegrationFlow" name="test_oauth_new_user_creation" time="0.003" /><testcase classname="tests.test_auth_integration_comprehensive.TestOAuthIntegrationFlow" name="test_oauth_account_linking" time="0.002" /><testcase classname="tests.test_auth_integration_comprehensive.TestOAuthIntegrationFlow" name="test_oauth_state_mismatch_security" time="0.002" /><testcase classname="tests.test_auth_integration_comprehensive.TestOAuthIntegrationFlow" name="test_oauth_provider_error_handling" time="0.002" /><testcase classname="tests.test_auth_integration_comprehensive.TestJWTTokenLifecycleManagement" name="test_jwt_token_generation_and_validation" time="0.002" /><testcase classname="tests.test_auth_integration_comprehensive.TestJWTTokenLifecycleManagement" name="test_jwt_token_refresh_flow" time="0.002" /><testcase classname="tests.test_auth_integration_comprehensive.TestJWTTokenLifecycleManagement" name="test_jwt_token_expiration_handling" time="0.002" /><testcase classname="tests.test_auth_integration_comprehensive.TestJWTTokenLifecycleManagement" name="test_jwt_token_blacklisting" time="0.003" /><testcase classname="tests.test_auth_integration_comprehensive.TestJWTTokenLifecycleManagement" name="test_session_token_synchronization" time="0.003" /><testcase classname="tests.test_auth_integration_comprehensive.TestPasswordResetIntegration" name="test_complete_password_reset_flow" time="0.002" /><testcase classname="tests.test_auth_integration_comprehensive.TestPasswordResetIntegration" name="test_password_reset_with_invalid_email" time="0.002" /><testcase classname="tests.test_auth_integration_comprehensive.TestPasswordResetIntegration" name="test_password_reset_token_expiration" time="0.002" /><testcase classname="tests.test_auth_integration_comprehensive.TestPasswordResetIntegration" name="test_password_reset_rate_limiting" time="0.002" /><testcase classname="tests.test_auth_integration_comprehensive.TestAuthStateManagementIntegration" name="test_user_state_synchronization_across_sessions" time="0.003" /><testcase classname="tests.test_auth_integration_comprehensive.TestAuthStateManagementIntegration" name="test_concurrent_session_management" time="0.002" /><testcase classname="tests.test_auth_integration_comprehensive.TestAuthStateManagementIntegration" name="test_auth_state_consistency_validation" time="0.002" /><testcase classname="tests.test_auth_integration_comprehensive.TestAuthStateManagementIntegration" name="test_cross_service_auth_state_propagation" time="0.002" /><testcase classname="tests.test_cross_service_auth_consistency.TestAuthServiceToBackendIntegration" name="test_auth_token_validation_consistency" time="0.002" /><testcase classname="tests.test_cross_service_auth_consistency.TestAuthServiceToBackendIntegration" name="test_user_profile_synchronization" time="0.002" /><testcase classname="tests.test_cross_service_auth_consistency.TestAuthServiceToBackendIntegration" name="test_user_status_change_propagation" time="0.003" /><testcase classname="tests.test_cross_service_auth_consistency.TestAuthServiceToBackendIntegration" name="test_auth_service_health_check_integration" time="0.002" /><testcase classname="tests.test_cross_service_auth_consistency.TestAuthServiceToBackendIntegration" name="test_cross_service_auth_failure_handling" time="0.002" /><testcase classname="tests.test_cross_service_auth_consistency.TestFrontendAuthIntegration" name="test_frontend_login_flow_integration" time="0.002" /><testcase classname="tests.test_cross_service_auth_consistency.TestFrontendAuthIntegration" name="test_frontend_logout_flow_integration" time="0.003" /><testcase classname="tests.test_cross_service_auth_consistency.TestFrontendAuthIntegration" name="test_frontend_token_refresh_integration" time="0.002" /><testcase classname="tests.test_cross_service_auth_consistency.TestFrontendAuthIntegration" name="test_frontend_auth_state_synchronization" time="0.002" /><testcase classname="tests.test_cross_service_auth_consistency.TestAPIGatewayAuthIntegration" name="test_api_gateway_auth_validation_flow" time="0.002" /><testcase classname="tests.test_cross_service_auth_consistency.TestAPIGatewayAuthIntegration" name="test_api_gateway_request_forwarding" time="0.002" /><testcase classname="tests.test_cross_service_auth_consistency.TestAPIGatewayAuthIntegration" name="test_api_gateway_auth_failure_handling" time="0.002" /><testcase classname="tests.test_cross_service_auth_consistency.TestAPIGatewayAuthIntegration" name="test_api_gateway_rate_limiting_integration" time="0.002" /><testcase classname="tests.test_cross_service_auth_consistency.TestServiceToServiceAuthentication" name="test_service_token_generation_and_validation" time="0.002" /><testcase classname="tests.test_cross_service_auth_consistency.TestServiceToServiceAuthentication" name="test_authenticated_service_request" time="0.002" /><testcase classname="tests.test_cross_service_auth_consistency.TestServiceToServiceAuthentication" name="test_service_auth_failure_handling" time="0.002" /><testcase classname="tests.test_cross_service_auth_consistency.TestAuthConfigurationConsistency" name="test_auth_configuration_validation" time="0.002" /><testcase classname="tests.test_cross_service_auth_consistency.TestAuthConfigurationConsistency" name="test_cross_service_config_consistency" time="0.002" /><testcase classname="tests.test_cross_service_auth_consistency.TestAuthConfigurationConsistency" name="test_jwt_settings_validation" time="0.002" /><testcase classname="tests.test_cross_service_auth_consistency.TestAuthConfigurationConsistency" name="test_environment_specific_config_consistency" time="0.002" /><testcase classname="tests.test_cross_service_auth_consistency.TestAuthConfigurationConsistency" name="test_configuration_inconsistency_detection" time="0.004" /></testsuite></testsuites>