<?xml version="1.0" encoding="utf-8"?><testsuites name="pytest tests"><testsuite name="pytest" errors="0" failures="0" skipped="0" tests="1" time="0.325" timestamp="2025-09-07T10:45:01.799231-07:00" hostname="Anthony"><testcase classname="tests.unit.test_database_repository_comprehensive.TestAuthUserRepository" name="test_get_by_email_nonexistent" time="0.217" /></testsuite></testsuites>