<?xml version="1.0" encoding="utf-8"?><testsuites name="pytest tests"><testsuite name="pytest" errors="0" failures="0" skipped="0" tests="11" time="14.206" timestamp="2025-09-08T16:45:59.419271-07:00" hostname="Anthony"><testcase classname="tests.unit.test_auth_business_logic_validation_comprehensive.TestAuthBusinessLogicValidation" name="test_user_registration_business_rules" time="0.658" /><testcase classname="tests.unit.test_auth_business_logic_validation_comprehensive.TestAuthBusinessLogicValidation" name="test_subscription_tier_access_control" time="0.001" /><testcase classname="tests.unit.test_auth_business_logic_validation_comprehensive.TestAuthBusinessLogicValidation" name="test_login_attempt_business_logic" time="0.001" /><testcase classname="tests.unit.test_auth_business_logic_validation_comprehensive.TestAuthBusinessLogicValidation" name="test_account_lifecycle_management" time="0.001" /><testcase classname="tests.unit.test_auth_business_logic_validation_comprehensive.TestAuthBusinessLogicValidation" name="test_business_rule_compliance_validation" time="0.001" /><testcase classname="tests.unit.test_auth_business_logic_validation_comprehensive.TestAuthCrossServiceValidation" name="test_cross_service_token_validation_business_logic" time="0.012" /><testcase classname="tests.unit.test_auth_business_logic_validation_comprehensive.TestAuthSecurityPolicyValidation" name="test_password_policy_business_rules" time="0.010" /><testcase classname="tests.unit.test_auth_business_logic_validation_comprehensive.TestAuthSecurityPolicyValidation" name="test_session_security_policy" time="0.006" /><testcase classname="tests.unit.test_auth_business_logic_validation_comprehensive.TestAuthIntegrationBusinessLogic" name="test_oauth_integration_business_rules" time="0.016" /><testcase classname="tests.unit.test_auth_business_logic_validation_comprehensive.TestAuthAuditBusinessLogic" name="test_audit_logging_business_rules" time="0.008" /><testcase classname="tests.unit.test_auth_business_logic_validation_comprehensive.TestAuthAuditBusinessLogic" name="test_compliance_reporting_business_logic" time="0.017" /></testsuite></testsuites>