<?xml version="1.0" encoding="utf-8"?><testsuites name="pytest tests"><testsuite name="pytest" errors="0" failures="0" skipped="0" tests="1" time="4.560" timestamp="2025-09-08T19:49:47.292134-07:00" hostname="Shivanginis-MacBook-Pro.local"><testcase classname="tests.unit.test_auth_service_business_logic.TestAuthServiceBusinessLogic" name="test_user_lifecycle_business_events" time="0.177" /></testsuite></testsuites>