<?xml version="1.0" encoding="utf-8"?><testsuites name="pytest tests"><testsuite name="pytest" errors="0" failures="2" skipped="0" tests="13" time="3.718" timestamp="2025-09-05T08:48:12.044388-07:00" hostname="Anthony"><testcase classname="tests.unit.test_auth_service_basic.TestAuthServiceCore" name="test_create_user" time="0.208" /><testcase classname="tests.unit.test_auth_service_basic.TestAuthServiceCore" name="test_authenticate_user" time="0.082" /><testcase classname="tests.unit.test_auth_service_basic.TestAuthServiceCore" name="test_authenticate_with_wrong_password_fails" time="0.107" /><testcase classname="tests.unit.test_auth_service_basic.TestAuthServiceCore" name="test_create_access_token" time="0.046" /><testcase classname="tests.unit.test_auth_service_basic.TestAuthServiceCore" name="test_create_refresh_token" time="0.042" /><testcase classname="tests.unit.test_auth_service_basic.TestAuthServiceCore" name="test_validate_token" time="0.043" /><testcase classname="tests.unit.test_auth_service_basic.TestAuthServiceCore" name="test_refresh_tokens" time="0.047" /><testcase classname="tests.unit.test_auth_service_basic.TestAuthServiceCore" name="test_blacklist_token" time="0.042" /><testcase classname="tests.unit.test_auth_service_basic.TestAuthServiceCore" name="test_hash_and_verify_password" time="0.120" /><testcase classname="tests.unit.test_auth_service_basic.TestAuthServiceCore" name="test_register_user" time="0.044" /><testcase classname="tests.unit.test_auth_service_basic.TestAuthServiceCore" name="test_duplicate_registration_fails" time="0.081"><failure message="Failed: DID NOT RAISE &lt;class 'Exception'&gt;">tests\unit\test_auth_service_basic.py:131: in test_duplicate_registration_fails
    with pytest.raises(Exception):
E   Failed: DID NOT RAISE &lt;class 'Exception'&gt;</failure></testcase><testcase classname="tests.unit.test_auth_service_basic.TestAuthServiceCore" name="test_invalidate_user_sessions" time="0.042" /><testcase classname="tests.unit.test_auth_service_basic.TestAuthServiceCore" name="test_create_service_token" time="0.003"><failure message="AttributeError: 'str' object has no attribute 'service_id'">tests\unit\test_auth_service_basic.py:147: in test_create_service_token
    token = await self.service.create_service_token(service_id)
            ^^^^^^^^^^^^^^^^^^^^^^^^^^^^^^^^^^^^^^^^^^^^^^^^^^^
auth_core\services\auth_service.py:518: in create_service_token
    request.service_id,
    ^^^^^^^^^^^^^^^^^^
E   AttributeError: 'str' object has no attribute 'service_id'</failure></testcase></testsuite></testsuites>