<?xml version="1.0" encoding="utf-8"?><testsuites name="pytest tests"><testsuite name="pytest" errors="0" failures="0" skipped="0" tests="35" time="7.867" timestamp="2025-09-07T17:20:30.868976-07:00" hostname="Anthony"><testcase classname="tests.unit.test_oauth_manager_ssot_comprehensive.TestOAuthManagerSSotInitialization" name="test_oauth_manager_initializes_with_real_providers" time="1.783" /><testcase classname="tests.unit.test_oauth_manager_ssot_comprehensive.TestOAuthManagerSSotInitialization" name="test_oauth_manager_provider_registration_integrity" time="0.002" /><testcase classname="tests.unit.test_oauth_manager_ssot_comprehensive.TestOAuthManagerSSotInitialization" name="test_oauth_manager_handles_provider_initialization_exceptions" time="0.006" /><testcase classname="tests.unit.test_oauth_manager_ssot_comprehensive.TestOAuthManagerSSotInitialization" name="test_oauth_manager_initialization_performance" time="0.002" /><testcase classname="tests.unit.test_oauth_manager_ssot_comprehensive.TestOAuthManagerSSotProviderManagement" name="test_get_available_providers_returns_consistent_results" time="0.002" /><testcase classname="tests.unit.test_oauth_manager_ssot_comprehensive.TestOAuthManagerSSotProviderManagement" name="test_get_provider_google_returns_valid_instance_or_none" time="0.002" /><testcase classname="tests.unit.test_oauth_manager_ssot_comprehensive.TestOAuthManagerSSotProviderManagement" name="test_get_provider_with_invalid_names" time="0.002" /><testcase classname="tests.unit.test_oauth_manager_ssot_comprehensive.TestOAuthManagerSSotProviderManagement" name="test_provider_instance_isolation" time="0.002" /><testcase classname="tests.unit.test_oauth_manager_ssot_comprehensive.TestOAuthManagerSSotProviderConfiguration" name="test_is_provider_configured_accurate_status" time="0.002" /><testcase classname="tests.unit.test_oauth_manager_ssot_comprehensive.TestOAuthManagerSSotProviderConfiguration" name="test_get_provider_status_comprehensive_information" time="0.002" /><testcase classname="tests.unit.test_oauth_manager_ssot_comprehensive.TestOAuthManagerSSotProviderConfiguration" name="test_get_provider_status_error_handling" time="0.002" /><testcase classname="tests.unit.test_oauth_manager_ssot_comprehensive.TestOAuthManagerSSotProviderConfiguration" name="test_provider_configuration_consistency" time="0.002" /><testcase classname="tests.unit.test_oauth_manager_ssot_comprehensive.TestOAuthManagerSSotMultiEnvironment" name="test_oauth_manager_development_environment" time="0.007" /><testcase classname="tests.unit.test_oauth_manager_ssot_comprehensive.TestOAuthManagerSSotMultiEnvironment" name="test_oauth_manager_staging_environment" time="0.002" /><testcase classname="tests.unit.test_oauth_manager_ssot_comprehensive.TestOAuthManagerSSotMultiEnvironment" name="test_oauth_manager_production_environment" time="0.002" /><testcase classname="tests.unit.test_oauth_manager_ssot_comprehensive.TestOAuthManagerSSotMultiEnvironment" name="test_oauth_manager_test_environment" time="0.002" /><testcase classname="tests.unit.test_oauth_manager_ssot_comprehensive.TestOAuthManagerSSotMultiEnvironment" name="test_environment_configuration_isolation" time="0.003" /><testcase classname="tests.unit.test_oauth_manager_ssot_comprehensive.TestOAuthManagerSSotSecurityPatterns" name="test_oauth_manager_prevents_credential_leakage" time="0.002" /><testcase classname="tests.unit.test_oauth_manager_ssot_comprehensive.TestOAuthManagerSSotSecurityPatterns" name="test_oauth_manager_input_sanitization" time="0.002" /><testcase classname="tests.unit.test_oauth_manager_ssot_comprehensive.TestOAuthManagerSSotSecurityPatterns" name="test_oauth_manager_state_isolation" time="0.003" /><testcase classname="tests.unit.test_oauth_manager_ssot_comprehensive.TestOAuthManagerSSotSecurityPatterns" name="test_oauth_manager_csrf_protection_readiness" time="0.002" /><testcase classname="tests.unit.test_oauth_manager_ssot_comprehensive.TestOAuthManagerSSotSecurityPatterns" name="test_oauth_manager_callback_validation_readiness" time="0.002" /><testcase classname="tests.unit.test_oauth_manager_ssot_comprehensive.TestOAuthManagerSSotConcurrency" name="test_oauth_manager_concurrent_initialization" time="0.011" /><testcase classname="tests.unit.test_oauth_manager_ssot_comprehensive.TestOAuthManagerSSotConcurrency" name="test_oauth_manager_concurrent_provider_access" time="0.010" /><testcase classname="tests.unit.test_oauth_manager_ssot_comprehensive.TestOAuthManagerSSotConcurrency" name="test_oauth_manager_high_frequency_access" time="0.003" /><testcase classname="tests.unit.test_oauth_manager_ssot_comprehensive.TestOAuthManagerSSotConcurrency" name="test_oauth_manager_memory_stability_under_load" time="0.148" /><testcase classname="tests.unit.test_oauth_manager_ssot_comprehensive.TestOAuthManagerSSotErrorBoundaries" name="test_oauth_manager_handles_provider_creation_failures" time="0.002" /><testcase classname="tests.unit.test_oauth_manager_ssot_comprehensive.TestOAuthManagerSSotErrorBoundaries" name="test_oauth_manager_invalid_environment_handling" time="0.007" /><testcase classname="tests.unit.test_oauth_manager_ssot_comprehensive.TestOAuthManagerSSotErrorBoundaries" name="test_oauth_manager_resource_exhaustion_protection" time="0.043" /><testcase classname="tests.unit.test_oauth_manager_ssot_comprehensive.TestOAuthManagerSSotErrorBoundaries" name="test_oauth_manager_partial_configuration_handling" time="0.005" /><testcase classname="tests.unit.test_oauth_manager_ssot_comprehensive.TestOAuthManagerSSotBusinessValueValidation" name="test_oauth_manager_user_authentication_readiness" time="0.002" /><testcase classname="tests.unit.test_oauth_manager_ssot_comprehensive.TestOAuthManagerSSotBusinessValueValidation" name="test_oauth_manager_multi_user_isolation_protection" time="0.004" /><testcase classname="tests.unit.test_oauth_manager_ssot_comprehensive.TestOAuthManagerSSotBusinessValueValidation" name="test_oauth_manager_platform_availability_protection" time="0.002" /><testcase classname="tests.unit.test_oauth_manager_ssot_comprehensive.TestOAuthManagerSSotBusinessValueValidation" name="test_oauth_manager_production_readiness_validation" time="0.023" /><testcase classname="tests.unit.test_oauth_manager_ssot_comprehensive.TestOAuthManagerSSotBusinessValueValidation" name="test_oauth_manager_security_breach_prevention" time="0.008" /></testsuite></testsuites>