<?xml version="1.0" encoding="utf-8"?><testsuites name="pytest tests"><testsuite name="pytest" errors="0" failures="0" skipped="2" tests="29" time="12.409" timestamp="2025-08-29T22:29:20.828129-07:00" hostname="Anthony"><testcase classname="tests.test_auth_comprehensive.TestAuthConfiguration" name="test_environment_setup" time="0.708" /><testcase classname="tests.test_auth_comprehensive.TestAuthConfiguration" name="test_auth_config_initialization" time="0.005" /><testcase classname="tests.test_auth_comprehensive.TestAuthConfiguration" name="test_auth_provider_enum" time="0.001" /><testcase classname="tests.test_auth_comprehensive.TestDatabaseOperations" name="test_database_connection_initialization" time="0.003" /><testcase classname="tests.test_auth_comprehensive.TestDatabaseOperations" name="test_database_connection_parameters" time="0.004" /><testcase classname="tests.test_auth_comprehensive.TestJWTTokenHandling" name="test_jwt_token_structure_validation" time="0.016" /><testcase classname="tests.test_auth_comprehensive.TestJWTTokenHandling" name="test_jwt_secret_configuration" time="0.004" /><testcase classname="tests.test_auth_comprehensive.TestJWTTokenHandling" name="test_jwt_token_generation" time="0.017" /><testcase classname="tests.test_auth_comprehensive.TestJWTTokenHandling" name="test_jwt_token_expiration" time="0.018" /><testcase classname="tests.test_auth_comprehensive.TestOAuthFlows" name="test_google_oauth_initiation" time="0.053" /><testcase classname="tests.test_auth_comprehensive.TestOAuthFlows" name="test_oauth_redirect_uri_configuration" time="0.005" /><testcase classname="tests.test_auth_comprehensive.TestOAuthFlows" name="test_oauth_state_csrf_protection" time="0.029" /><testcase classname="tests.test_auth_comprehensive.TestOAuthFlows" name="test_oauth_callback_handling" time="0.048" /><testcase classname="tests.test_auth_comprehensive.TestOAuthFlows" name="test_oauth_error_scenarios" time="0.029" /><testcase classname="tests.test_auth_comprehensive.TestOAuthFlows" name="test_oauth_staging_configuration" time="0.002" /><testcase classname="tests.test_auth_comprehensive.TestAPIEndpoints" name="test_health_endpoint" time="0.012" /><testcase classname="tests.test_auth_comprehensive.TestAPIEndpoints" name="test_auth_endpoints_head_method_support" time="0.050" /><testcase classname="tests.test_auth_comprehensive.TestAPIEndpoints" name="test_cors_headers" time="0.012" /><testcase classname="tests.test_auth_comprehensive.TestAPIEndpoints" name="test_login_endpoint_validation" time="0.082" /><testcase classname="tests.test_auth_comprehensive.TestSecurityScenarios" name="test_sql_injection_protection" time="0.061" /><testcase classname="tests.test_auth_comprehensive.TestSecurityScenarios" name="test_rate_limiting_protection" time="0.235" /><testcase classname="tests.test_auth_comprehensive.TestSecurityScenarios" name="test_password_security_validation" time="0.047" /><testcase classname="tests.test_auth_comprehensive.TestRedisOperations" name="test_redis_connection_availability" time="0.003"><skipped type="pytest.skip" message="Redis not available in test environment">C:\Users\antho\OneDrive\Desktop\Netra\netra-core-generation-1\auth_service\tests\test_auth_comprehensive.py:439: Redis not available in test environment</skipped></testcase><testcase classname="tests.test_auth_comprehensive.TestRedisOperations" name="test_redis_failover_graceful_degradation" time="0.014" /><testcase classname="tests.test_auth_comprehensive.TestErrorHandling" name="test_database_connection_error_handling" time="0.016" /><testcase classname="tests.test_auth_comprehensive.TestErrorHandling" name="test_invalid_jwt_token_handling" time="0.045" /><testcase classname="tests.test_auth_comprehensive.TestErrorHandling" name="test_malformed_request_handling" time="0.042" /><testcase classname="tests.test_auth_comprehensive.TestEnvironmentCompatibility" name="test_development_environment_features" time="0.003" /><testcase classname="tests.test_auth_comprehensive.TestEnvironmentCompatibility" name="test_staging_environment_features" time="0.005"><skipped type="pytest.skip" message="Test requires staging environment, current: test">C:\Users\antho\OneDrive\Desktop\Netra\netra-core-generation-1\auth_service\tests\test_auth_comprehensive.py:538: Test requires staging environment, current: test</skipped></testcase></testsuite></testsuites>