<?xml version="1.0" encoding="utf-8"?><testsuites name="pytest tests"><testsuite name="pytest" errors="0" failures="0" skipped="0" tests="17" time="2.194" timestamp="2025-09-10T08:35:15.003389-07:00" hostname="Shivanginis-MacBook-Pro.local"><testcase classname="tests.unit.test_auth_service_health_check.TestAuthServiceHealthCheckScript" name="test_health_check_script_basic_functionality" time="0.087" /><testcase classname="tests.unit.test_auth_service_health_check.TestAuthServiceHealthCheckScript" name="test_health_check_script_environment_port_handling" time="0.003" /><testcase classname="tests.unit.test_auth_service_health_check.TestAuthServiceHealthCheckScript" name="test_health_check_script_failure_scenarios" time="0.002" /><testcase classname="tests.unit.test_auth_service_health_check.TestAuthServiceHealthCheckScript" name="test_readiness_check_script_functionality" time="0.001" /><testcase classname="tests.unit.test_auth_service_health_check.TestAuthServiceHealthEndpoints" name="test_health_endpoints_response_formats" time="0.042" /><testcase classname="tests.unit.test_auth_service_health_check.TestAuthServiceHealthEndpoints" name="test_health_check_database_dependency_validation" time="0.002" /><testcase classname="tests.unit.test_auth_service_health_check.TestAuthServiceHealthEndpoints" name="test_health_check_oauth_validation" time="0.002" /><testcase classname="tests.unit.test_auth_service_health_check.TestAuthServiceHealthEndpoints" name="test_health_check_performance_timing" time="0.000" /><testcase classname="tests.unit.test_auth_service_health_check.TestAuthServiceHealthEndpoints" name="test_health_check_environment_differences" time="0.001" /><testcase classname="tests.unit.test_auth_service_health_check.TestHealthConfigModule" name="test_auth_postgres_health_check_success" time="0.001" /><testcase classname="tests.unit.test_auth_service_health_check.TestHealthConfigModule" name="test_auth_postgres_health_check_failure" time="0.001" /><testcase classname="tests.unit.test_auth_service_health_check.TestHealthConfigModule" name="test_oauth_providers_health_check" time="0.001" /><testcase classname="tests.unit.test_auth_service_health_check.TestHealthConfigModule" name="test_jwt_configuration_health_check" time="0.001" /><testcase classname="tests.unit.test_auth_service_health_check.TestHealthConfigModule" name="test_overall_auth_health_status_aggregation" time="0.002" /><testcase classname="tests.unit.test_auth_service_health_check.TestHealthCheckBusinessValue" name="test_health_monitoring_prevents_service_outages" time="0.001" /><testcase classname="tests.unit.test_auth_service_health_check.TestHealthCheckBusinessValue" name="test_health_check_supports_deployment_automation" time="0.000" /><testcase classname="tests.unit.test_auth_service_health_check.TestHealthCheckBusinessValue" name="test_health_check_enables_monitoring_and_alerting" time="0.002" /></testsuite></testsuites>