<?xml version="1.0" encoding="utf-8"?><testsuites name="pytest tests"><testsuite name="pytest" errors="0" failures="0" skipped="0" tests="4" time="28.077" timestamp="2025-08-30T07:39:58.543515-07:00" hostname="Anthony"><testcase classname="tests.test_refresh_critical_fix.TestRefreshCriticalFix" name="test_refresh_tokens_are_unique_critical" time="1.893" /><testcase classname="tests.test_refresh_critical_fix.TestRefreshCriticalFix" name="test_jwt_handler_refresh_not_hardcoded" time="0.052" /><testcase classname="tests.test_refresh_critical_fix.TestRefreshCriticalFix" name="test_refresh_token_contains_user_data_in_payload" time="0.026" /><testcase classname="tests.test_refresh_critical_fix.TestRefreshCriticalFix" name="test_no_infinite_loop_scenario" time="0.108" /></testsuite></testsuites>