<?xml version="1.0" encoding="utf-8"?><testsuites name="pytest tests"><testsuite name="pytest" errors="0" failures="0" skipped="0" tests="4" time="23.113" timestamp="2025-08-30T07:42:38.017223-07:00" hostname="Anthony"><testcase classname="tests.test_refresh_critical_fix.TestRefreshCriticalFix" name="test_refresh_tokens_are_unique_critical" time="1.187" /><testcase classname="tests.test_refresh_critical_fix.TestRefreshCriticalFix" name="test_jwt_handler_refresh_not_hardcoded" time="0.042" /><testcase classname="tests.test_refresh_critical_fix.TestRefreshCriticalFix" name="test_refresh_token_contains_user_data_in_payload" time="0.025" /><testcase classname="tests.test_refresh_critical_fix.TestRefreshCriticalFix" name="test_no_infinite_loop_scenario" time="0.092" /></testsuite></testsuites>