<?xml version="1.0" encoding="utf-8"?><testsuites name="pytest tests"><testsuite name="pytest" errors="1" failures="0" skipped="0" tests="1" time="7.097" timestamp="2025-09-08T09:27:38.514333-07:00" hostname="Anthony"><testcase classname="" name="tests.integration.test_auth_remaining_integration_comprehensive" time="0.000"><error message="collection failure">ImportError while importing test module 'C:\Users\antho\OneDrive\Desktop\Netra\netra-core-generation-1\auth_service\tests\integration\test_auth_remaining_integration_comprehensive.py'.
Hint: make sure your test modules/packages have valid Python names.
Traceback:
C:\Users\antho\miniconda3\Lib\importlib\__init__.py:90: in import_module
    return _bootstrap._gcd_import(name[level:], package, level)
           ^^^^^^^^^^^^^^^^^^^^^^^^^^^^^^^^^^^^^^^^^^^^^^^^^^^^
tests\integration\test_auth_remaining_integration_comprehensive.py:29: in &lt;module&gt;
    from auth_service.auth_core.security.session_manager import SessionManager
E   ModuleNotFoundError: No module named 'auth_service.auth_core.security.session_manager'</error></testcase></testsuite></testsuites>