<?xml version="1.0" encoding="utf-8"?><testsuites name="pytest tests"><testsuite name="pytest" errors="0" failures="0" skipped="0" tests="9" time="0.616" timestamp="2025-08-27T17:44:29.319230-07:00" hostname="Anthony"><testcase classname="tests.test_auth_comprehensive.TestAuthConfiguration" name="test_environment_setup" time="0.235" /><testcase classname="tests.test_auth_comprehensive.TestAuthConfiguration" name="test_auth_config_initialization" time="0.003" /><testcase classname="tests.test_auth_comprehensive.TestAuthConfiguration" name="test_auth_provider_enum" time="0.001" /><testcase classname="tests.test_auth_comprehensive.TestDatabaseOperations" name="test_database_connection_initialization" time="0.001" /><testcase classname="tests.test_auth_comprehensive.TestDatabaseOperations" name="test_database_connection_parameters" time="0.001" /><testcase classname="tests.test_auth_comprehensive.TestJWTTokenHandling" name="test_jwt_token_structure_validation" time="0.006" /><testcase classname="tests.test_auth_comprehensive.TestJWTTokenHandling" name="test_jwt_secret_configuration" time="0.001" /><testcase classname="tests.test_auth_comprehensive.TestJWTTokenHandling" name="test_jwt_token_generation" time="0.005" /><testcase classname="tests.test_auth_comprehensive.TestJWTTokenHandling" name="test_jwt_token_expiration" time="0.006" /><testcase time="0.000" /></testsuite></testsuites>