<?xml version="1.0" encoding="utf-8"?><testsuites name="pytest tests"><testsuite name="pytest" errors="0" failures="2" skipped="0" tests="6" time="15.883" timestamp="2025-08-29T13:47:22.233779-07:00" hostname="Anthony"><testcase classname="tests.test_refresh_endpoint_integration.TestRefreshEndpointIntegration" name="test_refresh_endpoint_exists" time="1.571" /><testcase classname="tests.test_refresh_endpoint_integration.TestRefreshEndpointIntegration" name="test_refresh_with_mock_valid_token" time="0.016"><failure message="AttributeError: &lt;module 'auth_service.auth_core.routes.auth_routes' from 'C:\\Users\\antho\\OneDrive\\Desktop\\Netra\\netra-core-generation-1\\auth_service\\auth_core\\routes\\auth_routes.py'&gt; does not have the attribute 'jwt_manager'">tests\test_refresh_endpoint_integration.py:36: in test_refresh_with_mock_valid_token
    with patch('auth_service.auth_core.routes.auth_routes.jwt_manager') as mock_jwt:
C:\Users\antho\miniconda3\Lib\unittest\mock.py:1458: in __enter__
    original, local = self.get_original()
                      ^^^^^^^^^^^^^^^^^^^
C:\Users\antho\miniconda3\Lib\unittest\mock.py:1431: in get_original
    raise AttributeError(
E   AttributeError: &lt;module 'auth_service.auth_core.routes.auth_routes' from 'C:\\Users\\antho\\OneDrive\\Desktop\\Netra\\netra-core-generation-1\\auth_service\\auth_core\\routes\\auth_routes.py'&gt; does not have the attribute 'jwt_manager'</failure></testcase><testcase classname="tests.test_refresh_endpoint_integration.TestRefreshEndpointIntegration" name="test_refresh_with_different_field_names" time="0.056" /><testcase classname="tests.test_refresh_endpoint_integration.TestRefreshEndpointIntegration" name="test_refresh_with_expired_token_mock" time="0.003"><failure message="AttributeError: &lt;module 'auth_service.auth_core.routes.auth_routes' from 'C:\\Users\\antho\\OneDrive\\Desktop\\Netra\\netra-core-generation-1\\auth_service\\auth_core\\routes\\auth_routes.py'&gt; does not have the attribute 'jwt_manager'">tests\test_refresh_endpoint_integration.py:99: in test_refresh_with_expired_token_mock
    with patch('auth_service.auth_core.routes.auth_routes.jwt_manager') as mock_jwt:
C:\Users\antho\miniconda3\Lib\unittest\mock.py:1458: in __enter__
    original, local = self.get_original()
                      ^^^^^^^^^^^^^^^^^^^
C:\Users\antho\miniconda3\Lib\unittest\mock.py:1431: in get_original
    raise AttributeError(
E   AttributeError: &lt;module 'auth_service.auth_core.routes.auth_routes' from 'C:\\Users\\antho\\OneDrive\\Desktop\\Netra\\netra-core-generation-1\\auth_service\\auth_core\\routes\\auth_routes.py'&gt; does not have the attribute 'jwt_manager'</failure></testcase><testcase classname="tests.test_refresh_endpoint_integration.TestRefreshEndpointIntegration" name="test_refresh_handles_body_parsing" time="0.014" /><testcase classname="tests.test_refresh_endpoint_integration.TestRefreshEndpointIntegration" name="test_refresh_without_token" time="0.040" /></testsuite></testsuites>