<?xml version="1.0" encoding="utf-8"?><testsuites name="pytest tests"><testsuite name="pytest" errors="1" failures="0" skipped="0" tests="1" time="0.123" timestamp="2025-09-09T13:00:34.183923-07:00" hostname="Shivanginis-MacBook-Pro.local"><testcase classname="" name="tests.unit.golden_path.test_auth_service_business_logic" time="0.000"><error message="collection failure">'golden_path' not found in `markers` configuration option</error></testcase></testsuite></testsuites>