<?xml version="1.0" encoding="utf-8"?><testsuites name="pytest tests"><testsuite name="pytest" errors="0" failures="0" skipped="0" tests="3" time="2.444" timestamp="2025-09-04T23:24:46.537784-07:00" hostname="Shivanginis-MacBook-Pro.local"><testcase classname="tests.test_dev_login_endpoint" name="test_dev_login_endpoint_in_dev_environment" time="0.104" /><testcase classname="tests.test_dev_login_endpoint" name="test_dev_login_blocked_in_production" time="0.003" /><testcase classname="tests.test_dev_login_endpoint" name="test_dev_login_allowed_in_test_environment" time="0.003" /></testsuite></testsuites>