<?xml version="1.0" encoding="utf-8"?><testsuites name="pytest tests"><testsuite name="pytest" errors="0" failures="1" skipped="0" tests="7" time="2.944" timestamp="2025-09-08T00:40:44.073980-07:00" hostname="Anthony"><testcase classname="tests.unit.test_auth_service_startup_configuration.TestAuthServiceStartupConfiguration" name="test_auth_config_complete_valid_configuration" time="0.174" /><testcase classname="tests.unit.test_auth_service_startup_configuration.TestAuthServiceStartupConfiguration" name="test_auth_config_missing_critical_oauth_values" time="0.004" /><testcase classname="tests.unit.test_auth_service_startup_configuration.TestAuthServiceStartupConfiguration" name="test_auth_config_invalid_configuration_values" time="0.004" /><testcase classname="tests.unit.test_auth_service_startup_configuration.TestAuthServiceStartupConfiguration" name="test_auth_config_environment_specific_requirements" time="0.008" /><testcase classname="tests.unit.test_auth_service_startup_configuration.TestAuthServiceStartupConfiguration" name="test_auth_config_security_configuration_validation" time="0.004" /><testcase classname="tests.unit.test_auth_service_startup_configuration.TestAuthServiceStartupConfiguration" name="test_auth_config_database_configuration_validation" time="0.006"><failure message="AssertionError: assert False&#10; +  where False = &lt;built-in method startswith of str object at 0x00000244884DF5B0&gt;('sqlite+aiosqlite:///:memory:')&#10; +    where &lt;built-in method startswith of str object at 0x00000244884DF5B0&gt; = 'sqlite+aiosqlite:///C:\\Users\\antho\\AppData\\Local\\Temp\\auth_service_test.db'.startswith">tests\unit\test_auth_service_startup_configuration.py:819: in test_auth_config_database_configuration_validation
    assert db_url.startswith('sqlite+aiosqlite:///:memory:')
E   AssertionError: assert False
E    +  where False = &lt;built-in method startswith of str object at 0x00000244884DF5B0&gt;('sqlite+aiosqlite:///:memory:')
E    +    where &lt;built-in method startswith of str object at 0x00000244884DF5B0&gt; = 'sqlite+aiosqlite:///C:\\Users\\antho\\AppData\\Local\\Temp\\auth_service_test.db'.startswith</failure></testcase><testcase classname="tests.unit.test_auth_service_startup_configuration.TestAuthServiceStartupConfiguration" name="test_auth_config_startup_configuration_error_handling" time="0.010" /></testsuite></testsuites>