<?xml version="1.0" encoding="utf-8"?><testsuites name="pytest tests"><testsuite name="pytest" errors="8" failures="1" skipped="1" tests="61" time="2.955" timestamp="2025-09-04T20:11:17.595780-07:00" hostname="Anthony"><testcase classname="" name="tests.test_auth_real_services_comprehensive" time="0.000"><skipped message="collection skipped">('C:\\Users\\antho\\OneDrive\\Desktop\\Netra\\netra-core-generation-1\\auth_service\\tests\\test_auth_real_services_comprehensive.py', 49, 'Skipped: Test framework functions have been removed')</skipped></testcase><testcase classname="tests.critical.test_oauth_configuration_missing_staging_regression.TestOAuthConfigurationMissingRegression" name="test_google_oauth_client_id_missing_staging_regression" time="0.249"><error message="failed on setup with &quot;AttributeError: &lt;module 'auth_service.tests.conftest' from 'C:\\Users\\antho\\OneDrive\\Desktop\\Netra\\netra-core-generation-1\\auth_service\\tests\\conftest.py'&gt; does not have the attribute 'initialize_test_database'&quot;">tests\critical\test_oauth_configuration_missing_staging_regression.py:41: in mock_database_initialization
    with patch('auth_service.tests.conftest.initialize_test_database'):
C:\Users\antho\miniconda3\Lib\unittest\mock.py:1458: in __enter__
    original, local = self.get_original()
                      ^^^^^^^^^^^^^^^^^^^
C:\Users\antho\miniconda3\Lib\unittest\mock.py:1431: in get_original
    raise AttributeError(
E   AttributeError: &lt;module 'auth_service.tests.conftest' from 'C:\\Users\\antho\\OneDrive\\Desktop\\Netra\\netra-core-generation-1\\auth_service\\tests\\conftest.py'&gt; does not have the attribute 'initialize_test_database'</error></testcase><testcase classname="tests.critical.test_oauth_configuration_missing_staging_regression.TestOAuthConfigurationMissingRegression" name="test_google_oauth_client_secret_missing_staging_regression" time="0.001"><error message="failed on setup with &quot;AttributeError: &lt;module 'auth_service.tests.conftest' from 'C:\\Users\\antho\\OneDrive\\Desktop\\Netra\\netra-core-generation-1\\auth_service\\tests\\conftest.py'&gt; does not have the attribute 'initialize_test_database'&quot;">tests\critical\test_oauth_configuration_missing_staging_regression.py:41: in mock_database_initialization
    with patch('auth_service.tests.conftest.initialize_test_database'):
C:\Users\antho\miniconda3\Lib\unittest\mock.py:1458: in __enter__
    original, local = self.get_original()
                      ^^^^^^^^^^^^^^^^^^^
C:\Users\antho\miniconda3\Lib\unittest\mock.py:1431: in get_original
    raise AttributeError(
E   AttributeError: &lt;module 'auth_service.tests.conftest' from 'C:\\Users\\antho\\OneDrive\\Desktop\\Netra\\netra-core-generation-1\\auth_service\\tests\\conftest.py'&gt; does not have the attribute 'initialize_test_database'</error></testcase><testcase classname="tests.critical.test_oauth_configuration_missing_staging_regression.TestOAuthConfigurationMissingRegression" name="test_oauth_provider_initialization_failure_regression" time="0.001"><error message="failed on setup with &quot;AttributeError: &lt;module 'auth_service.tests.conftest' from 'C:\\Users\\antho\\OneDrive\\Desktop\\Netra\\netra-core-generation-1\\auth_service\\tests\\conftest.py'&gt; does not have the attribute 'initialize_test_database'&quot;">tests\critical\test_oauth_configuration_missing_staging_regression.py:41: in mock_database_initialization
    with patch('auth_service.tests.conftest.initialize_test_database'):
C:\Users\antho\miniconda3\Lib\unittest\mock.py:1458: in __enter__
    original, local = self.get_original()
                      ^^^^^^^^^^^^^^^^^^^
C:\Users\antho\miniconda3\Lib\unittest\mock.py:1431: in get_original
    raise AttributeError(
E   AttributeError: &lt;module 'auth_service.tests.conftest' from 'C:\\Users\\antho\\OneDrive\\Desktop\\Netra\\netra-core-generation-1\\auth_service\\tests\\conftest.py'&gt; does not have the attribute 'initialize_test_database'</error></testcase><testcase classname="tests.critical.test_oauth_configuration_missing_staging_regression.TestOAuthConfigurationMissingRegression" name="test_oauth_provider_with_proper_staging_credentials" time="0.001"><error message="failed on setup with &quot;AttributeError: &lt;module 'auth_service.tests.conftest' from 'C:\\Users\\antho\\OneDrive\\Desktop\\Netra\\netra-core-generation-1\\auth_service\\tests\\conftest.py'&gt; does not have the attribute 'initialize_test_database'&quot;">tests\critical\test_oauth_configuration_missing_staging_regression.py:41: in mock_database_initialization
    with patch('auth_service.tests.conftest.initialize_test_database'):
C:\Users\antho\miniconda3\Lib\unittest\mock.py:1458: in __enter__
    original, local = self.get_original()
                      ^^^^^^^^^^^^^^^^^^^
C:\Users\antho\miniconda3\Lib\unittest\mock.py:1431: in get_original
    raise AttributeError(
E   AttributeError: &lt;module 'auth_service.tests.conftest' from 'C:\\Users\\antho\\OneDrive\\Desktop\\Netra\\netra-core-generation-1\\auth_service\\tests\\conftest.py'&gt; does not have the attribute 'initialize_test_database'</error></testcase><testcase classname="tests.critical.test_oauth_configuration_missing_staging_regression.TestOAuthConfigurationMissingRegression" name="test_oauth_manager_integration_with_staging_credentials" time="0.001"><error message="failed on setup with &quot;AttributeError: &lt;module 'auth_service.tests.conftest' from 'C:\\Users\\antho\\OneDrive\\Desktop\\Netra\\netra-core-generation-1\\auth_service\\tests\\conftest.py'&gt; does not have the attribute 'initialize_test_database'&quot;">tests\critical\test_oauth_configuration_missing_staging_regression.py:41: in mock_database_initialization
    with patch('auth_service.tests.conftest.initialize_test_database'):
C:\Users\antho\miniconda3\Lib\unittest\mock.py:1458: in __enter__
    original, local = self.get_original()
                      ^^^^^^^^^^^^^^^^^^^
C:\Users\antho\miniconda3\Lib\unittest\mock.py:1431: in get_original
    raise AttributeError(
E   AttributeError: &lt;module 'auth_service.tests.conftest' from 'C:\\Users\\antho\\OneDrive\\Desktop\\Netra\\netra-core-generation-1\\auth_service\\tests\\conftest.py'&gt; does not have the attribute 'initialize_test_database'</error></testcase><testcase classname="tests.critical.test_oauth_configuration_missing_staging_regression.TestOAuthServiceIntegrationRegression" name="test_auth_service_oauth_providers_availability" time="0.001"><error message="failed on setup with &quot;AttributeError: &lt;module 'auth_service.tests.conftest' from 'C:\\Users\\antho\\OneDrive\\Desktop\\Netra\\netra-core-generation-1\\auth_service\\tests\\conftest.py'&gt; does not have the attribute 'initialize_test_database'&quot;">tests\critical\test_oauth_configuration_missing_staging_regression.py:41: in mock_database_initialization
    with patch('auth_service.tests.conftest.initialize_test_database'):
C:\Users\antho\miniconda3\Lib\unittest\mock.py:1458: in __enter__
    original, local = self.get_original()
                      ^^^^^^^^^^^^^^^^^^^
C:\Users\antho\miniconda3\Lib\unittest\mock.py:1431: in get_original
    raise AttributeError(
E   AttributeError: &lt;module 'auth_service.tests.conftest' from 'C:\\Users\\antho\\OneDrive\\Desktop\\Netra\\netra-core-generation-1\\auth_service\\tests\\conftest.py'&gt; does not have the attribute 'initialize_test_database'</error></testcase><testcase classname="tests.critical.test_oauth_configuration_missing_staging_regression.TestOAuthServiceIntegrationRegression" name="test_oauth_login_flow_functional_with_credentials" time="0.001"><error message="failed on setup with &quot;AttributeError: &lt;module 'auth_service.tests.conftest' from 'C:\\Users\\antho\\OneDrive\\Desktop\\Netra\\netra-core-generation-1\\auth_service\\tests\\conftest.py'&gt; does not have the attribute 'initialize_test_database'&quot;">tests\critical\test_oauth_configuration_missing_staging_regression.py:41: in mock_database_initialization
    with patch('auth_service.tests.conftest.initialize_test_database'):
C:\Users\antho\miniconda3\Lib\unittest\mock.py:1458: in __enter__
    original, local = self.get_original()
                      ^^^^^^^^^^^^^^^^^^^
C:\Users\antho\miniconda3\Lib\unittest\mock.py:1431: in get_original
    raise AttributeError(
E   AttributeError: &lt;module 'auth_service.tests.conftest' from 'C:\\Users\\antho\\OneDrive\\Desktop\\Netra\\netra-core-generation-1\\auth_service\\tests\\conftest.py'&gt; does not have the attribute 'initialize_test_database'</error></testcase><testcase classname="tests.critical.test_oauth_configuration_missing_staging_regression.TestOAuthServiceIntegrationRegression" name="test_oauth_callback_handling_with_credentials" time="0.001"><error message="failed on setup with &quot;AttributeError: &lt;module 'auth_service.tests.conftest' from 'C:\\Users\\antho\\OneDrive\\Desktop\\Netra\\netra-core-generation-1\\auth_service\\tests\\conftest.py'&gt; does not have the attribute 'initialize_test_database'&quot;">tests\critical\test_oauth_configuration_missing_staging_regression.py:41: in mock_database_initialization
    with patch('auth_service.tests.conftest.initialize_test_database'):
C:\Users\antho\miniconda3\Lib\unittest\mock.py:1458: in __enter__
    original, local = self.get_original()
                      ^^^^^^^^^^^^^^^^^^^
C:\Users\antho\miniconda3\Lib\unittest\mock.py:1431: in get_original
    raise AttributeError(
E   AttributeError: &lt;module 'auth_service.tests.conftest' from 'C:\\Users\\antho\\OneDrive\\Desktop\\Netra\\netra-core-generation-1\\auth_service\\tests\\conftest.py'&gt; does not have the attribute 'initialize_test_database'</error></testcase><testcase classname="tests.test_all_imports" name="test_module_imports[auth_service.demo_refresh_fix-file_path0]" time="0.002" /><testcase classname="tests.test_all_imports" name="test_module_imports[auth_service.gunicorn_config-file_path1]" time="0.002" /><testcase classname="tests.test_all_imports" name="test_module_imports[auth_service.health_check-file_path2]" time="0.002" /><testcase classname="tests.test_all_imports" name="test_module_imports[auth_service.health_config-file_path3]" time="0.002" /><testcase classname="tests.test_all_imports" name="test_module_imports[auth_service.init_database-file_path4]" time="0.011" /><testcase classname="tests.test_all_imports" name="test_module_imports[auth_service.main-file_path5]" time="0.019" /><testcase classname="tests.test_all_imports" name="test_module_imports[auth_service.services_init-file_path6]" time="0.002" /><testcase classname="tests.test_all_imports" name="test_module_imports[auth_service.__init__-file_path7]" time="0.003" /><testcase classname="tests.test_all_imports" name="test_module_imports[auth_service.auth_core.auth_environment-file_path8]" time="0.003" /><testcase classname="tests.test_all_imports" name="test_module_imports[auth_service.auth_core.config-file_path9]" time="0.002" /><testcase classname="tests.test_all_imports" name="test_module_imports[auth_service.auth_core.oauth_manager-file_path10]" time="0.003" /><testcase classname="tests.test_all_imports" name="test_module_imports[auth_service.auth_core.redis_manager-file_path11]" time="0.003" /><testcase classname="tests.test_all_imports" name="test_module_imports[auth_service.auth_core.secret_loader-file_path12]" time="0.003" /><testcase classname="tests.test_all_imports" name="test_module_imports[auth_service.auth_core.unified_auth_interface-file_path13]" time="0.003" /><testcase classname="tests.test_all_imports" name="test_module_imports[auth_service.auth_core.__init__-file_path14]" time="0.003" /><testcase classname="tests.test_all_imports" name="test_module_imports[auth_service.auth_core.core.jwt_cache-file_path15]" time="0.002" /><testcase classname="tests.test_all_imports" name="test_module_imports[auth_service.auth_core.core.jwt_handler-file_path16]" time="0.005" /><testcase classname="tests.test_all_imports" name="test_module_imports[auth_service.auth_core.core.token_validator-file_path17]" time="0.003" /><testcase classname="tests.test_all_imports" name="test_module_imports[auth_service.auth_core.core.__init__-file_path18]" time="0.002" /><testcase classname="tests.test_all_imports" name="test_module_imports[auth_service.auth_core.database.connection-file_path19]" time="0.002" /><testcase classname="tests.test_all_imports" name="test_module_imports[auth_service.auth_core.database.connection_events-file_path20]" time="0.002" /><testcase classname="tests.test_all_imports" name="test_module_imports[auth_service.auth_core.database.database_manager-file_path21]" time="0.002" /><testcase classname="tests.test_all_imports" name="test_module_imports[auth_service.auth_core.database.models-file_path22]" time="0.030" /><testcase classname="tests.test_all_imports" name="test_module_imports[auth_service.auth_core.database.repository-file_path23]" time="0.030" /><testcase classname="tests.test_all_imports" name="test_module_imports[auth_service.auth_core.database.staging_validation-file_path24]" time="0.002" /><testcase classname="tests.test_all_imports" name="test_module_imports[auth_service.auth_core.database.__init__-file_path25]" time="0.005" /><testcase classname="tests.test_all_imports" name="test_module_imports[auth_service.auth_core.models.auth_models-file_path26]" time="0.038" /><testcase classname="tests.test_all_imports" name="test_module_imports[auth_service.auth_core.models.__init__-file_path27]" time="0.003" /><testcase classname="tests.test_all_imports" name="test_module_imports[auth_service.auth_core.oauth.google_oauth-file_path28]" time="0.003" /><testcase classname="tests.test_all_imports" name="test_module_imports[auth_service.auth_core.oauth.__init__-file_path29]" time="0.002" /><testcase classname="tests.test_all_imports" name="test_module_imports[auth_service.auth_core.performance.metrics-file_path30]" time="0.005" /><testcase classname="tests.test_all_imports" name="test_module_imports[auth_service.auth_core.performance.startup_optimizer-file_path31]" time="0.004" /><testcase classname="tests.test_all_imports" name="test_module_imports[auth_service.auth_core.performance.__init__-file_path32]" time="0.007" /><testcase classname="tests.test_all_imports" name="test_module_imports[auth_service.auth_core.routes.auth_routes-file_path33]" time="0.004" /><testcase classname="tests.test_all_imports" name="test_module_imports[auth_service.auth_core.routes.__init__-file_path34]" time="0.002" /><testcase classname="tests.test_all_imports" name="test_module_imports[auth_service.auth_core.security.middleware-file_path35]" time="0.002" /><testcase classname="tests.test_all_imports" name="test_module_imports[auth_service.auth_core.security.__init__-file_path36]" time="0.003" /><testcase classname="tests.test_all_imports" name="test_module_imports[auth_service.auth_core.services.auth_service-file_path37]" time="0.048" /><testcase classname="tests.test_all_imports" name="test_module_imports[auth_service.auth_core.services.__init__-file_path38]" time="0.003" /><testcase classname="tests.test_all_imports" name="test_module_imports[auth_service.auth_core.validation.pre_deployment_validator-file_path39]" time="0.002" /><testcase classname="tests.test_all_imports" name="test_module_imports[auth_service.auth_core.validation.__init__-file_path40]" time="0.006" /><testcase classname="tests.test_all_imports" name="test_auth_service_independence" time="0.030" /><testcase classname="tests.test_all_imports" name="test_critical_auth_imports" time="0.001" /><testcase classname="tests.test_all_imports" name="test_jwt_secret_key_usage" time="0.023" /><testcase classname="tests.test_auth_comprehensive.TestAuthConfiguration" name="test_environment_setup" time="0.002" /><testcase classname="tests.test_auth_comprehensive.TestAuthConfiguration" name="test_auth_config_initialization" time="0.003"><failure message="AssertionError: assert 0 &gt; 0&#10; +  where 0 = len('')">tests\test_auth_comprehensive.py:68: in test_auth_config_initialization
    assert len(client_id) &gt; 0
E   AssertionError: assert 0 &gt; 0
E    +  where 0 = len('')</failure></testcase><testcase classname="tests.test_auth_comprehensive.TestAuthConfiguration" name="test_auth_provider_enum" time="0.002" /><testcase classname="tests.test_auth_comprehensive.TestDatabaseOperations" name="test_database_connection_initialization" time="0.001" /><testcase classname="tests.test_auth_comprehensive.TestDatabaseOperations" name="test_database_connection_parameters" time="0.001" /><testcase classname="tests.test_auth_comprehensive.TestJWTTokenHandling" name="test_jwt_token_structure_validation" time="0.006" /><testcase classname="tests.test_auth_comprehensive.TestJWTTokenHandling" name="test_jwt_secret_configuration" time="0.001" /><testcase classname="tests.test_auth_comprehensive.TestJWTTokenHandling" name="test_jwt_token_generation" time="0.006" /><testcase time="0.000" /></testsuite></testsuites>