<?xml version="1.0" encoding="utf-8"?><testsuites name="pytest tests"><testsuite name="pytest" errors="0" failures="0" skipped="0" tests="0" time="17.341" timestamp="2025-09-08T17:17:26.943570-07:00" hostname="Anthony" /></testsuites>