<?xml version="1.0" encoding="utf-8"?><testsuites name="pytest tests"><testsuite name="pytest" errors="0" failures="0" skipped="0" tests="8" time="2.042" timestamp="2025-09-04T23:34:24.252596-07:00" hostname="Shivanginis-MacBook-Pro.local"><testcase classname="tests.test_restored_endpoints" name="test_login_endpoint_exists" time="0.100" /><testcase classname="tests.test_restored_endpoints" name="test_logout_endpoint_exists" time="0.002" /><testcase classname="tests.test_restored_endpoints" name="test_register_endpoint_exists" time="0.002" /><testcase classname="tests.test_restored_endpoints" name="test_service_token_endpoint_exists" time="0.002" /><testcase classname="tests.test_restored_endpoints" name="test_hash_password_endpoint_exists" time="0.002" /><testcase classname="tests.test_restored_endpoints" name="test_verify_password_endpoint_exists" time="0.002" /><testcase classname="tests.test_restored_endpoints" name="test_create_token_endpoint_exists" time="0.002" /><testcase classname="tests.test_restored_endpoints" name="test_endpoints_require_correct_data" time="0.005" /></testsuite></testsuites>