<?xml version="1.0" encoding="utf-8"?><testsuites name="pytest tests"><testsuite name="pytest" errors="0" failures="1" skipped="0" tests="1" time="1.569" timestamp="2025-09-08T18:36:41.041600-07:00" hostname="Anthony"><testcase classname="tests.unit.test_auth_service_business_logic.TestAuthServiceBusinessLogic" name="test_user_lifecycle_business_events" time="0.755"><failure message="ValueError: User with this email already registered">tests\unit\test_auth_service_business_logic.py:119: in test_user_lifecycle_business_events
    duplicate_data = self.auth_service.register_test_user("test@business.com", "AnotherPass123!")
                     ^^^^^^^^^^^^^^^^^^^^^^^^^^^^^^^^^^^^^^^^^^^^^^^^^^^^^^^^^^^^^^^^^^^^^^^^^^^^
auth_core\services\auth_service.py:390: in register_test_user
    raise ValueError("User with this email already registered")
E   ValueError: User with this email already registered</failure></testcase></testsuite></testsuites>