<?xml version="1.0" encoding="utf-8"?><testsuites name="pytest tests"><testsuite name="pytest" errors="0" failures="2" skipped="0" tests="5" time="2.933" timestamp="2025-08-30T12:40:57.335383-07:00" hostname="Shivanginis-MacBook-Pro.local"><testcase classname="tests.test_auth_comprehensive_audit.TestLevel4SecurityValidation" name="test_user_blacklisting" time="0.153" /><testcase classname="tests.test_critical_bugs.TestUserModelRoleFieldBug" name="test_user_model_missing_required_fields" time="0.005"><failure message="Failed: DID NOT RAISE &lt;class 'AttributeError'&gt;">tests/test_critical_bugs.py:97: in test_user_model_missing_required_fields
    with pytest.raises(AttributeError) as exc_info:
E   Failed: DID NOT RAISE &lt;class 'AttributeError'&gt;</failure></testcase><testcase classname="tests.test_critical_bugs.TestUserModelRoleFieldBug" name="test_user_model_needs_extension" time="0.001" /><testcase classname="tests.test_critical_bugs_simple.TestUserModelFieldsSimple" name="test_user_model_missing_fields" time="0.001"><failure message="AssertionError: User should not have role field (but tests expect it)&#10;assert not True&#10; +  where True = hasattr(User(id='123', email='test@example.com', name=None, picture=None, verified_email=True, provider=None, role='user', is_active=True, created_at=datetime.datetime(2025, 8, 30, 19, 40, 57, 801252, tzinfo=datetime.timezone.utc), updated_at=datetime.datetime(2025, 8, 30, 19, 40, 57, 801255, tzinfo=datetime.timezone.utc)), 'role')">tests/test_critical_bugs_simple.py:67: in test_user_model_missing_fields
    assert not hasattr(user, field), f"User should not have {field} field (but tests expect it)"
E   AssertionError: User should not have role field (but tests expect it)
E   assert not True
E    +  where True = hasattr(User(id='123', email='test@example.com', name=None, picture=None, verified_email=True, provider=None, role='user', is_active=True, created_at=datetime.datetime(2025, 8, 30, 19, 40, 57, 801252, tzinfo=datetime.timezone.utc), updated_at=datetime.datetime(2025, 8, 30, 19, 40, 57, 801255, tzinfo=datetime.timezone.utc)), 'role')</failure></testcase><testcase classname="tests.test_refresh_loop_prevention_comprehensive.TestRefreshLoopPrevention" name="test_user_data_consistency_across_refreshes" time="0.033" /></testsuite></testsuites>