<?xml version="1.0" encoding="utf-8"?><testsuites name="pytest tests"><testsuite name="pytest" errors="0" failures="0" skipped="0" tests="0" time="0.014" timestamp="2025-09-10T10:56:28.053454-07:00" hostname="Shivanginis-MacBook-Pro.local" /></testsuites>