<?xml version="1.0" encoding="utf-8"?><testsuites name="pytest tests"><testsuite name="pytest" errors="1" failures="0" skipped="0" tests="1" time="0.187" timestamp="2025-08-29T13:55:28.801199-07:00" hostname="Anthony"><testcase classname="" name="tests.test_all_imports" time="0.000"><error message="collection failure">'import_validation' not found in `markers` configuration option</error></testcase></testsuite></testsuites>